18:01:07.929 [JavaFX Application Thread] DEBUG GameApplication      - Logger initialized
18:01:07.932 [JavaFX Application Thread] DEBUG GameApplication      - Logging settings
Title: Burger Mario
Version: 0.5
Width: 1050
Height: 700
Fullscreen: false
Intro: false
Menus: false
Profiling: false
Single step:false
App Mode: DEVELOPER
Menu Key: ESCAPE
Stage Style: DECORATED
Scene Factory: class com.almasb.fxgl.scene.SceneFactory
Dialog Factory: class com.almasb.fxgl.ui.FXGLDialogFactory
UI Factory: class com.almasb.fxgl.ui.FXGLUIFactory
Notification Service: class com.almasb.fxgl.gameplay.notification.XboxNotificationView
Exception Handler: class com.almasb.fxgl.app.FXGLExceptionHandler
18:01:07.932 [JavaFX Application Thread] DEBUG GameApplication      - Starting FXGL
18:01:07.941 [JavaFX Application Thread] INFO  FXGL                 - FXGL-0.5.4 on DESKTOP
18:01:07.941 [JavaFX Application Thread] INFO  FXGL                 - Source code and latest versions at: https://github.com/AlmasB/FXGL
18:01:07.941 [JavaFX Application Thread] INFO  FXGL                 -              Join the FXGL chat at: https://gitter.im/AlmasB/FXGL
18:01:07.941 [JavaFX Application Thread] DEBUG FXGL                 - FXGL started
18:01:07.942 [JavaFX Application Thread] DEBUG FXGL                 - Initializing FXGL
18:01:07.978 [JavaFX Application Thread] DEBUG AssetLoader          - Loading from disk: /assets/ui/cursors/fxgl_default.png
18:01:08.052 [JavaFX Application Thread] DEBUG AssetLoader          - Loading from disk: /assets/ui/fonts/VarelaRound-Regular.ttf
18:01:08.153 [JavaFX Application Thread] DEBUG MainWindow           - Creating a JavaFX scene
18:01:08.194 [JavaFX Application Thread] DEBUG MainWindow           - Target settings size: 1050.0 x 700.0
18:01:08.195 [JavaFX Application Thread] DEBUG MainWindow           - Scaled scene size:    1050.0 x 700.0
18:01:08.195 [JavaFX Application Thread] DEBUG MainWindow           - Scaled ratio: (1.0, 1.0)
18:01:08.197 [JavaFX Application Thread] DEBUG AssetLoader          - Loading from disk: /assets/ui/css/fxgl_dark.css
18:01:08.201 [JavaFX Application Thread] DEBUG AssetLoader          - Loading from disk: /assets/textures/fxgl_icon.png
18:01:08.214 [JavaFX Application Thread] DEBUG MainWindow           - Opening main window
18:01:08.499 [JavaFX Application Thread] DEBUG MainWindow           - Window border size: (6.0, 25.0)
18:01:08.499 [JavaFX Application Thread] DEBUG MainWindow           - Scaled size: 1050.0 x 700.0
18:01:08.500 [JavaFX Application Thread] DEBUG MainWindow           - Scaled ratio: (1.0, 1.0)
18:01:08.500 [JavaFX Application Thread] DEBUG MainWindow           - Scene size: 1050.0 x 700.0
18:01:08.500 [JavaFX Application Thread] DEBUG MainWindow           - Stage size: 1056.0 x 725.0
18:01:08.526 [ForkJoinPool.commonPool-worker-3] DEBUG FS                   - Loaded DesktopFSService
18:01:08.527 [ForkJoinPool.commonPool-worker-3] DEBUG FXGL                 - Loading FXGL system data
18:01:08.531 [ForkJoinPool.commonPool-worker-3] DEBUG DesktopFSService     - Reading from: system\fxgl.bundle
18:01:08.538 [ForkJoinPool.commonPool-worker-3] DEBUG Bundle               - Logging bundle: FXGL
18:01:08.539 [ForkJoinPool.commonPool-worker-3] DEBUG Bundle               - FXGL.offline.timer.version.check=2019-01-24T23:07:38.424640400
18:01:08.539 [ForkJoinPool.commonPool-worker-3] DEBUG FXGL                 - Initializing state machine and application states
18:01:08.540 [ForkJoinPool.commonPool-worker-3] DEBUG AssetLoader          - Loading from disk: /assets/ui/cursors/fxgl_default.png
18:01:08.545 [ForkJoinPool.commonPool-worker-3] DEBUG AssetLoader          - Loading from disk: /assets/ui/cursors/fxgl_default.png
18:01:08.550 [ForkJoinPool.commonPool-worker-3] DEBUG AssetLoader          - Loading from cache: /assets/ui/fonts/VarelaRound-Regular.ttf
18:01:08.552 [ForkJoinPool.commonPool-worker-3] DEBUG AssetLoader          - Loading from disk: /assets/ui/cursors/fxgl_default.png
18:01:08.555 [ForkJoinPool.commonPool-worker-3] DEBUG GameScene            - Game scene initialized: 1050x700
18:01:08.559 [ForkJoinPool.commonPool-worker-3] DEBUG GameWorld            - Game world initialized
18:01:08.606 [ForkJoinPool.commonPool-worker-3] DEBUG PhysicsWorld         - Physics world initialized: appHeight=700, physics.ppm=50.0
18:01:08.618 [ForkJoinPool.commonPool-worker-3] DEBUG Input                - Registered new binding: Pause - Esc
18:01:08.655 [JavaFX Application Thread] DEBUG FXGL                 - Running preInit()
18:01:08.655 [JavaFX Application Thread] DEBUG Input                - Registered new binding: Screenshot - P
18:01:08.656 [JavaFX Application Thread] DEBUG Input                - Registered new binding: Dev Options - CTRL+0
18:01:08.656 [JavaFX Application Thread] DEBUG Input                - Registered new binding: System info dump - CTRL+9
18:01:08.656 [JavaFX Application Thread] DEBUG Input                - Registered new binding: Restart - CTRL+R
18:01:08.656 [JavaFX Application Thread] DEBUG Input                - Registered new binding: left - Left
18:01:08.656 [JavaFX Application Thread] DEBUG Input                - Registered new binding: right - Right
18:01:08.657 [JavaFX Application Thread] DEBUG Input                - Registered new binding: leftA - A
18:01:08.657 [JavaFX Application Thread] DEBUG Input                - Registered new binding: rightD - D
18:01:08.657 [JavaFX Application Thread] DEBUG Input                - Registered new binding: jump - Space
18:01:08.657 [JavaFX Application Thread] DEBUG Input                - Registered new binding: jumpW - W
18:01:08.657 [JavaFX Application Thread] DEBUG Input                - Registered new binding: jumpUp - Up
18:01:08.657 [JavaFX Application Thread] DEBUG Input                - Registered new binding: powerUp - O
18:01:08.657 [JavaFX Application Thread] INFO  FXGL                 - FXGL initialization took: 0.716 sec
18:01:08.658 [JavaFX Application Thread] DEBUG LoopRunner           - Starting loop
18:01:08.659 [JavaFX Application Thread] DEBUG StartupState         - STARTUP
18:01:08.659 [JavaFX Application Thread] DEBUG GameApplication      - Starting new game
18:01:08.659 [JavaFX Application Thread] DEBUG Input                - Clearing active input actions
18:01:08.660 [JavaFX Application Thread] DEBUG AssetLoader          - Loading from disk: /assets/ui/css/fxgl_dark.css
18:01:08.665 [JavaFX Application Thread] DEBUG AppStateMachine      - StartupState -> LoadingState
18:01:08.694 [FXGL Background Thread 1 ] DEBUG InitAppTask          - Clearing previous game
18:01:08.694 [FXGL Background Thread 1 ] DEBUG GameWorld            - Clearing game world
18:01:08.694 [FXGL Background Thread 1 ] DEBUG PhysicsWorld         - Clearing physics world
18:01:08.694 [FXGL Background Thread 1 ] DEBUG GameScene            - Clearing game scene
18:01:08.695 [FXGL Background Thread 1 ] DEBUG InitAppTask          - Initializing Game
18:01:08.711 [FXGL Background Thread 1 ] DEBUG AssetLoader          - Loading from disk: /assets/json/MarioLevel-1.json
18:01:08.889 [FXGL Background Thread 1 ] DEBUG GameWorld            - Clearing removable entities
18:01:08.889 [FXGL Background Thread 1 ] DEBUG GameWorld            - Setting level from map
18:01:08.901 [FXGL Background Thread 1 ] DEBUG AssetLoader          - Loading from disk: /assets/textures/tiles_spritesheet.png
18:01:08.917 [FXGL Background Thread 1 ] DEBUG AssetLoader          - Loading from cache: /assets/textures/tiles_spritesheet.png
18:01:08.917 [FXGL Background Thread 1 ] DEBUG AssetLoader          - Loading from cache: /assets/textures/tiles_spritesheet.png
18:01:08.917 [FXGL Background Thread 1 ] DEBUG AssetLoader          - Loading from cache: /assets/textures/tiles_spritesheet.png
18:01:08.917 [FXGL Background Thread 1 ] DEBUG AssetLoader          - Loading from cache: /assets/textures/tiles_spritesheet.png
18:01:08.917 [FXGL Background Thread 1 ] DEBUG AssetLoader          - Loading from cache: /assets/textures/tiles_spritesheet.png
18:01:08.917 [FXGL Background Thread 1 ] DEBUG AssetLoader          - Loading from cache: /assets/textures/tiles_spritesheet.png
18:01:08.917 [FXGL Background Thread 1 ] DEBUG AssetLoader          - Loading from cache: /assets/textures/tiles_spritesheet.png
18:01:08.917 [FXGL Background Thread 1 ] DEBUG AssetLoader          - Loading from cache: /assets/textures/tiles_spritesheet.png
18:01:08.918 [FXGL Background Thread 1 ] DEBUG AssetLoader          - Loading from cache: /assets/textures/tiles_spritesheet.png
18:01:08.918 [FXGL Background Thread 1 ] DEBUG AssetLoader          - Loading from cache: /assets/textures/tiles_spritesheet.png
18:01:08.918 [FXGL Background Thread 1 ] DEBUG AssetLoader          - Loading from cache: /assets/textures/tiles_spritesheet.png
18:01:08.918 [FXGL Background Thread 1 ] DEBUG AssetLoader          - Loading from cache: /assets/textures/tiles_spritesheet.png
18:01:08.918 [FXGL Background Thread 1 ] DEBUG AssetLoader          - Loading from cache: /assets/textures/tiles_spritesheet.png
18:01:08.918 [FXGL Background Thread 1 ] DEBUG AssetLoader          - Loading from cache: /assets/textures/tiles_spritesheet.png
18:01:08.918 [FXGL Background Thread 1 ] DEBUG AssetLoader          - Loading from cache: /assets/textures/tiles_spritesheet.png
18:01:08.918 [FXGL Background Thread 1 ] DEBUG AssetLoader          - Loading from cache: /assets/textures/tiles_spritesheet.png
18:01:08.918 [FXGL Background Thread 1 ] DEBUG AssetLoader          - Loading from cache: /assets/textures/tiles_spritesheet.png
18:01:08.918 [FXGL Background Thread 1 ] DEBUG AssetLoader          - Loading from cache: /assets/textures/tiles_spritesheet.png
18:01:08.918 [FXGL Background Thread 1 ] DEBUG AssetLoader          - Loading from cache: /assets/textures/tiles_spritesheet.png
18:01:08.918 [FXGL Background Thread 1 ] DEBUG AssetLoader          - Loading from cache: /assets/textures/tiles_spritesheet.png
18:01:08.919 [FXGL Background Thread 1 ] DEBUG AssetLoader          - Loading from cache: /assets/textures/tiles_spritesheet.png
18:01:08.920 [FXGL Background Thread 1 ] DEBUG GameScene            - Creating render group for layer: BACKGROUND(1000)
18:01:08.940 [FXGL Background Thread 1 ] DEBUG GameScene            - Creating render group for layer: DEFAULT(100000)
18:01:08.943 [FXGL Background Thread 1 ] DEBUG AssetLoader          - Loading from disk: /assets/textures/burger.png
18:01:08.945 [FXGL Background Thread 1 ] DEBUG AssetLoader          - Loading from cache: /assets/textures/burger.png
18:01:08.946 [FXGL Background Thread 1 ] DEBUG AssetLoader          - Loading from cache: /assets/textures/burger.png
18:01:08.946 [FXGL Background Thread 1 ] DEBUG AssetLoader          - Loading from cache: /assets/textures/burger.png
18:01:08.947 [FXGL Background Thread 1 ] DEBUG AssetLoader          - Loading from cache: /assets/textures/burger.png
18:01:08.949 [FXGL Background Thread 1 ] DEBUG AssetLoader          - Loading from disk: /assets/textures/trumpAfk.png
18:01:08.950 [FXGL Background Thread 1 ] DEBUG AssetLoader          - Loading from disk: /assets/textures/TrumpAfk.png
18:01:08.952 [FXGL Background Thread 1 ] DEBUG AssetLoader          - Loading from disk: /assets/textures/trumpWalk.png
18:01:08.954 [FXGL Background Thread 1 ] DEBUG AssetLoader          - Loading from disk: /assets/textures/Thwomp.png
18:01:08.955 [FXGL Background Thread 1 ] DEBUG AssetLoader          - Loading from cache: /assets/textures/Thwomp.png
18:01:08.955 [FXGL Background Thread 1 ] DEBUG AssetLoader          - Loading from cache: /assets/textures/Thwomp.png
18:01:09.003 [FXGL Background Thread 1 ] DEBUG AudioPlayer          - Playing music com.almasb.fxgl.audio.Music@1437965c
18:01:09.005 [FXGL Background Thread 1 ] DEBUG InitAppTask          - Initializing Physics
18:01:09.005 [FXGL Background Thread 1 ] DEBUG InitAppTask          - Initializing UI
18:01:09.005 [FXGL Background Thread 1 ] DEBUG AssetLoader          - Loading from disk: /assets/textures/BackgroundMario.png
18:01:09.017 [FXGL Background Thread 1 ] DEBUG InitAppTask          - Initialization Complete
18:01:09.017 [FXGL Background Thread 1 ] INFO  InitAppTask          - Game initialization took: 0.324 sec
18:01:09.021 [JavaFX Application Thread] DEBUG Input                - Clearing active input actions
18:01:09.021 [JavaFX Application Thread] DEBUG AssetLoader          - Loading from disk: /assets/ui/css/fxgl_dark.css
18:01:09.030 [JavaFX Application Thread] DEBUG AppStateMachine      - LoadingState -> PlayState
18:01:12.237 [JavaFX Application Thread] DEBUG AssetLoader          - Loading from cache: /assets/textures/Thwomp.png
18:01:12.237 [JavaFX Application Thread] DEBUG AssetLoader          - Loading from cache: /assets/textures/Thwomp.png
18:01:12.238 [JavaFX Application Thread] DEBUG AssetLoader          - Loading from cache: /assets/textures/Thwomp.png
18:01:12.238 [JavaFX Application Thread] DEBUG AssetLoader          - Loading from cache: /assets/textures/trumpAfk.png
18:01:12.238 [JavaFX Application Thread] DEBUG AssetLoader          - Loading from cache: /assets/textures/TrumpAfk.png
18:01:12.239 [JavaFX Application Thread] DEBUG AssetLoader          - Loading from cache: /assets/textures/trumpWalk.png
18:01:17.629 [JavaFX Application Thread] DEBUG AssetLoader          - Loading from cache: /assets/sounds/roblox-death-sound-effect-opNTQCf4R.mp3
18:01:20.301 [JavaFX Application Thread] DEBUG AssetLoader          - Loading from cache: /assets/sounds/roblox-death-sound-effect-opNTQCf4R.mp3
18:01:20.989 [JavaFX Application Thread] DEBUG AssetLoader          - Loading from cache: /assets/sounds/roblox-death-sound-effect-opNTQCf4R.mp3
18:01:21.709 [JavaFX Application Thread] DEBUG AssetLoader          - Loading from cache: /assets/textures/Thwomp.png
18:01:21.709 [JavaFX Application Thread] DEBUG AssetLoader          - Loading from cache: /assets/textures/Thwomp.png
18:01:21.709 [JavaFX Application Thread] DEBUG AssetLoader          - Loading from cache: /assets/textures/Thwomp.png
18:01:21.710 [JavaFX Application Thread] DEBUG AssetLoader          - Loading from cache: /assets/textures/trumpAfk.png
18:01:21.710 [JavaFX Application Thread] DEBUG AssetLoader          - Loading from cache: /assets/textures/TrumpAfk.png
18:01:21.710 [JavaFX Application Thread] DEBUG AssetLoader          - Loading from cache: /assets/textures/trumpWalk.png
18:01:24.941 [JavaFX Application Thread] DEBUG AssetLoader          - Loading from cache: /assets/sounds/roblox-death-sound-effect-opNTQCf4R.mp3
18:01:29.121 [JavaFX Application Thread] DEBUG AssetLoader          - Loading from cache: /assets/ui/fonts/VarelaRound-Regular.ttf
18:01:29.124 [JavaFX Application Thread] DEBUG AssetLoader          - Loading from cache: /assets/ui/fonts/VarelaRound-Regular.ttf
18:01:29.125 [JavaFX Application Thread] DEBUG AssetLoader          - Loading from disk: /assets/properties/languages/english.properties
18:01:29.128 [JavaFX Application Thread] DEBUG AssetLoader          - Loading from cache: /assets/ui/fonts/VarelaRound-Regular.ttf
18:01:29.128 [JavaFX Application Thread] DEBUG AppStateMachine      - Push state: DialogSubState
18:01:29.128 [JavaFX Application Thread] DEBUG Input                - Clearing active input actions
18:01:29.128 [JavaFX Application Thread] DEBUG AppStateMachine      - PlayState -> DialogSubState
18:01:29.133 [JavaFX Application Thread] DEBUG AssetLoader          - Loading from cache: /assets/ui/fonts/VarelaRound-Regular.ttf
18:01:29.133 [JavaFX Application Thread] DEBUG AssetLoader          - Loading from cache: /assets/ui/fonts/VarelaRound-Regular.ttf
18:01:29.133 [JavaFX Application Thread] DEBUG AssetLoader          - Loading from cache: /assets/properties/languages/english.properties
18:01:29.134 [JavaFX Application Thread] DEBUG AssetLoader          - Loading from cache: /assets/ui/fonts/VarelaRound-Regular.ttf
18:01:29.135 [JavaFX Application Thread] DEBUG AssetLoader          - Loading from disk: /assets/json/MarioLevel-2.json
18:01:29.136 [JavaFX Application Thread] DEBUG GameWorld            - Clearing removable entities
18:01:29.138 [JavaFX Application Thread] DEBUG GameWorld            - Setting level from map
18:01:29.139 [JavaFX Application Thread] DEBUG AssetLoader          - Loading from cache: /assets/textures/tiles_spritesheet.png
18:01:29.139 [JavaFX Application Thread] DEBUG AssetLoader          - Loading from cache: /assets/textures/tiles_spritesheet.png
18:01:29.139 [JavaFX Application Thread] DEBUG AssetLoader          - Loading from cache: /assets/textures/tiles_spritesheet.png
18:01:29.139 [JavaFX Application Thread] DEBUG AssetLoader          - Loading from cache: /assets/textures/tiles_spritesheet.png
18:01:29.139 [JavaFX Application Thread] DEBUG AssetLoader          - Loading from cache: /assets/textures/tiles_spritesheet.png
18:01:29.139 [JavaFX Application Thread] DEBUG AssetLoader          - Loading from cache: /assets/textures/tiles_spritesheet.png
18:01:29.139 [JavaFX Application Thread] DEBUG AssetLoader          - Loading from cache: /assets/textures/tiles_spritesheet.png
18:01:29.139 [JavaFX Application Thread] DEBUG AssetLoader          - Loading from cache: /assets/textures/tiles_spritesheet.png
18:01:29.140 [JavaFX Application Thread] DEBUG AssetLoader          - Loading from cache: /assets/textures/tiles_spritesheet.png
18:01:29.140 [JavaFX Application Thread] DEBUG AssetLoader          - Loading from cache: /assets/textures/tiles_spritesheet.png
18:01:29.140 [JavaFX Application Thread] DEBUG AssetLoader          - Loading from cache: /assets/textures/tiles_spritesheet.png
18:01:29.140 [JavaFX Application Thread] DEBUG AssetLoader          - Loading from cache: /assets/textures/tiles_spritesheet.png
18:01:29.140 [JavaFX Application Thread] DEBUG AssetLoader          - Loading from cache: /assets/textures/tiles_spritesheet.png
18:01:29.140 [JavaFX Application Thread] DEBUG AssetLoader          - Loading from cache: /assets/textures/tiles_spritesheet.png
18:01:29.140 [JavaFX Application Thread] DEBUG AssetLoader          - Loading from cache: /assets/textures/tiles_spritesheet.png
18:01:29.140 [JavaFX Application Thread] DEBUG AssetLoader          - Loading from cache: /assets/textures/tiles_spritesheet.png
18:01:29.140 [JavaFX Application Thread] DEBUG AssetLoader          - Loading from cache: /assets/textures/tiles_spritesheet.png
18:01:29.140 [JavaFX Application Thread] DEBUG AssetLoader          - Loading from cache: /assets/textures/tiles_spritesheet.png
18:01:29.140 [JavaFX Application Thread] DEBUG AssetLoader          - Loading from cache: /assets/textures/tiles_spritesheet.png
18:01:29.140 [JavaFX Application Thread] DEBUG AssetLoader          - Loading from cache: /assets/textures/tiles_spritesheet.png
18:01:29.140 [JavaFX Application Thread] DEBUG AssetLoader          - Loading from cache: /assets/textures/tiles_spritesheet.png
18:01:29.140 [JavaFX Application Thread] DEBUG AssetLoader          - Loading from cache: /assets/textures/tiles_spritesheet.png
18:01:29.140 [JavaFX Application Thread] DEBUG AssetLoader          - Loading from cache: /assets/textures/tiles_spritesheet.png
18:01:29.140 [JavaFX Application Thread] DEBUG AssetLoader          - Loading from cache: /assets/textures/tiles_spritesheet.png
18:01:29.140 [JavaFX Application Thread] DEBUG AssetLoader          - Loading from cache: /assets/textures/tiles_spritesheet.png
18:01:29.141 [JavaFX Application Thread] DEBUG AssetLoader          - Loading from cache: /assets/textures/tiles_spritesheet.png
18:01:29.141 [JavaFX Application Thread] DEBUG AssetLoader          - Loading from cache: /assets/textures/tiles_spritesheet.png
18:01:29.141 [JavaFX Application Thread] DEBUG AssetLoader          - Loading from cache: /assets/textures/tiles_spritesheet.png
18:01:29.141 [JavaFX Application Thread] DEBUG AssetLoader          - Loading from cache: /assets/textures/tiles_spritesheet.png
18:01:29.147 [JavaFX Application Thread] DEBUG AssetLoader          - Loading from cache: /assets/textures/burger.png
18:01:29.147 [JavaFX Application Thread] DEBUG AssetLoader          - Loading from cache: /assets/textures/burger.png
18:01:29.148 [JavaFX Application Thread] DEBUG AssetLoader          - Loading from cache: /assets/textures/burger.png
18:01:29.148 [JavaFX Application Thread] DEBUG AssetLoader          - Loading from cache: /assets/textures/burger.png
18:01:29.149 [JavaFX Application Thread] DEBUG AssetLoader          - Loading from cache: /assets/textures/burger.png
18:01:29.149 [JavaFX Application Thread] DEBUG AssetLoader          - Loading from cache: /assets/textures/trumpAfk.png
18:01:29.150 [JavaFX Application Thread] DEBUG AssetLoader          - Loading from cache: /assets/textures/TrumpAfk.png
18:01:29.150 [JavaFX Application Thread] DEBUG AssetLoader          - Loading from cache: /assets/textures/trumpWalk.png
18:01:29.151 [JavaFX Application Thread] DEBUG AssetLoader          - Loading from cache: /assets/textures/Thwomp.png
18:01:29.151 [JavaFX Application Thread] DEBUG AssetLoader          - Loading from cache: /assets/textures/Thwomp.png
18:01:29.151 [JavaFX Application Thread] DEBUG AssetLoader          - Loading from cache: /assets/textures/Thwomp.png
18:01:29.154 [JavaFX Application Thread] DEBUG AssetLoader          - Loading from cache: /assets/ui/fonts/VarelaRound-Regular.ttf
18:01:29.155 [JavaFX Application Thread] DEBUG AssetLoader          - Loading from cache: /assets/ui/fonts/VarelaRound-Regular.ttf
18:01:29.155 [JavaFX Application Thread] DEBUG AssetLoader          - Loading from cache: /assets/properties/languages/english.properties
18:01:29.155 [JavaFX Application Thread] DEBUG AssetLoader          - Loading from cache: /assets/ui/fonts/VarelaRound-Regular.ttf
18:01:29.156 [JavaFX Application Thread] DEBUG AssetLoader          - Loading from cache: /assets/ui/fonts/VarelaRound-Regular.ttf
18:01:29.156 [JavaFX Application Thread] DEBUG AssetLoader          - Loading from cache: /assets/ui/fonts/VarelaRound-Regular.ttf
18:01:29.156 [JavaFX Application Thread] DEBUG AssetLoader          - Loading from cache: /assets/properties/languages/english.properties
18:01:29.156 [JavaFX Application Thread] DEBUG AssetLoader          - Loading from cache: /assets/ui/fonts/VarelaRound-Regular.ttf
18:01:30.336 [JavaFX Application Thread] DEBUG AssetLoader          - Loading from cache: /assets/sounds/menu/select.wav
18:01:30.569 [JavaFX Application Thread] DEBUG AssetLoader          - Loading from cache: /assets/ui/fonts/VarelaRound-Regular.ttf
18:01:30.575 [JavaFX Application Thread] DEBUG AssetLoader          - Loading from cache: /assets/sounds/menu/select.wav
18:01:30.849 [JavaFX Application Thread] DEBUG AssetLoader          - Loading from cache: /assets/ui/fonts/VarelaRound-Regular.ttf
18:01:30.862 [JavaFX Application Thread] DEBUG AssetLoader          - Loading from cache: /assets/sounds/menu/select.wav
18:01:31.192 [JavaFX Application Thread] DEBUG AssetLoader          - Loading from cache: /assets/ui/fonts/VarelaRound-Regular.ttf
18:01:31.199 [JavaFX Application Thread] DEBUG AssetLoader          - Loading from cache: /assets/sounds/menu/select.wav
18:01:31.649 [JavaFX Application Thread] DEBUG AppStateMachine      - Pop state: DialogSubState
18:01:31.649 [JavaFX Application Thread] DEBUG Input                - Clearing active input actions
18:01:31.649 [JavaFX Application Thread] DEBUG AppStateMachine      - PlayState <- DialogSubState
18:01:33.288 [JavaFX Application Thread] DEBUG FXGL                 - Exiting FXGL
18:01:33.288 [JavaFX Application Thread] DEBUG FXGL                 - Shutting down background threads
18:01:33.288 [JavaFX Application Thread] DEBUG FXGL                 - Saving FXGL system data
18:01:33.290 [JavaFX Application Thread] DEBUG DesktopFSService     - Writing to: system\fxgl.bundle
18:01:33.292 [JavaFX Application Thread] DEBUG FXGL                 - Closing logger and exiting JavaFX
