23:31:41.284 [JavaFX Application Thread] DEBUG GameApplication      - Logger initialized
23:31:41.287 [JavaFX Application Thread] DEBUG GameApplication      - Logging settings
Title: Burger Mario
Version: 0.5
Width: 1050
Height: 700
Fullscreen: false
Intro: false
Menus: false
Profiling: false
Single step:false
App Mode: DEVELOPER
Menu Key: ESCAPE
Stage Style: DECORATED
Scene Factory: class com.almasb.fxgl.scene.SceneFactory
Dialog Factory: class com.almasb.fxgl.ui.FXGLDialogFactory
UI Factory: class com.almasb.fxgl.ui.FXGLUIFactory
Notification Service: class com.almasb.fxgl.gameplay.notification.XboxNotificationView
Exception Handler: class com.almasb.fxgl.app.FXGLExceptionHandler
23:31:41.287 [JavaFX Application Thread] DEBUG GameApplication      - Starting FXGL
23:31:41.298 [JavaFX Application Thread] INFO  FXGL                 - FXGL-0.5.4 on DESKTOP
23:31:41.298 [JavaFX Application Thread] INFO  FXGL                 - Source code and latest versions at: https://github.com/AlmasB/FXGL
23:31:41.298 [JavaFX Application Thread] INFO  FXGL                 -              Join the FXGL chat at: https://gitter.im/AlmasB/FXGL
23:31:41.299 [JavaFX Application Thread] DEBUG FXGL                 - FXGL started
23:31:41.299 [JavaFX Application Thread] DEBUG FXGL                 - Initializing FXGL
23:31:41.350 [JavaFX Application Thread] DEBUG AssetLoader          - Loading from disk: /assets/ui/cursors/fxgl_default.png
23:31:41.414 [JavaFX Application Thread] DEBUG AssetLoader          - Loading from disk: /assets/ui/fonts/VarelaRound-Regular.ttf
23:31:41.544 [JavaFX Application Thread] DEBUG MainWindow           - Creating a JavaFX scene
23:31:41.586 [JavaFX Application Thread] DEBUG MainWindow           - Target settings size: 1050.0 x 700.0
23:31:41.586 [JavaFX Application Thread] DEBUG MainWindow           - Scaled scene size:    1050.0 x 700.0
23:31:41.587 [JavaFX Application Thread] DEBUG MainWindow           - Scaled ratio: (1.0, 1.0)
23:31:41.589 [JavaFX Application Thread] DEBUG AssetLoader          - Loading from disk: /assets/ui/css/fxgl_dark.css
23:31:41.594 [JavaFX Application Thread] DEBUG AssetLoader          - Loading from disk: /assets/textures/fxgl_icon.png
23:31:41.612 [JavaFX Application Thread] DEBUG MainWindow           - Opening main window
23:31:41.823 [JavaFX Application Thread] DEBUG MainWindow           - Window border size: (6.0, 25.0)
23:31:41.823 [JavaFX Application Thread] DEBUG MainWindow           - Scaled size: 1050.0 x 700.0
23:31:41.823 [JavaFX Application Thread] DEBUG MainWindow           - Scaled ratio: (1.0, 1.0)
23:31:41.823 [JavaFX Application Thread] DEBUG MainWindow           - Scene size: 1050.0 x 700.0
23:31:41.823 [JavaFX Application Thread] DEBUG MainWindow           - Stage size: 1056.0 x 725.0
23:31:41.848 [ForkJoinPool.commonPool-worker-3] DEBUG FS                   - Loaded DesktopFSService
23:31:41.849 [ForkJoinPool.commonPool-worker-3] DEBUG FXGL                 - Loading FXGL system data
23:31:41.852 [ForkJoinPool.commonPool-worker-3] DEBUG DesktopFSService     - Reading from: system\fxgl.bundle
23:31:41.858 [ForkJoinPool.commonPool-worker-3] DEBUG Bundle               - Logging bundle: FXGL
23:31:41.859 [ForkJoinPool.commonPool-worker-3] DEBUG Bundle               - FXGL.offline.timer.version.check=2019-01-24T23:07:38.424640400
23:31:41.859 [ForkJoinPool.commonPool-worker-3] DEBUG FXGL                 - Initializing state machine and application states
23:31:41.860 [ForkJoinPool.commonPool-worker-3] DEBUG AssetLoader          - Loading from disk: /assets/ui/cursors/fxgl_default.png
23:31:41.865 [ForkJoinPool.commonPool-worker-3] DEBUG AssetLoader          - Loading from disk: /assets/ui/cursors/fxgl_default.png
23:31:41.870 [ForkJoinPool.commonPool-worker-3] DEBUG AssetLoader          - Loading from cache: /assets/ui/fonts/VarelaRound-Regular.ttf
23:31:41.872 [ForkJoinPool.commonPool-worker-3] DEBUG AssetLoader          - Loading from disk: /assets/ui/cursors/fxgl_default.png
23:31:41.874 [ForkJoinPool.commonPool-worker-3] DEBUG GameScene            - Game scene initialized: 1050x700
23:31:41.879 [ForkJoinPool.commonPool-worker-3] DEBUG GameWorld            - Game world initialized
23:31:41.928 [ForkJoinPool.commonPool-worker-3] DEBUG PhysicsWorld         - Physics world initialized: appHeight=700, physics.ppm=50.0
23:31:41.940 [ForkJoinPool.commonPool-worker-3] DEBUG Input                - Registered new binding: Pause - Esc
23:31:41.979 [JavaFX Application Thread] DEBUG FXGL                 - Running preInit()
23:31:41.980 [JavaFX Application Thread] DEBUG Input                - Registered new binding: Screenshot - P
23:31:41.980 [JavaFX Application Thread] DEBUG Input                - Registered new binding: Dev Options - CTRL+0
23:31:41.981 [JavaFX Application Thread] DEBUG Input                - Registered new binding: System info dump - CTRL+9
23:31:41.981 [JavaFX Application Thread] DEBUG Input                - Registered new binding: Restart - CTRL+R
23:31:41.981 [JavaFX Application Thread] DEBUG Input                - Registered new binding: left - Left
23:31:41.981 [JavaFX Application Thread] DEBUG Input                - Registered new binding: right - Right
23:31:41.981 [JavaFX Application Thread] DEBUG Input                - Registered new binding: leftA - A
23:31:41.981 [JavaFX Application Thread] DEBUG Input                - Registered new binding: rightD - D
23:31:41.981 [JavaFX Application Thread] DEBUG Input                - Registered new binding: jump - Space
23:31:41.982 [JavaFX Application Thread] DEBUG Input                - Registered new binding: jumpW - W
23:31:41.982 [JavaFX Application Thread] DEBUG Input                - Registered new binding: jumpUp - Up
23:31:41.982 [JavaFX Application Thread] DEBUG Input                - Registered new binding: powerUp - O
23:31:41.982 [JavaFX Application Thread] INFO  FXGL                 - FXGL initialization took: 0.683 sec
23:31:41.982 [JavaFX Application Thread] DEBUG LoopRunner           - Starting loop
23:31:41.983 [JavaFX Application Thread] DEBUG StartupState         - STARTUP
23:31:41.984 [JavaFX Application Thread] DEBUG GameApplication      - Starting new game
23:31:41.984 [JavaFX Application Thread] DEBUG Input                - Clearing active input actions
23:31:41.984 [JavaFX Application Thread] DEBUG AssetLoader          - Loading from disk: /assets/ui/css/fxgl_dark.css
23:31:41.990 [JavaFX Application Thread] DEBUG AppStateMachine      - StartupState -> LoadingState
23:31:41.996 [FXGL Background Thread 1 ] DEBUG InitAppTask          - Clearing previous game
23:31:41.996 [FXGL Background Thread 1 ] DEBUG GameWorld            - Clearing game world
23:31:41.996 [FXGL Background Thread 1 ] DEBUG PhysicsWorld         - Clearing physics world
23:31:41.996 [FXGL Background Thread 1 ] DEBUG GameScene            - Clearing game scene
23:31:41.997 [FXGL Background Thread 1 ] DEBUG InitAppTask          - Initializing Game
23:31:42.021 [FXGL Background Thread 1 ] DEBUG AssetLoader          - Loading from disk: /assets/json/MarioLevel-1.json
23:31:42.227 [FXGL Background Thread 1 ] DEBUG GameWorld            - Clearing removable entities
23:31:42.227 [FXGL Background Thread 1 ] DEBUG GameWorld            - Setting level from map
23:31:42.239 [FXGL Background Thread 1 ] DEBUG AssetLoader          - Loading from disk: /assets/textures/tiles_spritesheet.png
23:31:42.257 [FXGL Background Thread 1 ] DEBUG AssetLoader          - Loading from cache: /assets/textures/tiles_spritesheet.png
23:31:42.257 [FXGL Background Thread 1 ] DEBUG AssetLoader          - Loading from cache: /assets/textures/tiles_spritesheet.png
23:31:42.257 [FXGL Background Thread 1 ] DEBUG AssetLoader          - Loading from cache: /assets/textures/tiles_spritesheet.png
23:31:42.257 [FXGL Background Thread 1 ] DEBUG AssetLoader          - Loading from cache: /assets/textures/tiles_spritesheet.png
23:31:42.258 [FXGL Background Thread 1 ] DEBUG AssetLoader          - Loading from cache: /assets/textures/tiles_spritesheet.png
23:31:42.258 [FXGL Background Thread 1 ] DEBUG AssetLoader          - Loading from cache: /assets/textures/tiles_spritesheet.png
23:31:42.258 [FXGL Background Thread 1 ] DEBUG AssetLoader          - Loading from cache: /assets/textures/tiles_spritesheet.png
23:31:42.258 [FXGL Background Thread 1 ] DEBUG AssetLoader          - Loading from cache: /assets/textures/tiles_spritesheet.png
23:31:42.258 [FXGL Background Thread 1 ] DEBUG AssetLoader          - Loading from cache: /assets/textures/tiles_spritesheet.png
23:31:42.258 [FXGL Background Thread 1 ] DEBUG AssetLoader          - Loading from cache: /assets/textures/tiles_spritesheet.png
23:31:42.258 [FXGL Background Thread 1 ] DEBUG AssetLoader          - Loading from cache: /assets/textures/tiles_spritesheet.png
23:31:42.258 [FXGL Background Thread 1 ] DEBUG AssetLoader          - Loading from cache: /assets/textures/tiles_spritesheet.png
23:31:42.258 [FXGL Background Thread 1 ] DEBUG AssetLoader          - Loading from cache: /assets/textures/tiles_spritesheet.png
23:31:42.258 [FXGL Background Thread 1 ] DEBUG AssetLoader          - Loading from cache: /assets/textures/tiles_spritesheet.png
23:31:42.259 [FXGL Background Thread 1 ] DEBUG AssetLoader          - Loading from cache: /assets/textures/tiles_spritesheet.png
23:31:42.259 [FXGL Background Thread 1 ] DEBUG AssetLoader          - Loading from cache: /assets/textures/tiles_spritesheet.png
23:31:42.259 [FXGL Background Thread 1 ] DEBUG AssetLoader          - Loading from cache: /assets/textures/tiles_spritesheet.png
23:31:42.259 [FXGL Background Thread 1 ] DEBUG AssetLoader          - Loading from cache: /assets/textures/tiles_spritesheet.png
23:31:42.259 [FXGL Background Thread 1 ] DEBUG AssetLoader          - Loading from cache: /assets/textures/tiles_spritesheet.png
23:31:42.259 [FXGL Background Thread 1 ] DEBUG AssetLoader          - Loading from cache: /assets/textures/tiles_spritesheet.png
23:31:42.259 [FXGL Background Thread 1 ] DEBUG AssetLoader          - Loading from cache: /assets/textures/tiles_spritesheet.png
23:31:42.260 [FXGL Background Thread 1 ] DEBUG GameScene            - Creating render group for layer: BACKGROUND(1000)
23:31:42.284 [FXGL Background Thread 1 ] DEBUG GameScene            - Creating render group for layer: DEFAULT(100000)
23:31:42.286 [FXGL Background Thread 1 ] DEBUG AssetLoader          - Loading from disk: /assets/textures/burger.png
23:31:42.289 [FXGL Background Thread 1 ] DEBUG AssetLoader          - Loading from cache: /assets/textures/burger.png
23:31:42.289 [FXGL Background Thread 1 ] DEBUG AssetLoader          - Loading from cache: /assets/textures/burger.png
23:31:42.290 [FXGL Background Thread 1 ] DEBUG AssetLoader          - Loading from cache: /assets/textures/burger.png
23:31:42.291 [FXGL Background Thread 1 ] DEBUG AssetLoader          - Loading from cache: /assets/textures/burger.png
23:31:42.293 [FXGL Background Thread 1 ] DEBUG AssetLoader          - Loading from disk: /assets/textures/newdude.png
23:31:42.295 [FXGL Background Thread 1 ] DEBUG AssetLoader          - Loading from cache: /assets/textures/newdude.png
23:31:42.297 [FXGL Background Thread 1 ] DEBUG AssetLoader          - Loading from cache: /assets/textures/newdude.png
23:31:42.298 [FXGL Background Thread 1 ] DEBUG AssetLoader          - Loading from disk: /assets/textures/Thwomp.png
23:31:42.299 [FXGL Background Thread 1 ] DEBUG AssetLoader          - Loading from cache: /assets/textures/Thwomp.png
23:31:42.299 [FXGL Background Thread 1 ] DEBUG AssetLoader          - Loading from cache: /assets/textures/Thwomp.png
23:31:42.358 [FXGL Background Thread 1 ] DEBUG AudioPlayer          - Playing music com.almasb.fxgl.audio.Music@63ec30b1
23:31:42.360 [FXGL Background Thread 1 ] DEBUG InitAppTask          - Initializing Physics
23:31:42.360 [FXGL Background Thread 1 ] DEBUG InitAppTask          - Initializing UI
23:31:42.361 [FXGL Background Thread 1 ] DEBUG AssetLoader          - Loading from disk: /assets/textures/BackgroundMario.png
23:31:42.376 [FXGL Background Thread 1 ] DEBUG InitAppTask          - Initialization Complete
23:31:42.376 [FXGL Background Thread 1 ] INFO  InitAppTask          - Game initialization took: 0.380 sec
23:31:42.378 [JavaFX Application Thread] DEBUG Input                - Clearing active input actions
23:31:42.378 [JavaFX Application Thread] DEBUG AssetLoader          - Loading from disk: /assets/ui/css/fxgl_dark.css
23:31:42.387 [JavaFX Application Thread] DEBUG AppStateMachine      - LoadingState -> PlayState
23:31:45.196 [JavaFX Application Thread] DEBUG AssetLoader          - Loading from cache: /assets/textures/Thwomp.png
23:31:45.196 [JavaFX Application Thread] DEBUG AssetLoader          - Loading from cache: /assets/textures/Thwomp.png
23:31:45.197 [JavaFX Application Thread] DEBUG AssetLoader          - Loading from cache: /assets/textures/Thwomp.png
23:31:45.198 [JavaFX Application Thread] DEBUG AssetLoader          - Loading from cache: /assets/textures/newdude.png
23:31:45.198 [JavaFX Application Thread] DEBUG AssetLoader          - Loading from cache: /assets/textures/newdude.png
23:31:45.198 [JavaFX Application Thread] DEBUG AssetLoader          - Loading from cache: /assets/textures/newdude.png
23:31:45.369 [JavaFX Application Thread] DEBUG FXGL                 - Exiting FXGL
23:31:45.370 [JavaFX Application Thread] DEBUG FXGL                 - Shutting down background threads
23:31:45.370 [JavaFX Application Thread] DEBUG FXGL                 - Saving FXGL system data
23:31:45.372 [JavaFX Application Thread] DEBUG DesktopFSService     - Writing to: system\fxgl.bundle
23:31:45.375 [JavaFX Application Thread] DEBUG FXGL                 - Closing logger and exiting JavaFX
