13:59:34.689 [JavaFX Application Thread] DEBUG GameApplication      - Logger initialized
13:59:34.705 [JavaFX Application Thread] DEBUG GameApplication      - Logging settings
Title: Untitled
Version: 0.0
Width: 800
Height: 600
Fullscreen: false
Intro: false
Menus: false
Profiling: false
Single step:false
App Mode: DEVELOPER
Menu Key: ESCAPE
Stage Style: DECORATED
Scene Factory: class com.almasb.fxgl.scene.SceneFactory
Dialog Factory: class com.almasb.fxgl.ui.FXGLDialogFactory
UI Factory: class com.almasb.fxgl.ui.FXGLUIFactory
Notification Service: class com.almasb.fxgl.gameplay.notification.XboxNotificationView
Exception Handler: class com.almasb.fxgl.app.FXGLExceptionHandler
13:59:34.705 [JavaFX Application Thread] DEBUG GameApplication      - Starting FXGL
13:59:34.718 [JavaFX Application Thread] INFO  FXGL                 - FXGL-0.5.4 on DESKTOP
13:59:34.718 [JavaFX Application Thread] INFO  FXGL                 - Source code and latest versions at: https://github.com/AlmasB/FXGL
13:59:34.719 [JavaFX Application Thread] INFO  FXGL                 -              Join the FXGL chat at: https://gitter.im/AlmasB/FXGL
13:59:34.719 [JavaFX Application Thread] DEBUG FXGL                 - FXGL started
13:59:34.719 [JavaFX Application Thread] DEBUG FXGL                 - Initializing FXGL
13:59:34.782 [JavaFX Application Thread] DEBUG AssetLoader          - Loading from disk: /assets/ui/cursors/fxgl_default.png
13:59:34.845 [JavaFX Application Thread] DEBUG AssetLoader          - Loading from disk: /assets/ui/fonts/VarelaRound-Regular.ttf
13:59:34.957 [JavaFX Application Thread] DEBUG MainWindow           - Creating a JavaFX scene
13:59:34.995 [JavaFX Application Thread] DEBUG MainWindow           - Target settings size: 800.0 x 600.0
13:59:34.996 [JavaFX Application Thread] DEBUG MainWindow           - Scaled scene size:    800.0 x 600.0
13:59:34.996 [JavaFX Application Thread] DEBUG MainWindow           - Scaled ratio: (1.0, 1.0)
13:59:34.998 [JavaFX Application Thread] DEBUG AssetLoader          - Loading from disk: /assets/ui/css/fxgl_dark.css
13:59:35.001 [JavaFX Application Thread] DEBUG AssetLoader          - Loading from disk: /assets/textures/fxgl_icon.png
13:59:35.013 [JavaFX Application Thread] DEBUG MainWindow           - Opening main window
13:59:35.112 [JavaFX Application Thread] DEBUG MainWindow           - Window border size: (16.0, 39.0)
13:59:35.112 [JavaFX Application Thread] DEBUG MainWindow           - Scaled size: 800.0 x 600.0
13:59:35.112 [JavaFX Application Thread] DEBUG MainWindow           - Scaled ratio: (1.0, 1.0)
13:59:35.112 [JavaFX Application Thread] DEBUG MainWindow           - Scene size: 800.0 x 600.0
13:59:35.113 [JavaFX Application Thread] DEBUG MainWindow           - Stage size: 816.0 x 639.0
13:59:35.146 [ForkJoinPool.commonPool-worker-3] DEBUG FS                   - Loaded DesktopFSService
13:59:35.147 [ForkJoinPool.commonPool-worker-3] DEBUG FXGL                 - Loading FXGL system data
13:59:35.151 [ForkJoinPool.commonPool-worker-3] DEBUG DesktopFSService     - Reading from: system\fxgl.bundle
13:59:35.158 [ForkJoinPool.commonPool-worker-3] DEBUG Bundle               - Logging bundle: FXGL
13:59:35.158 [ForkJoinPool.commonPool-worker-3] DEBUG Bundle               - FXGL.offline.timer.version.check=2019-01-10T13:35:56.730764500
13:59:35.159 [ForkJoinPool.commonPool-worker-3] DEBUG FXGL                 - Initializing state machine and application states
13:59:35.160 [ForkJoinPool.commonPool-worker-3] DEBUG AssetLoader          - Loading from disk: /assets/ui/cursors/fxgl_default.png
13:59:35.169 [ForkJoinPool.commonPool-worker-3] DEBUG AssetLoader          - Loading from disk: /assets/ui/cursors/fxgl_default.png
13:59:35.175 [ForkJoinPool.commonPool-worker-3] DEBUG AssetLoader          - Loading from cache: /assets/ui/fonts/VarelaRound-Regular.ttf
13:59:35.178 [ForkJoinPool.commonPool-worker-3] DEBUG AssetLoader          - Loading from disk: /assets/ui/cursors/fxgl_default.png
13:59:35.180 [ForkJoinPool.commonPool-worker-3] DEBUG GameScene            - Game scene initialized: 800x600
13:59:35.184 [ForkJoinPool.commonPool-worker-3] DEBUG GameWorld            - Game world initialized
13:59:35.221 [ForkJoinPool.commonPool-worker-3] DEBUG PhysicsWorld         - Physics world initialized: appHeight=600, physics.ppm=50,0
13:59:35.233 [ForkJoinPool.commonPool-worker-3] DEBUG Input                - Registered new binding: Pause - Esc
13:59:35.266 [JavaFX Application Thread] DEBUG FXGL                 - Running preInit()
13:59:35.267 [JavaFX Application Thread] DEBUG Input                - Registered new binding: Screenshot - P
13:59:35.267 [JavaFX Application Thread] DEBUG Input                - Registered new binding: Dev Options - CTRL+0
13:59:35.267 [JavaFX Application Thread] DEBUG Input                - Registered new binding: System info dump - CTRL+9
13:59:35.268 [JavaFX Application Thread] DEBUG Input                - Registered new binding: Restart - CTRL+R
13:59:35.268 [JavaFX Application Thread] DEBUG Input                - Registered new binding: Right - D
13:59:35.268 [JavaFX Application Thread] DEBUG Input                - Registered new binding: Left - A
13:59:35.268 [JavaFX Application Thread] DEBUG Input                - Registered new binding: Up - W
13:59:35.268 [JavaFX Application Thread] DEBUG Input                - Registered new binding: Down - S
13:59:35.268 [JavaFX Application Thread] DEBUG Input                - Registered new binding: Right2 - Right
13:59:35.268 [JavaFX Application Thread] DEBUG Input                - Registered new binding: Left2 - Left
13:59:35.268 [JavaFX Application Thread] DEBUG Input                - Registered new binding: Up2 - Up
13:59:35.268 [JavaFX Application Thread] DEBUG Input                - Registered new binding: Down2 - Down
13:59:35.269 [JavaFX Application Thread] INFO  FXGL                 - FXGL initialization took: 0,550 sec
13:59:35.269 [JavaFX Application Thread] DEBUG LoopRunner           - Starting loop
13:59:35.270 [JavaFX Application Thread] DEBUG StartupState         - STARTUP
13:59:35.270 [JavaFX Application Thread] DEBUG GameApplication      - Starting new game
13:59:35.270 [JavaFX Application Thread] DEBUG Input                - Clearing active input actions
13:59:35.272 [JavaFX Application Thread] DEBUG AssetLoader          - Loading from disk: /assets/ui/css/fxgl_dark.css
13:59:35.277 [JavaFX Application Thread] DEBUG AppStateMachine      - StartupState -> LoadingState
13:59:35.315 [FXGL Background Thread 1 ] DEBUG InitAppTask          - Clearing previous game
13:59:35.316 [FXGL Background Thread 1 ] DEBUG GameWorld            - Clearing game world
13:59:35.316 [FXGL Background Thread 1 ] DEBUG PhysicsWorld         - Clearing physics world
13:59:35.316 [FXGL Background Thread 1 ] DEBUG GameScene            - Clearing game scene
13:59:35.317 [FXGL Background Thread 1 ] DEBUG InitAppTask          - Initializing Game
13:59:35.341 [FXGL Background Thread 1 ] DEBUG AssetLoader          - Loading from disk: /assets/textures/newdude.png
13:59:35.346 [FXGL Background Thread 1 ] DEBUG AssetLoader          - Loading from cache: /assets/textures/newdude.png
13:59:35.349 [FXGL Background Thread 1 ] DEBUG GameScene            - Creating render group for layer: DEFAULT(100000)
13:59:35.351 [FXGL Background Thread 1 ] DEBUG AssetLoader          - Loading from cache: /assets/textures/newdude.png
13:59:35.351 [FXGL Background Thread 1 ] DEBUG AssetLoader          - Loading from cache: /assets/textures/newdude.png
13:59:35.351 [FXGL Background Thread 1 ] DEBUG InitAppTask          - Initializing Physics
13:59:35.351 [FXGL Background Thread 1 ] DEBUG InitAppTask          - Initializing UI
13:59:35.352 [FXGL Background Thread 1 ] DEBUG InitAppTask          - Initialization Complete
13:59:35.352 [FXGL Background Thread 1 ] INFO  InitAppTask          - Game initialization took: 0,036 sec
13:59:35.367 [JavaFX Application Thread] DEBUG Input                - Clearing active input actions
13:59:35.367 [JavaFX Application Thread] DEBUG AssetLoader          - Loading from disk: /assets/ui/css/fxgl_dark.css
13:59:35.373 [JavaFX Application Thread] DEBUG AppStateMachine      - LoadingState -> PlayState
14:00:57.156 [JavaFX Application Thread] DEBUG FXGL                 - Exiting FXGL
14:00:57.156 [JavaFX Application Thread] DEBUG FXGL                 - Shutting down background threads
14:00:57.156 [JavaFX Application Thread] DEBUG FXGL                 - Saving FXGL system data
14:00:57.158 [JavaFX Application Thread] DEBUG DesktopFSService     - Writing to: system\fxgl.bundle
14:00:57.162 [JavaFX Application Thread] DEBUG FXGL                 - Closing logger and exiting JavaFX
