06:01:32.606 [JavaFX Application Thread] DEBUG GameApplication      - Logger initialized
06:01:32.609 [JavaFX Application Thread] DEBUG GameApplication      - Logging settings
Title: Burger Mario
Version: 1.0
Width: 1050
Height: 700
Fullscreen: false
Intro: false
Menus: false
Profiling: false
Single step:false
App Mode: DEVELOPER
Menu Key: ESCAPE
Stage Style: DECORATED
Scene Factory: class com.almasb.fxgl.scene.SceneFactory
Dialog Factory: class com.almasb.fxgl.ui.FXGLDialogFactory
UI Factory: class com.almasb.fxgl.ui.FXGLUIFactory
Notification Service: class com.almasb.fxgl.gameplay.notification.XboxNotificationView
Exception Handler: class com.almasb.fxgl.app.FXGLExceptionHandler
06:01:32.609 [JavaFX Application Thread] DEBUG GameApplication      - Starting FXGL
06:01:32.617 [JavaFX Application Thread] INFO  FXGL                 - FXGL-0.5.4 on DESKTOP
06:01:32.617 [JavaFX Application Thread] INFO  FXGL                 - Source code and latest versions at: https://github.com/AlmasB/FXGL
06:01:32.617 [JavaFX Application Thread] INFO  FXGL                 -              Join the FXGL chat at: https://gitter.im/AlmasB/FXGL
06:01:32.617 [JavaFX Application Thread] DEBUG FXGL                 - FXGL started
06:01:32.617 [JavaFX Application Thread] DEBUG FXGL                 - Initializing FXGL
06:01:32.651 [JavaFX Application Thread] DEBUG AssetLoader          - Loading from disk: /assets/ui/cursors/fxgl_default.png
06:01:32.691 [JavaFX Application Thread] DEBUG AssetLoader          - Loading from disk: /assets/ui/fonts/VarelaRound-Regular.ttf
06:01:32.759 [JavaFX Application Thread] DEBUG MainWindow           - Creating a JavaFX scene
06:01:32.790 [JavaFX Application Thread] DEBUG MainWindow           - Target settings size: 1050.0 x 700.0
06:01:32.791 [JavaFX Application Thread] DEBUG MainWindow           - Scaled scene size:    1050.0 x 700.0
06:01:32.791 [JavaFX Application Thread] DEBUG MainWindow           - Scaled ratio: (1.0, 1.0)
06:01:32.792 [JavaFX Application Thread] DEBUG AssetLoader          - Loading from disk: /assets/ui/css/fxgl_dark.css
06:01:32.795 [JavaFX Application Thread] DEBUG AssetLoader          - Loading from disk: /assets/textures/burger.png
06:01:32.796 [JavaFX Application Thread] DEBUG MainWindow           - Opening main window
06:01:32.991 [JavaFX Application Thread] DEBUG MainWindow           - Window border size: (6.0, 25.0)
06:01:32.991 [JavaFX Application Thread] DEBUG MainWindow           - Scaled size: 1050.0 x 700.0
06:01:32.991 [JavaFX Application Thread] DEBUG MainWindow           - Scaled ratio: (1.0, 1.0)
06:01:32.991 [JavaFX Application Thread] DEBUG MainWindow           - Scene size: 1050.0 x 700.0
06:01:32.991 [JavaFX Application Thread] DEBUG MainWindow           - Stage size: 1056.0 x 725.0
06:01:33.013 [ForkJoinPool.commonPool-worker-3] DEBUG FS                   - Loaded DesktopFSService
06:01:33.013 [ForkJoinPool.commonPool-worker-3] DEBUG FXGL                 - Loading FXGL system data
06:01:33.017 [ForkJoinPool.commonPool-worker-3] DEBUG DesktopFSService     - Reading from: system\fxgl.bundle
06:01:33.024 [ForkJoinPool.commonPool-worker-3] DEBUG Bundle               - Logging bundle: FXGL
06:01:33.024 [ForkJoinPool.commonPool-worker-3] DEBUG Bundle               - FXGL.offline.timer.version.check=2019-01-24T23:07:38.424640400
06:01:33.025 [ForkJoinPool.commonPool-worker-3] DEBUG FXGL                 - Initializing state machine and application states
06:01:33.026 [ForkJoinPool.commonPool-worker-3] DEBUG AssetLoader          - Loading from disk: /assets/ui/cursors/fxgl_default.png
06:01:33.030 [ForkJoinPool.commonPool-worker-3] DEBUG AssetLoader          - Loading from disk: /assets/ui/cursors/fxgl_default.png
06:01:33.036 [ForkJoinPool.commonPool-worker-3] DEBUG AssetLoader          - Loading from cache: /assets/ui/fonts/VarelaRound-Regular.ttf
06:01:33.037 [ForkJoinPool.commonPool-worker-3] DEBUG AssetLoader          - Loading from disk: /assets/ui/cursors/fxgl_default.png
06:01:33.040 [ForkJoinPool.commonPool-worker-3] DEBUG GameScene            - Game scene initialized: 1050x700
06:01:33.043 [ForkJoinPool.commonPool-worker-3] DEBUG GameWorld            - Game world initialized
06:01:33.074 [ForkJoinPool.commonPool-worker-3] DEBUG PhysicsWorld         - Physics world initialized: appHeight=700, physics.ppm=50.0
06:01:33.084 [ForkJoinPool.commonPool-worker-3] DEBUG Input                - Registered new binding: Pause - Esc
06:01:33.107 [JavaFX Application Thread] DEBUG FXGL                 - Running preInit()
06:01:33.108 [JavaFX Application Thread] DEBUG Input                - Registered new binding: Screenshot - P
06:01:33.108 [JavaFX Application Thread] DEBUG Input                - Registered new binding: Dev Options - CTRL+0
06:01:33.108 [JavaFX Application Thread] DEBUG Input                - Registered new binding: System info dump - CTRL+9
06:01:33.108 [JavaFX Application Thread] DEBUG Input                - Registered new binding: Restart - CTRL+R
06:01:33.108 [JavaFX Application Thread] DEBUG Input                - Registered new binding: left - Left
06:01:33.108 [JavaFX Application Thread] DEBUG Input                - Registered new binding: right - Right
06:01:33.108 [JavaFX Application Thread] DEBUG Input                - Registered new binding: leftA - A
06:01:33.109 [JavaFX Application Thread] DEBUG Input                - Registered new binding: rightD - D
06:01:33.109 [JavaFX Application Thread] DEBUG Input                - Registered new binding: jump - Space
06:01:33.109 [JavaFX Application Thread] DEBUG Input                - Registered new binding: jumpW - W
06:01:33.109 [JavaFX Application Thread] DEBUG Input                - Registered new binding: jumpUp - Up
06:01:33.109 [JavaFX Application Thread] DEBUG Input                - Registered new binding: powerUp - O
06:01:33.109 [JavaFX Application Thread] INFO  FXGL                 - FXGL initialization took: 0.492 sec
06:01:33.109 [JavaFX Application Thread] DEBUG LoopRunner           - Starting loop
06:01:33.111 [JavaFX Application Thread] DEBUG StartupState         - STARTUP
06:01:33.111 [JavaFX Application Thread] DEBUG GameApplication      - Starting new game
06:01:33.111 [JavaFX Application Thread] DEBUG Input                - Clearing active input actions
06:01:33.112 [JavaFX Application Thread] DEBUG AssetLoader          - Loading from disk: /assets/ui/css/fxgl_dark.css
06:01:33.117 [JavaFX Application Thread] DEBUG AppStateMachine      - StartupState -> LoadingState
06:01:33.121 [FXGL Background Thread 1 ] DEBUG InitAppTask          - Clearing previous game
06:01:33.122 [FXGL Background Thread 1 ] DEBUG GameWorld            - Clearing game world
06:01:33.122 [FXGL Background Thread 1 ] DEBUG PhysicsWorld         - Clearing physics world
06:01:33.122 [FXGL Background Thread 1 ] DEBUG GameScene            - Clearing game scene
06:01:33.123 [FXGL Background Thread 1 ] DEBUG InitAppTask          - Initializing Game
06:01:33.138 [FXGL Background Thread 1 ] DEBUG AssetLoader          - Loading from disk: /assets/json/MarioLevel-1.json
06:01:33.373 [FXGL Background Thread 1 ] DEBUG GameWorld            - Clearing removable entities
06:01:33.373 [FXGL Background Thread 1 ] DEBUG GameWorld            - Setting level from map
06:01:33.392 [FXGL Background Thread 1 ] DEBUG AssetLoader          - Loading from disk: /assets/textures/tiles_spritesheet.png
06:01:33.418 [FXGL Background Thread 1 ] DEBUG AssetLoader          - Loading from cache: /assets/textures/tiles_spritesheet.png
06:01:33.418 [FXGL Background Thread 1 ] DEBUG AssetLoader          - Loading from cache: /assets/textures/tiles_spritesheet.png
06:01:33.418 [FXGL Background Thread 1 ] DEBUG AssetLoader          - Loading from cache: /assets/textures/tiles_spritesheet.png
06:01:33.418 [FXGL Background Thread 1 ] DEBUG AssetLoader          - Loading from cache: /assets/textures/tiles_spritesheet.png
06:01:33.419 [FXGL Background Thread 1 ] DEBUG AssetLoader          - Loading from cache: /assets/textures/tiles_spritesheet.png
06:01:33.419 [FXGL Background Thread 1 ] DEBUG AssetLoader          - Loading from cache: /assets/textures/tiles_spritesheet.png
06:01:33.419 [FXGL Background Thread 1 ] DEBUG AssetLoader          - Loading from cache: /assets/textures/tiles_spritesheet.png
06:01:33.419 [FXGL Background Thread 1 ] DEBUG AssetLoader          - Loading from cache: /assets/textures/tiles_spritesheet.png
06:01:33.419 [FXGL Background Thread 1 ] DEBUG AssetLoader          - Loading from cache: /assets/textures/tiles_spritesheet.png
06:01:33.419 [FXGL Background Thread 1 ] DEBUG AssetLoader          - Loading from cache: /assets/textures/tiles_spritesheet.png
06:01:33.419 [FXGL Background Thread 1 ] DEBUG AssetLoader          - Loading from cache: /assets/textures/tiles_spritesheet.png
06:01:33.419 [FXGL Background Thread 1 ] DEBUG AssetLoader          - Loading from cache: /assets/textures/tiles_spritesheet.png
06:01:33.419 [FXGL Background Thread 1 ] DEBUG AssetLoader          - Loading from cache: /assets/textures/tiles_spritesheet.png
06:01:33.419 [FXGL Background Thread 1 ] DEBUG AssetLoader          - Loading from cache: /assets/textures/tiles_spritesheet.png
06:01:33.420 [FXGL Background Thread 1 ] DEBUG AssetLoader          - Loading from cache: /assets/textures/tiles_spritesheet.png
06:01:33.420 [FXGL Background Thread 1 ] DEBUG AssetLoader          - Loading from cache: /assets/textures/tiles_spritesheet.png
06:01:33.420 [FXGL Background Thread 1 ] DEBUG AssetLoader          - Loading from cache: /assets/textures/tiles_spritesheet.png
06:01:33.420 [FXGL Background Thread 1 ] DEBUG AssetLoader          - Loading from cache: /assets/textures/tiles_spritesheet.png
06:01:33.420 [FXGL Background Thread 1 ] DEBUG AssetLoader          - Loading from cache: /assets/textures/tiles_spritesheet.png
06:01:33.420 [FXGL Background Thread 1 ] DEBUG AssetLoader          - Loading from cache: /assets/textures/tiles_spritesheet.png
06:01:33.420 [FXGL Background Thread 1 ] DEBUG AssetLoader          - Loading from cache: /assets/textures/tiles_spritesheet.png
06:01:33.421 [FXGL Background Thread 1 ] DEBUG GameScene            - Creating render group for layer: BACKGROUND(1000)
06:01:33.441 [FXGL Background Thread 1 ] DEBUG GameScene            - Creating render group for layer: DEFAULT(100000)
06:01:33.444 [FXGL Background Thread 1 ] DEBUG AssetLoader          - Loading from cache: /assets/textures/burger.png
06:01:33.445 [FXGL Background Thread 1 ] DEBUG AssetLoader          - Loading from cache: /assets/textures/burger.png
06:01:33.445 [FXGL Background Thread 1 ] DEBUG AssetLoader          - Loading from cache: /assets/textures/burger.png
06:01:33.446 [FXGL Background Thread 1 ] DEBUG AssetLoader          - Loading from cache: /assets/textures/burger.png
06:01:33.447 [FXGL Background Thread 1 ] DEBUG AssetLoader          - Loading from cache: /assets/textures/burger.png
06:01:33.448 [FXGL Background Thread 1 ] DEBUG AssetLoader          - Loading from disk: /assets/textures/trumpAfk.png
06:01:33.449 [FXGL Background Thread 1 ] FATAL AssetLoader          - Loading failed for asset: trumpAfk.png. Cause: Asset "/assets/textures/trumpAfk.png" was not found!
06:01:33.450 [JavaFX Application Thread] FATAL FXGL                 - Uncaught Exception:

Fatal exception occurred: java.lang.IllegalArgumentException : Failed to load asset: trumpAfk.png. Cause: Asset "/assets/textures/trumpAfk.png" was not found!
E: com.almasb.fxgl.asset.AssetLoader.loadFailed(AssetLoader.kt:737)
E: com.almasb.fxgl.asset.AssetLoader.loadTexture(AssetLoader.kt:200)
E: com.almasb.fxgl.entity.components.ViewComponent.setTexture(ViewComponent.java:169)
E: com.almasb.fxgl.entity.components.ViewComponent.setTexture(ViewComponent.java:159)
E: com.almasb.fxgl.entity.Entities$EntityBuilder.viewFromTexture(Entities.java:220)
E: com.dan.PlatformGame.marioFactory.newPlayer(marioFactory.java:68)
E: java.base/jdk.internal.reflect.NativeMethodAccessorImpl.invoke0(Native Method)
E: java.base/jdk.internal.reflect.NativeMethodAccessorImpl.invoke(NativeMethodAccessorImpl.java:62)
E: java.base/jdk.internal.reflect.DelegatingMethodAccessorImpl.invoke(DelegatingMethodAccessorImpl.java:43)
E: java.base/java.lang.reflect.Method.invoke(Method.java:566)
E: com.almasb.fxgl.core.reflect.ReflectionUtils.lambda$null$1(ReflectionUtils.java:79)
E: com.sun.proxy.$Proxy3.apply(Unknown Source)
E: com.almasb.fxgl.entity.GameWorld$create$2.invoke(GameWorld.kt:436)
E: com.almasb.fxgl.entity.GameWorld$create$2.invoke(GameWorld.kt:35)
E: com.almasb.fxgl.app.DSLKt.tryCatchRoot(DSL.kt:476)
E: com.almasb.fxgl.entity.GameWorld.create(GameWorld.kt:436)
E: com.almasb.fxgl.entity.GameWorld.spawn(GameWorld.kt:413)
E: com.almasb.fxgl.entity.GameWorld.spawn(GameWorld.kt:401)
E: com.dan.PlatformGame.PlatformApp.initGame(PlatformApp.java:130)
E: com.almasb.fxgl.app.GameApplication.internalInitGame(GameApplication.java:238)
E: com.almasb.fxgl.app.LoadingState$InitAppTask.initGame(AppStates.kt:168)
E: com.almasb.fxgl.app.LoadingState$InitAppTask.call(AppStates.kt:138)
E: com.almasb.fxgl.app.LoadingState$InitAppTask.call(AppStates.kt:127)
E: javafx.graphics/javafx.concurrent.Task$TaskCallable.call(Task.java:1425)
E: java.base/java.util.concurrent.FutureTask.run(FutureTask.java:264)
E: java.base/java.util.concurrent.Executors$RunnableAdapter.call(Executors.java:515)
E: java.base/java.util.concurrent.FutureTask.run(FutureTask.java:264)
E: java.base/java.util.concurrent.ThreadPoolExecutor.runWorker(ThreadPoolExecutor.java:1128)
E: java.base/java.util.concurrent.ThreadPoolExecutor$Worker.run(ThreadPoolExecutor.java:628)
E: java.base/java.lang.Thread.run(Thread.java:834)

06:01:33.450 [JavaFX Application Thread] FATAL FXGL                 - Application will now exit
06:01:33.450 [JavaFX Application Thread] DEBUG LoopRunner           - Stopping loop
06:01:58.437 [JavaFX Application Thread] DEBUG FXGL                 - Exiting FXGL
06:01:58.437 [JavaFX Application Thread] DEBUG FXGL                 - Shutting down background threads
06:01:58.437 [JavaFX Application Thread] DEBUG FXGL                 - Saving FXGL system data
06:01:58.439 [JavaFX Application Thread] DEBUG DesktopFSService     - Writing to: system\fxgl.bundle
06:01:58.441 [JavaFX Application Thread] DEBUG FXGL                 - Closing logger and exiting JavaFX
