23:44:20.802 [JavaFX Application Thread] DEBUG GameApplication      - Logger initialized
23:44:20.805 [JavaFX Application Thread] DEBUG GameApplication      - Logging settings
Title: Burger Mario
Version: 0.5
Width: 1050
Height: 700
Fullscreen: false
Intro: false
Menus: false
Profiling: false
Single step:false
App Mode: DEVELOPER
Menu Key: ESCAPE
Stage Style: DECORATED
Scene Factory: class com.almasb.fxgl.scene.SceneFactory
Dialog Factory: class com.almasb.fxgl.ui.FXGLDialogFactory
UI Factory: class com.almasb.fxgl.ui.FXGLUIFactory
Notification Service: class com.almasb.fxgl.gameplay.notification.XboxNotificationView
Exception Handler: class com.almasb.fxgl.app.FXGLExceptionHandler
23:44:20.805 [JavaFX Application Thread] DEBUG GameApplication      - Starting FXGL
23:44:20.817 [JavaFX Application Thread] INFO  FXGL                 - FXGL-0.5.4 on DESKTOP
23:44:20.817 [JavaFX Application Thread] INFO  FXGL                 - Source code and latest versions at: https://github.com/AlmasB/FXGL
23:44:20.817 [JavaFX Application Thread] INFO  FXGL                 -              Join the FXGL chat at: https://gitter.im/AlmasB/FXGL
23:44:20.817 [JavaFX Application Thread] DEBUG FXGL                 - FXGL started
23:44:20.817 [JavaFX Application Thread] DEBUG FXGL                 - Initializing FXGL
23:44:20.858 [JavaFX Application Thread] DEBUG AssetLoader          - Loading from disk: /assets/ui/cursors/fxgl_default.png
23:44:20.926 [JavaFX Application Thread] DEBUG AssetLoader          - Loading from disk: /assets/ui/fonts/VarelaRound-Regular.ttf
23:44:21.044 [JavaFX Application Thread] DEBUG MainWindow           - Creating a JavaFX scene
23:44:21.084 [JavaFX Application Thread] DEBUG MainWindow           - Target settings size: 1050.0 x 700.0
23:44:21.084 [JavaFX Application Thread] DEBUG MainWindow           - Scaled scene size:    1050.0 x 700.0
23:44:21.084 [JavaFX Application Thread] DEBUG MainWindow           - Scaled ratio: (1.0, 1.0)
23:44:21.087 [JavaFX Application Thread] DEBUG AssetLoader          - Loading from disk: /assets/ui/css/fxgl_dark.css
23:44:21.090 [JavaFX Application Thread] DEBUG AssetLoader          - Loading from disk: /assets/textures/fxgl_icon.png
23:44:21.103 [JavaFX Application Thread] DEBUG MainWindow           - Opening main window
23:44:21.327 [JavaFX Application Thread] DEBUG MainWindow           - Window border size: (6.0, 25.0)
23:44:21.327 [JavaFX Application Thread] DEBUG MainWindow           - Scaled size: 1050.0 x 700.0
23:44:21.327 [JavaFX Application Thread] DEBUG MainWindow           - Scaled ratio: (1.0, 1.0)
23:44:21.327 [JavaFX Application Thread] DEBUG MainWindow           - Scene size: 1050.0 x 700.0
23:44:21.327 [JavaFX Application Thread] DEBUG MainWindow           - Stage size: 1056.0 x 725.0
23:44:21.354 [ForkJoinPool.commonPool-worker-3] DEBUG FS                   - Loaded DesktopFSService
23:44:21.354 [ForkJoinPool.commonPool-worker-3] DEBUG FXGL                 - Loading FXGL system data
23:44:21.359 [ForkJoinPool.commonPool-worker-3] DEBUG DesktopFSService     - Reading from: system\fxgl.bundle
23:44:21.366 [ForkJoinPool.commonPool-worker-3] DEBUG Bundle               - Logging bundle: FXGL
23:44:21.366 [ForkJoinPool.commonPool-worker-3] DEBUG Bundle               - FXGL.offline.timer.version.check=2019-01-24T23:07:38.424640400
23:44:21.367 [ForkJoinPool.commonPool-worker-3] DEBUG FXGL                 - Initializing state machine and application states
23:44:21.369 [ForkJoinPool.commonPool-worker-3] DEBUG AssetLoader          - Loading from disk: /assets/ui/cursors/fxgl_default.png
23:44:21.373 [ForkJoinPool.commonPool-worker-3] DEBUG AssetLoader          - Loading from disk: /assets/ui/cursors/fxgl_default.png
23:44:21.379 [ForkJoinPool.commonPool-worker-3] DEBUG AssetLoader          - Loading from cache: /assets/ui/fonts/VarelaRound-Regular.ttf
23:44:21.381 [ForkJoinPool.commonPool-worker-3] DEBUG AssetLoader          - Loading from disk: /assets/ui/cursors/fxgl_default.png
23:44:21.383 [ForkJoinPool.commonPool-worker-3] DEBUG GameScene            - Game scene initialized: 1050x700
23:44:21.387 [ForkJoinPool.commonPool-worker-3] DEBUG GameWorld            - Game world initialized
23:44:21.431 [ForkJoinPool.commonPool-worker-3] DEBUG PhysicsWorld         - Physics world initialized: appHeight=700, physics.ppm=50.0
23:44:21.442 [ForkJoinPool.commonPool-worker-3] DEBUG Input                - Registered new binding: Pause - Esc
23:44:21.469 [JavaFX Application Thread] DEBUG FXGL                 - Running preInit()
23:44:21.470 [JavaFX Application Thread] DEBUG Input                - Registered new binding: Screenshot - P
23:44:21.471 [JavaFX Application Thread] DEBUG Input                - Registered new binding: Dev Options - CTRL+0
23:44:21.471 [JavaFX Application Thread] DEBUG Input                - Registered new binding: System info dump - CTRL+9
23:44:21.471 [JavaFX Application Thread] DEBUG Input                - Registered new binding: Restart - CTRL+R
23:44:21.471 [JavaFX Application Thread] DEBUG Input                - Registered new binding: left - Left
23:44:21.471 [JavaFX Application Thread] DEBUG Input                - Registered new binding: right - Right
23:44:21.471 [JavaFX Application Thread] DEBUG Input                - Registered new binding: leftA - A
23:44:21.471 [JavaFX Application Thread] DEBUG Input                - Registered new binding: rightD - D
23:44:21.472 [JavaFX Application Thread] DEBUG Input                - Registered new binding: jump - Space
23:44:21.472 [JavaFX Application Thread] DEBUG Input                - Registered new binding: jumpW - W
23:44:21.472 [JavaFX Application Thread] DEBUG Input                - Registered new binding: jumpUp - Up
23:44:21.472 [JavaFX Application Thread] DEBUG Input                - Registered new binding: powerUp - O
23:44:21.472 [JavaFX Application Thread] INFO  FXGL                 - FXGL initialization took: 0.655 sec
23:44:21.472 [JavaFX Application Thread] DEBUG LoopRunner           - Starting loop
23:44:21.474 [JavaFX Application Thread] DEBUG StartupState         - STARTUP
23:44:21.474 [JavaFX Application Thread] DEBUG GameApplication      - Starting new game
23:44:21.474 [JavaFX Application Thread] DEBUG Input                - Clearing active input actions
23:44:21.475 [JavaFX Application Thread] DEBUG AssetLoader          - Loading from disk: /assets/ui/css/fxgl_dark.css
23:44:21.481 [JavaFX Application Thread] DEBUG AppStateMachine      - StartupState -> LoadingState
23:44:21.484 [FXGL Background Thread 1 ] DEBUG InitAppTask          - Clearing previous game
23:44:21.484 [FXGL Background Thread 1 ] DEBUG GameWorld            - Clearing game world
23:44:21.485 [FXGL Background Thread 1 ] DEBUG PhysicsWorld         - Clearing physics world
23:44:21.485 [FXGL Background Thread 1 ] DEBUG GameScene            - Clearing game scene
23:44:21.485 [FXGL Background Thread 1 ] DEBUG InitAppTask          - Initializing Game
23:44:21.506 [FXGL Background Thread 1 ] DEBUG AssetLoader          - Loading from disk: /assets/json/MarioLevel-1.json
23:44:21.693 [FXGL Background Thread 1 ] DEBUG GameWorld            - Clearing removable entities
23:44:21.693 [FXGL Background Thread 1 ] DEBUG GameWorld            - Setting level from map
23:44:21.706 [FXGL Background Thread 1 ] DEBUG AssetLoader          - Loading from disk: /assets/textures/tiles_spritesheet.png
23:44:21.724 [FXGL Background Thread 1 ] DEBUG AssetLoader          - Loading from cache: /assets/textures/tiles_spritesheet.png
23:44:21.724 [FXGL Background Thread 1 ] DEBUG AssetLoader          - Loading from cache: /assets/textures/tiles_spritesheet.png
23:44:21.724 [FXGL Background Thread 1 ] DEBUG AssetLoader          - Loading from cache: /assets/textures/tiles_spritesheet.png
23:44:21.725 [FXGL Background Thread 1 ] DEBUG AssetLoader          - Loading from cache: /assets/textures/tiles_spritesheet.png
23:44:21.725 [FXGL Background Thread 1 ] DEBUG AssetLoader          - Loading from cache: /assets/textures/tiles_spritesheet.png
23:44:21.725 [FXGL Background Thread 1 ] DEBUG AssetLoader          - Loading from cache: /assets/textures/tiles_spritesheet.png
23:44:21.725 [FXGL Background Thread 1 ] DEBUG AssetLoader          - Loading from cache: /assets/textures/tiles_spritesheet.png
23:44:21.725 [FXGL Background Thread 1 ] DEBUG AssetLoader          - Loading from cache: /assets/textures/tiles_spritesheet.png
23:44:21.725 [FXGL Background Thread 1 ] DEBUG AssetLoader          - Loading from cache: /assets/textures/tiles_spritesheet.png
23:44:21.725 [FXGL Background Thread 1 ] DEBUG AssetLoader          - Loading from cache: /assets/textures/tiles_spritesheet.png
23:44:21.725 [FXGL Background Thread 1 ] DEBUG AssetLoader          - Loading from cache: /assets/textures/tiles_spritesheet.png
23:44:21.725 [FXGL Background Thread 1 ] DEBUG AssetLoader          - Loading from cache: /assets/textures/tiles_spritesheet.png
23:44:21.726 [FXGL Background Thread 1 ] DEBUG AssetLoader          - Loading from cache: /assets/textures/tiles_spritesheet.png
23:44:21.726 [FXGL Background Thread 1 ] DEBUG AssetLoader          - Loading from cache: /assets/textures/tiles_spritesheet.png
23:44:21.726 [FXGL Background Thread 1 ] DEBUG AssetLoader          - Loading from cache: /assets/textures/tiles_spritesheet.png
23:44:21.726 [FXGL Background Thread 1 ] DEBUG AssetLoader          - Loading from cache: /assets/textures/tiles_spritesheet.png
23:44:21.726 [FXGL Background Thread 1 ] DEBUG AssetLoader          - Loading from cache: /assets/textures/tiles_spritesheet.png
23:44:21.726 [FXGL Background Thread 1 ] DEBUG AssetLoader          - Loading from cache: /assets/textures/tiles_spritesheet.png
23:44:21.726 [FXGL Background Thread 1 ] DEBUG AssetLoader          - Loading from cache: /assets/textures/tiles_spritesheet.png
23:44:21.726 [FXGL Background Thread 1 ] DEBUG AssetLoader          - Loading from cache: /assets/textures/tiles_spritesheet.png
23:44:21.726 [FXGL Background Thread 1 ] DEBUG AssetLoader          - Loading from cache: /assets/textures/tiles_spritesheet.png
23:44:21.728 [FXGL Background Thread 1 ] DEBUG GameScene            - Creating render group for layer: BACKGROUND(1000)
23:44:21.751 [FXGL Background Thread 1 ] DEBUG GameScene            - Creating render group for layer: DEFAULT(100000)
23:44:21.754 [FXGL Background Thread 1 ] DEBUG AssetLoader          - Loading from disk: /assets/textures/burger.png
23:44:21.756 [FXGL Background Thread 1 ] DEBUG AssetLoader          - Loading from cache: /assets/textures/burger.png
23:44:21.757 [FXGL Background Thread 1 ] DEBUG AssetLoader          - Loading from cache: /assets/textures/burger.png
23:44:21.758 [FXGL Background Thread 1 ] DEBUG AssetLoader          - Loading from cache: /assets/textures/burger.png
23:44:21.759 [FXGL Background Thread 1 ] DEBUG AssetLoader          - Loading from cache: /assets/textures/burger.png
23:44:21.760 [FXGL Background Thread 1 ] DEBUG AssetLoader          - Loading from disk: /assets/textures/trumpAfk.png
23:44:21.762 [FXGL Background Thread 1 ] DEBUG AssetLoader          - Loading from disk: /assets/textures/TrumpAfk.png
23:44:21.764 [FXGL Background Thread 1 ] DEBUG AssetLoader          - Loading from disk: /assets/textures/trumpWalk.png
23:44:21.766 [FXGL Background Thread 1 ] DEBUG AssetLoader          - Loading from disk: /assets/textures/Thwomp.png
23:44:21.767 [FXGL Background Thread 1 ] DEBUG AssetLoader          - Loading from cache: /assets/textures/Thwomp.png
23:44:21.767 [FXGL Background Thread 1 ] DEBUG AssetLoader          - Loading from cache: /assets/textures/Thwomp.png
23:44:21.820 [FXGL Background Thread 1 ] DEBUG AudioPlayer          - Playing music com.almasb.fxgl.audio.Music@407c327
23:44:21.822 [FXGL Background Thread 1 ] DEBUG InitAppTask          - Initializing Physics
23:44:21.823 [FXGL Background Thread 1 ] DEBUG InitAppTask          - Initializing UI
23:44:21.823 [FXGL Background Thread 1 ] DEBUG AssetLoader          - Loading from disk: /assets/textures/BackgroundMario.png
23:44:21.836 [FXGL Background Thread 1 ] DEBUG InitAppTask          - Initialization Complete
23:44:21.837 [FXGL Background Thread 1 ] INFO  InitAppTask          - Game initialization took: 0.352 sec
23:44:21.842 [JavaFX Application Thread] DEBUG Input                - Clearing active input actions
23:44:21.842 [JavaFX Application Thread] DEBUG AssetLoader          - Loading from disk: /assets/ui/css/fxgl_dark.css
23:44:21.850 [JavaFX Application Thread] DEBUG AppStateMachine      - LoadingState -> PlayState
23:44:24.209 [JavaFX Application Thread] DEBUG FXGL                 - Exiting FXGL
23:44:24.209 [JavaFX Application Thread] DEBUG FXGL                 - Shutting down background threads
23:44:24.210 [JavaFX Application Thread] DEBUG FXGL                 - Saving FXGL system data
23:44:24.212 [JavaFX Application Thread] DEBUG DesktopFSService     - Writing to: system\fxgl.bundle
23:44:24.215 [JavaFX Application Thread] DEBUG FXGL                 - Closing logger and exiting JavaFX
