18:02:01.959 [JavaFX Application Thread] DEBUG GameApplication      - Logger initialized
18:02:01.962 [JavaFX Application Thread] DEBUG GameApplication      - Logging settings
Title: Burger Mario
Version: 0.5
Width: 1050
Height: 700
Fullscreen: false
Intro: false
Menus: false
Profiling: false
Single step:false
App Mode: DEVELOPER
Menu Key: ESCAPE
Stage Style: DECORATED
Scene Factory: class com.almasb.fxgl.scene.SceneFactory
Dialog Factory: class com.almasb.fxgl.ui.FXGLDialogFactory
UI Factory: class com.almasb.fxgl.ui.FXGLUIFactory
Notification Service: class com.almasb.fxgl.gameplay.notification.XboxNotificationView
Exception Handler: class com.almasb.fxgl.app.FXGLExceptionHandler
18:02:01.962 [JavaFX Application Thread] DEBUG GameApplication      - Starting FXGL
18:02:01.972 [JavaFX Application Thread] INFO  FXGL                 - FXGL-0.5.4 on DESKTOP
18:02:01.972 [JavaFX Application Thread] INFO  FXGL                 - Source code and latest versions at: https://github.com/AlmasB/FXGL
18:02:01.973 [JavaFX Application Thread] INFO  FXGL                 -              Join the FXGL chat at: https://gitter.im/AlmasB/FXGL
18:02:01.973 [JavaFX Application Thread] DEBUG FXGL                 - FXGL started
18:02:01.973 [JavaFX Application Thread] DEBUG FXGL                 - Initializing FXGL
18:02:02.011 [JavaFX Application Thread] DEBUG AssetLoader          - Loading from disk: /assets/ui/cursors/fxgl_default.png
18:02:02.081 [JavaFX Application Thread] DEBUG AssetLoader          - Loading from disk: /assets/ui/fonts/VarelaRound-Regular.ttf
18:02:02.279 [JavaFX Application Thread] DEBUG MainWindow           - Creating a JavaFX scene
18:02:02.319 [JavaFX Application Thread] DEBUG MainWindow           - Target settings size: 1050.0 x 700.0
18:02:02.319 [JavaFX Application Thread] DEBUG MainWindow           - Scaled scene size:    1050.0 x 700.0
18:02:02.319 [JavaFX Application Thread] DEBUG MainWindow           - Scaled ratio: (1.0, 1.0)
18:02:02.321 [JavaFX Application Thread] DEBUG AssetLoader          - Loading from disk: /assets/ui/css/fxgl_dark.css
18:02:02.324 [JavaFX Application Thread] DEBUG AssetLoader          - Loading from disk: /assets/textures/fxgl_icon.png
18:02:02.336 [JavaFX Application Thread] DEBUG MainWindow           - Opening main window
18:02:02.499 [JavaFX Application Thread] DEBUG MainWindow           - Window border size: (6.0, 25.0)
18:02:02.499 [JavaFX Application Thread] DEBUG MainWindow           - Scaled size: 1050.0 x 700.0
18:02:02.499 [JavaFX Application Thread] DEBUG MainWindow           - Scaled ratio: (1.0, 1.0)
18:02:02.500 [JavaFX Application Thread] DEBUG MainWindow           - Scene size: 1050.0 x 700.0
18:02:02.500 [JavaFX Application Thread] DEBUG MainWindow           - Stage size: 1056.0 x 725.0
18:02:02.524 [ForkJoinPool.commonPool-worker-3] DEBUG FS                   - Loaded DesktopFSService
18:02:02.524 [ForkJoinPool.commonPool-worker-3] DEBUG FXGL                 - Loading FXGL system data
18:02:02.528 [ForkJoinPool.commonPool-worker-3] DEBUG DesktopFSService     - Reading from: system\fxgl.bundle
18:02:02.534 [ForkJoinPool.commonPool-worker-3] DEBUG Bundle               - Logging bundle: FXGL
18:02:02.535 [ForkJoinPool.commonPool-worker-3] DEBUG Bundle               - FXGL.offline.timer.version.check=2019-01-24T23:07:38.424640400
18:02:02.535 [ForkJoinPool.commonPool-worker-3] DEBUG FXGL                 - Initializing state machine and application states
18:02:02.537 [ForkJoinPool.commonPool-worker-3] DEBUG AssetLoader          - Loading from disk: /assets/ui/cursors/fxgl_default.png
18:02:02.541 [ForkJoinPool.commonPool-worker-3] DEBUG AssetLoader          - Loading from disk: /assets/ui/cursors/fxgl_default.png
18:02:02.547 [ForkJoinPool.commonPool-worker-3] DEBUG AssetLoader          - Loading from cache: /assets/ui/fonts/VarelaRound-Regular.ttf
18:02:02.549 [ForkJoinPool.commonPool-worker-3] DEBUG AssetLoader          - Loading from disk: /assets/ui/cursors/fxgl_default.png
18:02:02.568 [ForkJoinPool.commonPool-worker-3] DEBUG GameScene            - Game scene initialized: 1050x700
18:02:02.572 [ForkJoinPool.commonPool-worker-3] DEBUG GameWorld            - Game world initialized
18:02:02.598 [ForkJoinPool.commonPool-worker-3] DEBUG PhysicsWorld         - Physics world initialized: appHeight=700, physics.ppm=50.0
18:02:02.609 [ForkJoinPool.commonPool-worker-3] DEBUG Input                - Registered new binding: Pause - Esc
18:02:02.638 [JavaFX Application Thread] DEBUG FXGL                 - Running preInit()
18:02:02.639 [JavaFX Application Thread] DEBUG Input                - Registered new binding: Screenshot - P
18:02:02.639 [JavaFX Application Thread] DEBUG Input                - Registered new binding: Dev Options - CTRL+0
18:02:02.639 [JavaFX Application Thread] DEBUG Input                - Registered new binding: System info dump - CTRL+9
18:02:02.639 [JavaFX Application Thread] DEBUG Input                - Registered new binding: Restart - CTRL+R
18:02:02.639 [JavaFX Application Thread] DEBUG Input                - Registered new binding: left - Left
18:02:02.640 [JavaFX Application Thread] DEBUG Input                - Registered new binding: right - Right
18:02:02.640 [JavaFX Application Thread] DEBUG Input                - Registered new binding: leftA - A
18:02:02.640 [JavaFX Application Thread] DEBUG Input                - Registered new binding: rightD - D
18:02:02.640 [JavaFX Application Thread] DEBUG Input                - Registered new binding: jump - Space
18:02:02.640 [JavaFX Application Thread] DEBUG Input                - Registered new binding: jumpW - W
18:02:02.640 [JavaFX Application Thread] DEBUG Input                - Registered new binding: jumpUp - Up
18:02:02.640 [JavaFX Application Thread] DEBUG Input                - Registered new binding: powerUp - O
18:02:02.641 [JavaFX Application Thread] INFO  FXGL                 - FXGL initialization took: 0.668 sec
18:02:02.641 [JavaFX Application Thread] DEBUG LoopRunner           - Starting loop
18:02:02.643 [JavaFX Application Thread] DEBUG StartupState         - STARTUP
18:02:02.643 [JavaFX Application Thread] DEBUG GameApplication      - Starting new game
18:02:02.643 [JavaFX Application Thread] DEBUG Input                - Clearing active input actions
18:02:02.644 [JavaFX Application Thread] DEBUG AssetLoader          - Loading from disk: /assets/ui/css/fxgl_dark.css
18:02:02.649 [JavaFX Application Thread] DEBUG AppStateMachine      - StartupState -> LoadingState
18:02:02.653 [FXGL Background Thread 1 ] DEBUG InitAppTask          - Clearing previous game
18:02:02.653 [FXGL Background Thread 1 ] DEBUG GameWorld            - Clearing game world
18:02:02.653 [FXGL Background Thread 1 ] DEBUG PhysicsWorld         - Clearing physics world
18:02:02.653 [FXGL Background Thread 1 ] DEBUG GameScene            - Clearing game scene
18:02:02.654 [FXGL Background Thread 1 ] DEBUG InitAppTask          - Initializing Game
18:02:02.670 [FXGL Background Thread 1 ] DEBUG AssetLoader          - Loading from disk: /assets/json/MarioLevel-1.json
18:02:02.838 [FXGL Background Thread 1 ] DEBUG GameWorld            - Clearing removable entities
18:02:02.838 [FXGL Background Thread 1 ] DEBUG GameWorld            - Setting level from map
18:02:02.851 [FXGL Background Thread 1 ] DEBUG AssetLoader          - Loading from disk: /assets/textures/tiles_spritesheet.png
18:02:02.867 [FXGL Background Thread 1 ] DEBUG AssetLoader          - Loading from cache: /assets/textures/tiles_spritesheet.png
18:02:02.867 [FXGL Background Thread 1 ] DEBUG AssetLoader          - Loading from cache: /assets/textures/tiles_spritesheet.png
18:02:02.867 [FXGL Background Thread 1 ] DEBUG AssetLoader          - Loading from cache: /assets/textures/tiles_spritesheet.png
18:02:02.867 [FXGL Background Thread 1 ] DEBUG AssetLoader          - Loading from cache: /assets/textures/tiles_spritesheet.png
18:02:02.867 [FXGL Background Thread 1 ] DEBUG AssetLoader          - Loading from cache: /assets/textures/tiles_spritesheet.png
18:02:02.867 [FXGL Background Thread 1 ] DEBUG AssetLoader          - Loading from cache: /assets/textures/tiles_spritesheet.png
18:02:02.867 [FXGL Background Thread 1 ] DEBUG AssetLoader          - Loading from cache: /assets/textures/tiles_spritesheet.png
18:02:02.867 [FXGL Background Thread 1 ] DEBUG AssetLoader          - Loading from cache: /assets/textures/tiles_spritesheet.png
18:02:02.867 [FXGL Background Thread 1 ] DEBUG AssetLoader          - Loading from cache: /assets/textures/tiles_spritesheet.png
18:02:02.867 [FXGL Background Thread 1 ] DEBUG AssetLoader          - Loading from cache: /assets/textures/tiles_spritesheet.png
18:02:02.868 [FXGL Background Thread 1 ] DEBUG AssetLoader          - Loading from cache: /assets/textures/tiles_spritesheet.png
18:02:02.868 [FXGL Background Thread 1 ] DEBUG AssetLoader          - Loading from cache: /assets/textures/tiles_spritesheet.png
18:02:02.868 [FXGL Background Thread 1 ] DEBUG AssetLoader          - Loading from cache: /assets/textures/tiles_spritesheet.png
18:02:02.868 [FXGL Background Thread 1 ] DEBUG AssetLoader          - Loading from cache: /assets/textures/tiles_spritesheet.png
18:02:02.868 [FXGL Background Thread 1 ] DEBUG AssetLoader          - Loading from cache: /assets/textures/tiles_spritesheet.png
18:02:02.868 [FXGL Background Thread 1 ] DEBUG AssetLoader          - Loading from cache: /assets/textures/tiles_spritesheet.png
18:02:02.868 [FXGL Background Thread 1 ] DEBUG AssetLoader          - Loading from cache: /assets/textures/tiles_spritesheet.png
18:02:02.868 [FXGL Background Thread 1 ] DEBUG AssetLoader          - Loading from cache: /assets/textures/tiles_spritesheet.png
18:02:02.868 [FXGL Background Thread 1 ] DEBUG AssetLoader          - Loading from cache: /assets/textures/tiles_spritesheet.png
18:02:02.868 [FXGL Background Thread 1 ] DEBUG AssetLoader          - Loading from cache: /assets/textures/tiles_spritesheet.png
18:02:02.868 [FXGL Background Thread 1 ] DEBUG AssetLoader          - Loading from cache: /assets/textures/tiles_spritesheet.png
18:02:02.870 [FXGL Background Thread 1 ] DEBUG GameScene            - Creating render group for layer: BACKGROUND(1000)
18:02:02.891 [FXGL Background Thread 1 ] DEBUG GameScene            - Creating render group for layer: DEFAULT(100000)
18:02:02.893 [FXGL Background Thread 1 ] DEBUG AssetLoader          - Loading from disk: /assets/textures/burger.png
18:02:02.896 [FXGL Background Thread 1 ] DEBUG AssetLoader          - Loading from cache: /assets/textures/burger.png
18:02:02.896 [FXGL Background Thread 1 ] DEBUG AssetLoader          - Loading from cache: /assets/textures/burger.png
18:02:02.897 [FXGL Background Thread 1 ] DEBUG AssetLoader          - Loading from cache: /assets/textures/burger.png
18:02:02.898 [FXGL Background Thread 1 ] DEBUG AssetLoader          - Loading from cache: /assets/textures/burger.png
18:02:02.899 [FXGL Background Thread 1 ] DEBUG AssetLoader          - Loading from disk: /assets/textures/trumpAfk.png
18:02:02.901 [FXGL Background Thread 1 ] DEBUG AssetLoader          - Loading from disk: /assets/textures/TrumpAfk.png
18:02:02.902 [FXGL Background Thread 1 ] DEBUG AssetLoader          - Loading from disk: /assets/textures/trumpWalk.png
18:02:02.904 [FXGL Background Thread 1 ] DEBUG AssetLoader          - Loading from disk: /assets/textures/Thwomp.png
18:02:02.906 [FXGL Background Thread 1 ] DEBUG AssetLoader          - Loading from cache: /assets/textures/Thwomp.png
18:02:02.906 [FXGL Background Thread 1 ] DEBUG AssetLoader          - Loading from cache: /assets/textures/Thwomp.png
18:02:02.956 [FXGL Background Thread 1 ] DEBUG AudioPlayer          - Playing music com.almasb.fxgl.audio.Music@622d1485
18:02:02.958 [FXGL Background Thread 1 ] DEBUG InitAppTask          - Initializing Physics
18:02:02.958 [FXGL Background Thread 1 ] DEBUG InitAppTask          - Initializing UI
18:02:02.959 [FXGL Background Thread 1 ] DEBUG AssetLoader          - Loading from disk: /assets/textures/BackgroundMario.png
18:02:02.971 [FXGL Background Thread 1 ] DEBUG InitAppTask          - Initialization Complete
18:02:02.971 [FXGL Background Thread 1 ] INFO  InitAppTask          - Game initialization took: 0.318 sec
18:02:02.979 [JavaFX Application Thread] DEBUG Input                - Clearing active input actions
18:02:02.979 [JavaFX Application Thread] DEBUG AssetLoader          - Loading from disk: /assets/ui/css/fxgl_dark.css
18:02:02.989 [JavaFX Application Thread] DEBUG AppStateMachine      - LoadingState -> PlayState
18:02:06.259 [JavaFX Application Thread] DEBUG AssetLoader          - Loading from cache: /assets/textures/Thwomp.png
18:02:06.259 [JavaFX Application Thread] DEBUG AssetLoader          - Loading from cache: /assets/textures/Thwomp.png
18:02:06.260 [JavaFX Application Thread] DEBUG AssetLoader          - Loading from cache: /assets/textures/Thwomp.png
18:02:06.260 [JavaFX Application Thread] DEBUG AssetLoader          - Loading from cache: /assets/textures/trumpAfk.png
18:02:06.261 [JavaFX Application Thread] DEBUG AssetLoader          - Loading from cache: /assets/textures/TrumpAfk.png
18:02:06.261 [JavaFX Application Thread] DEBUG AssetLoader          - Loading from cache: /assets/textures/trumpWalk.png
18:02:08.179 [JavaFX Application Thread] DEBUG AssetLoader          - Loading from cache: /assets/sounds/roblox-death-sound-effect-opNTQCf4R.mp3
18:02:08.819 [JavaFX Application Thread] DEBUG AssetLoader          - Loading from cache: /assets/sounds/roblox-death-sound-effect-opNTQCf4R.mp3
18:02:09.811 [JavaFX Application Thread] DEBUG AssetLoader          - Loading from cache: /assets/ui/fonts/VarelaRound-Regular.ttf
18:02:09.815 [JavaFX Application Thread] DEBUG AssetLoader          - Loading from cache: /assets/ui/fonts/VarelaRound-Regular.ttf
18:02:09.816 [JavaFX Application Thread] DEBUG AssetLoader          - Loading from disk: /assets/properties/languages/english.properties
18:02:09.818 [JavaFX Application Thread] DEBUG AssetLoader          - Loading from cache: /assets/ui/fonts/VarelaRound-Regular.ttf
18:02:09.818 [JavaFX Application Thread] DEBUG AppStateMachine      - Push state: DialogSubState
18:02:09.818 [JavaFX Application Thread] DEBUG Input                - Clearing active input actions
18:02:09.819 [JavaFX Application Thread] DEBUG AppStateMachine      - PlayState -> DialogSubState
18:02:11.633 [JavaFX Application Thread] DEBUG AppStateMachine      - Pop state: DialogSubState
18:02:11.633 [JavaFX Application Thread] DEBUG Input                - Clearing active input actions
18:02:11.633 [JavaFX Application Thread] DEBUG AppStateMachine      - PlayState <- DialogSubState
18:02:12.627 [JavaFX Application Thread] DEBUG AssetLoader          - Loading from cache: /assets/ui/fonts/VarelaRound-Regular.ttf
18:02:12.627 [JavaFX Application Thread] DEBUG AssetLoader          - Loading from cache: /assets/ui/fonts/VarelaRound-Regular.ttf
18:02:12.627 [JavaFX Application Thread] DEBUG AssetLoader          - Loading from cache: /assets/properties/languages/english.properties
18:02:12.627 [JavaFX Application Thread] DEBUG AssetLoader          - Loading from cache: /assets/ui/fonts/VarelaRound-Regular.ttf
18:02:12.628 [JavaFX Application Thread] DEBUG AppStateMachine      - Push state: DialogSubState
18:02:12.628 [JavaFX Application Thread] DEBUG Input                - Clearing active input actions
18:02:12.628 [JavaFX Application Thread] DEBUG AppStateMachine      - PlayState -> DialogSubState
18:02:12.906 [JavaFX Application Thread] DEBUG AssetLoader          - Loading from cache: /assets/sounds/menu/select.wav
18:02:13.440 [JavaFX Application Thread] DEBUG AppStateMachine      - Pop state: DialogSubState
18:02:13.440 [JavaFX Application Thread] DEBUG Input                - Clearing active input actions
18:02:13.441 [JavaFX Application Thread] DEBUG AppStateMachine      - PlayState <- DialogSubState
18:02:14.771 [JavaFX Application Thread] DEBUG AssetLoader          - Loading from cache: /assets/sounds/roblox-death-sound-effect-opNTQCf4R.mp3
18:02:19.427 [JavaFX Application Thread] DEBUG AssetLoader          - Loading from cache: /assets/sounds/roblox-death-sound-effect-opNTQCf4R.mp3
18:02:22.950 [JavaFX Application Thread] DEBUG AssetLoader          - Loading from cache: /assets/ui/fonts/VarelaRound-Regular.ttf
18:02:22.951 [JavaFX Application Thread] DEBUG AssetLoader          - Loading from cache: /assets/ui/fonts/VarelaRound-Regular.ttf
18:02:22.951 [JavaFX Application Thread] DEBUG AssetLoader          - Loading from cache: /assets/properties/languages/english.properties
18:02:22.951 [JavaFX Application Thread] DEBUG AssetLoader          - Loading from cache: /assets/ui/fonts/VarelaRound-Regular.ttf
18:02:22.951 [JavaFX Application Thread] DEBUG AppStateMachine      - Push state: DialogSubState
18:02:22.951 [JavaFX Application Thread] DEBUG Input                - Clearing active input actions
18:02:22.951 [JavaFX Application Thread] DEBUG AppStateMachine      - PlayState -> DialogSubState
18:02:22.953 [JavaFX Application Thread] DEBUG AssetLoader          - Loading from cache: /assets/ui/fonts/VarelaRound-Regular.ttf
18:02:22.953 [JavaFX Application Thread] DEBUG AssetLoader          - Loading from cache: /assets/ui/fonts/VarelaRound-Regular.ttf
18:02:22.953 [JavaFX Application Thread] DEBUG AssetLoader          - Loading from cache: /assets/properties/languages/english.properties
18:02:22.954 [JavaFX Application Thread] DEBUG AssetLoader          - Loading from cache: /assets/ui/fonts/VarelaRound-Regular.ttf
18:02:22.954 [JavaFX Application Thread] DEBUG AssetLoader          - Loading from disk: /assets/json/MarioLevel-2.json
18:02:22.957 [JavaFX Application Thread] DEBUG GameWorld            - Clearing removable entities
18:02:22.958 [JavaFX Application Thread] DEBUG GameWorld            - Setting level from map
18:02:22.959 [JavaFX Application Thread] DEBUG AssetLoader          - Loading from cache: /assets/textures/tiles_spritesheet.png
18:02:22.960 [JavaFX Application Thread] DEBUG AssetLoader          - Loading from cache: /assets/textures/tiles_spritesheet.png
18:02:22.960 [JavaFX Application Thread] DEBUG AssetLoader          - Loading from cache: /assets/textures/tiles_spritesheet.png
18:02:22.960 [JavaFX Application Thread] DEBUG AssetLoader          - Loading from cache: /assets/textures/tiles_spritesheet.png
18:02:22.960 [JavaFX Application Thread] DEBUG AssetLoader          - Loading from cache: /assets/textures/tiles_spritesheet.png
18:02:22.960 [JavaFX Application Thread] DEBUG AssetLoader          - Loading from cache: /assets/textures/tiles_spritesheet.png
18:02:22.960 [JavaFX Application Thread] DEBUG AssetLoader          - Loading from cache: /assets/textures/tiles_spritesheet.png
18:02:22.960 [JavaFX Application Thread] DEBUG AssetLoader          - Loading from cache: /assets/textures/tiles_spritesheet.png
18:02:22.960 [JavaFX Application Thread] DEBUG AssetLoader          - Loading from cache: /assets/textures/tiles_spritesheet.png
18:02:22.960 [JavaFX Application Thread] DEBUG AssetLoader          - Loading from cache: /assets/textures/tiles_spritesheet.png
18:02:22.960 [JavaFX Application Thread] DEBUG AssetLoader          - Loading from cache: /assets/textures/tiles_spritesheet.png
18:02:22.960 [JavaFX Application Thread] DEBUG AssetLoader          - Loading from cache: /assets/textures/tiles_spritesheet.png
18:02:22.960 [JavaFX Application Thread] DEBUG AssetLoader          - Loading from cache: /assets/textures/tiles_spritesheet.png
18:02:22.960 [JavaFX Application Thread] DEBUG AssetLoader          - Loading from cache: /assets/textures/tiles_spritesheet.png
18:02:22.960 [JavaFX Application Thread] DEBUG AssetLoader          - Loading from cache: /assets/textures/tiles_spritesheet.png
18:02:22.961 [JavaFX Application Thread] DEBUG AssetLoader          - Loading from cache: /assets/textures/tiles_spritesheet.png
18:02:22.961 [JavaFX Application Thread] DEBUG AssetLoader          - Loading from cache: /assets/textures/tiles_spritesheet.png
18:02:22.961 [JavaFX Application Thread] DEBUG AssetLoader          - Loading from cache: /assets/textures/tiles_spritesheet.png
18:02:22.961 [JavaFX Application Thread] DEBUG AssetLoader          - Loading from cache: /assets/textures/tiles_spritesheet.png
18:02:22.961 [JavaFX Application Thread] DEBUG AssetLoader          - Loading from cache: /assets/textures/tiles_spritesheet.png
18:02:22.961 [JavaFX Application Thread] DEBUG AssetLoader          - Loading from cache: /assets/textures/tiles_spritesheet.png
18:02:22.961 [JavaFX Application Thread] DEBUG AssetLoader          - Loading from cache: /assets/textures/tiles_spritesheet.png
18:02:22.961 [JavaFX Application Thread] DEBUG AssetLoader          - Loading from cache: /assets/textures/tiles_spritesheet.png
18:02:22.961 [JavaFX Application Thread] DEBUG AssetLoader          - Loading from cache: /assets/textures/tiles_spritesheet.png
18:02:22.961 [JavaFX Application Thread] DEBUG AssetLoader          - Loading from cache: /assets/textures/tiles_spritesheet.png
18:02:22.961 [JavaFX Application Thread] DEBUG AssetLoader          - Loading from cache: /assets/textures/tiles_spritesheet.png
18:02:22.961 [JavaFX Application Thread] DEBUG AssetLoader          - Loading from cache: /assets/textures/tiles_spritesheet.png
18:02:22.961 [JavaFX Application Thread] DEBUG AssetLoader          - Loading from cache: /assets/textures/tiles_spritesheet.png
18:02:22.962 [JavaFX Application Thread] DEBUG AssetLoader          - Loading from cache: /assets/textures/tiles_spritesheet.png
18:02:22.967 [JavaFX Application Thread] DEBUG AssetLoader          - Loading from cache: /assets/textures/burger.png
18:02:22.968 [JavaFX Application Thread] DEBUG AssetLoader          - Loading from cache: /assets/textures/burger.png
18:02:22.968 [JavaFX Application Thread] DEBUG AssetLoader          - Loading from cache: /assets/textures/burger.png
18:02:22.968 [JavaFX Application Thread] DEBUG AssetLoader          - Loading from cache: /assets/textures/burger.png
18:02:22.969 [JavaFX Application Thread] DEBUG AssetLoader          - Loading from cache: /assets/textures/burger.png
18:02:22.969 [JavaFX Application Thread] DEBUG AssetLoader          - Loading from cache: /assets/textures/trumpAfk.png
18:02:22.970 [JavaFX Application Thread] DEBUG AssetLoader          - Loading from cache: /assets/textures/TrumpAfk.png
18:02:22.970 [JavaFX Application Thread] DEBUG AssetLoader          - Loading from cache: /assets/textures/trumpWalk.png
18:02:22.971 [JavaFX Application Thread] DEBUG AssetLoader          - Loading from cache: /assets/textures/Thwomp.png
18:02:22.971 [JavaFX Application Thread] DEBUG AssetLoader          - Loading from cache: /assets/textures/Thwomp.png
18:02:22.971 [JavaFX Application Thread] DEBUG AssetLoader          - Loading from cache: /assets/textures/Thwomp.png
18:02:22.975 [JavaFX Application Thread] DEBUG AssetLoader          - Loading from cache: /assets/ui/fonts/VarelaRound-Regular.ttf
18:02:22.975 [JavaFX Application Thread] DEBUG AssetLoader          - Loading from cache: /assets/ui/fonts/VarelaRound-Regular.ttf
18:02:22.975 [JavaFX Application Thread] DEBUG AssetLoader          - Loading from cache: /assets/properties/languages/english.properties
18:02:22.975 [JavaFX Application Thread] DEBUG AssetLoader          - Loading from cache: /assets/ui/fonts/VarelaRound-Regular.ttf
18:02:22.975 [JavaFX Application Thread] DEBUG AssetLoader          - Loading from cache: /assets/ui/fonts/VarelaRound-Regular.ttf
18:02:22.976 [JavaFX Application Thread] DEBUG AssetLoader          - Loading from cache: /assets/ui/fonts/VarelaRound-Regular.ttf
18:02:22.976 [JavaFX Application Thread] DEBUG AssetLoader          - Loading from cache: /assets/properties/languages/english.properties
18:02:22.976 [JavaFX Application Thread] DEBUG AssetLoader          - Loading from cache: /assets/ui/fonts/VarelaRound-Regular.ttf
18:02:22.979 [JavaFX Application Thread] DEBUG AssetLoader          - Loading from cache: /assets/sounds/menu/select.wav
18:02:23.816 [JavaFX Application Thread] DEBUG AssetLoader          - Loading from cache: /assets/ui/fonts/VarelaRound-Regular.ttf
18:02:23.828 [JavaFX Application Thread] DEBUG AssetLoader          - Loading from cache: /assets/sounds/menu/select.wav
18:02:24.808 [JavaFX Application Thread] DEBUG AssetLoader          - Loading from cache: /assets/ui/fonts/VarelaRound-Regular.ttf
18:02:24.820 [JavaFX Application Thread] DEBUG AssetLoader          - Loading from cache: /assets/sounds/menu/select.wav
18:02:25.760 [JavaFX Application Thread] DEBUG AssetLoader          - Loading from cache: /assets/ui/fonts/VarelaRound-Regular.ttf
18:02:25.764 [JavaFX Application Thread] DEBUG AssetLoader          - Loading from cache: /assets/sounds/menu/select.wav
18:02:26.360 [JavaFX Application Thread] DEBUG AppStateMachine      - Pop state: DialogSubState
18:02:26.360 [JavaFX Application Thread] DEBUG Input                - Clearing active input actions
18:02:26.361 [JavaFX Application Thread] DEBUG AppStateMachine      - PlayState <- DialogSubState
18:02:30.851 [JavaFX Application Thread] DEBUG AssetLoader          - Loading from cache: /assets/sounds/roblox-death-sound-effect-opNTQCf4R.mp3
18:02:32.995 [JavaFX Application Thread] DEBUG AssetLoader          - Loading from cache: /assets/sounds/roblox-death-sound-effect-opNTQCf4R.mp3
18:02:34.051 [JavaFX Application Thread] DEBUG AssetLoader          - Loading from cache: /assets/sounds/roblox-death-sound-effect-opNTQCf4R.mp3
18:02:35.459 [JavaFX Application Thread] DEBUG AssetLoader          - Loading from cache: /assets/sounds/roblox-death-sound-effect-opNTQCf4R.mp3
18:02:35.875 [JavaFX Application Thread] DEBUG AssetLoader          - Loading from cache: /assets/ui/fonts/VarelaRound-Regular.ttf
18:02:35.875 [JavaFX Application Thread] DEBUG AssetLoader          - Loading from cache: /assets/ui/fonts/VarelaRound-Regular.ttf
18:02:35.875 [JavaFX Application Thread] DEBUG AssetLoader          - Loading from cache: /assets/properties/languages/english.properties
18:02:35.875 [JavaFX Application Thread] DEBUG AssetLoader          - Loading from cache: /assets/ui/fonts/VarelaRound-Regular.ttf
18:02:35.875 [JavaFX Application Thread] DEBUG AppStateMachine      - Push state: DialogSubState
18:02:35.875 [JavaFX Application Thread] DEBUG Input                - Clearing active input actions
18:02:35.875 [JavaFX Application Thread] DEBUG AppStateMachine      - PlayState -> DialogSubState
18:02:35.887 [JavaFX Application Thread] DEBUG AssetLoader          - Loading from cache: /assets/sounds/menu/select.wav
18:02:36.896 [JavaFX Application Thread] DEBUG AppStateMachine      - Pop state: DialogSubState
18:02:36.896 [JavaFX Application Thread] DEBUG Input                - Clearing active input actions
18:02:36.897 [JavaFX Application Thread] DEBUG AppStateMachine      - PlayState <- DialogSubState
18:02:37.987 [JavaFX Application Thread] DEBUG AssetLoader          - Loading from cache: /assets/textures/trumpAfk.png
18:02:37.987 [JavaFX Application Thread] DEBUG AssetLoader          - Loading from cache: /assets/textures/TrumpAfk.png
18:02:37.987 [JavaFX Application Thread] DEBUG AssetLoader          - Loading from cache: /assets/textures/trumpWalk.png
18:02:37.988 [JavaFX Application Thread] DEBUG AssetLoader          - Loading from cache: /assets/textures/Thwomp.png
18:02:37.988 [JavaFX Application Thread] DEBUG AssetLoader          - Loading from cache: /assets/textures/Thwomp.png
18:02:37.988 [JavaFX Application Thread] DEBUG AssetLoader          - Loading from cache: /assets/textures/Thwomp.png
18:02:42.835 [JavaFX Application Thread] DEBUG AssetLoader          - Loading from cache: /assets/sounds/roblox-death-sound-effect-opNTQCf4R.mp3
18:02:50.371 [JavaFX Application Thread] DEBUG AssetLoader          - Loading from cache: /assets/ui/fonts/VarelaRound-Regular.ttf
18:02:50.371 [JavaFX Application Thread] DEBUG AssetLoader          - Loading from cache: /assets/ui/fonts/VarelaRound-Regular.ttf
18:02:50.371 [JavaFX Application Thread] DEBUG AssetLoader          - Loading from cache: /assets/properties/languages/english.properties
18:02:50.371 [JavaFX Application Thread] DEBUG AssetLoader          - Loading from cache: /assets/ui/fonts/VarelaRound-Regular.ttf
18:02:50.371 [JavaFX Application Thread] DEBUG AppStateMachine      - Push state: DialogSubState
18:02:50.371 [JavaFX Application Thread] DEBUG Input                - Clearing active input actions
18:02:50.372 [JavaFX Application Thread] DEBUG AppStateMachine      - PlayState -> DialogSubState
18:02:50.372 [JavaFX Application Thread] DEBUG AssetLoader          - Loading from cache: /assets/ui/fonts/VarelaRound-Regular.ttf
18:02:50.372 [JavaFX Application Thread] DEBUG AssetLoader          - Loading from cache: /assets/ui/fonts/VarelaRound-Regular.ttf
18:02:50.372 [JavaFX Application Thread] DEBUG AssetLoader          - Loading from cache: /assets/properties/languages/english.properties
18:02:50.372 [JavaFX Application Thread] DEBUG AssetLoader          - Loading from cache: /assets/ui/fonts/VarelaRound-Regular.ttf
18:02:50.373 [JavaFX Application Thread] DEBUG AssetLoader          - Loading from disk: /assets/json/MarioLevel-3.json
18:02:50.375 [JavaFX Application Thread] DEBUG GameWorld            - Clearing removable entities
18:02:50.376 [JavaFX Application Thread] DEBUG GameWorld            - Setting level from map
18:02:50.377 [JavaFX Application Thread] DEBUG AssetLoader          - Loading from cache: /assets/textures/tiles_spritesheet.png
18:02:50.377 [JavaFX Application Thread] DEBUG AssetLoader          - Loading from cache: /assets/textures/tiles_spritesheet.png
18:02:50.377 [JavaFX Application Thread] DEBUG AssetLoader          - Loading from cache: /assets/textures/tiles_spritesheet.png
18:02:50.377 [JavaFX Application Thread] DEBUG AssetLoader          - Loading from cache: /assets/textures/tiles_spritesheet.png
18:02:50.377 [JavaFX Application Thread] DEBUG AssetLoader          - Loading from cache: /assets/textures/tiles_spritesheet.png
18:02:50.377 [JavaFX Application Thread] DEBUG AssetLoader          - Loading from cache: /assets/textures/tiles_spritesheet.png
18:02:50.377 [JavaFX Application Thread] DEBUG AssetLoader          - Loading from cache: /assets/textures/tiles_spritesheet.png
18:02:50.377 [JavaFX Application Thread] DEBUG AssetLoader          - Loading from cache: /assets/textures/tiles_spritesheet.png
18:02:50.377 [JavaFX Application Thread] DEBUG AssetLoader          - Loading from cache: /assets/textures/tiles_spritesheet.png
18:02:50.377 [JavaFX Application Thread] DEBUG AssetLoader          - Loading from cache: /assets/textures/tiles_spritesheet.png
18:02:50.377 [JavaFX Application Thread] DEBUG AssetLoader          - Loading from cache: /assets/textures/tiles_spritesheet.png
18:02:50.377 [JavaFX Application Thread] DEBUG AssetLoader          - Loading from cache: /assets/textures/tiles_spritesheet.png
18:02:50.377 [JavaFX Application Thread] DEBUG AssetLoader          - Loading from cache: /assets/textures/tiles_spritesheet.png
18:02:50.377 [JavaFX Application Thread] DEBUG AssetLoader          - Loading from cache: /assets/textures/tiles_spritesheet.png
18:02:50.377 [JavaFX Application Thread] DEBUG AssetLoader          - Loading from cache: /assets/textures/tiles_spritesheet.png
18:02:50.377 [JavaFX Application Thread] DEBUG AssetLoader          - Loading from cache: /assets/textures/tiles_spritesheet.png
18:02:50.378 [JavaFX Application Thread] DEBUG AssetLoader          - Loading from cache: /assets/textures/tiles_spritesheet.png
18:02:50.378 [JavaFX Application Thread] DEBUG AssetLoader          - Loading from cache: /assets/textures/tiles_spritesheet.png
18:02:50.378 [JavaFX Application Thread] DEBUG AssetLoader          - Loading from cache: /assets/textures/tiles_spritesheet.png
18:02:50.378 [JavaFX Application Thread] DEBUG AssetLoader          - Loading from cache: /assets/textures/tiles_spritesheet.png
18:02:50.378 [JavaFX Application Thread] DEBUG AssetLoader          - Loading from cache: /assets/textures/tiles_spritesheet.png
18:02:50.378 [JavaFX Application Thread] DEBUG AssetLoader          - Loading from cache: /assets/textures/tiles_spritesheet.png
18:02:50.378 [JavaFX Application Thread] DEBUG AssetLoader          - Loading from cache: /assets/textures/tiles_spritesheet.png
18:02:50.378 [JavaFX Application Thread] DEBUG AssetLoader          - Loading from cache: /assets/textures/tiles_spritesheet.png
18:02:50.378 [JavaFX Application Thread] DEBUG AssetLoader          - Loading from cache: /assets/textures/tiles_spritesheet.png
18:02:50.378 [JavaFX Application Thread] DEBUG AssetLoader          - Loading from cache: /assets/textures/tiles_spritesheet.png
18:02:50.378 [JavaFX Application Thread] DEBUG AssetLoader          - Loading from cache: /assets/textures/tiles_spritesheet.png
18:02:50.378 [JavaFX Application Thread] DEBUG AssetLoader          - Loading from cache: /assets/textures/tiles_spritesheet.png
18:02:50.378 [JavaFX Application Thread] DEBUG AssetLoader          - Loading from cache: /assets/textures/tiles_spritesheet.png
18:02:50.378 [JavaFX Application Thread] DEBUG AssetLoader          - Loading from cache: /assets/textures/tiles_spritesheet.png
18:02:50.378 [JavaFX Application Thread] DEBUG AssetLoader          - Loading from cache: /assets/textures/tiles_spritesheet.png
18:02:50.378 [JavaFX Application Thread] DEBUG AssetLoader          - Loading from cache: /assets/textures/tiles_spritesheet.png
18:02:50.378 [JavaFX Application Thread] DEBUG AssetLoader          - Loading from cache: /assets/textures/tiles_spritesheet.png
18:02:50.379 [JavaFX Application Thread] DEBUG AssetLoader          - Loading from cache: /assets/textures/tiles_spritesheet.png
18:02:50.379 [JavaFX Application Thread] DEBUG AssetLoader          - Loading from cache: /assets/textures/tiles_spritesheet.png
18:02:50.379 [JavaFX Application Thread] DEBUG AssetLoader          - Loading from cache: /assets/textures/tiles_spritesheet.png
18:02:50.379 [JavaFX Application Thread] DEBUG AssetLoader          - Loading from cache: /assets/textures/tiles_spritesheet.png
18:02:50.379 [JavaFX Application Thread] DEBUG AssetLoader          - Loading from cache: /assets/textures/tiles_spritesheet.png
18:02:50.379 [JavaFX Application Thread] DEBUG AssetLoader          - Loading from cache: /assets/textures/tiles_spritesheet.png
18:02:50.379 [JavaFX Application Thread] DEBUG AssetLoader          - Loading from cache: /assets/textures/tiles_spritesheet.png
18:02:50.379 [JavaFX Application Thread] DEBUG AssetLoader          - Loading from cache: /assets/textures/tiles_spritesheet.png
18:02:50.379 [JavaFX Application Thread] DEBUG AssetLoader          - Loading from cache: /assets/textures/tiles_spritesheet.png
18:02:50.386 [JavaFX Application Thread] DEBUG AssetLoader          - Loading from cache: /assets/textures/burger.png
18:02:50.386 [JavaFX Application Thread] DEBUG AssetLoader          - Loading from cache: /assets/textures/burger.png
18:02:50.386 [JavaFX Application Thread] DEBUG AssetLoader          - Loading from cache: /assets/textures/burger.png
18:02:50.387 [JavaFX Application Thread] DEBUG AssetLoader          - Loading from cache: /assets/textures/burger.png
18:02:50.387 [JavaFX Application Thread] DEBUG AssetLoader          - Loading from cache: /assets/textures/burger.png
18:02:50.387 [JavaFX Application Thread] DEBUG AssetLoader          - Loading from cache: /assets/textures/trumpAfk.png
18:02:50.388 [JavaFX Application Thread] DEBUG AssetLoader          - Loading from cache: /assets/textures/TrumpAfk.png
18:02:50.388 [JavaFX Application Thread] DEBUG AssetLoader          - Loading from cache: /assets/textures/trumpWalk.png
18:02:50.388 [JavaFX Application Thread] DEBUG AssetLoader          - Loading from cache: /assets/textures/Thwomp.png
18:02:50.388 [JavaFX Application Thread] DEBUG AssetLoader          - Loading from cache: /assets/textures/Thwomp.png
18:02:50.388 [JavaFX Application Thread] DEBUG AssetLoader          - Loading from cache: /assets/textures/Thwomp.png
18:02:50.389 [JavaFX Application Thread] DEBUG AssetLoader          - Loading from cache: /assets/sounds/Trolol sound.mp3
18:02:50.389 [JavaFX Application Thread] DEBUG AssetLoader          - Loading from cache: /assets/ui/fonts/VarelaRound-Regular.ttf
18:02:50.389 [JavaFX Application Thread] DEBUG AssetLoader          - Loading from cache: /assets/ui/fonts/VarelaRound-Regular.ttf
18:02:50.389 [JavaFX Application Thread] DEBUG AssetLoader          - Loading from cache: /assets/properties/languages/english.properties
18:02:50.389 [JavaFX Application Thread] DEBUG AssetLoader          - Loading from cache: /assets/ui/fonts/VarelaRound-Regular.ttf
18:02:50.390 [JavaFX Application Thread] DEBUG AssetLoader          - Loading from cache: /assets/ui/fonts/VarelaRound-Regular.ttf
18:02:50.390 [JavaFX Application Thread] DEBUG AssetLoader          - Loading from cache: /assets/ui/fonts/VarelaRound-Regular.ttf
18:02:50.390 [JavaFX Application Thread] DEBUG AssetLoader          - Loading from cache: /assets/properties/languages/english.properties
18:02:50.391 [JavaFX Application Thread] DEBUG AssetLoader          - Loading from cache: /assets/ui/fonts/VarelaRound-Regular.ttf
18:02:50.396 [JavaFX Application Thread] DEBUG AssetLoader          - Loading from cache: /assets/sounds/menu/select.wav
18:02:51.104 [JavaFX Application Thread] DEBUG AssetLoader          - Loading from cache: /assets/sounds/menu/select.wav
18:02:51.496 [JavaFX Application Thread] DEBUG AssetLoader          - Loading from cache: /assets/ui/fonts/VarelaRound-Regular.ttf
18:02:51.508 [JavaFX Application Thread] DEBUG AssetLoader          - Loading from cache: /assets/sounds/menu/select.wav
18:02:51.945 [JavaFX Application Thread] DEBUG AssetLoader          - Loading from cache: /assets/ui/fonts/VarelaRound-Regular.ttf
18:02:51.956 [JavaFX Application Thread] DEBUG AssetLoader          - Loading from cache: /assets/sounds/menu/select.wav
18:02:52.424 [JavaFX Application Thread] DEBUG AssetLoader          - Loading from cache: /assets/ui/fonts/VarelaRound-Regular.ttf
18:02:52.436 [JavaFX Application Thread] DEBUG AssetLoader          - Loading from cache: /assets/sounds/menu/select.wav
18:02:52.872 [JavaFX Application Thread] DEBUG AppStateMachine      - Pop state: DialogSubState
18:02:52.872 [JavaFX Application Thread] DEBUG Input                - Clearing active input actions
18:02:52.873 [JavaFX Application Thread] DEBUG AppStateMachine      - PlayState <- DialogSubState
18:02:54.136 [JavaFX Application Thread] DEBUG FXGL                 - Exiting FXGL
18:02:54.136 [JavaFX Application Thread] DEBUG FXGL                 - Shutting down background threads
18:02:54.136 [JavaFX Application Thread] DEBUG FXGL                 - Saving FXGL system data
18:02:54.138 [JavaFX Application Thread] DEBUG DesktopFSService     - Writing to: system\fxgl.bundle
18:02:54.141 [JavaFX Application Thread] DEBUG FXGL                 - Closing logger and exiting JavaFX
