13:08:31.482 [JavaFX Application Thread] DEBUG GameApplication      - Logger initialized
13:08:31.486 [JavaFX Application Thread] DEBUG GameApplication      - Logging settings
Title: Burger Mario
Version: 1.0
Width: 1050
Height: 700
Fullscreen: false
Intro: false
Menus: false
Profiling: false
Single step:false
App Mode: DEVELOPER
Menu Key: ESCAPE
Stage Style: DECORATED
Scene Factory: class com.almasb.fxgl.scene.SceneFactory
Dialog Factory: class com.almasb.fxgl.ui.FXGLDialogFactory
UI Factory: class com.almasb.fxgl.ui.FXGLUIFactory
Notification Service: class com.almasb.fxgl.gameplay.notification.XboxNotificationView
Exception Handler: class com.almasb.fxgl.app.FXGLExceptionHandler
13:08:31.486 [JavaFX Application Thread] DEBUG GameApplication      - Starting FXGL
13:08:31.494 [JavaFX Application Thread] INFO  FXGL                 - FXGL-0.5.4 on DESKTOP
13:08:31.494 [JavaFX Application Thread] INFO  FXGL                 - Source code and latest versions at: https://github.com/AlmasB/FXGL
13:08:31.495 [JavaFX Application Thread] INFO  FXGL                 -              Join the FXGL chat at: https://gitter.im/AlmasB/FXGL
13:08:31.495 [JavaFX Application Thread] DEBUG FXGL                 - FXGL started
13:08:31.495 [JavaFX Application Thread] DEBUG FXGL                 - Initializing FXGL
13:08:31.535 [JavaFX Application Thread] DEBUG AssetLoader          - Loading from disk: /assets/ui/cursors/fxgl_default.png
13:08:31.583 [JavaFX Application Thread] DEBUG AssetLoader          - Loading from disk: /assets/ui/fonts/VarelaRound-Regular.ttf
13:08:31.673 [JavaFX Application Thread] DEBUG MainWindow           - Creating a JavaFX scene
13:08:31.708 [JavaFX Application Thread] DEBUG MainWindow           - Target settings size: 1050.0 x 700.0
13:08:31.708 [JavaFX Application Thread] DEBUG MainWindow           - Scaled scene size:    1050.0 x 700.0
13:08:31.709 [JavaFX Application Thread] DEBUG MainWindow           - Scaled ratio: (1.0, 1.0)
13:08:31.710 [JavaFX Application Thread] DEBUG AssetLoader          - Loading from disk: /assets/ui/css/fxgl_dark.css
13:08:31.715 [JavaFX Application Thread] DEBUG AssetLoader          - Loading from disk: /assets/textures/burger.png
13:08:31.717 [JavaFX Application Thread] DEBUG MainWindow           - Opening main window
13:08:31.963 [JavaFX Application Thread] DEBUG MainWindow           - Window border size: (6.0, 25.0)
13:08:31.963 [JavaFX Application Thread] DEBUG MainWindow           - Scaled size: 1050.0 x 700.0
13:08:31.963 [JavaFX Application Thread] DEBUG MainWindow           - Scaled ratio: (1.0, 1.0)
13:08:31.963 [JavaFX Application Thread] DEBUG MainWindow           - Scene size: 1050.0 x 700.0
13:08:31.963 [JavaFX Application Thread] DEBUG MainWindow           - Stage size: 1056.0 x 725.0
13:08:32.005 [ForkJoinPool.commonPool-worker-3] DEBUG FS                   - Loaded DesktopFSService
13:08:32.005 [ForkJoinPool.commonPool-worker-3] DEBUG FXGL                 - Loading FXGL system data
13:08:32.009 [ForkJoinPool.commonPool-worker-3] DEBUG DesktopFSService     - Reading from: system\fxgl.bundle
13:08:32.015 [ForkJoinPool.commonPool-worker-3] DEBUG Bundle               - Logging bundle: FXGL
13:08:32.015 [ForkJoinPool.commonPool-worker-3] DEBUG Bundle               - FXGL.offline.timer.version.check=2019-01-24T23:07:38.424640400
13:08:32.017 [ForkJoinPool.commonPool-worker-3] DEBUG FXGL                 - Initializing state machine and application states
13:08:32.018 [ForkJoinPool.commonPool-worker-3] DEBUG AssetLoader          - Loading from disk: /assets/ui/cursors/fxgl_default.png
13:08:32.023 [ForkJoinPool.commonPool-worker-3] DEBUG AssetLoader          - Loading from disk: /assets/ui/cursors/fxgl_default.png
13:08:32.032 [ForkJoinPool.commonPool-worker-3] DEBUG AssetLoader          - Loading from cache: /assets/ui/fonts/VarelaRound-Regular.ttf
13:08:32.065 [ForkJoinPool.commonPool-worker-3] DEBUG AssetLoader          - Loading from disk: /assets/ui/cursors/fxgl_default.png
13:08:32.067 [ForkJoinPool.commonPool-worker-3] DEBUG GameScene            - Game scene initialized: 1050x700
13:08:32.074 [ForkJoinPool.commonPool-worker-3] DEBUG GameWorld            - Game world initialized
13:08:32.115 [ForkJoinPool.commonPool-worker-3] DEBUG PhysicsWorld         - Physics world initialized: appHeight=700, physics.ppm=50.0
13:08:32.126 [ForkJoinPool.commonPool-worker-3] DEBUG Input                - Registered new binding: Pause - Esc
13:08:32.151 [JavaFX Application Thread] DEBUG FXGL                 - Running preInit()
13:08:32.152 [JavaFX Application Thread] DEBUG Input                - Registered new binding: Screenshot - P
13:08:32.152 [JavaFX Application Thread] DEBUG Input                - Registered new binding: Dev Options - CTRL+0
13:08:32.152 [JavaFX Application Thread] DEBUG Input                - Registered new binding: System info dump - CTRL+9
13:08:32.153 [JavaFX Application Thread] DEBUG Input                - Registered new binding: Restart - CTRL+R
13:08:32.153 [JavaFX Application Thread] DEBUG Input                - Registered new binding: left - Left
13:08:32.153 [JavaFX Application Thread] DEBUG Input                - Registered new binding: right - Right
13:08:32.153 [JavaFX Application Thread] DEBUG Input                - Registered new binding: leftA - A
13:08:32.153 [JavaFX Application Thread] DEBUG Input                - Registered new binding: rightD - D
13:08:32.153 [JavaFX Application Thread] DEBUG Input                - Registered new binding: jump - Space
13:08:32.153 [JavaFX Application Thread] DEBUG Input                - Registered new binding: jumpW - W
13:08:32.153 [JavaFX Application Thread] DEBUG Input                - Registered new binding: jumpUp - Up
13:08:32.154 [JavaFX Application Thread] DEBUG Input                - Registered new binding: powerUp - O
13:08:32.154 [JavaFX Application Thread] INFO  FXGL                 - FXGL initialization took: 0.659 sec
13:08:32.154 [JavaFX Application Thread] DEBUG LoopRunner           - Starting loop
13:08:32.157 [JavaFX Application Thread] DEBUG StartupState         - STARTUP
13:08:32.158 [JavaFX Application Thread] DEBUG GameApplication      - Starting new game
13:08:32.158 [JavaFX Application Thread] DEBUG Input                - Clearing active input actions
13:08:32.159 [JavaFX Application Thread] DEBUG AssetLoader          - Loading from disk: /assets/ui/css/fxgl_dark.css
13:08:32.165 [JavaFX Application Thread] DEBUG AppStateMachine      - StartupState -> LoadingState
13:08:32.198 [FXGL Background Thread 1 ] DEBUG InitAppTask          - Clearing previous game
13:08:32.198 [FXGL Background Thread 1 ] DEBUG GameWorld            - Clearing game world
13:08:32.198 [FXGL Background Thread 1 ] DEBUG PhysicsWorld         - Clearing physics world
13:08:32.198 [FXGL Background Thread 1 ] DEBUG GameScene            - Clearing game scene
13:08:32.199 [FXGL Background Thread 1 ] DEBUG InitAppTask          - Initializing Game
13:08:32.217 [FXGL Background Thread 1 ] DEBUG AssetLoader          - Loading from disk: /assets/json/MarioLevel-1.json
13:08:32.554 [FXGL Background Thread 1 ] DEBUG GameWorld            - Clearing removable entities
13:08:32.555 [FXGL Background Thread 1 ] DEBUG GameWorld            - Setting level from map
13:08:32.568 [FXGL Background Thread 1 ] DEBUG AssetLoader          - Loading from disk: /assets/textures/tiles_spritesheet.png
13:08:32.613 [FXGL Background Thread 1 ] DEBUG AssetLoader          - Loading from cache: /assets/textures/tiles_spritesheet.png
13:08:32.613 [FXGL Background Thread 1 ] DEBUG AssetLoader          - Loading from cache: /assets/textures/tiles_spritesheet.png
13:08:32.613 [FXGL Background Thread 1 ] DEBUG AssetLoader          - Loading from cache: /assets/textures/tiles_spritesheet.png
13:08:32.613 [FXGL Background Thread 1 ] DEBUG AssetLoader          - Loading from cache: /assets/textures/tiles_spritesheet.png
13:08:32.614 [FXGL Background Thread 1 ] DEBUG AssetLoader          - Loading from cache: /assets/textures/tiles_spritesheet.png
13:08:32.614 [FXGL Background Thread 1 ] DEBUG AssetLoader          - Loading from cache: /assets/textures/tiles_spritesheet.png
13:08:32.614 [FXGL Background Thread 1 ] DEBUG AssetLoader          - Loading from cache: /assets/textures/tiles_spritesheet.png
13:08:32.614 [FXGL Background Thread 1 ] DEBUG AssetLoader          - Loading from cache: /assets/textures/tiles_spritesheet.png
13:08:32.614 [FXGL Background Thread 1 ] DEBUG AssetLoader          - Loading from cache: /assets/textures/tiles_spritesheet.png
13:08:32.614 [FXGL Background Thread 1 ] DEBUG AssetLoader          - Loading from cache: /assets/textures/tiles_spritesheet.png
13:08:32.614 [FXGL Background Thread 1 ] DEBUG AssetLoader          - Loading from cache: /assets/textures/tiles_spritesheet.png
13:08:32.614 [FXGL Background Thread 1 ] DEBUG AssetLoader          - Loading from cache: /assets/textures/tiles_spritesheet.png
13:08:32.614 [FXGL Background Thread 1 ] DEBUG AssetLoader          - Loading from cache: /assets/textures/tiles_spritesheet.png
13:08:32.614 [FXGL Background Thread 1 ] DEBUG AssetLoader          - Loading from cache: /assets/textures/tiles_spritesheet.png
13:08:32.615 [FXGL Background Thread 1 ] DEBUG AssetLoader          - Loading from cache: /assets/textures/tiles_spritesheet.png
13:08:32.615 [FXGL Background Thread 1 ] DEBUG AssetLoader          - Loading from cache: /assets/textures/tiles_spritesheet.png
13:08:32.615 [FXGL Background Thread 1 ] DEBUG AssetLoader          - Loading from cache: /assets/textures/tiles_spritesheet.png
13:08:32.615 [FXGL Background Thread 1 ] DEBUG AssetLoader          - Loading from cache: /assets/textures/tiles_spritesheet.png
13:08:32.615 [FXGL Background Thread 1 ] DEBUG AssetLoader          - Loading from cache: /assets/textures/tiles_spritesheet.png
13:08:32.615 [FXGL Background Thread 1 ] DEBUG AssetLoader          - Loading from cache: /assets/textures/tiles_spritesheet.png
13:08:32.615 [FXGL Background Thread 1 ] DEBUG AssetLoader          - Loading from cache: /assets/textures/tiles_spritesheet.png
13:08:32.616 [FXGL Background Thread 1 ] DEBUG GameScene            - Creating render group for layer: BACKGROUND(1000)
13:08:32.639 [FXGL Background Thread 1 ] DEBUG GameScene            - Creating render group for layer: DEFAULT(100000)
13:08:32.642 [FXGL Background Thread 1 ] DEBUG AssetLoader          - Loading from cache: /assets/textures/burger.png
13:08:32.643 [FXGL Background Thread 1 ] DEBUG AssetLoader          - Loading from cache: /assets/textures/burger.png
13:08:32.644 [FXGL Background Thread 1 ] DEBUG AssetLoader          - Loading from cache: /assets/textures/burger.png
13:08:32.644 [FXGL Background Thread 1 ] DEBUG AssetLoader          - Loading from cache: /assets/textures/burger.png
13:08:32.645 [FXGL Background Thread 1 ] DEBUG AssetLoader          - Loading from cache: /assets/textures/burger.png
13:08:32.647 [FXGL Background Thread 1 ] DEBUG AssetLoader          - Loading from disk: /assets/textures/TrumpAfk.png
13:08:32.649 [FXGL Background Thread 1 ] DEBUG AssetLoader          - Loading from cache: /assets/textures/TrumpAfk.png
13:08:32.650 [FXGL Background Thread 1 ] DEBUG AssetLoader          - Loading from disk: /assets/textures/trumpWalk.png
13:08:32.652 [FXGL Background Thread 1 ] DEBUG AssetLoader          - Loading from disk: /assets/textures/Thwomp.png
13:08:32.654 [FXGL Background Thread 1 ] DEBUG AssetLoader          - Loading from cache: /assets/textures/Thwomp.png
13:08:32.654 [FXGL Background Thread 1 ] DEBUG AssetLoader          - Loading from cache: /assets/textures/Thwomp.png
13:08:32.656 [FXGL Background Thread 1 ] FATAL AssetLoader          - Loading failed for asset: Kevin Macleod Scheming Weasel (faster version).mp3. Cause: Failed to load audio
13:08:32.657 [JavaFX Application Thread] FATAL FXGL                 - Uncaught Exception:

Fatal exception occurred: java.lang.IllegalArgumentException : Failed to load asset: Kevin Macleod Scheming Weasel (faster version).mp3. Cause: Failed to load audio
E: com.almasb.fxgl.asset.AssetLoader.loadFailed(AssetLoader.kt:737)
E: com.almasb.fxgl.asset.AssetLoader.loadMusic(AssetLoader.kt:319)
E: com.almasb.fxgl.audio.AudioPlayer.loopBGM(AudioPlayer.kt:172)
E: com.dan.PlatformGame.PlatformApp.initGame(PlatformApp.java:134)
E: com.almasb.fxgl.app.GameApplication.internalInitGame(GameApplication.java:238)
E: com.almasb.fxgl.app.LoadingState$InitAppTask.initGame(AppStates.kt:168)
E: com.almasb.fxgl.app.LoadingState$InitAppTask.call(AppStates.kt:138)
E: com.almasb.fxgl.app.LoadingState$InitAppTask.call(AppStates.kt:127)
E: javafx.graphics/javafx.concurrent.Task$TaskCallable.call(Task.java:1425)
E: java.base/java.util.concurrent.FutureTask.run(FutureTask.java:264)
E: java.base/java.util.concurrent.Executors$RunnableAdapter.call(Executors.java:515)
E: java.base/java.util.concurrent.FutureTask.run(FutureTask.java:264)
E: java.base/java.util.concurrent.ThreadPoolExecutor.runWorker(ThreadPoolExecutor.java:1128)
E: java.base/java.util.concurrent.ThreadPoolExecutor$Worker.run(ThreadPoolExecutor.java:628)
E: java.base/java.lang.Thread.run(Thread.java:834)

13:08:32.657 [JavaFX Application Thread] FATAL FXGL                 - Application will now exit
13:08:32.660 [JavaFX Application Thread] DEBUG LoopRunner           - Stopping loop
13:08:34.331 [JavaFX Application Thread] DEBUG FXGL                 - Exiting FXGL
13:08:34.331 [JavaFX Application Thread] DEBUG FXGL                 - Shutting down background threads
13:08:34.331 [JavaFX Application Thread] DEBUG FXGL                 - Saving FXGL system data
13:08:34.333 [JavaFX Application Thread] DEBUG DesktopFSService     - Writing to: system\fxgl.bundle
13:08:34.336 [JavaFX Application Thread] DEBUG FXGL                 - Closing logger and exiting JavaFX
