16:28:28.644 [JavaFX Application Thread] DEBUG GameApplication      - Logger initialized
16:28:28.647 [JavaFX Application Thread] DEBUG GameApplication      - Logging settings
Title: Burger Mario
Version: 0.5
Width: 1050
Height: 700
Fullscreen: false
Intro: false
Menus: false
Profiling: false
Single step:false
App Mode: DEVELOPER
Menu Key: ESCAPE
Stage Style: DECORATED
Scene Factory: class com.almasb.fxgl.scene.SceneFactory
Dialog Factory: class com.almasb.fxgl.ui.FXGLDialogFactory
UI Factory: class com.almasb.fxgl.ui.FXGLUIFactory
Notification Service: class com.almasb.fxgl.gameplay.notification.XboxNotificationView
Exception Handler: class com.almasb.fxgl.app.FXGLExceptionHandler
16:28:28.647 [JavaFX Application Thread] DEBUG GameApplication      - Starting FXGL
16:28:28.661 [JavaFX Application Thread] INFO  FXGL                 - FXGL-0.5.4 on DESKTOP
16:28:28.661 [JavaFX Application Thread] INFO  FXGL                 - Source code and latest versions at: https://github.com/AlmasB/FXGL
16:28:28.661 [JavaFX Application Thread] INFO  FXGL                 -              Join the FXGL chat at: https://gitter.im/AlmasB/FXGL
16:28:28.661 [JavaFX Application Thread] DEBUG FXGL                 - FXGL started
16:28:28.661 [JavaFX Application Thread] DEBUG FXGL                 - Initializing FXGL
16:28:28.709 [JavaFX Application Thread] DEBUG AssetLoader          - Loading from disk: /assets/ui/cursors/fxgl_default.png
16:28:28.777 [JavaFX Application Thread] DEBUG AssetLoader          - Loading from disk: /assets/ui/fonts/VarelaRound-Regular.ttf
16:28:28.929 [JavaFX Application Thread] DEBUG MainWindow           - Creating a JavaFX scene
16:28:28.983 [JavaFX Application Thread] DEBUG MainWindow           - Target settings size: 1050.0 x 700.0
16:28:28.984 [JavaFX Application Thread] DEBUG MainWindow           - Scaled scene size:    1050.0 x 700.0
16:28:28.984 [JavaFX Application Thread] DEBUG MainWindow           - Scaled ratio: (1.0, 1.0)
16:28:28.986 [JavaFX Application Thread] DEBUG AssetLoader          - Loading from disk: /assets/ui/css/fxgl_dark.css
16:28:28.989 [JavaFX Application Thread] DEBUG AssetLoader          - Loading from disk: /assets/textures/fxgl_icon.png
16:28:29.004 [JavaFX Application Thread] DEBUG MainWindow           - Opening main window
16:28:29.243 [JavaFX Application Thread] DEBUG MainWindow           - Window border size: (6.0, 25.0)
16:28:29.243 [JavaFX Application Thread] DEBUG MainWindow           - Scaled size: 1050.0 x 700.0
16:28:29.244 [JavaFX Application Thread] DEBUG MainWindow           - Scaled ratio: (1.0, 1.0)
16:28:29.244 [JavaFX Application Thread] DEBUG MainWindow           - Scene size: 1050.0 x 700.0
16:28:29.244 [JavaFX Application Thread] DEBUG MainWindow           - Stage size: 1056.0 x 725.0
16:28:29.268 [ForkJoinPool.commonPool-worker-3] DEBUG FS                   - Loaded DesktopFSService
16:28:29.269 [ForkJoinPool.commonPool-worker-3] DEBUG FXGL                 - Loading FXGL system data
16:28:29.273 [ForkJoinPool.commonPool-worker-3] DEBUG DesktopFSService     - Reading from: system\fxgl.bundle
16:28:29.280 [ForkJoinPool.commonPool-worker-3] DEBUG Bundle               - Logging bundle: FXGL
16:28:29.281 [ForkJoinPool.commonPool-worker-3] DEBUG Bundle               - FXGL.offline.timer.version.check=2019-01-24T23:07:38.424640400
16:28:29.282 [ForkJoinPool.commonPool-worker-3] DEBUG FXGL                 - Initializing state machine and application states
16:28:29.283 [ForkJoinPool.commonPool-worker-3] DEBUG AssetLoader          - Loading from disk: /assets/ui/cursors/fxgl_default.png
16:28:29.287 [ForkJoinPool.commonPool-worker-3] DEBUG AssetLoader          - Loading from disk: /assets/ui/cursors/fxgl_default.png
16:28:29.294 [ForkJoinPool.commonPool-worker-3] DEBUG AssetLoader          - Loading from cache: /assets/ui/fonts/VarelaRound-Regular.ttf
16:28:29.296 [ForkJoinPool.commonPool-worker-3] DEBUG AssetLoader          - Loading from disk: /assets/ui/cursors/fxgl_default.png
16:28:29.298 [ForkJoinPool.commonPool-worker-3] DEBUG GameScene            - Game scene initialized: 1050x700
16:28:29.302 [ForkJoinPool.commonPool-worker-3] DEBUG GameWorld            - Game world initialized
16:28:29.339 [ForkJoinPool.commonPool-worker-3] DEBUG PhysicsWorld         - Physics world initialized: appHeight=700, physics.ppm=50.0
16:28:29.353 [ForkJoinPool.commonPool-worker-3] DEBUG Input                - Registered new binding: Pause - Esc
16:28:29.384 [JavaFX Application Thread] DEBUG FXGL                 - Running preInit()
16:28:29.385 [JavaFX Application Thread] DEBUG Input                - Registered new binding: Screenshot - P
16:28:29.385 [JavaFX Application Thread] DEBUG Input                - Registered new binding: Dev Options - CTRL+0
16:28:29.386 [JavaFX Application Thread] DEBUG Input                - Registered new binding: System info dump - CTRL+9
16:28:29.386 [JavaFX Application Thread] DEBUG Input                - Registered new binding: Restart - CTRL+R
16:28:29.386 [JavaFX Application Thread] DEBUG Input                - Registered new binding: left - Left
16:28:29.386 [JavaFX Application Thread] DEBUG Input                - Registered new binding: right - Right
16:28:29.386 [JavaFX Application Thread] DEBUG Input                - Registered new binding: leftA - A
16:28:29.386 [JavaFX Application Thread] DEBUG Input                - Registered new binding: rightD - D
16:28:29.387 [JavaFX Application Thread] DEBUG Input                - Registered new binding: jump - Space
16:28:29.387 [JavaFX Application Thread] DEBUG Input                - Registered new binding: jumpW - W
16:28:29.387 [JavaFX Application Thread] DEBUG Input                - Registered new binding: jumpUp - Up
16:28:29.387 [JavaFX Application Thread] DEBUG Input                - Registered new binding: powerUp - O
16:28:29.387 [JavaFX Application Thread] INFO  FXGL                 - FXGL initialization took: 0.726 sec
16:28:29.388 [JavaFX Application Thread] DEBUG LoopRunner           - Starting loop
16:28:29.396 [JavaFX Application Thread] DEBUG StartupState         - STARTUP
16:28:29.396 [JavaFX Application Thread] DEBUG GameApplication      - Starting new game
16:28:29.396 [JavaFX Application Thread] DEBUG Input                - Clearing active input actions
16:28:29.397 [JavaFX Application Thread] DEBUG AssetLoader          - Loading from disk: /assets/ui/css/fxgl_dark.css
16:28:29.403 [JavaFX Application Thread] DEBUG AppStateMachine      - StartupState -> LoadingState
16:28:29.407 [FXGL Background Thread 1 ] DEBUG InitAppTask          - Clearing previous game
16:28:29.407 [FXGL Background Thread 1 ] DEBUG GameWorld            - Clearing game world
16:28:29.407 [FXGL Background Thread 1 ] DEBUG PhysicsWorld         - Clearing physics world
16:28:29.407 [FXGL Background Thread 1 ] DEBUG GameScene            - Clearing game scene
16:28:29.414 [FXGL Background Thread 1 ] DEBUG InitAppTask          - Initializing Game
16:28:29.454 [FXGL Background Thread 1 ] DEBUG AssetLoader          - Loading from disk: /assets/json/MarioLevel-1.json
16:28:29.630 [FXGL Background Thread 1 ] DEBUG GameWorld            - Clearing removable entities
16:28:29.630 [FXGL Background Thread 1 ] DEBUG GameWorld            - Setting level from map
16:28:29.646 [FXGL Background Thread 1 ] DEBUG AssetLoader          - Loading from disk: /assets/textures/tiles_spritesheet.png
16:28:29.664 [FXGL Background Thread 1 ] DEBUG AssetLoader          - Loading from cache: /assets/textures/tiles_spritesheet.png
16:28:29.664 [FXGL Background Thread 1 ] DEBUG AssetLoader          - Loading from cache: /assets/textures/tiles_spritesheet.png
16:28:29.664 [FXGL Background Thread 1 ] DEBUG AssetLoader          - Loading from cache: /assets/textures/tiles_spritesheet.png
16:28:29.664 [FXGL Background Thread 1 ] DEBUG AssetLoader          - Loading from cache: /assets/textures/tiles_spritesheet.png
16:28:29.665 [FXGL Background Thread 1 ] DEBUG AssetLoader          - Loading from cache: /assets/textures/tiles_spritesheet.png
16:28:29.665 [FXGL Background Thread 1 ] DEBUG AssetLoader          - Loading from cache: /assets/textures/tiles_spritesheet.png
16:28:29.665 [FXGL Background Thread 1 ] DEBUG AssetLoader          - Loading from cache: /assets/textures/tiles_spritesheet.png
16:28:29.665 [FXGL Background Thread 1 ] DEBUG AssetLoader          - Loading from cache: /assets/textures/tiles_spritesheet.png
16:28:29.665 [FXGL Background Thread 1 ] DEBUG AssetLoader          - Loading from cache: /assets/textures/tiles_spritesheet.png
16:28:29.665 [FXGL Background Thread 1 ] DEBUG AssetLoader          - Loading from cache: /assets/textures/tiles_spritesheet.png
16:28:29.665 [FXGL Background Thread 1 ] DEBUG AssetLoader          - Loading from cache: /assets/textures/tiles_spritesheet.png
16:28:29.665 [FXGL Background Thread 1 ] DEBUG AssetLoader          - Loading from cache: /assets/textures/tiles_spritesheet.png
16:28:29.666 [FXGL Background Thread 1 ] DEBUG AssetLoader          - Loading from cache: /assets/textures/tiles_spritesheet.png
16:28:29.666 [FXGL Background Thread 1 ] DEBUG AssetLoader          - Loading from cache: /assets/textures/tiles_spritesheet.png
16:28:29.666 [FXGL Background Thread 1 ] DEBUG AssetLoader          - Loading from cache: /assets/textures/tiles_spritesheet.png
16:28:29.666 [FXGL Background Thread 1 ] DEBUG AssetLoader          - Loading from cache: /assets/textures/tiles_spritesheet.png
16:28:29.666 [FXGL Background Thread 1 ] DEBUG AssetLoader          - Loading from cache: /assets/textures/tiles_spritesheet.png
16:28:29.666 [FXGL Background Thread 1 ] DEBUG AssetLoader          - Loading from cache: /assets/textures/tiles_spritesheet.png
16:28:29.666 [FXGL Background Thread 1 ] DEBUG AssetLoader          - Loading from cache: /assets/textures/tiles_spritesheet.png
16:28:29.666 [FXGL Background Thread 1 ] DEBUG AssetLoader          - Loading from cache: /assets/textures/tiles_spritesheet.png
16:28:29.667 [FXGL Background Thread 1 ] DEBUG AssetLoader          - Loading from cache: /assets/textures/tiles_spritesheet.png
16:28:29.668 [FXGL Background Thread 1 ] DEBUG GameScene            - Creating render group for layer: BACKGROUND(1000)
16:28:29.698 [FXGL Background Thread 1 ] DEBUG GameScene            - Creating render group for layer: DEFAULT(100000)
16:28:29.702 [FXGL Background Thread 1 ] DEBUG AssetLoader          - Loading from disk: /assets/textures/burger.png
16:28:29.704 [FXGL Background Thread 1 ] DEBUG AssetLoader          - Loading from cache: /assets/textures/burger.png
16:28:29.704 [FXGL Background Thread 1 ] DEBUG AssetLoader          - Loading from cache: /assets/textures/burger.png
16:28:29.705 [FXGL Background Thread 1 ] DEBUG AssetLoader          - Loading from cache: /assets/textures/burger.png
16:28:29.706 [FXGL Background Thread 1 ] DEBUG AssetLoader          - Loading from cache: /assets/textures/burger.png
16:28:29.707 [FXGL Background Thread 1 ] DEBUG AssetLoader          - Loading from disk: /assets/textures/trumpAfk.png
16:28:29.709 [FXGL Background Thread 1 ] DEBUG AssetLoader          - Loading from disk: /assets/textures/TrumpAfk.png
16:28:29.711 [FXGL Background Thread 1 ] DEBUG AssetLoader          - Loading from disk: /assets/textures/trumpWalk.png
16:28:29.713 [FXGL Background Thread 1 ] DEBUG AssetLoader          - Loading from disk: /assets/textures/Thwomp.png
16:28:29.714 [FXGL Background Thread 1 ] DEBUG AssetLoader          - Loading from cache: /assets/textures/Thwomp.png
16:28:29.714 [FXGL Background Thread 1 ] DEBUG AssetLoader          - Loading from cache: /assets/textures/Thwomp.png
16:28:29.764 [FXGL Background Thread 1 ] DEBUG AudioPlayer          - Playing music com.almasb.fxgl.audio.Music@42fe906
16:28:29.766 [FXGL Background Thread 1 ] DEBUG InitAppTask          - Initializing Physics
16:28:29.767 [FXGL Background Thread 1 ] DEBUG InitAppTask          - Initializing UI
16:28:29.767 [FXGL Background Thread 1 ] DEBUG AssetLoader          - Loading from disk: /assets/textures/BackgroundMario.png
16:28:29.780 [FXGL Background Thread 1 ] DEBUG InitAppTask          - Initialization Complete
16:28:29.781 [FXGL Background Thread 1 ] INFO  InitAppTask          - Game initialization took: 0.373 sec
16:28:29.782 [JavaFX Application Thread] DEBUG Input                - Clearing active input actions
16:28:29.783 [JavaFX Application Thread] DEBUG AssetLoader          - Loading from disk: /assets/ui/css/fxgl_dark.css
16:28:29.791 [JavaFX Application Thread] DEBUG AppStateMachine      - LoadingState -> PlayState
16:28:33.428 [JavaFX Application Thread] DEBUG AssetLoader          - Loading from cache: /assets/sounds/roblox-death-sound-effect-opNTQCf4R.mp3
16:28:34.948 [JavaFX Application Thread] DEBUG AssetLoader          - Loading from cache: /assets/sounds/roblox-death-sound-effect-opNTQCf4R.mp3
16:28:36.228 [JavaFX Application Thread] DEBUG AssetLoader          - Loading from cache: /assets/sounds/roblox-death-sound-effect-opNTQCf4R.mp3
16:28:41.780 [JavaFX Application Thread] DEBUG AssetLoader          - Loading from cache: /assets/sounds/roblox-death-sound-effect-opNTQCf4R.mp3
16:28:52.078 [JavaFX Application Thread] DEBUG FXGL                 - Exiting FXGL
16:28:52.078 [JavaFX Application Thread] DEBUG FXGL                 - Shutting down background threads
16:28:52.078 [JavaFX Application Thread] DEBUG FXGL                 - Saving FXGL system data
16:28:52.080 [JavaFX Application Thread] DEBUG DesktopFSService     - Writing to: system\fxgl.bundle
16:28:52.084 [JavaFX Application Thread] DEBUG FXGL                 - Closing logger and exiting JavaFX
