17:55:15.491 [JavaFX Application Thread] DEBUG GameApplication      - Logger initialized
17:55:15.494 [JavaFX Application Thread] DEBUG GameApplication      - Logging settings
Title: Burger Mario
Version: 0.5
Width: 1050
Height: 700
Fullscreen: false
Intro: false
Menus: false
Profiling: false
Single step:false
App Mode: DEVELOPER
Menu Key: ESCAPE
Stage Style: DECORATED
Scene Factory: class com.almasb.fxgl.scene.SceneFactory
Dialog Factory: class com.almasb.fxgl.ui.FXGLDialogFactory
UI Factory: class com.almasb.fxgl.ui.FXGLUIFactory
Notification Service: class com.almasb.fxgl.gameplay.notification.XboxNotificationView
Exception Handler: class com.almasb.fxgl.app.FXGLExceptionHandler
17:55:15.495 [JavaFX Application Thread] DEBUG GameApplication      - Starting FXGL
17:55:15.512 [JavaFX Application Thread] INFO  FXGL                 - FXGL-0.5.4 on DESKTOP
17:55:15.512 [JavaFX Application Thread] INFO  FXGL                 - Source code and latest versions at: https://github.com/AlmasB/FXGL
17:55:15.513 [JavaFX Application Thread] INFO  FXGL                 -              Join the FXGL chat at: https://gitter.im/AlmasB/FXGL
17:55:15.513 [JavaFX Application Thread] DEBUG FXGL                 - FXGL started
17:55:15.513 [JavaFX Application Thread] DEBUG FXGL                 - Initializing FXGL
17:55:15.556 [JavaFX Application Thread] DEBUG AssetLoader          - Loading from disk: /assets/ui/cursors/fxgl_default.png
17:55:15.651 [JavaFX Application Thread] DEBUG AssetLoader          - Loading from disk: /assets/ui/fonts/VarelaRound-Regular.ttf
17:55:15.778 [JavaFX Application Thread] DEBUG MainWindow           - Creating a JavaFX scene
17:55:15.813 [JavaFX Application Thread] DEBUG MainWindow           - Target settings size: 1050.0 x 700.0
17:55:15.813 [JavaFX Application Thread] DEBUG MainWindow           - Scaled scene size:    1050.0 x 700.0
17:55:15.813 [JavaFX Application Thread] DEBUG MainWindow           - Scaled ratio: (1.0, 1.0)
17:55:15.816 [JavaFX Application Thread] DEBUG AssetLoader          - Loading from disk: /assets/ui/css/fxgl_dark.css
17:55:15.819 [JavaFX Application Thread] DEBUG AssetLoader          - Loading from disk: /assets/textures/fxgl_icon.png
17:55:15.841 [JavaFX Application Thread] DEBUG MainWindow           - Opening main window
17:55:16.026 [JavaFX Application Thread] DEBUG MainWindow           - Window border size: (6.0, 25.0)
17:55:16.026 [JavaFX Application Thread] DEBUG MainWindow           - Scaled size: 1050.0 x 700.0
17:55:16.026 [JavaFX Application Thread] DEBUG MainWindow           - Scaled ratio: (1.0, 1.0)
17:55:16.027 [JavaFX Application Thread] DEBUG MainWindow           - Scene size: 1050.0 x 700.0
17:55:16.027 [JavaFX Application Thread] DEBUG MainWindow           - Stage size: 1056.0 x 725.0
17:55:16.048 [ForkJoinPool.commonPool-worker-3] DEBUG FS                   - Loaded DesktopFSService
17:55:16.048 [ForkJoinPool.commonPool-worker-3] DEBUG FXGL                 - Loading FXGL system data
17:55:16.052 [ForkJoinPool.commonPool-worker-3] DEBUG DesktopFSService     - Reading from: system\fxgl.bundle
17:55:16.059 [ForkJoinPool.commonPool-worker-3] DEBUG Bundle               - Logging bundle: FXGL
17:55:16.059 [ForkJoinPool.commonPool-worker-3] DEBUG Bundle               - FXGL.offline.timer.version.check=2019-01-24T23:07:38.424640400
17:55:16.060 [ForkJoinPool.commonPool-worker-3] DEBUG FXGL                 - Initializing state machine and application states
17:55:16.061 [ForkJoinPool.commonPool-worker-3] DEBUG AssetLoader          - Loading from disk: /assets/ui/cursors/fxgl_default.png
17:55:16.065 [ForkJoinPool.commonPool-worker-3] DEBUG AssetLoader          - Loading from disk: /assets/ui/cursors/fxgl_default.png
17:55:16.070 [ForkJoinPool.commonPool-worker-3] DEBUG AssetLoader          - Loading from cache: /assets/ui/fonts/VarelaRound-Regular.ttf
17:55:16.071 [ForkJoinPool.commonPool-worker-3] DEBUG AssetLoader          - Loading from disk: /assets/ui/cursors/fxgl_default.png
17:55:16.073 [ForkJoinPool.commonPool-worker-3] DEBUG GameScene            - Game scene initialized: 1050x700
17:55:16.076 [ForkJoinPool.commonPool-worker-3] DEBUG GameWorld            - Game world initialized
17:55:16.105 [ForkJoinPool.commonPool-worker-3] DEBUG PhysicsWorld         - Physics world initialized: appHeight=700, physics.ppm=50.0
17:55:16.116 [ForkJoinPool.commonPool-worker-3] DEBUG Input                - Registered new binding: Pause - Esc
17:55:16.143 [JavaFX Application Thread] DEBUG FXGL                 - Running preInit()
17:55:16.144 [JavaFX Application Thread] DEBUG Input                - Registered new binding: Screenshot - P
17:55:16.144 [JavaFX Application Thread] DEBUG Input                - Registered new binding: Dev Options - CTRL+0
17:55:16.144 [JavaFX Application Thread] DEBUG Input                - Registered new binding: System info dump - CTRL+9
17:55:16.145 [JavaFX Application Thread] DEBUG Input                - Registered new binding: Restart - CTRL+R
17:55:16.145 [JavaFX Application Thread] DEBUG Input                - Registered new binding: left - Left
17:55:16.145 [JavaFX Application Thread] DEBUG Input                - Registered new binding: right - Right
17:55:16.145 [JavaFX Application Thread] DEBUG Input                - Registered new binding: leftA - A
17:55:16.145 [JavaFX Application Thread] DEBUG Input                - Registered new binding: rightD - D
17:55:16.145 [JavaFX Application Thread] DEBUG Input                - Registered new binding: jump - Space
17:55:16.145 [JavaFX Application Thread] DEBUG Input                - Registered new binding: jumpW - W
17:55:16.145 [JavaFX Application Thread] DEBUG Input                - Registered new binding: jumpUp - Up
17:55:16.145 [JavaFX Application Thread] DEBUG Input                - Registered new binding: powerUp - O
17:55:16.146 [JavaFX Application Thread] INFO  FXGL                 - FXGL initialization took: 0.633 sec
17:55:16.146 [JavaFX Application Thread] DEBUG LoopRunner           - Starting loop
17:55:16.147 [JavaFX Application Thread] DEBUG StartupState         - STARTUP
17:55:16.147 [JavaFX Application Thread] DEBUG GameApplication      - Starting new game
17:55:16.147 [JavaFX Application Thread] DEBUG Input                - Clearing active input actions
17:55:16.148 [JavaFX Application Thread] DEBUG AssetLoader          - Loading from disk: /assets/ui/css/fxgl_dark.css
17:55:16.156 [JavaFX Application Thread] DEBUG AppStateMachine      - StartupState -> LoadingState
17:55:16.160 [FXGL Background Thread 1 ] DEBUG InitAppTask          - Clearing previous game
17:55:16.160 [FXGL Background Thread 1 ] DEBUG GameWorld            - Clearing game world
17:55:16.160 [FXGL Background Thread 1 ] DEBUG PhysicsWorld         - Clearing physics world
17:55:16.160 [FXGL Background Thread 1 ] DEBUG GameScene            - Clearing game scene
17:55:16.161 [FXGL Background Thread 1 ] DEBUG InitAppTask          - Initializing Game
17:55:16.206 [FXGL Background Thread 1 ] DEBUG AssetLoader          - Loading from disk: /assets/json/MarioLevel-1.json
17:55:16.369 [FXGL Background Thread 1 ] DEBUG GameWorld            - Clearing removable entities
17:55:16.369 [FXGL Background Thread 1 ] DEBUG GameWorld            - Setting level from map
17:55:16.382 [FXGL Background Thread 1 ] DEBUG AssetLoader          - Loading from disk: /assets/textures/tiles_spritesheet.png
17:55:16.399 [FXGL Background Thread 1 ] DEBUG AssetLoader          - Loading from cache: /assets/textures/tiles_spritesheet.png
17:55:16.399 [FXGL Background Thread 1 ] DEBUG AssetLoader          - Loading from cache: /assets/textures/tiles_spritesheet.png
17:55:16.399 [FXGL Background Thread 1 ] DEBUG AssetLoader          - Loading from cache: /assets/textures/tiles_spritesheet.png
17:55:16.399 [FXGL Background Thread 1 ] DEBUG AssetLoader          - Loading from cache: /assets/textures/tiles_spritesheet.png
17:55:16.399 [FXGL Background Thread 1 ] DEBUG AssetLoader          - Loading from cache: /assets/textures/tiles_spritesheet.png
17:55:16.399 [FXGL Background Thread 1 ] DEBUG AssetLoader          - Loading from cache: /assets/textures/tiles_spritesheet.png
17:55:16.400 [FXGL Background Thread 1 ] DEBUG AssetLoader          - Loading from cache: /assets/textures/tiles_spritesheet.png
17:55:16.400 [FXGL Background Thread 1 ] DEBUG AssetLoader          - Loading from cache: /assets/textures/tiles_spritesheet.png
17:55:16.400 [FXGL Background Thread 1 ] DEBUG AssetLoader          - Loading from cache: /assets/textures/tiles_spritesheet.png
17:55:16.400 [FXGL Background Thread 1 ] DEBUG AssetLoader          - Loading from cache: /assets/textures/tiles_spritesheet.png
17:55:16.400 [FXGL Background Thread 1 ] DEBUG AssetLoader          - Loading from cache: /assets/textures/tiles_spritesheet.png
17:55:16.401 [FXGL Background Thread 1 ] DEBUG AssetLoader          - Loading from cache: /assets/textures/tiles_spritesheet.png
17:55:16.401 [FXGL Background Thread 1 ] DEBUG AssetLoader          - Loading from cache: /assets/textures/tiles_spritesheet.png
17:55:16.401 [FXGL Background Thread 1 ] DEBUG AssetLoader          - Loading from cache: /assets/textures/tiles_spritesheet.png
17:55:16.401 [FXGL Background Thread 1 ] DEBUG AssetLoader          - Loading from cache: /assets/textures/tiles_spritesheet.png
17:55:16.401 [FXGL Background Thread 1 ] DEBUG AssetLoader          - Loading from cache: /assets/textures/tiles_spritesheet.png
17:55:16.401 [FXGL Background Thread 1 ] DEBUG AssetLoader          - Loading from cache: /assets/textures/tiles_spritesheet.png
17:55:16.401 [FXGL Background Thread 1 ] DEBUG AssetLoader          - Loading from cache: /assets/textures/tiles_spritesheet.png
17:55:16.401 [FXGL Background Thread 1 ] DEBUG AssetLoader          - Loading from cache: /assets/textures/tiles_spritesheet.png
17:55:16.401 [FXGL Background Thread 1 ] DEBUG AssetLoader          - Loading from cache: /assets/textures/tiles_spritesheet.png
17:55:16.401 [FXGL Background Thread 1 ] DEBUG AssetLoader          - Loading from cache: /assets/textures/tiles_spritesheet.png
17:55:16.403 [FXGL Background Thread 1 ] DEBUG GameScene            - Creating render group for layer: BACKGROUND(1000)
17:55:16.425 [FXGL Background Thread 1 ] DEBUG GameScene            - Creating render group for layer: DEFAULT(100000)
17:55:16.428 [FXGL Background Thread 1 ] DEBUG AssetLoader          - Loading from disk: /assets/textures/burger.png
17:55:16.430 [FXGL Background Thread 1 ] DEBUG AssetLoader          - Loading from cache: /assets/textures/burger.png
17:55:16.431 [FXGL Background Thread 1 ] DEBUG AssetLoader          - Loading from cache: /assets/textures/burger.png
17:55:16.432 [FXGL Background Thread 1 ] DEBUG AssetLoader          - Loading from cache: /assets/textures/burger.png
17:55:16.433 [FXGL Background Thread 1 ] DEBUG AssetLoader          - Loading from cache: /assets/textures/burger.png
17:55:16.435 [FXGL Background Thread 1 ] DEBUG AssetLoader          - Loading from disk: /assets/textures/trumpAfk.png
17:55:16.436 [FXGL Background Thread 1 ] DEBUG AssetLoader          - Loading from disk: /assets/textures/TrumpAfk.png
17:55:16.439 [FXGL Background Thread 1 ] DEBUG AssetLoader          - Loading from disk: /assets/textures/trumpWalk.png
17:55:16.440 [FXGL Background Thread 1 ] DEBUG AssetLoader          - Loading from disk: /assets/textures/Thwomp.png
17:55:16.442 [FXGL Background Thread 1 ] DEBUG AssetLoader          - Loading from cache: /assets/textures/Thwomp.png
17:55:16.442 [FXGL Background Thread 1 ] DEBUG AssetLoader          - Loading from cache: /assets/textures/Thwomp.png
17:55:16.494 [FXGL Background Thread 1 ] DEBUG AudioPlayer          - Playing music com.almasb.fxgl.audio.Music@112cb255
17:55:16.494 [FXGL Background Thread 1 ] DEBUG InitAppTask          - Initializing Physics
17:55:16.495 [FXGL Background Thread 1 ] DEBUG InitAppTask          - Initializing UI
17:55:16.495 [FXGL Background Thread 1 ] DEBUG AssetLoader          - Loading from disk: /assets/textures/BackgroundMario.png
17:55:16.508 [FXGL Background Thread 1 ] DEBUG InitAppTask          - Initialization Complete
17:55:16.508 [FXGL Background Thread 1 ] INFO  InitAppTask          - Game initialization took: 0.349 sec
17:55:16.512 [JavaFX Application Thread] DEBUG Input                - Clearing active input actions
17:55:16.512 [JavaFX Application Thread] DEBUG AssetLoader          - Loading from disk: /assets/ui/css/fxgl_dark.css
17:55:16.521 [JavaFX Application Thread] DEBUG AppStateMachine      - LoadingState -> PlayState
17:55:20.752 [JavaFX Application Thread] DEBUG AssetLoader          - Loading from cache: /assets/sounds/roblox-death-sound-effect-opNTQCf4R.mp3
17:55:21.616 [JavaFX Application Thread] DEBUG AssetLoader          - Loading from cache: /assets/sounds/roblox-death-sound-effect-opNTQCf4R.mp3
17:55:22.560 [JavaFX Application Thread] DEBUG AssetLoader          - Loading from cache: /assets/sounds/roblox-death-sound-effect-opNTQCf4R.mp3
17:55:23.760 [JavaFX Application Thread] DEBUG AssetLoader          - Loading from cache: /assets/textures/trumpAfk.png
17:55:23.760 [JavaFX Application Thread] DEBUG AssetLoader          - Loading from cache: /assets/textures/TrumpAfk.png
17:55:23.761 [JavaFX Application Thread] DEBUG AssetLoader          - Loading from cache: /assets/textures/trumpWalk.png
17:55:24.656 [JavaFX Application Thread] DEBUG AssetLoader          - Loading from cache: /assets/sounds/roblox-death-sound-effect-opNTQCf4R.mp3
17:55:26.088 [JavaFX Application Thread] DEBUG AssetLoader          - Loading from disk: /assets/properties/languages/english.properties
17:55:26.090 [JavaFX Application Thread] DEBUG AssetLoader          - Loading from cache: /assets/ui/fonts/VarelaRound-Regular.ttf
17:55:26.090 [JavaFX Application Thread] DEBUG AssetLoader          - Loading from cache: /assets/ui/fonts/VarelaRound-Regular.ttf
17:55:26.752 [JavaFX Application Thread] DEBUG EventBus             - Firing event: NotificationEvent[message=Screenshot saved]
17:55:30.960 [JavaFX Application Thread] DEBUG AssetLoader          - Loading from cache: /assets/textures/Thwomp.png
17:55:30.960 [JavaFX Application Thread] DEBUG AssetLoader          - Loading from cache: /assets/textures/Thwomp.png
17:55:30.960 [JavaFX Application Thread] DEBUG AssetLoader          - Loading from cache: /assets/textures/Thwomp.png
17:55:30.961 [JavaFX Application Thread] DEBUG AssetLoader          - Loading from cache: /assets/textures/trumpAfk.png
17:55:30.961 [JavaFX Application Thread] DEBUG AssetLoader          - Loading from cache: /assets/textures/TrumpAfk.png
17:55:30.961 [JavaFX Application Thread] DEBUG AssetLoader          - Loading from cache: /assets/textures/trumpWalk.png
17:55:37.060 [JavaFX Application Thread] DEBUG AssetLoader          - Loading from cache: /assets/ui/fonts/VarelaRound-Regular.ttf
17:55:37.063 [JavaFX Application Thread] DEBUG AssetLoader          - Loading from cache: /assets/ui/fonts/VarelaRound-Regular.ttf
17:55:37.064 [JavaFX Application Thread] DEBUG AssetLoader          - Loading from cache: /assets/properties/languages/english.properties
17:55:37.066 [JavaFX Application Thread] DEBUG AssetLoader          - Loading from cache: /assets/ui/fonts/VarelaRound-Regular.ttf
17:55:37.067 [JavaFX Application Thread] DEBUG AppStateMachine      - Push state: DialogSubState
17:55:37.067 [JavaFX Application Thread] DEBUG Input                - Clearing active input actions
17:55:37.067 [JavaFX Application Thread] DEBUG AppStateMachine      - PlayState -> DialogSubState
17:55:37.072 [JavaFX Application Thread] DEBUG AssetLoader          - Loading from cache: /assets/ui/fonts/VarelaRound-Regular.ttf
17:55:37.072 [JavaFX Application Thread] DEBUG AssetLoader          - Loading from cache: /assets/ui/fonts/VarelaRound-Regular.ttf
17:55:37.072 [JavaFX Application Thread] DEBUG AssetLoader          - Loading from cache: /assets/properties/languages/english.properties
17:55:37.073 [JavaFX Application Thread] DEBUG AssetLoader          - Loading from cache: /assets/ui/fonts/VarelaRound-Regular.ttf
17:55:37.073 [JavaFX Application Thread] DEBUG AssetLoader          - Loading from disk: /assets/json/MarioLevel-2.json
17:55:37.075 [JavaFX Application Thread] DEBUG GameWorld            - Clearing removable entities
17:55:37.077 [JavaFX Application Thread] DEBUG GameWorld            - Setting level from map
17:55:37.078 [JavaFX Application Thread] DEBUG AssetLoader          - Loading from cache: /assets/textures/tiles_spritesheet.png
17:55:37.078 [JavaFX Application Thread] DEBUG AssetLoader          - Loading from cache: /assets/textures/tiles_spritesheet.png
17:55:37.078 [JavaFX Application Thread] DEBUG AssetLoader          - Loading from cache: /assets/textures/tiles_spritesheet.png
17:55:37.078 [JavaFX Application Thread] DEBUG AssetLoader          - Loading from cache: /assets/textures/tiles_spritesheet.png
17:55:37.078 [JavaFX Application Thread] DEBUG AssetLoader          - Loading from cache: /assets/textures/tiles_spritesheet.png
17:55:37.078 [JavaFX Application Thread] DEBUG AssetLoader          - Loading from cache: /assets/textures/tiles_spritesheet.png
17:55:37.078 [JavaFX Application Thread] DEBUG AssetLoader          - Loading from cache: /assets/textures/tiles_spritesheet.png
17:55:37.078 [JavaFX Application Thread] DEBUG AssetLoader          - Loading from cache: /assets/textures/tiles_spritesheet.png
17:55:37.078 [JavaFX Application Thread] DEBUG AssetLoader          - Loading from cache: /assets/textures/tiles_spritesheet.png
17:55:37.078 [JavaFX Application Thread] DEBUG AssetLoader          - Loading from cache: /assets/textures/tiles_spritesheet.png
17:55:37.078 [JavaFX Application Thread] DEBUG AssetLoader          - Loading from cache: /assets/textures/tiles_spritesheet.png
17:55:37.079 [JavaFX Application Thread] DEBUG AssetLoader          - Loading from cache: /assets/textures/tiles_spritesheet.png
17:55:37.079 [JavaFX Application Thread] DEBUG AssetLoader          - Loading from cache: /assets/textures/tiles_spritesheet.png
17:55:37.079 [JavaFX Application Thread] DEBUG AssetLoader          - Loading from cache: /assets/textures/tiles_spritesheet.png
17:55:37.079 [JavaFX Application Thread] DEBUG AssetLoader          - Loading from cache: /assets/textures/tiles_spritesheet.png
17:55:37.079 [JavaFX Application Thread] DEBUG AssetLoader          - Loading from cache: /assets/textures/tiles_spritesheet.png
17:55:37.079 [JavaFX Application Thread] DEBUG AssetLoader          - Loading from cache: /assets/textures/tiles_spritesheet.png
17:55:37.079 [JavaFX Application Thread] DEBUG AssetLoader          - Loading from cache: /assets/textures/tiles_spritesheet.png
17:55:37.079 [JavaFX Application Thread] DEBUG AssetLoader          - Loading from cache: /assets/textures/tiles_spritesheet.png
17:55:37.079 [JavaFX Application Thread] DEBUG AssetLoader          - Loading from cache: /assets/textures/tiles_spritesheet.png
17:55:37.079 [JavaFX Application Thread] DEBUG AssetLoader          - Loading from cache: /assets/textures/tiles_spritesheet.png
17:55:37.079 [JavaFX Application Thread] DEBUG AssetLoader          - Loading from cache: /assets/textures/tiles_spritesheet.png
17:55:37.079 [JavaFX Application Thread] DEBUG AssetLoader          - Loading from cache: /assets/textures/tiles_spritesheet.png
17:55:37.079 [JavaFX Application Thread] DEBUG AssetLoader          - Loading from cache: /assets/textures/tiles_spritesheet.png
17:55:37.079 [JavaFX Application Thread] DEBUG AssetLoader          - Loading from cache: /assets/textures/tiles_spritesheet.png
17:55:37.079 [JavaFX Application Thread] DEBUG AssetLoader          - Loading from cache: /assets/textures/tiles_spritesheet.png
17:55:37.079 [JavaFX Application Thread] DEBUG AssetLoader          - Loading from cache: /assets/textures/tiles_spritesheet.png
17:55:37.079 [JavaFX Application Thread] DEBUG AssetLoader          - Loading from cache: /assets/textures/tiles_spritesheet.png
17:55:37.080 [JavaFX Application Thread] DEBUG AssetLoader          - Loading from cache: /assets/textures/tiles_spritesheet.png
17:55:37.085 [JavaFX Application Thread] DEBUG AssetLoader          - Loading from cache: /assets/textures/burger.png
17:55:37.085 [JavaFX Application Thread] DEBUG AssetLoader          - Loading from cache: /assets/textures/burger.png
17:55:37.086 [JavaFX Application Thread] DEBUG AssetLoader          - Loading from cache: /assets/textures/burger.png
17:55:37.086 [JavaFX Application Thread] DEBUG AssetLoader          - Loading from cache: /assets/textures/burger.png
17:55:37.086 [JavaFX Application Thread] DEBUG AssetLoader          - Loading from cache: /assets/textures/burger.png
17:55:37.087 [JavaFX Application Thread] DEBUG AssetLoader          - Loading from cache: /assets/textures/trumpAfk.png
17:55:37.087 [JavaFX Application Thread] DEBUG AssetLoader          - Loading from cache: /assets/textures/TrumpAfk.png
17:55:37.087 [JavaFX Application Thread] DEBUG AssetLoader          - Loading from cache: /assets/textures/trumpWalk.png
17:55:37.088 [JavaFX Application Thread] DEBUG AssetLoader          - Loading from cache: /assets/textures/Thwomp.png
17:55:37.088 [JavaFX Application Thread] DEBUG AssetLoader          - Loading from cache: /assets/textures/Thwomp.png
17:55:37.088 [JavaFX Application Thread] DEBUG AssetLoader          - Loading from cache: /assets/textures/Thwomp.png
17:55:37.091 [JavaFX Application Thread] DEBUG AssetLoader          - Loading from cache: /assets/ui/fonts/VarelaRound-Regular.ttf
17:55:37.091 [JavaFX Application Thread] DEBUG AssetLoader          - Loading from cache: /assets/ui/fonts/VarelaRound-Regular.ttf
17:55:37.092 [JavaFX Application Thread] DEBUG AssetLoader          - Loading from cache: /assets/properties/languages/english.properties
17:55:37.092 [JavaFX Application Thread] DEBUG AssetLoader          - Loading from cache: /assets/ui/fonts/VarelaRound-Regular.ttf
17:55:38.401 [JavaFX Application Thread] DEBUG AssetLoader          - Loading from cache: /assets/ui/fonts/VarelaRound-Regular.ttf
17:55:38.418 [JavaFX Application Thread] DEBUG AssetLoader          - Loading from cache: /assets/sounds/menu/select.wav
17:55:38.545 [JavaFX Application Thread] DEBUG AssetLoader          - Loading from cache: /assets/ui/fonts/VarelaRound-Regular.ttf
17:55:38.561 [JavaFX Application Thread] DEBUG AssetLoader          - Loading from cache: /assets/sounds/menu/select.wav
17:55:38.704 [JavaFX Application Thread] DEBUG AppStateMachine      - Pop state: DialogSubState
17:55:38.704 [JavaFX Application Thread] DEBUG Input                - Clearing active input actions
17:55:38.705 [JavaFX Application Thread] DEBUG AppStateMachine      - PlayState <- DialogSubState
17:55:46.024 [JavaFX Application Thread] DEBUG FXGL                 - Exiting FXGL
17:55:46.024 [JavaFX Application Thread] DEBUG FXGL                 - Shutting down background threads
17:55:46.025 [JavaFX Application Thread] DEBUG FXGL                 - Saving FXGL system data
17:55:46.026 [JavaFX Application Thread] DEBUG DesktopFSService     - Writing to: system\fxgl.bundle
17:55:46.029 [JavaFX Application Thread] DEBUG FXGL                 - Closing logger and exiting JavaFX
