13:55:45.154 [JavaFX Application Thread] DEBUG GameApplication      - Logger initialized
13:55:45.171 [JavaFX Application Thread] DEBUG GameApplication      - Logging settings
Title: Untitled
Version: 0.0
Width: 800
Height: 600
Fullscreen: false
Intro: false
Menus: false
Profiling: false
Single step:false
App Mode: DEVELOPER
Menu Key: ESCAPE
Stage Style: DECORATED
Scene Factory: class com.almasb.fxgl.scene.SceneFactory
Dialog Factory: class com.almasb.fxgl.ui.FXGLDialogFactory
UI Factory: class com.almasb.fxgl.ui.FXGLUIFactory
Notification Service: class com.almasb.fxgl.gameplay.notification.XboxNotificationView
Exception Handler: class com.almasb.fxgl.app.FXGLExceptionHandler
13:55:45.171 [JavaFX Application Thread] DEBUG GameApplication      - Starting FXGL
13:55:45.211 [JavaFX Application Thread] INFO  FXGL                 - FXGL-0.5.4 on DESKTOP
13:55:45.211 [JavaFX Application Thread] INFO  FXGL                 - Source code and latest versions at: https://github.com/AlmasB/FXGL
13:55:45.211 [JavaFX Application Thread] INFO  FXGL                 -              Join the FXGL chat at: https://gitter.im/AlmasB/FXGL
13:55:45.212 [JavaFX Application Thread] DEBUG FXGL                 - FXGL started
13:55:45.212 [JavaFX Application Thread] DEBUG FXGL                 - Initializing FXGL
13:55:45.269 [JavaFX Application Thread] DEBUG AssetLoader          - Loading from disk: /assets/ui/cursors/fxgl_default.png
13:55:45.340 [JavaFX Application Thread] DEBUG AssetLoader          - Loading from disk: /assets/ui/fonts/VarelaRound-Regular.ttf
13:55:45.474 [JavaFX Application Thread] DEBUG MainWindow           - Creating a JavaFX scene
13:55:45.528 [JavaFX Application Thread] DEBUG MainWindow           - Target settings size: 800.0 x 600.0
13:55:45.529 [JavaFX Application Thread] DEBUG MainWindow           - Scaled scene size:    800.0 x 600.0
13:55:45.529 [JavaFX Application Thread] DEBUG MainWindow           - Scaled ratio: (1.0, 1.0)
13:55:45.531 [JavaFX Application Thread] DEBUG AssetLoader          - Loading from disk: /assets/ui/css/fxgl_dark.css
13:55:45.534 [JavaFX Application Thread] DEBUG AssetLoader          - Loading from disk: /assets/textures/fxgl_icon.png
13:55:45.546 [JavaFX Application Thread] DEBUG MainWindow           - Opening main window
13:55:45.648 [JavaFX Application Thread] DEBUG MainWindow           - Window border size: (16.0, 39.0)
13:55:45.648 [JavaFX Application Thread] DEBUG MainWindow           - Scaled size: 800.0 x 600.0
13:55:45.649 [JavaFX Application Thread] DEBUG MainWindow           - Scaled ratio: (1.0, 1.0)
13:55:45.649 [JavaFX Application Thread] DEBUG MainWindow           - Scene size: 800.0 x 600.0
13:55:45.649 [JavaFX Application Thread] DEBUG MainWindow           - Stage size: 816.0 x 639.0
13:55:45.696 [ForkJoinPool.commonPool-worker-3] DEBUG FS                   - Loaded DesktopFSService
13:55:45.696 [ForkJoinPool.commonPool-worker-3] DEBUG FXGL                 - Loading FXGL system data
13:55:45.702 [ForkJoinPool.commonPool-worker-3] DEBUG DesktopFSService     - Reading from: system\fxgl.bundle
13:55:45.710 [ForkJoinPool.commonPool-worker-3] DEBUG Bundle               - Logging bundle: FXGL
13:55:45.711 [ForkJoinPool.commonPool-worker-3] DEBUG Bundle               - FXGL.offline.timer.version.check=2019-01-10T13:35:56.730764500
13:55:45.711 [ForkJoinPool.commonPool-worker-3] DEBUG FXGL                 - Initializing state machine and application states
13:55:45.712 [ForkJoinPool.commonPool-worker-3] DEBUG AssetLoader          - Loading from disk: /assets/ui/cursors/fxgl_default.png
13:55:45.718 [ForkJoinPool.commonPool-worker-3] DEBUG AssetLoader          - Loading from disk: /assets/ui/cursors/fxgl_default.png
13:55:45.727 [ForkJoinPool.commonPool-worker-3] DEBUG AssetLoader          - Loading from cache: /assets/ui/fonts/VarelaRound-Regular.ttf
13:55:45.729 [ForkJoinPool.commonPool-worker-3] DEBUG AssetLoader          - Loading from disk: /assets/ui/cursors/fxgl_default.png
13:55:45.732 [ForkJoinPool.commonPool-worker-3] DEBUG GameScene            - Game scene initialized: 800x600
13:55:45.735 [ForkJoinPool.commonPool-worker-3] DEBUG GameWorld            - Game world initialized
13:55:45.774 [ForkJoinPool.commonPool-worker-3] DEBUG PhysicsWorld         - Physics world initialized: appHeight=600, physics.ppm=50,0
13:55:45.785 [ForkJoinPool.commonPool-worker-3] DEBUG Input                - Registered new binding: Pause - Esc
13:55:45.824 [JavaFX Application Thread] DEBUG FXGL                 - Running preInit()
13:55:45.825 [JavaFX Application Thread] DEBUG Input                - Registered new binding: Screenshot - P
13:55:45.825 [JavaFX Application Thread] DEBUG Input                - Registered new binding: Dev Options - CTRL+0
13:55:45.826 [JavaFX Application Thread] DEBUG Input                - Registered new binding: System info dump - CTRL+9
13:55:45.826 [JavaFX Application Thread] DEBUG Input                - Registered new binding: Restart - CTRL+R
13:55:45.826 [JavaFX Application Thread] DEBUG Input                - Registered new binding: Right - D
13:55:45.826 [JavaFX Application Thread] DEBUG Input                - Registered new binding: Left - A
13:55:45.826 [JavaFX Application Thread] DEBUG Input                - Registered new binding: Up - W
13:55:45.826 [JavaFX Application Thread] DEBUG Input                - Registered new binding: Down - S
13:55:45.827 [JavaFX Application Thread] INFO  FXGL                 - FXGL initialization took: 0,615 sec
13:55:45.827 [JavaFX Application Thread] DEBUG LoopRunner           - Starting loop
13:55:45.831 [JavaFX Application Thread] DEBUG StartupState         - STARTUP
13:55:45.831 [JavaFX Application Thread] DEBUG GameApplication      - Starting new game
13:55:45.831 [JavaFX Application Thread] DEBUG Input                - Clearing active input actions
13:55:45.832 [JavaFX Application Thread] DEBUG AssetLoader          - Loading from disk: /assets/ui/css/fxgl_dark.css
13:55:45.838 [JavaFX Application Thread] DEBUG AppStateMachine      - StartupState -> LoadingState
13:55:45.868 [FXGL Background Thread 1 ] DEBUG InitAppTask          - Clearing previous game
13:55:45.868 [FXGL Background Thread 1 ] DEBUG GameWorld            - Clearing game world
13:55:45.868 [FXGL Background Thread 1 ] DEBUG PhysicsWorld         - Clearing physics world
13:55:45.869 [FXGL Background Thread 1 ] DEBUG GameScene            - Clearing game scene
13:55:45.869 [FXGL Background Thread 1 ] DEBUG InitAppTask          - Initializing Game
13:55:45.893 [FXGL Background Thread 1 ] DEBUG AssetLoader          - Loading from disk: /assets/textures/newdude.png
13:55:45.899 [FXGL Background Thread 1 ] DEBUG AssetLoader          - Loading from cache: /assets/textures/newdude.png
13:55:45.900 [FXGL Background Thread 1 ] DEBUG GameScene            - Creating render group for layer: DEFAULT(100000)
13:55:45.904 [FXGL Background Thread 1 ] DEBUG InitAppTask          - Initializing Physics
13:55:45.904 [FXGL Background Thread 1 ] DEBUG InitAppTask          - Initializing UI
13:55:45.905 [FXGL Background Thread 1 ] DEBUG InitAppTask          - Initialization Complete
13:55:45.905 [FXGL Background Thread 1 ] INFO  InitAppTask          - Game initialization took: 0,036 sec
13:55:45.908 [JavaFX Application Thread] DEBUG Input                - Clearing active input actions
13:55:45.909 [JavaFX Application Thread] DEBUG AssetLoader          - Loading from disk: /assets/ui/css/fxgl_dark.css
13:55:45.914 [JavaFX Application Thread] DEBUG AppStateMachine      - LoadingState -> PlayState
13:55:51.140 [JavaFX Application Thread] DEBUG FXGL                 - Exiting FXGL
13:55:51.140 [JavaFX Application Thread] DEBUG FXGL                 - Shutting down background threads
13:55:51.141 [JavaFX Application Thread] DEBUG FXGL                 - Saving FXGL system data
13:55:51.142 [JavaFX Application Thread] DEBUG DesktopFSService     - Writing to: system\fxgl.bundle
13:55:51.146 [JavaFX Application Thread] DEBUG FXGL                 - Closing logger and exiting JavaFX
