14:45:31.900 [JavaFX Application Thread] DEBUG GameApplication      - Logger initialized
14:45:31.902 [JavaFX Application Thread] DEBUG GameApplication      - Logging settings
Title: Burger Mario
Version: 1.0
Width: 1050
Height: 700
Fullscreen: false
Intro: false
Menus: false
Profiling: false
Single step:false
App Mode: DEVELOPER
Menu Key: ESCAPE
Stage Style: DECORATED
Scene Factory: class com.almasb.fxgl.scene.SceneFactory
Dialog Factory: class com.almasb.fxgl.ui.FXGLDialogFactory
UI Factory: class com.almasb.fxgl.ui.FXGLUIFactory
Notification Service: class com.almasb.fxgl.gameplay.notification.XboxNotificationView
Exception Handler: class com.almasb.fxgl.app.FXGLExceptionHandler
14:45:31.902 [JavaFX Application Thread] DEBUG GameApplication      - Starting FXGL
14:45:31.910 [JavaFX Application Thread] INFO  FXGL                 - FXGL-0.5.4 on DESKTOP
14:45:31.911 [JavaFX Application Thread] INFO  FXGL                 - Source code and latest versions at: https://github.com/AlmasB/FXGL
14:45:31.911 [JavaFX Application Thread] INFO  FXGL                 -              Join the FXGL chat at: https://gitter.im/AlmasB/FXGL
14:45:31.911 [JavaFX Application Thread] DEBUG FXGL                 - FXGL started
14:45:31.911 [JavaFX Application Thread] DEBUG FXGL                 - Initializing FXGL
14:45:31.947 [JavaFX Application Thread] DEBUG AssetLoader          - Loading from disk: /assets/ui/cursors/fxgl_default.png
14:45:31.989 [JavaFX Application Thread] DEBUG AssetLoader          - Loading from disk: /assets/ui/fonts/VarelaRound-Regular.ttf
14:45:32.068 [JavaFX Application Thread] DEBUG MainWindow           - Creating a JavaFX scene
14:45:32.102 [JavaFX Application Thread] DEBUG MainWindow           - Target settings size: 1050.0 x 700.0
14:45:32.102 [JavaFX Application Thread] DEBUG MainWindow           - Scaled scene size:    1050.0 x 700.0
14:45:32.102 [JavaFX Application Thread] DEBUG MainWindow           - Scaled ratio: (1.0, 1.0)
14:45:32.104 [JavaFX Application Thread] DEBUG AssetLoader          - Loading from disk: /assets/ui/css/fxgl_dark.css
14:45:32.106 [JavaFX Application Thread] DEBUG AssetLoader          - Loading from disk: /assets/textures/burger.png
14:45:32.108 [JavaFX Application Thread] DEBUG MainWindow           - Opening main window
14:45:32.306 [JavaFX Application Thread] DEBUG MainWindow           - Window border size: (6.0, 25.0)
14:45:32.307 [JavaFX Application Thread] DEBUG MainWindow           - Scaled size: 1050.0 x 700.0
14:45:32.307 [JavaFX Application Thread] DEBUG MainWindow           - Scaled ratio: (1.0, 1.0)
14:45:32.307 [JavaFX Application Thread] DEBUG MainWindow           - Scene size: 1050.0 x 700.0
14:45:32.307 [JavaFX Application Thread] DEBUG MainWindow           - Stage size: 1056.0 x 725.0
14:45:32.332 [ForkJoinPool.commonPool-worker-3] DEBUG FS                   - Loaded DesktopFSService
14:45:32.332 [ForkJoinPool.commonPool-worker-3] DEBUG FXGL                 - Loading FXGL system data
14:45:32.336 [ForkJoinPool.commonPool-worker-3] DEBUG DesktopFSService     - Reading from: system\fxgl.bundle
14:45:32.342 [ForkJoinPool.commonPool-worker-3] DEBUG Bundle               - Logging bundle: FXGL
14:45:32.342 [ForkJoinPool.commonPool-worker-3] DEBUG Bundle               - FXGL.offline.timer.version.check=2019-01-24T23:07:38.424640400
14:45:32.343 [ForkJoinPool.commonPool-worker-3] DEBUG FXGL                 - Initializing state machine and application states
14:45:32.344 [ForkJoinPool.commonPool-worker-3] DEBUG AssetLoader          - Loading from disk: /assets/ui/cursors/fxgl_default.png
14:45:32.350 [ForkJoinPool.commonPool-worker-3] DEBUG AssetLoader          - Loading from disk: /assets/ui/cursors/fxgl_default.png
14:45:32.356 [ForkJoinPool.commonPool-worker-3] DEBUG AssetLoader          - Loading from cache: /assets/ui/fonts/VarelaRound-Regular.ttf
14:45:32.358 [ForkJoinPool.commonPool-worker-3] DEBUG AssetLoader          - Loading from disk: /assets/ui/cursors/fxgl_default.png
14:45:32.360 [ForkJoinPool.commonPool-worker-3] DEBUG GameScene            - Game scene initialized: 1050x700
14:45:32.364 [ForkJoinPool.commonPool-worker-3] DEBUG GameWorld            - Game world initialized
14:45:32.406 [ForkJoinPool.commonPool-worker-3] DEBUG PhysicsWorld         - Physics world initialized: appHeight=700, physics.ppm=50.0
14:45:32.417 [ForkJoinPool.commonPool-worker-3] DEBUG Input                - Registered new binding: Pause - Esc
14:45:32.447 [JavaFX Application Thread] DEBUG FXGL                 - Running preInit()
14:45:32.448 [JavaFX Application Thread] DEBUG Input                - Registered new binding: Screenshot - P
14:45:32.448 [JavaFX Application Thread] DEBUG Input                - Registered new binding: Dev Options - CTRL+0
14:45:32.448 [JavaFX Application Thread] DEBUG Input                - Registered new binding: System info dump - CTRL+9
14:45:32.448 [JavaFX Application Thread] DEBUG Input                - Registered new binding: Restart - CTRL+R
14:45:32.448 [JavaFX Application Thread] DEBUG Input                - Registered new binding: left - Left
14:45:32.449 [JavaFX Application Thread] DEBUG Input                - Registered new binding: right - Right
14:45:32.449 [JavaFX Application Thread] DEBUG Input                - Registered new binding: leftA - A
14:45:32.449 [JavaFX Application Thread] DEBUG Input                - Registered new binding: rightD - D
14:45:32.449 [JavaFX Application Thread] DEBUG Input                - Registered new binding: jump - Space
14:45:32.449 [JavaFX Application Thread] DEBUG Input                - Registered new binding: jumpW - W
14:45:32.449 [JavaFX Application Thread] DEBUG Input                - Registered new binding: jumpUp - Up
14:45:32.449 [JavaFX Application Thread] DEBUG Input                - Registered new binding: powerUp - O
14:45:32.450 [JavaFX Application Thread] INFO  FXGL                 - FXGL initialization took: 0.538 sec
14:45:32.450 [JavaFX Application Thread] DEBUG LoopRunner           - Starting loop
14:45:32.451 [JavaFX Application Thread] DEBUG StartupState         - STARTUP
14:45:32.451 [JavaFX Application Thread] DEBUG GameApplication      - Starting new game
14:45:32.451 [JavaFX Application Thread] DEBUG Input                - Clearing active input actions
14:45:32.452 [JavaFX Application Thread] DEBUG AssetLoader          - Loading from disk: /assets/ui/css/fxgl_dark.css
14:45:32.457 [JavaFX Application Thread] DEBUG AppStateMachine      - StartupState -> LoadingState
14:45:32.460 [FXGL Background Thread 1 ] DEBUG InitAppTask          - Clearing previous game
14:45:32.460 [FXGL Background Thread 1 ] DEBUG GameWorld            - Clearing game world
14:45:32.460 [FXGL Background Thread 1 ] DEBUG PhysicsWorld         - Clearing physics world
14:45:32.460 [FXGL Background Thread 1 ] DEBUG GameScene            - Clearing game scene
14:45:32.461 [FXGL Background Thread 1 ] DEBUG InitAppTask          - Initializing Game
14:45:32.483 [FXGL Background Thread 1 ] DEBUG AssetLoader          - Loading from disk: /assets/json/MarioLevel-1.json
14:45:32.664 [FXGL Background Thread 1 ] DEBUG GameWorld            - Clearing removable entities
14:45:32.664 [FXGL Background Thread 1 ] DEBUG GameWorld            - Setting level from map
14:45:32.679 [FXGL Background Thread 1 ] DEBUG AssetLoader          - Loading from disk: /assets/textures/tiles_spritesheet.png
14:45:32.705 [FXGL Background Thread 1 ] DEBUG AssetLoader          - Loading from cache: /assets/textures/tiles_spritesheet.png
14:45:32.706 [FXGL Background Thread 1 ] DEBUG AssetLoader          - Loading from cache: /assets/textures/tiles_spritesheet.png
14:45:32.706 [FXGL Background Thread 1 ] DEBUG AssetLoader          - Loading from cache: /assets/textures/tiles_spritesheet.png
14:45:32.706 [FXGL Background Thread 1 ] DEBUG AssetLoader          - Loading from cache: /assets/textures/tiles_spritesheet.png
14:45:32.706 [FXGL Background Thread 1 ] DEBUG AssetLoader          - Loading from cache: /assets/textures/tiles_spritesheet.png
14:45:32.706 [FXGL Background Thread 1 ] DEBUG AssetLoader          - Loading from cache: /assets/textures/tiles_spritesheet.png
14:45:32.706 [FXGL Background Thread 1 ] DEBUG AssetLoader          - Loading from cache: /assets/textures/tiles_spritesheet.png
14:45:32.706 [FXGL Background Thread 1 ] DEBUG AssetLoader          - Loading from cache: /assets/textures/tiles_spritesheet.png
14:45:32.706 [FXGL Background Thread 1 ] DEBUG AssetLoader          - Loading from cache: /assets/textures/tiles_spritesheet.png
14:45:32.707 [FXGL Background Thread 1 ] DEBUG AssetLoader          - Loading from cache: /assets/textures/tiles_spritesheet.png
14:45:32.707 [FXGL Background Thread 1 ] DEBUG AssetLoader          - Loading from cache: /assets/textures/tiles_spritesheet.png
14:45:32.707 [FXGL Background Thread 1 ] DEBUG AssetLoader          - Loading from cache: /assets/textures/tiles_spritesheet.png
14:45:32.707 [FXGL Background Thread 1 ] DEBUG AssetLoader          - Loading from cache: /assets/textures/tiles_spritesheet.png
14:45:32.707 [FXGL Background Thread 1 ] DEBUG AssetLoader          - Loading from cache: /assets/textures/tiles_spritesheet.png
14:45:32.707 [FXGL Background Thread 1 ] DEBUG AssetLoader          - Loading from cache: /assets/textures/tiles_spritesheet.png
14:45:32.707 [FXGL Background Thread 1 ] DEBUG AssetLoader          - Loading from cache: /assets/textures/tiles_spritesheet.png
14:45:32.707 [FXGL Background Thread 1 ] DEBUG AssetLoader          - Loading from cache: /assets/textures/tiles_spritesheet.png
14:45:32.707 [FXGL Background Thread 1 ] DEBUG AssetLoader          - Loading from cache: /assets/textures/tiles_spritesheet.png
14:45:32.707 [FXGL Background Thread 1 ] DEBUG AssetLoader          - Loading from cache: /assets/textures/tiles_spritesheet.png
14:45:32.707 [FXGL Background Thread 1 ] DEBUG AssetLoader          - Loading from cache: /assets/textures/tiles_spritesheet.png
14:45:32.708 [FXGL Background Thread 1 ] DEBUG AssetLoader          - Loading from cache: /assets/textures/tiles_spritesheet.png
14:45:32.709 [FXGL Background Thread 1 ] DEBUG GameScene            - Creating render group for layer: BACKGROUND(1000)
14:45:32.733 [FXGL Background Thread 1 ] DEBUG GameScene            - Creating render group for layer: DEFAULT(100000)
14:45:32.735 [FXGL Background Thread 1 ] DEBUG AssetLoader          - Loading from cache: /assets/textures/burger.png
14:45:32.737 [FXGL Background Thread 1 ] DEBUG AssetLoader          - Loading from cache: /assets/textures/burger.png
14:45:32.737 [FXGL Background Thread 1 ] DEBUG AssetLoader          - Loading from cache: /assets/textures/burger.png
14:45:32.738 [FXGL Background Thread 1 ] DEBUG AssetLoader          - Loading from cache: /assets/textures/burger.png
14:45:32.739 [FXGL Background Thread 1 ] DEBUG AssetLoader          - Loading from cache: /assets/textures/burger.png
14:45:32.741 [FXGL Background Thread 1 ] DEBUG AssetLoader          - Loading from disk: /assets/textures/TrumpAfk.png
14:45:32.742 [FXGL Background Thread 1 ] DEBUG AssetLoader          - Loading from cache: /assets/textures/TrumpAfk.png
14:45:32.743 [FXGL Background Thread 1 ] DEBUG AssetLoader          - Loading from disk: /assets/textures/trumpWalk.png
14:45:32.746 [FXGL Background Thread 1 ] DEBUG AssetLoader          - Loading from disk: /assets/textures/Thwomp.png
14:45:32.747 [FXGL Background Thread 1 ] DEBUG AssetLoader          - Loading from cache: /assets/textures/Thwomp.png
14:45:32.747 [FXGL Background Thread 1 ] DEBUG AssetLoader          - Loading from cache: /assets/textures/Thwomp.png
14:45:32.800 [FXGL Background Thread 1 ] DEBUG AudioPlayer          - Playing music com.almasb.fxgl.audio.Music@155f3a8f
14:45:32.802 [FXGL Background Thread 1 ] DEBUG InitAppTask          - Initializing Physics
14:45:32.803 [FXGL Background Thread 1 ] DEBUG InitAppTask          - Initializing UI
14:45:32.803 [FXGL Background Thread 1 ] DEBUG AssetLoader          - Loading from disk: /assets/textures/BackgroundMario.png
14:45:32.818 [FXGL Background Thread 1 ] DEBUG InitAppTask          - Initialization Complete
14:45:32.818 [FXGL Background Thread 1 ] INFO  InitAppTask          - Game initialization took: 0.358 sec
14:45:32.829 [JavaFX Application Thread] DEBUG Input                - Clearing active input actions
14:45:32.829 [JavaFX Application Thread] DEBUG AssetLoader          - Loading from disk: /assets/ui/css/fxgl_dark.css
14:45:32.837 [JavaFX Application Thread] DEBUG AppStateMachine      - LoadingState -> PlayState
14:45:33.974 [JavaFX Application Thread] DEBUG FXGL                 - Exiting FXGL
14:45:33.974 [JavaFX Application Thread] DEBUG FXGL                 - Shutting down background threads
14:45:33.975 [JavaFX Application Thread] DEBUG FXGL                 - Saving FXGL system data
14:45:33.976 [JavaFX Application Thread] DEBUG DesktopFSService     - Writing to: system\fxgl.bundle
14:45:33.979 [JavaFX Application Thread] DEBUG FXGL                 - Closing logger and exiting JavaFX
