23:37:41.252 [JavaFX Application Thread] DEBUG GameApplication      - Logger initialized
23:37:41.256 [JavaFX Application Thread] DEBUG GameApplication      - Logging settings
Title: Burger Mario
Version: 0.5
Width: 1050
Height: 700
Fullscreen: false
Intro: false
Menus: false
Profiling: false
Single step:false
App Mode: DEVELOPER
Menu Key: ESCAPE
Stage Style: DECORATED
Scene Factory: class com.almasb.fxgl.scene.SceneFactory
Dialog Factory: class com.almasb.fxgl.ui.FXGLDialogFactory
UI Factory: class com.almasb.fxgl.ui.FXGLUIFactory
Notification Service: class com.almasb.fxgl.gameplay.notification.XboxNotificationView
Exception Handler: class com.almasb.fxgl.app.FXGLExceptionHandler
23:37:41.256 [JavaFX Application Thread] DEBUG GameApplication      - Starting FXGL
23:37:41.267 [JavaFX Application Thread] INFO  FXGL                 - FXGL-0.5.4 on DESKTOP
23:37:41.267 [JavaFX Application Thread] INFO  FXGL                 - Source code and latest versions at: https://github.com/AlmasB/FXGL
23:37:41.268 [JavaFX Application Thread] INFO  FXGL                 -              Join the FXGL chat at: https://gitter.im/AlmasB/FXGL
23:37:41.268 [JavaFX Application Thread] DEBUG FXGL                 - FXGL started
23:37:41.268 [JavaFX Application Thread] DEBUG FXGL                 - Initializing FXGL
23:37:41.304 [JavaFX Application Thread] DEBUG AssetLoader          - Loading from disk: /assets/ui/cursors/fxgl_default.png
23:37:41.360 [JavaFX Application Thread] DEBUG AssetLoader          - Loading from disk: /assets/ui/fonts/VarelaRound-Regular.ttf
23:37:41.463 [JavaFX Application Thread] DEBUG MainWindow           - Creating a JavaFX scene
23:37:41.529 [JavaFX Application Thread] DEBUG MainWindow           - Target settings size: 1050.0 x 700.0
23:37:41.529 [JavaFX Application Thread] DEBUG MainWindow           - Scaled scene size:    1050.0 x 700.0
23:37:41.530 [JavaFX Application Thread] DEBUG MainWindow           - Scaled ratio: (1.0, 1.0)
23:37:41.532 [JavaFX Application Thread] DEBUG AssetLoader          - Loading from disk: /assets/ui/css/fxgl_dark.css
23:37:41.535 [JavaFX Application Thread] DEBUG AssetLoader          - Loading from disk: /assets/textures/fxgl_icon.png
23:37:41.550 [JavaFX Application Thread] DEBUG MainWindow           - Opening main window
23:37:41.758 [JavaFX Application Thread] DEBUG MainWindow           - Window border size: (6.0, 25.0)
23:37:41.758 [JavaFX Application Thread] DEBUG MainWindow           - Scaled size: 1050.0 x 700.0
23:37:41.759 [JavaFX Application Thread] DEBUG MainWindow           - Scaled ratio: (1.0, 1.0)
23:37:41.759 [JavaFX Application Thread] DEBUG MainWindow           - Scene size: 1050.0 x 700.0
23:37:41.759 [JavaFX Application Thread] DEBUG MainWindow           - Stage size: 1056.0 x 725.0
23:37:41.791 [ForkJoinPool.commonPool-worker-3] DEBUG FS                   - Loaded DesktopFSService
23:37:41.791 [ForkJoinPool.commonPool-worker-3] DEBUG FXGL                 - Loading FXGL system data
23:37:41.796 [ForkJoinPool.commonPool-worker-3] DEBUG DesktopFSService     - Reading from: system\fxgl.bundle
23:37:41.804 [ForkJoinPool.commonPool-worker-3] DEBUG Bundle               - Logging bundle: FXGL
23:37:41.804 [ForkJoinPool.commonPool-worker-3] DEBUG Bundle               - FXGL.offline.timer.version.check=2019-01-24T23:07:38.424640400
23:37:41.805 [ForkJoinPool.commonPool-worker-3] DEBUG FXGL                 - Initializing state machine and application states
23:37:41.807 [ForkJoinPool.commonPool-worker-3] DEBUG AssetLoader          - Loading from disk: /assets/ui/cursors/fxgl_default.png
23:37:41.813 [ForkJoinPool.commonPool-worker-3] DEBUG AssetLoader          - Loading from disk: /assets/ui/cursors/fxgl_default.png
23:37:41.821 [ForkJoinPool.commonPool-worker-3] DEBUG AssetLoader          - Loading from cache: /assets/ui/fonts/VarelaRound-Regular.ttf
23:37:41.837 [ForkJoinPool.commonPool-worker-3] DEBUG AssetLoader          - Loading from disk: /assets/ui/cursors/fxgl_default.png
23:37:41.839 [ForkJoinPool.commonPool-worker-3] DEBUG GameScene            - Game scene initialized: 1050x700
23:37:41.842 [ForkJoinPool.commonPool-worker-3] DEBUG GameWorld            - Game world initialized
23:37:41.876 [ForkJoinPool.commonPool-worker-3] DEBUG PhysicsWorld         - Physics world initialized: appHeight=700, physics.ppm=50.0
23:37:41.889 [ForkJoinPool.commonPool-worker-3] DEBUG Input                - Registered new binding: Pause - Esc
23:37:41.921 [JavaFX Application Thread] DEBUG FXGL                 - Running preInit()
23:37:41.922 [JavaFX Application Thread] DEBUG Input                - Registered new binding: Screenshot - P
23:37:41.923 [JavaFX Application Thread] DEBUG Input                - Registered new binding: Dev Options - CTRL+0
23:37:41.923 [JavaFX Application Thread] DEBUG Input                - Registered new binding: System info dump - CTRL+9
23:37:41.923 [JavaFX Application Thread] DEBUG Input                - Registered new binding: Restart - CTRL+R
23:37:41.923 [JavaFX Application Thread] DEBUG Input                - Registered new binding: left - Left
23:37:41.924 [JavaFX Application Thread] DEBUG Input                - Registered new binding: right - Right
23:37:41.924 [JavaFX Application Thread] DEBUG Input                - Registered new binding: leftA - A
23:37:41.924 [JavaFX Application Thread] DEBUG Input                - Registered new binding: rightD - D
23:37:41.924 [JavaFX Application Thread] DEBUG Input                - Registered new binding: jump - Space
23:37:41.924 [JavaFX Application Thread] DEBUG Input                - Registered new binding: jumpW - W
23:37:41.924 [JavaFX Application Thread] DEBUG Input                - Registered new binding: jumpUp - Up
23:37:41.924 [JavaFX Application Thread] DEBUG Input                - Registered new binding: powerUp - O
23:37:41.925 [JavaFX Application Thread] INFO  FXGL                 - FXGL initialization took: 0.657 sec
23:37:41.925 [JavaFX Application Thread] DEBUG LoopRunner           - Starting loop
23:37:41.927 [JavaFX Application Thread] DEBUG StartupState         - STARTUP
23:37:41.927 [JavaFX Application Thread] DEBUG GameApplication      - Starting new game
23:37:41.927 [JavaFX Application Thread] DEBUG Input                - Clearing active input actions
23:37:41.928 [JavaFX Application Thread] DEBUG AssetLoader          - Loading from disk: /assets/ui/css/fxgl_dark.css
23:37:41.934 [JavaFX Application Thread] DEBUG AppStateMachine      - StartupState -> LoadingState
23:37:41.947 [FXGL Background Thread 1 ] DEBUG InitAppTask          - Clearing previous game
23:37:41.947 [FXGL Background Thread 1 ] DEBUG GameWorld            - Clearing game world
23:37:41.947 [FXGL Background Thread 1 ] DEBUG PhysicsWorld         - Clearing physics world
23:37:41.947 [FXGL Background Thread 1 ] DEBUG GameScene            - Clearing game scene
23:37:41.948 [FXGL Background Thread 1 ] DEBUG InitAppTask          - Initializing Game
23:37:41.992 [FXGL Background Thread 1 ] DEBUG AssetLoader          - Loading from disk: /assets/json/MarioLevel-1.json
23:37:42.171 [FXGL Background Thread 1 ] DEBUG GameWorld            - Clearing removable entities
23:37:42.171 [FXGL Background Thread 1 ] DEBUG GameWorld            - Setting level from map
23:37:42.185 [FXGL Background Thread 1 ] DEBUG AssetLoader          - Loading from disk: /assets/textures/tiles_spritesheet.png
23:37:42.218 [FXGL Background Thread 1 ] DEBUG AssetLoader          - Loading from cache: /assets/textures/tiles_spritesheet.png
23:37:42.219 [FXGL Background Thread 1 ] DEBUG AssetLoader          - Loading from cache: /assets/textures/tiles_spritesheet.png
23:37:42.219 [FXGL Background Thread 1 ] DEBUG AssetLoader          - Loading from cache: /assets/textures/tiles_spritesheet.png
23:37:42.227 [FXGL Background Thread 1 ] DEBUG AssetLoader          - Loading from cache: /assets/textures/tiles_spritesheet.png
23:37:42.227 [FXGL Background Thread 1 ] DEBUG AssetLoader          - Loading from cache: /assets/textures/tiles_spritesheet.png
23:37:42.227 [FXGL Background Thread 1 ] DEBUG AssetLoader          - Loading from cache: /assets/textures/tiles_spritesheet.png
23:37:42.227 [FXGL Background Thread 1 ] DEBUG AssetLoader          - Loading from cache: /assets/textures/tiles_spritesheet.png
23:37:42.227 [FXGL Background Thread 1 ] DEBUG AssetLoader          - Loading from cache: /assets/textures/tiles_spritesheet.png
23:37:42.227 [FXGL Background Thread 1 ] DEBUG AssetLoader          - Loading from cache: /assets/textures/tiles_spritesheet.png
23:37:42.227 [FXGL Background Thread 1 ] DEBUG AssetLoader          - Loading from cache: /assets/textures/tiles_spritesheet.png
23:37:42.228 [FXGL Background Thread 1 ] DEBUG AssetLoader          - Loading from cache: /assets/textures/tiles_spritesheet.png
23:37:42.228 [FXGL Background Thread 1 ] DEBUG AssetLoader          - Loading from cache: /assets/textures/tiles_spritesheet.png
23:37:42.228 [FXGL Background Thread 1 ] DEBUG AssetLoader          - Loading from cache: /assets/textures/tiles_spritesheet.png
23:37:42.228 [FXGL Background Thread 1 ] DEBUG AssetLoader          - Loading from cache: /assets/textures/tiles_spritesheet.png
23:37:42.228 [FXGL Background Thread 1 ] DEBUG AssetLoader          - Loading from cache: /assets/textures/tiles_spritesheet.png
23:37:42.228 [FXGL Background Thread 1 ] DEBUG AssetLoader          - Loading from cache: /assets/textures/tiles_spritesheet.png
23:37:42.228 [FXGL Background Thread 1 ] DEBUG AssetLoader          - Loading from cache: /assets/textures/tiles_spritesheet.png
23:37:42.228 [FXGL Background Thread 1 ] DEBUG AssetLoader          - Loading from cache: /assets/textures/tiles_spritesheet.png
23:37:42.228 [FXGL Background Thread 1 ] DEBUG AssetLoader          - Loading from cache: /assets/textures/tiles_spritesheet.png
23:37:42.229 [FXGL Background Thread 1 ] DEBUG AssetLoader          - Loading from cache: /assets/textures/tiles_spritesheet.png
23:37:42.229 [FXGL Background Thread 1 ] DEBUG AssetLoader          - Loading from cache: /assets/textures/tiles_spritesheet.png
23:37:42.230 [FXGL Background Thread 1 ] DEBUG GameScene            - Creating render group for layer: BACKGROUND(1000)
23:37:42.253 [FXGL Background Thread 1 ] DEBUG GameScene            - Creating render group for layer: DEFAULT(100000)
23:37:42.257 [FXGL Background Thread 1 ] DEBUG AssetLoader          - Loading from disk: /assets/textures/burger.png
23:37:42.269 [FXGL Background Thread 1 ] DEBUG AssetLoader          - Loading from cache: /assets/textures/burger.png
23:37:42.270 [FXGL Background Thread 1 ] DEBUG AssetLoader          - Loading from cache: /assets/textures/burger.png
23:37:42.270 [FXGL Background Thread 1 ] DEBUG AssetLoader          - Loading from cache: /assets/textures/burger.png
23:37:42.271 [FXGL Background Thread 1 ] DEBUG AssetLoader          - Loading from cache: /assets/textures/burger.png
23:37:42.273 [FXGL Background Thread 1 ] DEBUG AssetLoader          - Loading from disk: /assets/textures/newdude.png
23:37:42.275 [FXGL Background Thread 1 ] DEBUG AssetLoader          - Loading from disk: /assets/textures/trumpAfk.png
23:37:42.277 [FXGL Background Thread 1 ] DEBUG AssetLoader          - Loading from disk: /assets/textures/trumpWalk.png
23:37:42.279 [FXGL Background Thread 1 ] DEBUG AssetLoader          - Loading from disk: /assets/textures/Thwomp.png
23:37:42.282 [FXGL Background Thread 1 ] DEBUG AssetLoader          - Loading from cache: /assets/textures/Thwomp.png
23:37:42.282 [FXGL Background Thread 1 ] DEBUG AssetLoader          - Loading from cache: /assets/textures/Thwomp.png
23:37:42.338 [FXGL Background Thread 1 ] DEBUG AudioPlayer          - Playing music com.almasb.fxgl.audio.Music@72ea3816
23:37:42.340 [FXGL Background Thread 1 ] DEBUG InitAppTask          - Initializing Physics
23:37:42.341 [FXGL Background Thread 1 ] DEBUG InitAppTask          - Initializing UI
23:37:42.341 [FXGL Background Thread 1 ] DEBUG AssetLoader          - Loading from disk: /assets/textures/BackgroundMario.png
23:37:42.365 [FXGL Background Thread 1 ] DEBUG InitAppTask          - Initialization Complete
23:37:42.366 [FXGL Background Thread 1 ] INFO  InitAppTask          - Game initialization took: 0.419 sec
23:37:42.377 [JavaFX Application Thread] DEBUG Input                - Clearing active input actions
23:37:42.377 [JavaFX Application Thread] DEBUG AssetLoader          - Loading from disk: /assets/ui/css/fxgl_dark.css
23:37:42.386 [JavaFX Application Thread] DEBUG AppStateMachine      - LoadingState -> PlayState
23:37:54.952 [JavaFX Application Thread] DEBUG AssetLoader          - Loading from cache: /assets/textures/Thwomp.png
23:37:54.952 [JavaFX Application Thread] DEBUG AssetLoader          - Loading from cache: /assets/textures/Thwomp.png
23:37:54.952 [JavaFX Application Thread] DEBUG AssetLoader          - Loading from cache: /assets/textures/Thwomp.png
23:37:54.953 [JavaFX Application Thread] DEBUG AssetLoader          - Loading from cache: /assets/textures/newdude.png
23:37:54.953 [JavaFX Application Thread] DEBUG AssetLoader          - Loading from cache: /assets/textures/trumpAfk.png
23:37:54.953 [JavaFX Application Thread] DEBUG AssetLoader          - Loading from cache: /assets/textures/trumpWalk.png
23:38:01.319 [JavaFX Application Thread] DEBUG AssetLoader          - Loading from cache: /assets/textures/Thwomp.png
23:38:01.320 [JavaFX Application Thread] DEBUG AssetLoader          - Loading from cache: /assets/textures/Thwomp.png
23:38:01.320 [JavaFX Application Thread] DEBUG AssetLoader          - Loading from cache: /assets/textures/Thwomp.png
23:38:01.321 [JavaFX Application Thread] DEBUG AssetLoader          - Loading from cache: /assets/textures/newdude.png
23:38:01.321 [JavaFX Application Thread] DEBUG AssetLoader          - Loading from cache: /assets/textures/trumpAfk.png
23:38:01.321 [JavaFX Application Thread] DEBUG AssetLoader          - Loading from cache: /assets/textures/trumpWalk.png
23:38:14.545 [JavaFX Application Thread] DEBUG FXGL                 - Exiting FXGL
23:38:14.545 [JavaFX Application Thread] DEBUG FXGL                 - Shutting down background threads
23:38:14.545 [JavaFX Application Thread] DEBUG FXGL                 - Saving FXGL system data
23:38:14.548 [JavaFX Application Thread] DEBUG DesktopFSService     - Writing to: system\fxgl.bundle
23:38:14.551 [JavaFX Application Thread] DEBUG FXGL                 - Closing logger and exiting JavaFX
