16:24:24.914 [JavaFX Application Thread] DEBUG GameApplication      - Logger initialized
16:24:24.918 [JavaFX Application Thread] DEBUG GameApplication      - Logging settings
Title: Burger Mario
Version: 0.5
Width: 1050
Height: 700
Fullscreen: false
Intro: false
Menus: false
Profiling: false
Single step:false
App Mode: DEVELOPER
Menu Key: ESCAPE
Stage Style: DECORATED
Scene Factory: class com.almasb.fxgl.scene.SceneFactory
Dialog Factory: class com.almasb.fxgl.ui.FXGLDialogFactory
UI Factory: class com.almasb.fxgl.ui.FXGLUIFactory
Notification Service: class com.almasb.fxgl.gameplay.notification.XboxNotificationView
Exception Handler: class com.almasb.fxgl.app.FXGLExceptionHandler
16:24:24.918 [JavaFX Application Thread] DEBUG GameApplication      - Starting FXGL
16:24:24.928 [JavaFX Application Thread] INFO  FXGL                 - FXGL-0.5.4 on DESKTOP
16:24:24.928 [JavaFX Application Thread] INFO  FXGL                 - Source code and latest versions at: https://github.com/AlmasB/FXGL
16:24:24.928 [JavaFX Application Thread] INFO  FXGL                 -              Join the FXGL chat at: https://gitter.im/AlmasB/FXGL
16:24:24.928 [JavaFX Application Thread] DEBUG FXGL                 - FXGL started
16:24:24.928 [JavaFX Application Thread] DEBUG FXGL                 - Initializing FXGL
16:24:24.976 [JavaFX Application Thread] DEBUG AssetLoader          - Loading from disk: /assets/ui/cursors/fxgl_default.png
16:24:25.063 [JavaFX Application Thread] DEBUG AssetLoader          - Loading from disk: /assets/ui/fonts/VarelaRound-Regular.ttf
16:24:25.186 [JavaFX Application Thread] DEBUG MainWindow           - Creating a JavaFX scene
16:24:25.228 [JavaFX Application Thread] DEBUG MainWindow           - Target settings size: 1050.0 x 700.0
16:24:25.228 [JavaFX Application Thread] DEBUG MainWindow           - Scaled scene size:    1050.0 x 700.0
16:24:25.228 [JavaFX Application Thread] DEBUG MainWindow           - Scaled ratio: (1.0, 1.0)
16:24:25.230 [JavaFX Application Thread] DEBUG AssetLoader          - Loading from disk: /assets/ui/css/fxgl_dark.css
16:24:25.233 [JavaFX Application Thread] DEBUG AssetLoader          - Loading from disk: /assets/textures/fxgl_icon.png
16:24:25.246 [JavaFX Application Thread] DEBUG MainWindow           - Opening main window
16:24:25.457 [JavaFX Application Thread] DEBUG MainWindow           - Window border size: (6.0, 25.0)
16:24:25.457 [JavaFX Application Thread] DEBUG MainWindow           - Scaled size: 1050.0 x 700.0
16:24:25.457 [JavaFX Application Thread] DEBUG MainWindow           - Scaled ratio: (1.0, 1.0)
16:24:25.457 [JavaFX Application Thread] DEBUG MainWindow           - Scene size: 1050.0 x 700.0
16:24:25.457 [JavaFX Application Thread] DEBUG MainWindow           - Stage size: 1056.0 x 725.0
16:24:25.481 [ForkJoinPool.commonPool-worker-3] DEBUG FS                   - Loaded DesktopFSService
16:24:25.482 [ForkJoinPool.commonPool-worker-3] DEBUG FXGL                 - Loading FXGL system data
16:24:25.486 [ForkJoinPool.commonPool-worker-3] DEBUG DesktopFSService     - Reading from: system\fxgl.bundle
16:24:25.493 [ForkJoinPool.commonPool-worker-3] DEBUG Bundle               - Logging bundle: FXGL
16:24:25.493 [ForkJoinPool.commonPool-worker-3] DEBUG Bundle               - FXGL.offline.timer.version.check=2019-01-24T23:07:38.424640400
16:24:25.494 [ForkJoinPool.commonPool-worker-3] DEBUG FXGL                 - Initializing state machine and application states
16:24:25.497 [ForkJoinPool.commonPool-worker-3] DEBUG AssetLoader          - Loading from disk: /assets/ui/cursors/fxgl_default.png
16:24:25.501 [ForkJoinPool.commonPool-worker-3] DEBUG AssetLoader          - Loading from disk: /assets/ui/cursors/fxgl_default.png
16:24:25.507 [ForkJoinPool.commonPool-worker-3] DEBUG AssetLoader          - Loading from cache: /assets/ui/fonts/VarelaRound-Regular.ttf
16:24:25.508 [ForkJoinPool.commonPool-worker-3] DEBUG AssetLoader          - Loading from disk: /assets/ui/cursors/fxgl_default.png
16:24:25.510 [ForkJoinPool.commonPool-worker-3] DEBUG GameScene            - Game scene initialized: 1050x700
16:24:25.514 [ForkJoinPool.commonPool-worker-3] DEBUG GameWorld            - Game world initialized
16:24:25.564 [ForkJoinPool.commonPool-worker-3] DEBUG PhysicsWorld         - Physics world initialized: appHeight=700, physics.ppm=50.0
16:24:25.576 [ForkJoinPool.commonPool-worker-3] DEBUG Input                - Registered new binding: Pause - Esc
16:24:25.615 [JavaFX Application Thread] DEBUG FXGL                 - Running preInit()
16:24:25.616 [JavaFX Application Thread] DEBUG Input                - Registered new binding: Screenshot - P
16:24:25.617 [JavaFX Application Thread] DEBUG Input                - Registered new binding: Dev Options - CTRL+0
16:24:25.617 [JavaFX Application Thread] DEBUG Input                - Registered new binding: System info dump - CTRL+9
16:24:25.617 [JavaFX Application Thread] DEBUG Input                - Registered new binding: Restart - CTRL+R
16:24:25.617 [JavaFX Application Thread] DEBUG Input                - Registered new binding: left - Left
16:24:25.617 [JavaFX Application Thread] DEBUG Input                - Registered new binding: right - Right
16:24:25.617 [JavaFX Application Thread] DEBUG Input                - Registered new binding: leftA - A
16:24:25.618 [JavaFX Application Thread] DEBUG Input                - Registered new binding: rightD - D
16:24:25.618 [JavaFX Application Thread] DEBUG Input                - Registered new binding: jump - Space
16:24:25.618 [JavaFX Application Thread] DEBUG Input                - Registered new binding: jumpW - W
16:24:25.618 [JavaFX Application Thread] DEBUG Input                - Registered new binding: jumpUp - Up
16:24:25.618 [JavaFX Application Thread] DEBUG Input                - Registered new binding: powerUp - O
16:24:25.618 [JavaFX Application Thread] INFO  FXGL                 - FXGL initialization took: 0.690 sec
16:24:25.619 [JavaFX Application Thread] DEBUG LoopRunner           - Starting loop
16:24:25.620 [JavaFX Application Thread] DEBUG StartupState         - STARTUP
16:24:25.620 [JavaFX Application Thread] DEBUG GameApplication      - Starting new game
16:24:25.620 [JavaFX Application Thread] DEBUG Input                - Clearing active input actions
16:24:25.620 [JavaFX Application Thread] DEBUG AssetLoader          - Loading from disk: /assets/ui/css/fxgl_dark.css
16:24:25.626 [JavaFX Application Thread] DEBUG AppStateMachine      - StartupState -> LoadingState
16:24:25.630 [FXGL Background Thread 1 ] DEBUG InitAppTask          - Clearing previous game
16:24:25.630 [FXGL Background Thread 1 ] DEBUG GameWorld            - Clearing game world
16:24:25.630 [FXGL Background Thread 1 ] DEBUG PhysicsWorld         - Clearing physics world
16:24:25.630 [FXGL Background Thread 1 ] DEBUG GameScene            - Clearing game scene
16:24:25.631 [FXGL Background Thread 1 ] DEBUG InitAppTask          - Initializing Game
16:24:25.657 [FXGL Background Thread 1 ] DEBUG AssetLoader          - Loading from disk: /assets/json/MarioLevel-2.json
16:24:25.842 [FXGL Background Thread 1 ] DEBUG GameWorld            - Clearing removable entities
16:24:25.842 [FXGL Background Thread 1 ] DEBUG GameWorld            - Setting level from map
16:24:25.855 [FXGL Background Thread 1 ] DEBUG AssetLoader          - Loading from disk: /assets/textures/tiles_spritesheet.png
16:24:25.872 [FXGL Background Thread 1 ] DEBUG AssetLoader          - Loading from cache: /assets/textures/tiles_spritesheet.png
16:24:25.872 [FXGL Background Thread 1 ] DEBUG AssetLoader          - Loading from cache: /assets/textures/tiles_spritesheet.png
16:24:25.872 [FXGL Background Thread 1 ] DEBUG AssetLoader          - Loading from cache: /assets/textures/tiles_spritesheet.png
16:24:25.872 [FXGL Background Thread 1 ] DEBUG AssetLoader          - Loading from cache: /assets/textures/tiles_spritesheet.png
16:24:25.873 [FXGL Background Thread 1 ] DEBUG AssetLoader          - Loading from cache: /assets/textures/tiles_spritesheet.png
16:24:25.873 [FXGL Background Thread 1 ] DEBUG AssetLoader          - Loading from cache: /assets/textures/tiles_spritesheet.png
16:24:25.873 [FXGL Background Thread 1 ] DEBUG AssetLoader          - Loading from cache: /assets/textures/tiles_spritesheet.png
16:24:25.873 [FXGL Background Thread 1 ] DEBUG AssetLoader          - Loading from cache: /assets/textures/tiles_spritesheet.png
16:24:25.873 [FXGL Background Thread 1 ] DEBUG AssetLoader          - Loading from cache: /assets/textures/tiles_spritesheet.png
16:24:25.873 [FXGL Background Thread 1 ] DEBUG AssetLoader          - Loading from cache: /assets/textures/tiles_spritesheet.png
16:24:25.873 [FXGL Background Thread 1 ] DEBUG AssetLoader          - Loading from cache: /assets/textures/tiles_spritesheet.png
16:24:25.873 [FXGL Background Thread 1 ] DEBUG AssetLoader          - Loading from cache: /assets/textures/tiles_spritesheet.png
16:24:25.873 [FXGL Background Thread 1 ] DEBUG AssetLoader          - Loading from cache: /assets/textures/tiles_spritesheet.png
16:24:25.873 [FXGL Background Thread 1 ] DEBUG AssetLoader          - Loading from cache: /assets/textures/tiles_spritesheet.png
16:24:25.874 [FXGL Background Thread 1 ] DEBUG AssetLoader          - Loading from cache: /assets/textures/tiles_spritesheet.png
16:24:25.874 [FXGL Background Thread 1 ] DEBUG AssetLoader          - Loading from cache: /assets/textures/tiles_spritesheet.png
16:24:25.874 [FXGL Background Thread 1 ] DEBUG AssetLoader          - Loading from cache: /assets/textures/tiles_spritesheet.png
16:24:25.874 [FXGL Background Thread 1 ] DEBUG AssetLoader          - Loading from cache: /assets/textures/tiles_spritesheet.png
16:24:25.874 [FXGL Background Thread 1 ] DEBUG AssetLoader          - Loading from cache: /assets/textures/tiles_spritesheet.png
16:24:25.874 [FXGL Background Thread 1 ] DEBUG AssetLoader          - Loading from cache: /assets/textures/tiles_spritesheet.png
16:24:25.874 [FXGL Background Thread 1 ] DEBUG AssetLoader          - Loading from cache: /assets/textures/tiles_spritesheet.png
16:24:25.874 [FXGL Background Thread 1 ] DEBUG AssetLoader          - Loading from cache: /assets/textures/tiles_spritesheet.png
16:24:25.874 [FXGL Background Thread 1 ] DEBUG AssetLoader          - Loading from cache: /assets/textures/tiles_spritesheet.png
16:24:25.874 [FXGL Background Thread 1 ] DEBUG AssetLoader          - Loading from cache: /assets/textures/tiles_spritesheet.png
16:24:25.875 [FXGL Background Thread 1 ] DEBUG AssetLoader          - Loading from cache: /assets/textures/tiles_spritesheet.png
16:24:25.875 [FXGL Background Thread 1 ] DEBUG AssetLoader          - Loading from cache: /assets/textures/tiles_spritesheet.png
16:24:25.875 [FXGL Background Thread 1 ] DEBUG AssetLoader          - Loading from cache: /assets/textures/tiles_spritesheet.png
16:24:25.875 [FXGL Background Thread 1 ] DEBUG AssetLoader          - Loading from cache: /assets/textures/tiles_spritesheet.png
16:24:25.876 [FXGL Background Thread 1 ] DEBUG GameScene            - Creating render group for layer: BACKGROUND(1000)
16:24:25.898 [FXGL Background Thread 1 ] DEBUG GameScene            - Creating render group for layer: DEFAULT(100000)
16:24:25.905 [FXGL Background Thread 1 ] DEBUG AssetLoader          - Loading from disk: /assets/textures/burger.png
16:24:25.906 [FXGL Background Thread 1 ] DEBUG AssetLoader          - Loading from cache: /assets/textures/burger.png
16:24:25.907 [FXGL Background Thread 1 ] DEBUG AssetLoader          - Loading from cache: /assets/textures/burger.png
16:24:25.907 [FXGL Background Thread 1 ] DEBUG AssetLoader          - Loading from cache: /assets/textures/burger.png
16:24:25.908 [FXGL Background Thread 1 ] DEBUG AssetLoader          - Loading from cache: /assets/textures/burger.png
16:24:25.908 [FXGL Background Thread 1 ] DEBUG AssetLoader          - Loading from cache: /assets/textures/burger.png
16:24:25.909 [FXGL Background Thread 1 ] DEBUG AssetLoader          - Loading from cache: /assets/textures/burger.png
16:24:25.910 [FXGL Background Thread 1 ] DEBUG AssetLoader          - Loading from disk: /assets/textures/trumpAfk.png
16:24:25.911 [FXGL Background Thread 1 ] DEBUG AssetLoader          - Loading from disk: /assets/textures/TrumpAfk.png
16:24:25.913 [FXGL Background Thread 1 ] DEBUG AssetLoader          - Loading from disk: /assets/textures/trumpWalk.png
16:24:25.915 [FXGL Background Thread 1 ] DEBUG AssetLoader          - Loading from disk: /assets/textures/Thwomp.png
16:24:25.916 [FXGL Background Thread 1 ] DEBUG AssetLoader          - Loading from cache: /assets/textures/Thwomp.png
16:24:25.917 [FXGL Background Thread 1 ] DEBUG AssetLoader          - Loading from cache: /assets/textures/Thwomp.png
16:24:25.969 [FXGL Background Thread 1 ] DEBUG AudioPlayer          - Playing music com.almasb.fxgl.audio.Music@363d725c
16:24:25.971 [FXGL Background Thread 1 ] DEBUG InitAppTask          - Initializing Physics
16:24:25.971 [FXGL Background Thread 1 ] DEBUG InitAppTask          - Initializing UI
16:24:25.972 [FXGL Background Thread 1 ] DEBUG AssetLoader          - Loading from disk: /assets/textures/BackgroundMario.png
16:24:25.985 [FXGL Background Thread 1 ] DEBUG InitAppTask          - Initialization Complete
16:24:25.985 [FXGL Background Thread 1 ] INFO  InitAppTask          - Game initialization took: 0.355 sec
16:24:26.022 [JavaFX Application Thread] DEBUG Input                - Clearing active input actions
16:24:26.022 [JavaFX Application Thread] DEBUG AssetLoader          - Loading from disk: /assets/ui/css/fxgl_dark.css
16:24:26.032 [JavaFX Application Thread] DEBUG AppStateMachine      - LoadingState -> PlayState
16:24:30.816 [JavaFX Application Thread] DEBUG AssetLoader          - Loading from cache: /assets/sounds/roblox-death-sound-effect-opNTQCf4R.mp3
16:24:31.456 [JavaFX Application Thread] DEBUG AssetLoader          - Loading from cache: /assets/sounds/roblox-death-sound-effect-opNTQCf4R.mp3
16:24:33.872 [JavaFX Application Thread] DEBUG AssetLoader          - Loading from cache: /assets/sounds/roblox-death-sound-effect-opNTQCf4R.mp3
16:24:35.808 [JavaFX Application Thread] DEBUG AssetLoader          - Loading from cache: /assets/sounds/roblox-death-sound-effect-opNTQCf4R.mp3
16:24:36.694 [JavaFX Application Thread] DEBUG AssetLoader          - Loading from cache: /assets/ui/fonts/VarelaRound-Regular.ttf
16:24:36.697 [JavaFX Application Thread] DEBUG AssetLoader          - Loading from cache: /assets/ui/fonts/VarelaRound-Regular.ttf
16:24:36.699 [JavaFX Application Thread] DEBUG AssetLoader          - Loading from disk: /assets/properties/languages/english.properties
16:24:36.702 [JavaFX Application Thread] DEBUG AssetLoader          - Loading from cache: /assets/ui/fonts/VarelaRound-Regular.ttf
16:24:36.702 [JavaFX Application Thread] DEBUG AppStateMachine      - Push state: DialogSubState
16:24:36.702 [JavaFX Application Thread] DEBUG Input                - Clearing active input actions
16:24:36.702 [JavaFX Application Thread] DEBUG AppStateMachine      - PlayState -> DialogSubState
16:24:36.709 [JavaFX Application Thread] DEBUG AssetLoader          - Loading from cache: /assets/ui/fonts/VarelaRound-Regular.ttf
16:24:36.709 [JavaFX Application Thread] DEBUG AssetLoader          - Loading from cache: /assets/ui/fonts/VarelaRound-Regular.ttf
16:24:36.709 [JavaFX Application Thread] DEBUG AssetLoader          - Loading from cache: /assets/properties/languages/english.properties
16:24:36.709 [JavaFX Application Thread] DEBUG AssetLoader          - Loading from cache: /assets/ui/fonts/VarelaRound-Regular.ttf
16:24:37.877 [JavaFX Application Thread] DEBUG AssetLoader          - Loading from cache: /assets/sounds/menu/select.wav
16:24:38.021 [JavaFX Application Thread] DEBUG AssetLoader          - Loading from cache: /assets/ui/fonts/VarelaRound-Regular.ttf
16:24:38.035 [JavaFX Application Thread] DEBUG AssetLoader          - Loading from cache: /assets/sounds/menu/select.wav
16:24:38.397 [JavaFX Application Thread] DEBUG AppStateMachine      - Pop state: DialogSubState
16:24:38.397 [JavaFX Application Thread] DEBUG Input                - Clearing active input actions
16:24:38.398 [JavaFX Application Thread] DEBUG AppStateMachine      - PlayState <- DialogSubState
16:24:39.653 [JavaFX Application Thread] DEBUG FXGL                 - Exiting FXGL
16:24:39.653 [JavaFX Application Thread] DEBUG FXGL                 - Shutting down background threads
16:24:39.653 [JavaFX Application Thread] DEBUG FXGL                 - Saving FXGL system data
16:24:39.656 [JavaFX Application Thread] DEBUG DesktopFSService     - Writing to: system\fxgl.bundle
16:24:39.659 [JavaFX Application Thread] DEBUG FXGL                 - Closing logger and exiting JavaFX
