15:13:38.418 [JavaFX Application Thread] DEBUG GameApplication      - Logger initialized
15:13:38.420 [JavaFX Application Thread] DEBUG GameApplication      - Logging settings
Title: Burger Mario
Version: 1.0
Width: 1050
Height: 700
Fullscreen: false
Intro: false
Menus: false
Profiling: false
Single step:false
App Mode: DEVELOPER
Menu Key: ESCAPE
Stage Style: DECORATED
Scene Factory: class com.almasb.fxgl.scene.SceneFactory
Dialog Factory: class com.almasb.fxgl.ui.FXGLDialogFactory
UI Factory: class com.almasb.fxgl.ui.FXGLUIFactory
Notification Service: class com.almasb.fxgl.gameplay.notification.XboxNotificationView
Exception Handler: class com.almasb.fxgl.app.FXGLExceptionHandler
15:13:38.420 [JavaFX Application Thread] DEBUG GameApplication      - Starting FXGL
15:13:38.429 [JavaFX Application Thread] INFO  FXGL                 - FXGL-0.5.4 on DESKTOP
15:13:38.429 [JavaFX Application Thread] INFO  FXGL                 - Source code and latest versions at: https://github.com/AlmasB/FXGL
15:13:38.429 [JavaFX Application Thread] INFO  FXGL                 -              Join the FXGL chat at: https://gitter.im/AlmasB/FXGL
15:13:38.429 [JavaFX Application Thread] DEBUG FXGL                 - FXGL started
15:13:38.429 [JavaFX Application Thread] DEBUG FXGL                 - Initializing FXGL
15:13:38.467 [JavaFX Application Thread] DEBUG AssetLoader          - Loading from disk: /assets/ui/cursors/fxgl_default.png
15:13:38.509 [JavaFX Application Thread] DEBUG AssetLoader          - Loading from disk: /assets/ui/fonts/VarelaRound-Regular.ttf
15:13:38.590 [JavaFX Application Thread] DEBUG MainWindow           - Creating a JavaFX scene
15:13:38.622 [JavaFX Application Thread] DEBUG MainWindow           - Target settings size: 1050.0 x 700.0
15:13:38.622 [JavaFX Application Thread] DEBUG MainWindow           - Scaled scene size:    1050.0 x 700.0
15:13:38.622 [JavaFX Application Thread] DEBUG MainWindow           - Scaled ratio: (1.0, 1.0)
15:13:38.624 [JavaFX Application Thread] DEBUG AssetLoader          - Loading from disk: /assets/ui/css/fxgl_dark.css
15:13:38.626 [JavaFX Application Thread] DEBUG AssetLoader          - Loading from disk: /assets/textures/burger.png
15:13:38.628 [JavaFX Application Thread] DEBUG MainWindow           - Opening main window
15:13:38.853 [JavaFX Application Thread] DEBUG MainWindow           - Window border size: (6.0, 25.0)
15:13:38.853 [JavaFX Application Thread] DEBUG MainWindow           - Scaled size: 1050.0 x 700.0
15:13:38.853 [JavaFX Application Thread] DEBUG MainWindow           - Scaled ratio: (1.0, 1.0)
15:13:38.853 [JavaFX Application Thread] DEBUG MainWindow           - Scene size: 1050.0 x 700.0
15:13:38.853 [JavaFX Application Thread] DEBUG MainWindow           - Stage size: 1056.0 x 725.0
15:13:38.888 [ForkJoinPool.commonPool-worker-3] DEBUG FS                   - Loaded DesktopFSService
15:13:38.889 [ForkJoinPool.commonPool-worker-3] DEBUG FXGL                 - Loading FXGL system data
15:13:38.893 [ForkJoinPool.commonPool-worker-3] DEBUG DesktopFSService     - Reading from: system\fxgl.bundle
15:13:38.899 [ForkJoinPool.commonPool-worker-3] DEBUG Bundle               - Logging bundle: FXGL
15:13:38.900 [ForkJoinPool.commonPool-worker-3] DEBUG Bundle               - FXGL.offline.timer.version.check=2019-01-24T23:07:38.424640400
15:13:38.901 [ForkJoinPool.commonPool-worker-3] DEBUG FXGL                 - Initializing state machine and application states
15:13:38.901 [ForkJoinPool.commonPool-worker-3] DEBUG AssetLoader          - Loading from disk: /assets/ui/cursors/fxgl_default.png
15:13:38.913 [ForkJoinPool.commonPool-worker-3] DEBUG AssetLoader          - Loading from disk: /assets/ui/cursors/fxgl_default.png
15:13:38.919 [ForkJoinPool.commonPool-worker-3] DEBUG AssetLoader          - Loading from cache: /assets/ui/fonts/VarelaRound-Regular.ttf
15:13:38.921 [ForkJoinPool.commonPool-worker-3] DEBUG AssetLoader          - Loading from disk: /assets/ui/cursors/fxgl_default.png
15:13:38.923 [ForkJoinPool.commonPool-worker-3] DEBUG GameScene            - Game scene initialized: 1050x700
15:13:38.927 [ForkJoinPool.commonPool-worker-3] DEBUG GameWorld            - Game world initialized
15:13:38.953 [ForkJoinPool.commonPool-worker-3] DEBUG PhysicsWorld         - Physics world initialized: appHeight=700, physics.ppm=50.0
15:13:38.965 [ForkJoinPool.commonPool-worker-3] DEBUG Input                - Registered new binding: Pause - Esc
15:13:38.993 [JavaFX Application Thread] DEBUG FXGL                 - Running preInit()
15:13:38.994 [JavaFX Application Thread] DEBUG Input                - Registered new binding: Screenshot - P
15:13:38.995 [JavaFX Application Thread] DEBUG Input                - Registered new binding: Dev Options - CTRL+0
15:13:38.995 [JavaFX Application Thread] DEBUG Input                - Registered new binding: System info dump - CTRL+9
15:13:38.995 [JavaFX Application Thread] DEBUG Input                - Registered new binding: Restart - CTRL+R
15:13:38.995 [JavaFX Application Thread] DEBUG Input                - Registered new binding: left - Left
15:13:38.995 [JavaFX Application Thread] DEBUG Input                - Registered new binding: right - Right
15:13:38.995 [JavaFX Application Thread] DEBUG Input                - Registered new binding: leftA - A
15:13:38.995 [JavaFX Application Thread] DEBUG Input                - Registered new binding: rightD - D
15:13:38.996 [JavaFX Application Thread] DEBUG Input                - Registered new binding: jump - Space
15:13:38.996 [JavaFX Application Thread] DEBUG Input                - Registered new binding: jumpW - W
15:13:38.996 [JavaFX Application Thread] DEBUG Input                - Registered new binding: jumpUp - Up
15:13:38.996 [JavaFX Application Thread] DEBUG Input                - Registered new binding: powerUp - O
15:13:38.996 [JavaFX Application Thread] INFO  FXGL                 - FXGL initialization took: 0.567 sec
15:13:38.996 [JavaFX Application Thread] DEBUG LoopRunner           - Starting loop
15:13:38.999 [JavaFX Application Thread] DEBUG StartupState         - STARTUP
15:13:38.999 [JavaFX Application Thread] DEBUG GameApplication      - Starting new game
15:13:38.999 [JavaFX Application Thread] DEBUG Input                - Clearing active input actions
15:13:39.000 [JavaFX Application Thread] DEBUG AssetLoader          - Loading from disk: /assets/ui/css/fxgl_dark.css
15:13:39.006 [JavaFX Application Thread] DEBUG AppStateMachine      - StartupState -> LoadingState
15:13:39.020 [FXGL Background Thread 1 ] DEBUG InitAppTask          - Clearing previous game
15:13:39.020 [FXGL Background Thread 1 ] DEBUG GameWorld            - Clearing game world
15:13:39.020 [FXGL Background Thread 1 ] DEBUG PhysicsWorld         - Clearing physics world
15:13:39.021 [FXGL Background Thread 1 ] DEBUG GameScene            - Clearing game scene
15:13:39.021 [FXGL Background Thread 1 ] DEBUG InitAppTask          - Initializing Game
15:13:39.044 [FXGL Background Thread 1 ] DEBUG AssetLoader          - Loading from disk: /assets/json/MarioLevel-1.json
15:13:39.289 [FXGL Background Thread 1 ] DEBUG GameWorld            - Clearing removable entities
15:13:39.289 [FXGL Background Thread 1 ] DEBUG GameWorld            - Setting level from map
15:13:39.301 [FXGL Background Thread 1 ] DEBUG AssetLoader          - Loading from disk: /assets/textures/tiles_spritesheet.png
15:13:39.330 [FXGL Background Thread 1 ] DEBUG AssetLoader          - Loading from cache: /assets/textures/tiles_spritesheet.png
15:13:39.331 [FXGL Background Thread 1 ] DEBUG AssetLoader          - Loading from cache: /assets/textures/tiles_spritesheet.png
15:13:39.331 [FXGL Background Thread 1 ] DEBUG AssetLoader          - Loading from cache: /assets/textures/tiles_spritesheet.png
15:13:39.331 [FXGL Background Thread 1 ] DEBUG AssetLoader          - Loading from cache: /assets/textures/tiles_spritesheet.png
15:13:39.331 [FXGL Background Thread 1 ] DEBUG AssetLoader          - Loading from cache: /assets/textures/tiles_spritesheet.png
15:13:39.331 [FXGL Background Thread 1 ] DEBUG AssetLoader          - Loading from cache: /assets/textures/tiles_spritesheet.png
15:13:39.331 [FXGL Background Thread 1 ] DEBUG AssetLoader          - Loading from cache: /assets/textures/tiles_spritesheet.png
15:13:39.331 [FXGL Background Thread 1 ] DEBUG AssetLoader          - Loading from cache: /assets/textures/tiles_spritesheet.png
15:13:39.331 [FXGL Background Thread 1 ] DEBUG AssetLoader          - Loading from cache: /assets/textures/tiles_spritesheet.png
15:13:39.331 [FXGL Background Thread 1 ] DEBUG AssetLoader          - Loading from cache: /assets/textures/tiles_spritesheet.png
15:13:39.332 [FXGL Background Thread 1 ] DEBUG AssetLoader          - Loading from cache: /assets/textures/tiles_spritesheet.png
15:13:39.332 [FXGL Background Thread 1 ] DEBUG AssetLoader          - Loading from cache: /assets/textures/tiles_spritesheet.png
15:13:39.332 [FXGL Background Thread 1 ] DEBUG AssetLoader          - Loading from cache: /assets/textures/tiles_spritesheet.png
15:13:39.332 [FXGL Background Thread 1 ] DEBUG AssetLoader          - Loading from cache: /assets/textures/tiles_spritesheet.png
15:13:39.332 [FXGL Background Thread 1 ] DEBUG AssetLoader          - Loading from cache: /assets/textures/tiles_spritesheet.png
15:13:39.332 [FXGL Background Thread 1 ] DEBUG AssetLoader          - Loading from cache: /assets/textures/tiles_spritesheet.png
15:13:39.332 [FXGL Background Thread 1 ] DEBUG AssetLoader          - Loading from cache: /assets/textures/tiles_spritesheet.png
15:13:39.332 [FXGL Background Thread 1 ] DEBUG AssetLoader          - Loading from cache: /assets/textures/tiles_spritesheet.png
15:13:39.332 [FXGL Background Thread 1 ] DEBUG AssetLoader          - Loading from cache: /assets/textures/tiles_spritesheet.png
15:13:39.332 [FXGL Background Thread 1 ] DEBUG AssetLoader          - Loading from cache: /assets/textures/tiles_spritesheet.png
15:13:39.332 [FXGL Background Thread 1 ] DEBUG AssetLoader          - Loading from cache: /assets/textures/tiles_spritesheet.png
15:13:39.334 [FXGL Background Thread 1 ] DEBUG GameScene            - Creating render group for layer: BACKGROUND(1000)
15:13:39.354 [FXGL Background Thread 1 ] DEBUG GameScene            - Creating render group for layer: DEFAULT(100000)
15:13:39.357 [FXGL Background Thread 1 ] DEBUG AssetLoader          - Loading from cache: /assets/textures/burger.png
15:13:39.359 [FXGL Background Thread 1 ] DEBUG AssetLoader          - Loading from cache: /assets/textures/burger.png
15:13:39.359 [FXGL Background Thread 1 ] DEBUG AssetLoader          - Loading from cache: /assets/textures/burger.png
15:13:39.360 [FXGL Background Thread 1 ] DEBUG AssetLoader          - Loading from cache: /assets/textures/burger.png
15:13:39.361 [FXGL Background Thread 1 ] DEBUG AssetLoader          - Loading from cache: /assets/textures/burger.png
15:13:39.363 [FXGL Background Thread 1 ] DEBUG AssetLoader          - Loading from disk: /assets/textures/TrumpAfk.png
15:13:39.366 [FXGL Background Thread 1 ] DEBUG AssetLoader          - Loading from cache: /assets/textures/TrumpAfk.png
15:13:39.368 [FXGL Background Thread 1 ] DEBUG AssetLoader          - Loading from disk: /assets/textures/trumpWalk.png
15:13:39.370 [FXGL Background Thread 1 ] DEBUG AssetLoader          - Loading from disk: /assets/textures/Thwomp.png
15:13:39.371 [FXGL Background Thread 1 ] DEBUG AssetLoader          - Loading from cache: /assets/textures/Thwomp.png
15:13:39.371 [FXGL Background Thread 1 ] DEBUG AssetLoader          - Loading from cache: /assets/textures/Thwomp.png
15:13:39.423 [FXGL Background Thread 1 ] DEBUG AudioPlayer          - Playing music com.almasb.fxgl.audio.Music@6c13cb3e
15:13:39.425 [FXGL Background Thread 1 ] DEBUG InitAppTask          - Initializing Physics
15:13:39.426 [FXGL Background Thread 1 ] DEBUG InitAppTask          - Initializing UI
15:13:39.427 [FXGL Background Thread 1 ] DEBUG AssetLoader          - Loading from disk: /assets/textures/BackgroundMario.png
15:13:39.442 [FXGL Background Thread 1 ] DEBUG InitAppTask          - Initialization Complete
15:13:39.442 [FXGL Background Thread 1 ] INFO  InitAppTask          - Game initialization took: 0.422 sec
15:13:39.446 [JavaFX Application Thread] DEBUG Input                - Clearing active input actions
15:13:39.446 [JavaFX Application Thread] DEBUG AssetLoader          - Loading from disk: /assets/ui/css/fxgl_dark.css
15:13:39.454 [JavaFX Application Thread] DEBUG AppStateMachine      - LoadingState -> PlayState
15:13:40.118 [JavaFX Application Thread] DEBUG FXGL                 - Exiting FXGL
15:13:40.118 [JavaFX Application Thread] DEBUG FXGL                 - Shutting down background threads
15:13:40.119 [JavaFX Application Thread] DEBUG FXGL                 - Saving FXGL system data
15:13:40.120 [JavaFX Application Thread] DEBUG DesktopFSService     - Writing to: system\fxgl.bundle
15:13:40.123 [JavaFX Application Thread] DEBUG FXGL                 - Closing logger and exiting JavaFX
