12:36:01.463 [JavaFX Application Thread] DEBUG GameApplication      - Logger initialized
12:36:01.467 [JavaFX Application Thread] DEBUG GameApplication      - Logging settings
Title: Burger Mario
Version: 1.0
Width: 1050
Height: 700
Fullscreen: false
Intro: false
Menus: false
Profiling: false
Single step:false
App Mode: DEVELOPER
Menu Key: ESCAPE
Stage Style: DECORATED
Scene Factory: class com.almasb.fxgl.scene.SceneFactory
Dialog Factory: class com.almasb.fxgl.ui.FXGLDialogFactory
UI Factory: class com.almasb.fxgl.ui.FXGLUIFactory
Notification Service: class com.almasb.fxgl.gameplay.notification.XboxNotificationView
Exception Handler: class com.almasb.fxgl.app.FXGLExceptionHandler
12:36:01.467 [JavaFX Application Thread] DEBUG GameApplication      - Starting FXGL
12:36:01.480 [JavaFX Application Thread] INFO  FXGL                 - FXGL-0.5.4 on DESKTOP
12:36:01.480 [JavaFX Application Thread] INFO  FXGL                 - Source code and latest versions at: https://github.com/AlmasB/FXGL
12:36:01.481 [JavaFX Application Thread] INFO  FXGL                 -              Join the FXGL chat at: https://gitter.im/AlmasB/FXGL
12:36:01.481 [JavaFX Application Thread] DEBUG FXGL                 - FXGL started
12:36:01.481 [JavaFX Application Thread] DEBUG FXGL                 - Initializing FXGL
12:36:01.517 [JavaFX Application Thread] DEBUG AssetLoader          - Loading from disk: /assets/ui/cursors/fxgl_default.png
12:36:01.567 [JavaFX Application Thread] DEBUG AssetLoader          - Loading from disk: /assets/ui/fonts/VarelaRound-Regular.ttf
12:36:01.658 [JavaFX Application Thread] DEBUG MainWindow           - Creating a JavaFX scene
12:36:01.694 [JavaFX Application Thread] DEBUG MainWindow           - Target settings size: 1050.0 x 700.0
12:36:01.694 [JavaFX Application Thread] DEBUG MainWindow           - Scaled scene size:    1050.0 x 700.0
12:36:01.694 [JavaFX Application Thread] DEBUG MainWindow           - Scaled ratio: (1.0, 1.0)
12:36:01.696 [JavaFX Application Thread] DEBUG AssetLoader          - Loading from disk: /assets/ui/css/fxgl_dark.css
12:36:01.699 [JavaFX Application Thread] DEBUG AssetLoader          - Loading from disk: /assets/textures/burger.png
12:36:01.700 [JavaFX Application Thread] DEBUG MainWindow           - Opening main window
12:36:01.938 [JavaFX Application Thread] DEBUG MainWindow           - Window border size: (6.0, 25.0)
12:36:01.939 [JavaFX Application Thread] DEBUG MainWindow           - Scaled size: 1050.0 x 700.0
12:36:01.939 [JavaFX Application Thread] DEBUG MainWindow           - Scaled ratio: (1.0, 1.0)
12:36:01.939 [JavaFX Application Thread] DEBUG MainWindow           - Scene size: 1050.0 x 700.0
12:36:01.939 [JavaFX Application Thread] DEBUG MainWindow           - Stage size: 1056.0 x 725.0
12:36:02.006 [ForkJoinPool.commonPool-worker-3] DEBUG FS                   - Loaded DesktopFSService
12:36:02.006 [ForkJoinPool.commonPool-worker-3] DEBUG FXGL                 - Loading FXGL system data
12:36:02.010 [ForkJoinPool.commonPool-worker-3] DEBUG DesktopFSService     - Reading from: system\fxgl.bundle
12:36:02.018 [ForkJoinPool.commonPool-worker-3] DEBUG Bundle               - Logging bundle: FXGL
12:36:02.018 [ForkJoinPool.commonPool-worker-3] DEBUG Bundle               - FXGL.offline.timer.version.check=2019-01-24T23:07:38.424640400
12:36:02.019 [ForkJoinPool.commonPool-worker-3] DEBUG FXGL                 - Initializing state machine and application states
12:36:02.020 [ForkJoinPool.commonPool-worker-3] DEBUG AssetLoader          - Loading from disk: /assets/ui/cursors/fxgl_default.png
12:36:02.025 [ForkJoinPool.commonPool-worker-3] DEBUG AssetLoader          - Loading from disk: /assets/ui/cursors/fxgl_default.png
12:36:02.033 [ForkJoinPool.commonPool-worker-3] DEBUG AssetLoader          - Loading from cache: /assets/ui/fonts/VarelaRound-Regular.ttf
12:36:02.036 [ForkJoinPool.commonPool-worker-3] DEBUG AssetLoader          - Loading from disk: /assets/ui/cursors/fxgl_default.png
12:36:02.038 [ForkJoinPool.commonPool-worker-3] DEBUG GameScene            - Game scene initialized: 1050x700
12:36:02.041 [ForkJoinPool.commonPool-worker-3] DEBUG GameWorld            - Game world initialized
12:36:02.066 [ForkJoinPool.commonPool-worker-3] DEBUG PhysicsWorld         - Physics world initialized: appHeight=700, physics.ppm=50.0
12:36:02.077 [ForkJoinPool.commonPool-worker-3] DEBUG Input                - Registered new binding: Pause - Esc
12:36:02.106 [JavaFX Application Thread] DEBUG FXGL                 - Running preInit()
12:36:02.107 [JavaFX Application Thread] DEBUG Input                - Registered new binding: Screenshot - P
12:36:02.107 [JavaFX Application Thread] DEBUG Input                - Registered new binding: Dev Options - CTRL+0
12:36:02.107 [JavaFX Application Thread] DEBUG Input                - Registered new binding: System info dump - CTRL+9
12:36:02.107 [JavaFX Application Thread] DEBUG Input                - Registered new binding: Restart - CTRL+R
12:36:02.108 [JavaFX Application Thread] DEBUG Input                - Registered new binding: left - Left
12:36:02.108 [JavaFX Application Thread] DEBUG Input                - Registered new binding: right - Right
12:36:02.108 [JavaFX Application Thread] DEBUG Input                - Registered new binding: leftA - A
12:36:02.108 [JavaFX Application Thread] DEBUG Input                - Registered new binding: rightD - D
12:36:02.108 [JavaFX Application Thread] DEBUG Input                - Registered new binding: jump - Space
12:36:02.108 [JavaFX Application Thread] DEBUG Input                - Registered new binding: jumpW - W
12:36:02.108 [JavaFX Application Thread] DEBUG Input                - Registered new binding: jumpUp - Up
12:36:02.108 [JavaFX Application Thread] DEBUG Input                - Registered new binding: powerUp - O
12:36:02.108 [JavaFX Application Thread] INFO  FXGL                 - FXGL initialization took: 0.627 sec
12:36:02.109 [JavaFX Application Thread] DEBUG LoopRunner           - Starting loop
12:36:02.111 [JavaFX Application Thread] DEBUG StartupState         - STARTUP
12:36:02.111 [JavaFX Application Thread] DEBUG GameApplication      - Starting new game
12:36:02.111 [JavaFX Application Thread] DEBUG Input                - Clearing active input actions
12:36:02.112 [JavaFX Application Thread] DEBUG AssetLoader          - Loading from disk: /assets/ui/css/fxgl_dark.css
12:36:02.117 [JavaFX Application Thread] DEBUG AppStateMachine      - StartupState -> LoadingState
12:36:02.173 [FXGL Background Thread 1 ] DEBUG InitAppTask          - Clearing previous game
12:36:02.174 [FXGL Background Thread 1 ] DEBUG GameWorld            - Clearing game world
12:36:02.174 [FXGL Background Thread 1 ] DEBUG PhysicsWorld         - Clearing physics world
12:36:02.174 [FXGL Background Thread 1 ] DEBUG GameScene            - Clearing game scene
12:36:02.174 [FXGL Background Thread 1 ] DEBUG InitAppTask          - Initializing Game
12:36:02.209 [FXGL Background Thread 1 ] DEBUG AssetLoader          - Loading from disk: /assets/json/MarioLevel-1.json
12:36:02.374 [FXGL Background Thread 1 ] DEBUG GameWorld            - Clearing removable entities
12:36:02.374 [FXGL Background Thread 1 ] DEBUG GameWorld            - Setting level from map
12:36:02.386 [FXGL Background Thread 1 ] DEBUG AssetLoader          - Loading from disk: /assets/textures/tiles_spritesheet.png
12:36:02.420 [FXGL Background Thread 1 ] DEBUG AssetLoader          - Loading from cache: /assets/textures/tiles_spritesheet.png
12:36:02.420 [FXGL Background Thread 1 ] DEBUG AssetLoader          - Loading from cache: /assets/textures/tiles_spritesheet.png
12:36:02.421 [FXGL Background Thread 1 ] DEBUG AssetLoader          - Loading from cache: /assets/textures/tiles_spritesheet.png
12:36:02.421 [FXGL Background Thread 1 ] DEBUG AssetLoader          - Loading from cache: /assets/textures/tiles_spritesheet.png
12:36:02.421 [FXGL Background Thread 1 ] DEBUG AssetLoader          - Loading from cache: /assets/textures/tiles_spritesheet.png
12:36:02.421 [FXGL Background Thread 1 ] DEBUG AssetLoader          - Loading from cache: /assets/textures/tiles_spritesheet.png
12:36:02.421 [FXGL Background Thread 1 ] DEBUG AssetLoader          - Loading from cache: /assets/textures/tiles_spritesheet.png
12:36:02.421 [FXGL Background Thread 1 ] DEBUG AssetLoader          - Loading from cache: /assets/textures/tiles_spritesheet.png
12:36:02.421 [FXGL Background Thread 1 ] DEBUG AssetLoader          - Loading from cache: /assets/textures/tiles_spritesheet.png
12:36:02.421 [FXGL Background Thread 1 ] DEBUG AssetLoader          - Loading from cache: /assets/textures/tiles_spritesheet.png
12:36:02.421 [FXGL Background Thread 1 ] DEBUG AssetLoader          - Loading from cache: /assets/textures/tiles_spritesheet.png
12:36:02.421 [FXGL Background Thread 1 ] DEBUG AssetLoader          - Loading from cache: /assets/textures/tiles_spritesheet.png
12:36:02.421 [FXGL Background Thread 1 ] DEBUG AssetLoader          - Loading from cache: /assets/textures/tiles_spritesheet.png
12:36:02.422 [FXGL Background Thread 1 ] DEBUG AssetLoader          - Loading from cache: /assets/textures/tiles_spritesheet.png
12:36:02.422 [FXGL Background Thread 1 ] DEBUG AssetLoader          - Loading from cache: /assets/textures/tiles_spritesheet.png
12:36:02.422 [FXGL Background Thread 1 ] DEBUG AssetLoader          - Loading from cache: /assets/textures/tiles_spritesheet.png
12:36:02.422 [FXGL Background Thread 1 ] DEBUG AssetLoader          - Loading from cache: /assets/textures/tiles_spritesheet.png
12:36:02.422 [FXGL Background Thread 1 ] DEBUG AssetLoader          - Loading from cache: /assets/textures/tiles_spritesheet.png
12:36:02.422 [FXGL Background Thread 1 ] DEBUG AssetLoader          - Loading from cache: /assets/textures/tiles_spritesheet.png
12:36:02.422 [FXGL Background Thread 1 ] DEBUG AssetLoader          - Loading from cache: /assets/textures/tiles_spritesheet.png
12:36:02.422 [FXGL Background Thread 1 ] DEBUG AssetLoader          - Loading from cache: /assets/textures/tiles_spritesheet.png
12:36:02.423 [FXGL Background Thread 1 ] DEBUG GameScene            - Creating render group for layer: BACKGROUND(1000)
12:36:02.444 [FXGL Background Thread 1 ] DEBUG GameScene            - Creating render group for layer: DEFAULT(100000)
12:36:02.447 [FXGL Background Thread 1 ] DEBUG AssetLoader          - Loading from cache: /assets/textures/burger.png
12:36:02.448 [FXGL Background Thread 1 ] DEBUG AssetLoader          - Loading from cache: /assets/textures/burger.png
12:36:02.449 [FXGL Background Thread 1 ] DEBUG AssetLoader          - Loading from cache: /assets/textures/burger.png
12:36:02.449 [FXGL Background Thread 1 ] DEBUG AssetLoader          - Loading from cache: /assets/textures/burger.png
12:36:02.450 [FXGL Background Thread 1 ] DEBUG AssetLoader          - Loading from cache: /assets/textures/burger.png
12:36:02.452 [FXGL Background Thread 1 ] DEBUG AssetLoader          - Loading from disk: /assets/textures/trumpAfk.png
12:36:02.452 [FXGL Background Thread 1 ] FATAL AssetLoader          - Loading failed for asset: trumpAfk.png. Cause: Asset "/assets/textures/trumpAfk.png" was not found!
12:36:02.453 [JavaFX Application Thread] FATAL FXGL                 - Uncaught Exception:

Fatal exception occurred: java.lang.IllegalArgumentException : Failed to load asset: trumpAfk.png. Cause: Asset "/assets/textures/trumpAfk.png" was not found!
E: com.almasb.fxgl.asset.AssetLoader.loadFailed(AssetLoader.kt:737)
E: com.almasb.fxgl.asset.AssetLoader.loadTexture(AssetLoader.kt:200)
E: com.almasb.fxgl.entity.components.ViewComponent.setTexture(ViewComponent.java:169)
E: com.almasb.fxgl.entity.components.ViewComponent.setTexture(ViewComponent.java:159)
E: com.almasb.fxgl.entity.Entities$EntityBuilder.viewFromTexture(Entities.java:220)
E: com.dan.PlatformGame.marioFactory.newPlayer(marioFactory.java:68)
E: java.base/jdk.internal.reflect.NativeMethodAccessorImpl.invoke0(Native Method)
E: java.base/jdk.internal.reflect.NativeMethodAccessorImpl.invoke(NativeMethodAccessorImpl.java:62)
E: java.base/jdk.internal.reflect.DelegatingMethodAccessorImpl.invoke(DelegatingMethodAccessorImpl.java:43)
E: java.base/java.lang.reflect.Method.invoke(Method.java:566)
E: com.almasb.fxgl.core.reflect.ReflectionUtils.lambda$null$1(ReflectionUtils.java:79)
E: com.sun.proxy.$Proxy3.apply(Unknown Source)
E: com.almasb.fxgl.entity.GameWorld$create$2.invoke(GameWorld.kt:436)
E: com.almasb.fxgl.entity.GameWorld$create$2.invoke(GameWorld.kt:35)
E: com.almasb.fxgl.app.DSLKt.tryCatchRoot(DSL.kt:476)
E: com.almasb.fxgl.entity.GameWorld.create(GameWorld.kt:436)
E: com.almasb.fxgl.entity.GameWorld.spawn(GameWorld.kt:413)
E: com.almasb.fxgl.entity.GameWorld.spawn(GameWorld.kt:401)
E: com.dan.PlatformGame.PlatformApp.initGame(PlatformApp.java:130)
E: com.almasb.fxgl.app.GameApplication.internalInitGame(GameApplication.java:238)
E: com.almasb.fxgl.app.LoadingState$InitAppTask.initGame(AppStates.kt:168)
E: com.almasb.fxgl.app.LoadingState$InitAppTask.call(AppStates.kt:138)
E: com.almasb.fxgl.app.LoadingState$InitAppTask.call(AppStates.kt:127)
E: javafx.graphics/javafx.concurrent.Task$TaskCallable.call(Task.java:1425)
E: java.base/java.util.concurrent.FutureTask.run(FutureTask.java:264)
E: java.base/java.util.concurrent.Executors$RunnableAdapter.call(Executors.java:515)
E: java.base/java.util.concurrent.FutureTask.run(FutureTask.java:264)
E: java.base/java.util.concurrent.ThreadPoolExecutor.runWorker(ThreadPoolExecutor.java:1128)
E: java.base/java.util.concurrent.ThreadPoolExecutor$Worker.run(ThreadPoolExecutor.java:628)
E: java.base/java.lang.Thread.run(Thread.java:834)

12:36:02.453 [JavaFX Application Thread] FATAL FXGL                 - Application will now exit
12:36:02.453 [JavaFX Application Thread] DEBUG LoopRunner           - Stopping loop
12:36:06.353 [JavaFX Application Thread] DEBUG FXGL                 - Exiting FXGL
12:36:06.353 [JavaFX Application Thread] DEBUG FXGL                 - Shutting down background threads
12:36:06.353 [JavaFX Application Thread] DEBUG FXGL                 - Saving FXGL system data
12:36:06.355 [JavaFX Application Thread] DEBUG DesktopFSService     - Writing to: system\fxgl.bundle
12:36:06.357 [JavaFX Application Thread] DEBUG FXGL                 - Closing logger and exiting JavaFX
