13:59:13.224 [JavaFX Application Thread] DEBUG GameApplication      - Logger initialized
13:59:13.238 [JavaFX Application Thread] DEBUG GameApplication      - Logging settings
Title: Untitled
Version: 0.0
Width: 800
Height: 600
Fullscreen: false
Intro: false
Menus: false
Profiling: false
Single step:false
App Mode: DEVELOPER
Menu Key: ESCAPE
Stage Style: DECORATED
Scene Factory: class com.almasb.fxgl.scene.SceneFactory
Dialog Factory: class com.almasb.fxgl.ui.FXGLDialogFactory
UI Factory: class com.almasb.fxgl.ui.FXGLUIFactory
Notification Service: class com.almasb.fxgl.gameplay.notification.XboxNotificationView
Exception Handler: class com.almasb.fxgl.app.FXGLExceptionHandler
13:59:13.239 [JavaFX Application Thread] DEBUG GameApplication      - Starting FXGL
13:59:13.257 [JavaFX Application Thread] INFO  FXGL                 - FXGL-0.5.4 on DESKTOP
13:59:13.257 [JavaFX Application Thread] INFO  FXGL                 - Source code and latest versions at: https://github.com/AlmasB/FXGL
13:59:13.257 [JavaFX Application Thread] INFO  FXGL                 -              Join the FXGL chat at: https://gitter.im/AlmasB/FXGL
13:59:13.258 [JavaFX Application Thread] DEBUG FXGL                 - FXGL started
13:59:13.258 [JavaFX Application Thread] DEBUG FXGL                 - Initializing FXGL
13:59:13.311 [JavaFX Application Thread] DEBUG AssetLoader          - Loading from disk: /assets/ui/cursors/fxgl_default.png
13:59:13.390 [JavaFX Application Thread] DEBUG AssetLoader          - Loading from disk: /assets/ui/fonts/VarelaRound-Regular.ttf
13:59:13.504 [JavaFX Application Thread] DEBUG MainWindow           - Creating a JavaFX scene
13:59:13.539 [JavaFX Application Thread] DEBUG MainWindow           - Target settings size: 800.0 x 600.0
13:59:13.539 [JavaFX Application Thread] DEBUG MainWindow           - Scaled scene size:    800.0 x 600.0
13:59:13.539 [JavaFX Application Thread] DEBUG MainWindow           - Scaled ratio: (1.0, 1.0)
13:59:13.542 [JavaFX Application Thread] DEBUG AssetLoader          - Loading from disk: /assets/ui/css/fxgl_dark.css
13:59:13.545 [JavaFX Application Thread] DEBUG AssetLoader          - Loading from disk: /assets/textures/fxgl_icon.png
13:59:13.557 [JavaFX Application Thread] DEBUG MainWindow           - Opening main window
13:59:13.656 [JavaFX Application Thread] DEBUG MainWindow           - Window border size: (16.0, 39.0)
13:59:13.656 [JavaFX Application Thread] DEBUG MainWindow           - Scaled size: 800.0 x 600.0
13:59:13.656 [JavaFX Application Thread] DEBUG MainWindow           - Scaled ratio: (1.0, 1.0)
13:59:13.656 [JavaFX Application Thread] DEBUG MainWindow           - Scene size: 800.0 x 600.0
13:59:13.656 [JavaFX Application Thread] DEBUG MainWindow           - Stage size: 816.0 x 639.0
13:59:13.692 [ForkJoinPool.commonPool-worker-3] DEBUG FS                   - Loaded DesktopFSService
13:59:13.692 [ForkJoinPool.commonPool-worker-3] DEBUG FXGL                 - Loading FXGL system data
13:59:13.696 [ForkJoinPool.commonPool-worker-3] DEBUG DesktopFSService     - Reading from: system\fxgl.bundle
13:59:13.705 [ForkJoinPool.commonPool-worker-3] DEBUG Bundle               - Logging bundle: FXGL
13:59:13.706 [ForkJoinPool.commonPool-worker-3] DEBUG Bundle               - FXGL.offline.timer.version.check=2019-01-10T13:35:56.730764500
13:59:13.707 [ForkJoinPool.commonPool-worker-3] DEBUG FXGL                 - Initializing state machine and application states
13:59:13.708 [ForkJoinPool.commonPool-worker-3] DEBUG AssetLoader          - Loading from disk: /assets/ui/cursors/fxgl_default.png
13:59:13.716 [ForkJoinPool.commonPool-worker-3] DEBUG AssetLoader          - Loading from disk: /assets/ui/cursors/fxgl_default.png
13:59:13.722 [ForkJoinPool.commonPool-worker-3] DEBUG AssetLoader          - Loading from cache: /assets/ui/fonts/VarelaRound-Regular.ttf
13:59:13.724 [ForkJoinPool.commonPool-worker-3] DEBUG AssetLoader          - Loading from disk: /assets/ui/cursors/fxgl_default.png
13:59:13.726 [ForkJoinPool.commonPool-worker-3] DEBUG GameScene            - Game scene initialized: 800x600
13:59:13.730 [ForkJoinPool.commonPool-worker-3] DEBUG GameWorld            - Game world initialized
13:59:13.774 [ForkJoinPool.commonPool-worker-3] DEBUG PhysicsWorld         - Physics world initialized: appHeight=600, physics.ppm=50,0
13:59:13.786 [ForkJoinPool.commonPool-worker-3] DEBUG Input                - Registered new binding: Pause - Esc
13:59:13.824 [JavaFX Application Thread] DEBUG FXGL                 - Running preInit()
13:59:13.825 [JavaFX Application Thread] DEBUG Input                - Registered new binding: Screenshot - P
13:59:13.825 [JavaFX Application Thread] DEBUG Input                - Registered new binding: Dev Options - CTRL+0
13:59:13.826 [JavaFX Application Thread] DEBUG Input                - Registered new binding: System info dump - CTRL+9
13:59:13.826 [JavaFX Application Thread] DEBUG Input                - Registered new binding: Restart - CTRL+R
13:59:13.826 [JavaFX Application Thread] DEBUG Input                - Registered new binding: Right - D
13:59:13.826 [JavaFX Application Thread] DEBUG Input                - Registered new binding: Left - A
13:59:13.826 [JavaFX Application Thread] DEBUG Input                - Registered new binding: Up - W
13:59:13.826 [JavaFX Application Thread] DEBUG Input                - Registered new binding: Down - S
13:59:13.827 [JavaFX Application Thread] FATAL FXGL                 - Uncaught Exception:

Fatal exception occurred: java.lang.IllegalArgumentException : Action with name "Right" already exists
E: com.almasb.fxgl.input.Input.addBinding(Input.kt:306)
E: com.almasb.fxgl.input.Input.addAction(Input.kt:295)
E: com.almasb.fxgl.input.Input.addAction$default(Input.kt:292)
E: com.almasb.fxgl.input.Input.addAction(Input.kt)
E: GameApp.initInput(GameApp.java:65)
E: com.almasb.fxgl.app.FXGL.runPreInit(FXGL.kt:327)
E: com.almasb.fxgl.app.FXGL.access$runPreInit(FXGL.kt:54)
E: com.almasb.fxgl.app.FXGL$initLoopStartSequence$1$1.run(FXGL.kt:160)
E: com.almasb.fxgl.core.concurrent.Async.lambda$startFX$1(Async.java:61)
E: com.almasb.fxgl.core.concurrent.FXCoroutine$1.run(FXCoroutine.kt:34)
E: javafx.graphics/com.sun.javafx.application.PlatformImpl.lambda$runLater$10(PlatformImpl.java:428)
E: java.base/java.security.AccessController.doPrivileged(Native Method)
E: javafx.graphics/com.sun.javafx.application.PlatformImpl.lambda$runLater$11(PlatformImpl.java:427)
E: javafx.graphics/com.sun.glass.ui.InvokeLaterDispatcher$Future.run(InvokeLaterDispatcher.java:96)
E: javafx.graphics/com.sun.glass.ui.win.WinApplication._runLoop(Native Method)
E: javafx.graphics/com.sun.glass.ui.win.WinApplication.lambda$runLoop$3(WinApplication.java:174)
E: java.base/java.lang.Thread.run(Thread.java:834)

13:59:13.827 [JavaFX Application Thread] FATAL FXGL                 - Application will now exit
13:59:13.827 [JavaFX Application Thread] DEBUG LoopRunner           - Stopping loop
