14:32:24.656 [JavaFX Application Thread] DEBUG GameApplication      - Logger initialized
14:32:24.659 [JavaFX Application Thread] DEBUG GameApplication      - Logging settings
Title: Burger Mario
Version: 1.0
Width: 1050
Height: 700
Fullscreen: false
Intro: false
Menus: false
Profiling: false
Single step:false
App Mode: DEVELOPER
Menu Key: ESCAPE
Stage Style: DECORATED
Scene Factory: class com.almasb.fxgl.scene.SceneFactory
Dialog Factory: class com.almasb.fxgl.ui.FXGLDialogFactory
UI Factory: class com.almasb.fxgl.ui.FXGLUIFactory
Notification Service: class com.almasb.fxgl.gameplay.notification.XboxNotificationView
Exception Handler: class com.almasb.fxgl.app.FXGLExceptionHandler
14:32:24.659 [JavaFX Application Thread] DEBUG GameApplication      - Starting FXGL
14:32:24.669 [JavaFX Application Thread] INFO  FXGL                 - FXGL-0.5.4 on DESKTOP
14:32:24.669 [JavaFX Application Thread] INFO  FXGL                 - Source code and latest versions at: https://github.com/AlmasB/FXGL
14:32:24.669 [JavaFX Application Thread] INFO  FXGL                 -              Join the FXGL chat at: https://gitter.im/AlmasB/FXGL
14:32:24.669 [JavaFX Application Thread] DEBUG FXGL                 - FXGL started
14:32:24.669 [JavaFX Application Thread] DEBUG FXGL                 - Initializing FXGL
14:32:24.702 [JavaFX Application Thread] DEBUG AssetLoader          - Loading from disk: /assets/ui/cursors/fxgl_default.png
14:32:24.746 [JavaFX Application Thread] DEBUG AssetLoader          - Loading from disk: /assets/ui/fonts/VarelaRound-Regular.ttf
14:32:24.820 [JavaFX Application Thread] DEBUG MainWindow           - Creating a JavaFX scene
14:32:24.853 [JavaFX Application Thread] DEBUG MainWindow           - Target settings size: 1050.0 x 700.0
14:32:24.853 [JavaFX Application Thread] DEBUG MainWindow           - Scaled scene size:    1050.0 x 700.0
14:32:24.853 [JavaFX Application Thread] DEBUG MainWindow           - Scaled ratio: (1.0, 1.0)
14:32:24.855 [JavaFX Application Thread] DEBUG AssetLoader          - Loading from disk: /assets/ui/css/fxgl_dark.css
14:32:24.858 [JavaFX Application Thread] DEBUG AssetLoader          - Loading from disk: /assets/textures/burger.png
14:32:24.859 [JavaFX Application Thread] DEBUG MainWindow           - Opening main window
14:32:25.058 [JavaFX Application Thread] DEBUG MainWindow           - Window border size: (6.0, 25.0)
14:32:25.058 [JavaFX Application Thread] DEBUG MainWindow           - Scaled size: 1050.0 x 700.0
14:32:25.058 [JavaFX Application Thread] DEBUG MainWindow           - Scaled ratio: (1.0, 1.0)
14:32:25.058 [JavaFX Application Thread] DEBUG MainWindow           - Scene size: 1050.0 x 700.0
14:32:25.059 [JavaFX Application Thread] DEBUG MainWindow           - Stage size: 1056.0 x 725.0
14:32:25.082 [ForkJoinPool.commonPool-worker-3] DEBUG FS                   - Loaded DesktopFSService
14:32:25.082 [ForkJoinPool.commonPool-worker-3] DEBUG FXGL                 - Loading FXGL system data
14:32:25.086 [ForkJoinPool.commonPool-worker-3] DEBUG DesktopFSService     - Reading from: system\fxgl.bundle
14:32:25.093 [ForkJoinPool.commonPool-worker-3] DEBUG Bundle               - Logging bundle: FXGL
14:32:25.094 [ForkJoinPool.commonPool-worker-3] DEBUG Bundle               - FXGL.offline.timer.version.check=2019-01-24T23:07:38.424640400
14:32:25.095 [ForkJoinPool.commonPool-worker-3] DEBUG FXGL                 - Initializing state machine and application states
14:32:25.096 [ForkJoinPool.commonPool-worker-3] DEBUG AssetLoader          - Loading from disk: /assets/ui/cursors/fxgl_default.png
14:32:25.101 [ForkJoinPool.commonPool-worker-3] DEBUG AssetLoader          - Loading from disk: /assets/ui/cursors/fxgl_default.png
14:32:25.107 [ForkJoinPool.commonPool-worker-3] DEBUG AssetLoader          - Loading from cache: /assets/ui/fonts/VarelaRound-Regular.ttf
14:32:25.109 [ForkJoinPool.commonPool-worker-3] DEBUG AssetLoader          - Loading from disk: /assets/ui/cursors/fxgl_default.png
14:32:25.111 [ForkJoinPool.commonPool-worker-3] DEBUG GameScene            - Game scene initialized: 1050x700
14:32:25.115 [ForkJoinPool.commonPool-worker-3] DEBUG GameWorld            - Game world initialized
14:32:25.152 [ForkJoinPool.commonPool-worker-3] DEBUG PhysicsWorld         - Physics world initialized: appHeight=700, physics.ppm=50.0
14:32:25.163 [ForkJoinPool.commonPool-worker-3] DEBUG Input                - Registered new binding: Pause - Esc
14:32:25.191 [JavaFX Application Thread] DEBUG FXGL                 - Running preInit()
14:32:25.192 [JavaFX Application Thread] DEBUG Input                - Registered new binding: Screenshot - P
14:32:25.192 [JavaFX Application Thread] DEBUG Input                - Registered new binding: Dev Options - CTRL+0
14:32:25.193 [JavaFX Application Thread] DEBUG Input                - Registered new binding: System info dump - CTRL+9
14:32:25.193 [JavaFX Application Thread] DEBUG Input                - Registered new binding: Restart - CTRL+R
14:32:25.193 [JavaFX Application Thread] DEBUG Input                - Registered new binding: left - Left
14:32:25.193 [JavaFX Application Thread] DEBUG Input                - Registered new binding: right - Right
14:32:25.193 [JavaFX Application Thread] DEBUG Input                - Registered new binding: leftA - A
14:32:25.193 [JavaFX Application Thread] DEBUG Input                - Registered new binding: rightD - D
14:32:25.193 [JavaFX Application Thread] DEBUG Input                - Registered new binding: jump - Space
14:32:25.193 [JavaFX Application Thread] DEBUG Input                - Registered new binding: jumpW - W
14:32:25.194 [JavaFX Application Thread] DEBUG Input                - Registered new binding: jumpUp - Up
14:32:25.194 [JavaFX Application Thread] DEBUG Input                - Registered new binding: powerUp - O
14:32:25.194 [JavaFX Application Thread] INFO  FXGL                 - FXGL initialization took: 0.524 sec
14:32:25.194 [JavaFX Application Thread] DEBUG LoopRunner           - Starting loop
14:32:25.195 [JavaFX Application Thread] DEBUG StartupState         - STARTUP
14:32:25.195 [JavaFX Application Thread] DEBUG GameApplication      - Starting new game
14:32:25.195 [JavaFX Application Thread] DEBUG Input                - Clearing active input actions
14:32:25.196 [JavaFX Application Thread] DEBUG AssetLoader          - Loading from disk: /assets/ui/css/fxgl_dark.css
14:32:25.201 [JavaFX Application Thread] DEBUG AppStateMachine      - StartupState -> LoadingState
14:32:25.205 [FXGL Background Thread 1 ] DEBUG InitAppTask          - Clearing previous game
14:32:25.205 [FXGL Background Thread 1 ] DEBUG GameWorld            - Clearing game world
14:32:25.205 [FXGL Background Thread 1 ] DEBUG PhysicsWorld         - Clearing physics world
14:32:25.205 [FXGL Background Thread 1 ] DEBUG GameScene            - Clearing game scene
14:32:25.206 [FXGL Background Thread 1 ] DEBUG InitAppTask          - Initializing Game
14:32:25.225 [FXGL Background Thread 1 ] DEBUG AssetLoader          - Loading from disk: /assets/json/MarioLevel-1.json
14:32:25.459 [FXGL Background Thread 1 ] DEBUG GameWorld            - Clearing removable entities
14:32:25.459 [FXGL Background Thread 1 ] DEBUG GameWorld            - Setting level from map
14:32:25.472 [FXGL Background Thread 1 ] DEBUG AssetLoader          - Loading from disk: /assets/textures/tiles_spritesheet.png
14:32:25.499 [FXGL Background Thread 1 ] DEBUG AssetLoader          - Loading from cache: /assets/textures/tiles_spritesheet.png
14:32:25.499 [FXGL Background Thread 1 ] DEBUG AssetLoader          - Loading from cache: /assets/textures/tiles_spritesheet.png
14:32:25.500 [FXGL Background Thread 1 ] DEBUG AssetLoader          - Loading from cache: /assets/textures/tiles_spritesheet.png
14:32:25.500 [FXGL Background Thread 1 ] DEBUG AssetLoader          - Loading from cache: /assets/textures/tiles_spritesheet.png
14:32:25.500 [FXGL Background Thread 1 ] DEBUG AssetLoader          - Loading from cache: /assets/textures/tiles_spritesheet.png
14:32:25.500 [FXGL Background Thread 1 ] DEBUG AssetLoader          - Loading from cache: /assets/textures/tiles_spritesheet.png
14:32:25.500 [FXGL Background Thread 1 ] DEBUG AssetLoader          - Loading from cache: /assets/textures/tiles_spritesheet.png
14:32:25.500 [FXGL Background Thread 1 ] DEBUG AssetLoader          - Loading from cache: /assets/textures/tiles_spritesheet.png
14:32:25.500 [FXGL Background Thread 1 ] DEBUG AssetLoader          - Loading from cache: /assets/textures/tiles_spritesheet.png
14:32:25.500 [FXGL Background Thread 1 ] DEBUG AssetLoader          - Loading from cache: /assets/textures/tiles_spritesheet.png
14:32:25.500 [FXGL Background Thread 1 ] DEBUG AssetLoader          - Loading from cache: /assets/textures/tiles_spritesheet.png
14:32:25.500 [FXGL Background Thread 1 ] DEBUG AssetLoader          - Loading from cache: /assets/textures/tiles_spritesheet.png
14:32:25.501 [FXGL Background Thread 1 ] DEBUG AssetLoader          - Loading from cache: /assets/textures/tiles_spritesheet.png
14:32:25.501 [FXGL Background Thread 1 ] DEBUG AssetLoader          - Loading from cache: /assets/textures/tiles_spritesheet.png
14:32:25.501 [FXGL Background Thread 1 ] DEBUG AssetLoader          - Loading from cache: /assets/textures/tiles_spritesheet.png
14:32:25.501 [FXGL Background Thread 1 ] DEBUG AssetLoader          - Loading from cache: /assets/textures/tiles_spritesheet.png
14:32:25.501 [FXGL Background Thread 1 ] DEBUG AssetLoader          - Loading from cache: /assets/textures/tiles_spritesheet.png
14:32:25.501 [FXGL Background Thread 1 ] DEBUG AssetLoader          - Loading from cache: /assets/textures/tiles_spritesheet.png
14:32:25.501 [FXGL Background Thread 1 ] DEBUG AssetLoader          - Loading from cache: /assets/textures/tiles_spritesheet.png
14:32:25.501 [FXGL Background Thread 1 ] DEBUG AssetLoader          - Loading from cache: /assets/textures/tiles_spritesheet.png
14:32:25.501 [FXGL Background Thread 1 ] DEBUG AssetLoader          - Loading from cache: /assets/textures/tiles_spritesheet.png
14:32:25.503 [FXGL Background Thread 1 ] DEBUG GameScene            - Creating render group for layer: BACKGROUND(1000)
14:32:25.523 [FXGL Background Thread 1 ] DEBUG GameScene            - Creating render group for layer: DEFAULT(100000)
14:32:25.526 [FXGL Background Thread 1 ] DEBUG AssetLoader          - Loading from cache: /assets/textures/burger.png
14:32:25.528 [FXGL Background Thread 1 ] DEBUG AssetLoader          - Loading from cache: /assets/textures/burger.png
14:32:25.529 [FXGL Background Thread 1 ] DEBUG AssetLoader          - Loading from cache: /assets/textures/burger.png
14:32:25.529 [FXGL Background Thread 1 ] DEBUG AssetLoader          - Loading from cache: /assets/textures/burger.png
14:32:25.530 [FXGL Background Thread 1 ] DEBUG AssetLoader          - Loading from cache: /assets/textures/burger.png
14:32:25.532 [FXGL Background Thread 1 ] DEBUG AssetLoader          - Loading from disk: /assets/textures/TrumpAfk.png
14:32:25.533 [FXGL Background Thread 1 ] DEBUG AssetLoader          - Loading from cache: /assets/textures/TrumpAfk.png
14:32:25.534 [FXGL Background Thread 1 ] DEBUG AssetLoader          - Loading from disk: /assets/textures/trumpWalk.png
14:32:25.537 [FXGL Background Thread 1 ] DEBUG AssetLoader          - Loading from disk: /assets/textures/Thwomp.png
14:32:25.538 [FXGL Background Thread 1 ] DEBUG AssetLoader          - Loading from cache: /assets/textures/Thwomp.png
14:32:25.538 [FXGL Background Thread 1 ] DEBUG AssetLoader          - Loading from cache: /assets/textures/Thwomp.png
14:32:25.599 [FXGL Background Thread 1 ] DEBUG AudioPlayer          - Playing music com.almasb.fxgl.audio.Music@4410a1b5
14:32:25.600 [FXGL Background Thread 1 ] DEBUG InitAppTask          - Initializing Physics
14:32:25.600 [FXGL Background Thread 1 ] DEBUG InitAppTask          - Initializing UI
14:32:25.600 [FXGL Background Thread 1 ] DEBUG AssetLoader          - Loading from disk: /assets/textures/BackgroundMario.png
14:32:25.615 [FXGL Background Thread 1 ] DEBUG InitAppTask          - Initialization Complete
14:32:25.615 [FXGL Background Thread 1 ] INFO  InitAppTask          - Game initialization took: 0.410 sec
14:32:25.625 [JavaFX Application Thread] DEBUG Input                - Clearing active input actions
14:32:25.625 [JavaFX Application Thread] DEBUG AssetLoader          - Loading from disk: /assets/ui/css/fxgl_dark.css
14:32:25.633 [JavaFX Application Thread] DEBUG AppStateMachine      - LoadingState -> PlayState
14:32:27.030 [JavaFX Application Thread] DEBUG FXGL                 - Exiting FXGL
14:32:27.030 [JavaFX Application Thread] DEBUG FXGL                 - Shutting down background threads
14:32:27.031 [JavaFX Application Thread] DEBUG FXGL                 - Saving FXGL system data
14:32:27.032 [JavaFX Application Thread] DEBUG DesktopFSService     - Writing to: system\fxgl.bundle
14:32:27.035 [JavaFX Application Thread] DEBUG FXGL                 - Closing logger and exiting JavaFX
