16:27:12.205 [JavaFX Application Thread] DEBUG GameApplication      - Logger initialized
16:27:12.208 [JavaFX Application Thread] DEBUG GameApplication      - Logging settings
Title: Burger Mario
Version: 0.5
Width: 1050
Height: 700
Fullscreen: false
Intro: false
Menus: false
Profiling: false
Single step:false
App Mode: DEVELOPER
Menu Key: ESCAPE
Stage Style: DECORATED
Scene Factory: class com.almasb.fxgl.scene.SceneFactory
Dialog Factory: class com.almasb.fxgl.ui.FXGLDialogFactory
UI Factory: class com.almasb.fxgl.ui.FXGLUIFactory
Notification Service: class com.almasb.fxgl.gameplay.notification.XboxNotificationView
Exception Handler: class com.almasb.fxgl.app.FXGLExceptionHandler
16:27:12.208 [JavaFX Application Thread] DEBUG GameApplication      - Starting FXGL
16:27:12.219 [JavaFX Application Thread] INFO  FXGL                 - FXGL-0.5.4 on DESKTOP
16:27:12.219 [JavaFX Application Thread] INFO  FXGL                 - Source code and latest versions at: https://github.com/AlmasB/FXGL
16:27:12.220 [JavaFX Application Thread] INFO  FXGL                 -              Join the FXGL chat at: https://gitter.im/AlmasB/FXGL
16:27:12.220 [JavaFX Application Thread] DEBUG FXGL                 - FXGL started
16:27:12.220 [JavaFX Application Thread] DEBUG FXGL                 - Initializing FXGL
16:27:12.264 [JavaFX Application Thread] DEBUG AssetLoader          - Loading from disk: /assets/ui/cursors/fxgl_default.png
16:27:12.323 [JavaFX Application Thread] DEBUG AssetLoader          - Loading from disk: /assets/ui/fonts/VarelaRound-Regular.ttf
16:27:12.433 [JavaFX Application Thread] DEBUG MainWindow           - Creating a JavaFX scene
16:27:12.470 [JavaFX Application Thread] DEBUG MainWindow           - Target settings size: 1050.0 x 700.0
16:27:12.470 [JavaFX Application Thread] DEBUG MainWindow           - Scaled scene size:    1050.0 x 700.0
16:27:12.470 [JavaFX Application Thread] DEBUG MainWindow           - Scaled ratio: (1.0, 1.0)
16:27:12.473 [JavaFX Application Thread] DEBUG AssetLoader          - Loading from disk: /assets/ui/css/fxgl_dark.css
16:27:12.476 [JavaFX Application Thread] DEBUG AssetLoader          - Loading from disk: /assets/textures/fxgl_icon.png
16:27:12.492 [JavaFX Application Thread] DEBUG MainWindow           - Opening main window
16:27:12.709 [JavaFX Application Thread] DEBUG MainWindow           - Window border size: (6.0, 25.0)
16:27:12.709 [JavaFX Application Thread] DEBUG MainWindow           - Scaled size: 1050.0 x 700.0
16:27:12.709 [JavaFX Application Thread] DEBUG MainWindow           - Scaled ratio: (1.0, 1.0)
16:27:12.710 [JavaFX Application Thread] DEBUG MainWindow           - Scene size: 1050.0 x 700.0
16:27:12.710 [JavaFX Application Thread] DEBUG MainWindow           - Stage size: 1056.0 x 725.0
16:27:12.735 [ForkJoinPool.commonPool-worker-3] DEBUG FS                   - Loaded DesktopFSService
16:27:12.735 [ForkJoinPool.commonPool-worker-3] DEBUG FXGL                 - Loading FXGL system data
16:27:12.740 [ForkJoinPool.commonPool-worker-3] DEBUG DesktopFSService     - Reading from: system\fxgl.bundle
16:27:12.747 [ForkJoinPool.commonPool-worker-3] DEBUG Bundle               - Logging bundle: FXGL
16:27:12.748 [ForkJoinPool.commonPool-worker-3] DEBUG Bundle               - FXGL.offline.timer.version.check=2019-01-24T23:07:38.424640400
16:27:12.749 [ForkJoinPool.commonPool-worker-3] DEBUG FXGL                 - Initializing state machine and application states
16:27:12.751 [ForkJoinPool.commonPool-worker-3] DEBUG AssetLoader          - Loading from disk: /assets/ui/cursors/fxgl_default.png
16:27:12.756 [ForkJoinPool.commonPool-worker-3] DEBUG AssetLoader          - Loading from disk: /assets/ui/cursors/fxgl_default.png
16:27:12.762 [ForkJoinPool.commonPool-worker-3] DEBUG AssetLoader          - Loading from cache: /assets/ui/fonts/VarelaRound-Regular.ttf
16:27:12.764 [ForkJoinPool.commonPool-worker-3] DEBUG AssetLoader          - Loading from disk: /assets/ui/cursors/fxgl_default.png
16:27:12.766 [ForkJoinPool.commonPool-worker-3] DEBUG GameScene            - Game scene initialized: 1050x700
16:27:12.770 [ForkJoinPool.commonPool-worker-3] DEBUG GameWorld            - Game world initialized
16:27:12.801 [ForkJoinPool.commonPool-worker-3] DEBUG PhysicsWorld         - Physics world initialized: appHeight=700, physics.ppm=50.0
16:27:12.813 [ForkJoinPool.commonPool-worker-3] DEBUG Input                - Registered new binding: Pause - Esc
16:27:12.839 [JavaFX Application Thread] DEBUG FXGL                 - Running preInit()
16:27:12.840 [JavaFX Application Thread] DEBUG Input                - Registered new binding: Screenshot - P
16:27:12.840 [JavaFX Application Thread] DEBUG Input                - Registered new binding: Dev Options - CTRL+0
16:27:12.841 [JavaFX Application Thread] DEBUG Input                - Registered new binding: System info dump - CTRL+9
16:27:12.841 [JavaFX Application Thread] DEBUG Input                - Registered new binding: Restart - CTRL+R
16:27:12.841 [JavaFX Application Thread] DEBUG Input                - Registered new binding: left - Left
16:27:12.841 [JavaFX Application Thread] DEBUG Input                - Registered new binding: right - Right
16:27:12.841 [JavaFX Application Thread] DEBUG Input                - Registered new binding: leftA - A
16:27:12.841 [JavaFX Application Thread] DEBUG Input                - Registered new binding: rightD - D
16:27:12.841 [JavaFX Application Thread] DEBUG Input                - Registered new binding: jump - Space
16:27:12.842 [JavaFX Application Thread] DEBUG Input                - Registered new binding: jumpW - W
16:27:12.842 [JavaFX Application Thread] DEBUG Input                - Registered new binding: jumpUp - Up
16:27:12.842 [JavaFX Application Thread] DEBUG Input                - Registered new binding: powerUp - O
16:27:12.842 [JavaFX Application Thread] INFO  FXGL                 - FXGL initialization took: 0.622 sec
16:27:12.842 [JavaFX Application Thread] DEBUG LoopRunner           - Starting loop
16:27:12.843 [JavaFX Application Thread] DEBUG StartupState         - STARTUP
16:27:12.843 [JavaFX Application Thread] DEBUG GameApplication      - Starting new game
16:27:12.843 [JavaFX Application Thread] DEBUG Input                - Clearing active input actions
16:27:12.844 [JavaFX Application Thread] DEBUG AssetLoader          - Loading from disk: /assets/ui/css/fxgl_dark.css
16:27:12.850 [JavaFX Application Thread] DEBUG AppStateMachine      - StartupState -> LoadingState
16:27:12.855 [FXGL Background Thread 1 ] DEBUG InitAppTask          - Clearing previous game
16:27:12.855 [FXGL Background Thread 1 ] DEBUG GameWorld            - Clearing game world
16:27:12.855 [FXGL Background Thread 1 ] DEBUG PhysicsWorld         - Clearing physics world
16:27:12.855 [FXGL Background Thread 1 ] DEBUG GameScene            - Clearing game scene
16:27:12.856 [FXGL Background Thread 1 ] DEBUG InitAppTask          - Initializing Game
16:27:12.874 [FXGL Background Thread 1 ] DEBUG AssetLoader          - Loading from disk: /assets/json/MarioLevel-1.json
16:27:13.085 [FXGL Background Thread 1 ] DEBUG GameWorld            - Clearing removable entities
16:27:13.086 [FXGL Background Thread 1 ] DEBUG GameWorld            - Setting level from map
16:27:13.100 [FXGL Background Thread 1 ] DEBUG AssetLoader          - Loading from disk: /assets/textures/tiles_spritesheet.png
16:27:13.118 [FXGL Background Thread 1 ] DEBUG AssetLoader          - Loading from cache: /assets/textures/tiles_spritesheet.png
16:27:13.118 [FXGL Background Thread 1 ] DEBUG AssetLoader          - Loading from cache: /assets/textures/tiles_spritesheet.png
16:27:13.118 [FXGL Background Thread 1 ] DEBUG AssetLoader          - Loading from cache: /assets/textures/tiles_spritesheet.png
16:27:13.118 [FXGL Background Thread 1 ] DEBUG AssetLoader          - Loading from cache: /assets/textures/tiles_spritesheet.png
16:27:13.118 [FXGL Background Thread 1 ] DEBUG AssetLoader          - Loading from cache: /assets/textures/tiles_spritesheet.png
16:27:13.118 [FXGL Background Thread 1 ] DEBUG AssetLoader          - Loading from cache: /assets/textures/tiles_spritesheet.png
16:27:13.118 [FXGL Background Thread 1 ] DEBUG AssetLoader          - Loading from cache: /assets/textures/tiles_spritesheet.png
16:27:13.119 [FXGL Background Thread 1 ] DEBUG AssetLoader          - Loading from cache: /assets/textures/tiles_spritesheet.png
16:27:13.119 [FXGL Background Thread 1 ] DEBUG AssetLoader          - Loading from cache: /assets/textures/tiles_spritesheet.png
16:27:13.119 [FXGL Background Thread 1 ] DEBUG AssetLoader          - Loading from cache: /assets/textures/tiles_spritesheet.png
16:27:13.119 [FXGL Background Thread 1 ] DEBUG AssetLoader          - Loading from cache: /assets/textures/tiles_spritesheet.png
16:27:13.119 [FXGL Background Thread 1 ] DEBUG AssetLoader          - Loading from cache: /assets/textures/tiles_spritesheet.png
16:27:13.119 [FXGL Background Thread 1 ] DEBUG AssetLoader          - Loading from cache: /assets/textures/tiles_spritesheet.png
16:27:13.119 [FXGL Background Thread 1 ] DEBUG AssetLoader          - Loading from cache: /assets/textures/tiles_spritesheet.png
16:27:13.119 [FXGL Background Thread 1 ] DEBUG AssetLoader          - Loading from cache: /assets/textures/tiles_spritesheet.png
16:27:13.119 [FXGL Background Thread 1 ] DEBUG AssetLoader          - Loading from cache: /assets/textures/tiles_spritesheet.png
16:27:13.119 [FXGL Background Thread 1 ] DEBUG AssetLoader          - Loading from cache: /assets/textures/tiles_spritesheet.png
16:27:13.120 [FXGL Background Thread 1 ] DEBUG AssetLoader          - Loading from cache: /assets/textures/tiles_spritesheet.png
16:27:13.120 [FXGL Background Thread 1 ] DEBUG AssetLoader          - Loading from cache: /assets/textures/tiles_spritesheet.png
16:27:13.120 [FXGL Background Thread 1 ] DEBUG AssetLoader          - Loading from cache: /assets/textures/tiles_spritesheet.png
16:27:13.120 [FXGL Background Thread 1 ] DEBUG AssetLoader          - Loading from cache: /assets/textures/tiles_spritesheet.png
16:27:13.121 [FXGL Background Thread 1 ] DEBUG GameScene            - Creating render group for layer: BACKGROUND(1000)
16:27:13.144 [FXGL Background Thread 1 ] DEBUG GameScene            - Creating render group for layer: DEFAULT(100000)
16:27:13.147 [FXGL Background Thread 1 ] DEBUG AssetLoader          - Loading from disk: /assets/textures/burger.png
16:27:13.149 [FXGL Background Thread 1 ] DEBUG AssetLoader          - Loading from cache: /assets/textures/burger.png
16:27:13.150 [FXGL Background Thread 1 ] DEBUG AssetLoader          - Loading from cache: /assets/textures/burger.png
16:27:13.151 [FXGL Background Thread 1 ] DEBUG AssetLoader          - Loading from cache: /assets/textures/burger.png
16:27:13.152 [FXGL Background Thread 1 ] DEBUG AssetLoader          - Loading from cache: /assets/textures/burger.png
16:27:13.153 [FXGL Background Thread 1 ] DEBUG AssetLoader          - Loading from disk: /assets/textures/trumpAfk.png
16:27:13.155 [FXGL Background Thread 1 ] DEBUG AssetLoader          - Loading from disk: /assets/textures/TrumpAfk.png
16:27:13.157 [FXGL Background Thread 1 ] DEBUG AssetLoader          - Loading from disk: /assets/textures/trumpWalk.png
16:27:13.159 [FXGL Background Thread 1 ] DEBUG AssetLoader          - Loading from disk: /assets/textures/Thwomp.png
16:27:13.160 [FXGL Background Thread 1 ] DEBUG AssetLoader          - Loading from cache: /assets/textures/Thwomp.png
16:27:13.160 [FXGL Background Thread 1 ] DEBUG AssetLoader          - Loading from cache: /assets/textures/Thwomp.png
16:27:13.215 [FXGL Background Thread 1 ] DEBUG AudioPlayer          - Playing music com.almasb.fxgl.audio.Music@1f90821d
16:27:13.216 [FXGL Background Thread 1 ] DEBUG InitAppTask          - Initializing Physics
16:27:13.217 [FXGL Background Thread 1 ] DEBUG InitAppTask          - Initializing UI
16:27:13.217 [FXGL Background Thread 1 ] DEBUG AssetLoader          - Loading from disk: /assets/textures/BackgroundMario.png
16:27:13.230 [FXGL Background Thread 1 ] DEBUG InitAppTask          - Initialization Complete
16:27:13.230 [FXGL Background Thread 1 ] INFO  InitAppTask          - Game initialization took: 0.376 sec
16:27:13.231 [JavaFX Application Thread] DEBUG Input                - Clearing active input actions
16:27:13.231 [JavaFX Application Thread] DEBUG AssetLoader          - Loading from disk: /assets/ui/css/fxgl_dark.css
16:27:13.240 [JavaFX Application Thread] DEBUG AppStateMachine      - LoadingState -> PlayState
16:27:18.123 [JavaFX Application Thread] DEBUG AssetLoader          - Loading from cache: /assets/sounds/roblox-death-sound-effect-opNTQCf4R.mp3
16:27:19.643 [JavaFX Application Thread] DEBUG AssetLoader          - Loading from cache: /assets/sounds/roblox-death-sound-effect-opNTQCf4R.mp3
16:27:20.923 [JavaFX Application Thread] DEBUG AssetLoader          - Loading from cache: /assets/sounds/roblox-death-sound-effect-opNTQCf4R.mp3
16:27:25.915 [JavaFX Application Thread] DEBUG AssetLoader          - Loading from cache: /assets/textures/Thwomp.png
16:27:25.916 [JavaFX Application Thread] DEBUG AssetLoader          - Loading from cache: /assets/textures/Thwomp.png
16:27:25.916 [JavaFX Application Thread] DEBUG AssetLoader          - Loading from cache: /assets/textures/Thwomp.png
16:27:25.917 [JavaFX Application Thread] DEBUG AssetLoader          - Loading from cache: /assets/textures/trumpAfk.png
16:27:25.917 [JavaFX Application Thread] DEBUG AssetLoader          - Loading from cache: /assets/textures/TrumpAfk.png
16:27:25.917 [JavaFX Application Thread] DEBUG AssetLoader          - Loading from cache: /assets/textures/trumpWalk.png
16:27:30.363 [JavaFX Application Thread] DEBUG AssetLoader          - Loading from cache: /assets/sounds/roblox-death-sound-effect-opNTQCf4R.mp3
16:27:32.891 [JavaFX Application Thread] DEBUG AssetLoader          - Loading from cache: /assets/textures/Thwomp.png
16:27:32.892 [JavaFX Application Thread] DEBUG AssetLoader          - Loading from cache: /assets/textures/Thwomp.png
16:27:32.892 [JavaFX Application Thread] DEBUG AssetLoader          - Loading from cache: /assets/textures/Thwomp.png
16:27:32.892 [JavaFX Application Thread] DEBUG AssetLoader          - Loading from cache: /assets/textures/trumpAfk.png
16:27:32.892 [JavaFX Application Thread] DEBUG AssetLoader          - Loading from cache: /assets/textures/TrumpAfk.png
16:27:32.893 [JavaFX Application Thread] DEBUG AssetLoader          - Loading from cache: /assets/textures/trumpWalk.png
16:27:41.552 [JavaFX Application Thread] DEBUG AssetLoader          - Loading from cache: /assets/ui/fonts/VarelaRound-Regular.ttf
16:27:41.556 [JavaFX Application Thread] DEBUG AssetLoader          - Loading from cache: /assets/ui/fonts/VarelaRound-Regular.ttf
16:27:41.557 [JavaFX Application Thread] DEBUG AssetLoader          - Loading from disk: /assets/properties/languages/english.properties
16:27:41.560 [JavaFX Application Thread] DEBUG AssetLoader          - Loading from cache: /assets/ui/fonts/VarelaRound-Regular.ttf
16:27:41.560 [JavaFX Application Thread] DEBUG AppStateMachine      - Push state: DialogSubState
16:27:41.560 [JavaFX Application Thread] DEBUG Input                - Clearing active input actions
16:27:41.561 [JavaFX Application Thread] DEBUG AppStateMachine      - PlayState -> DialogSubState
16:27:41.566 [JavaFX Application Thread] DEBUG AssetLoader          - Loading from cache: /assets/ui/fonts/VarelaRound-Regular.ttf
16:27:41.567 [JavaFX Application Thread] DEBUG AssetLoader          - Loading from cache: /assets/ui/fonts/VarelaRound-Regular.ttf
16:27:41.567 [JavaFX Application Thread] DEBUG AssetLoader          - Loading from cache: /assets/properties/languages/english.properties
16:27:41.568 [JavaFX Application Thread] DEBUG AssetLoader          - Loading from cache: /assets/ui/fonts/VarelaRound-Regular.ttf
16:27:42.396 [JavaFX Application Thread] DEBUG AssetLoader          - Loading from cache: /assets/sounds/menu/select.wav
16:27:42.733 [JavaFX Application Thread] DEBUG AssetLoader          - Loading from cache: /assets/ui/fonts/VarelaRound-Regular.ttf
16:27:42.750 [JavaFX Application Thread] DEBUG AssetLoader          - Loading from cache: /assets/sounds/menu/select.wav
16:27:43.117 [JavaFX Application Thread] DEBUG AppStateMachine      - Pop state: DialogSubState
16:27:43.117 [JavaFX Application Thread] DEBUG Input                - Clearing active input actions
16:27:43.117 [JavaFX Application Thread] DEBUG AppStateMachine      - PlayState <- DialogSubState
16:27:44.749 [JavaFX Application Thread] DEBUG FXGL                 - Exiting FXGL
16:27:44.749 [JavaFX Application Thread] DEBUG FXGL                 - Shutting down background threads
16:27:44.749 [JavaFX Application Thread] DEBUG FXGL                 - Saving FXGL system data
16:27:44.751 [JavaFX Application Thread] DEBUG DesktopFSService     - Writing to: system\fxgl.bundle
16:27:44.757 [JavaFX Application Thread] DEBUG FXGL                 - Closing logger and exiting JavaFX
