16:50:13.208 [JavaFX Application Thread] DEBUG GameApplication      - Logger initialized
16:50:13.211 [JavaFX Application Thread] DEBUG GameApplication      - Logging settings
Title: Burger Mario
Version: 0.5
Width: 1050
Height: 700
Fullscreen: false
Intro: false
Menus: false
Profiling: false
Single step:false
App Mode: DEVELOPER
Menu Key: ESCAPE
Stage Style: DECORATED
Scene Factory: class com.almasb.fxgl.scene.SceneFactory
Dialog Factory: class com.almasb.fxgl.ui.FXGLDialogFactory
UI Factory: class com.almasb.fxgl.ui.FXGLUIFactory
Notification Service: class com.almasb.fxgl.gameplay.notification.XboxNotificationView
Exception Handler: class com.almasb.fxgl.app.FXGLExceptionHandler
16:50:13.211 [JavaFX Application Thread] DEBUG GameApplication      - Starting FXGL
16:50:13.222 [JavaFX Application Thread] INFO  FXGL                 - FXGL-0.5.4 on DESKTOP
16:50:13.223 [JavaFX Application Thread] INFO  FXGL                 - Source code and latest versions at: https://github.com/AlmasB/FXGL
16:50:13.223 [JavaFX Application Thread] INFO  FXGL                 -              Join the FXGL chat at: https://gitter.im/AlmasB/FXGL
16:50:13.223 [JavaFX Application Thread] DEBUG FXGL                 - FXGL started
16:50:13.223 [JavaFX Application Thread] DEBUG FXGL                 - Initializing FXGL
16:50:13.267 [JavaFX Application Thread] DEBUG AssetLoader          - Loading from disk: /assets/ui/cursors/fxgl_default.png
16:50:13.397 [JavaFX Application Thread] DEBUG AssetLoader          - Loading from disk: /assets/ui/fonts/VarelaRound-Regular.ttf
16:50:13.501 [JavaFX Application Thread] DEBUG MainWindow           - Creating a JavaFX scene
16:50:13.541 [JavaFX Application Thread] DEBUG MainWindow           - Target settings size: 1050.0 x 700.0
16:50:13.541 [JavaFX Application Thread] DEBUG MainWindow           - Scaled scene size:    1050.0 x 700.0
16:50:13.541 [JavaFX Application Thread] DEBUG MainWindow           - Scaled ratio: (1.0, 1.0)
16:50:13.543 [JavaFX Application Thread] DEBUG AssetLoader          - Loading from disk: /assets/ui/css/fxgl_dark.css
16:50:13.550 [JavaFX Application Thread] DEBUG AssetLoader          - Loading from disk: /assets/textures/fxgl_icon.png
16:50:13.563 [JavaFX Application Thread] DEBUG MainWindow           - Opening main window
16:50:13.739 [JavaFX Application Thread] DEBUG MainWindow           - Window border size: (6.0, 25.0)
16:50:13.739 [JavaFX Application Thread] DEBUG MainWindow           - Scaled size: 1050.0 x 700.0
16:50:13.739 [JavaFX Application Thread] DEBUG MainWindow           - Scaled ratio: (1.0, 1.0)
16:50:13.739 [JavaFX Application Thread] DEBUG MainWindow           - Scene size: 1050.0 x 700.0
16:50:13.739 [JavaFX Application Thread] DEBUG MainWindow           - Stage size: 1056.0 x 725.0
16:50:13.765 [ForkJoinPool.commonPool-worker-3] DEBUG FS                   - Loaded DesktopFSService
16:50:13.765 [ForkJoinPool.commonPool-worker-3] DEBUG FXGL                 - Loading FXGL system data
16:50:13.769 [ForkJoinPool.commonPool-worker-3] DEBUG DesktopFSService     - Reading from: system\fxgl.bundle
16:50:13.776 [ForkJoinPool.commonPool-worker-3] DEBUG Bundle               - Logging bundle: FXGL
16:50:13.776 [ForkJoinPool.commonPool-worker-3] DEBUG Bundle               - FXGL.offline.timer.version.check=2019-01-24T23:07:38.424640400
16:50:13.777 [ForkJoinPool.commonPool-worker-3] DEBUG FXGL                 - Initializing state machine and application states
16:50:13.778 [ForkJoinPool.commonPool-worker-3] DEBUG AssetLoader          - Loading from disk: /assets/ui/cursors/fxgl_default.png
16:50:13.783 [ForkJoinPool.commonPool-worker-3] DEBUG AssetLoader          - Loading from disk: /assets/ui/cursors/fxgl_default.png
16:50:13.789 [ForkJoinPool.commonPool-worker-3] DEBUG AssetLoader          - Loading from cache: /assets/ui/fonts/VarelaRound-Regular.ttf
16:50:13.791 [ForkJoinPool.commonPool-worker-3] DEBUG AssetLoader          - Loading from disk: /assets/ui/cursors/fxgl_default.png
16:50:13.793 [ForkJoinPool.commonPool-worker-3] DEBUG GameScene            - Game scene initialized: 1050x700
16:50:13.797 [ForkJoinPool.commonPool-worker-3] DEBUG GameWorld            - Game world initialized
16:50:13.840 [ForkJoinPool.commonPool-worker-3] DEBUG PhysicsWorld         - Physics world initialized: appHeight=700, physics.ppm=50.0
16:50:13.852 [ForkJoinPool.commonPool-worker-3] DEBUG Input                - Registered new binding: Pause - Esc
16:50:13.894 [JavaFX Application Thread] DEBUG FXGL                 - Running preInit()
16:50:13.895 [JavaFX Application Thread] DEBUG Input                - Registered new binding: Screenshot - P
16:50:13.895 [JavaFX Application Thread] DEBUG Input                - Registered new binding: Dev Options - CTRL+0
16:50:13.895 [JavaFX Application Thread] DEBUG Input                - Registered new binding: System info dump - CTRL+9
16:50:13.895 [JavaFX Application Thread] DEBUG Input                - Registered new binding: Restart - CTRL+R
16:50:13.896 [JavaFX Application Thread] DEBUG Input                - Registered new binding: left - Left
16:50:13.896 [JavaFX Application Thread] DEBUG Input                - Registered new binding: right - Right
16:50:13.896 [JavaFX Application Thread] DEBUG Input                - Registered new binding: leftA - A
16:50:13.896 [JavaFX Application Thread] DEBUG Input                - Registered new binding: rightD - D
16:50:13.896 [JavaFX Application Thread] DEBUG Input                - Registered new binding: jump - Space
16:50:13.896 [JavaFX Application Thread] DEBUG Input                - Registered new binding: jumpW - W
16:50:13.896 [JavaFX Application Thread] DEBUG Input                - Registered new binding: jumpUp - Up
16:50:13.896 [JavaFX Application Thread] DEBUG Input                - Registered new binding: powerUp - O
16:50:13.897 [JavaFX Application Thread] INFO  FXGL                 - FXGL initialization took: 0.674 sec
16:50:13.897 [JavaFX Application Thread] DEBUG LoopRunner           - Starting loop
16:50:13.898 [JavaFX Application Thread] DEBUG StartupState         - STARTUP
16:50:13.898 [JavaFX Application Thread] DEBUG GameApplication      - Starting new game
16:50:13.899 [JavaFX Application Thread] DEBUG Input                - Clearing active input actions
16:50:13.899 [JavaFX Application Thread] DEBUG AssetLoader          - Loading from disk: /assets/ui/css/fxgl_dark.css
16:50:13.905 [JavaFX Application Thread] DEBUG AppStateMachine      - StartupState -> LoadingState
16:50:13.910 [FXGL Background Thread 1 ] DEBUG InitAppTask          - Clearing previous game
16:50:13.910 [FXGL Background Thread 1 ] DEBUG GameWorld            - Clearing game world
16:50:13.910 [FXGL Background Thread 1 ] DEBUG PhysicsWorld         - Clearing physics world
16:50:13.910 [FXGL Background Thread 1 ] DEBUG GameScene            - Clearing game scene
16:50:13.916 [FXGL Background Thread 1 ] DEBUG InitAppTask          - Initializing Game
16:50:13.940 [FXGL Background Thread 1 ] DEBUG AssetLoader          - Loading from disk: /assets/json/MarioLevel-3.json
16:50:14.131 [FXGL Background Thread 1 ] DEBUG GameWorld            - Clearing removable entities
16:50:14.131 [FXGL Background Thread 1 ] DEBUG GameWorld            - Setting level from map
16:50:14.145 [FXGL Background Thread 1 ] DEBUG AssetLoader          - Loading from disk: /assets/textures/tiles_spritesheet.png
16:50:14.165 [FXGL Background Thread 1 ] DEBUG AssetLoader          - Loading from cache: /assets/textures/tiles_spritesheet.png
16:50:14.166 [FXGL Background Thread 1 ] DEBUG AssetLoader          - Loading from cache: /assets/textures/tiles_spritesheet.png
16:50:14.166 [FXGL Background Thread 1 ] DEBUG AssetLoader          - Loading from cache: /assets/textures/tiles_spritesheet.png
16:50:14.166 [FXGL Background Thread 1 ] DEBUG AssetLoader          - Loading from cache: /assets/textures/tiles_spritesheet.png
16:50:14.166 [FXGL Background Thread 1 ] DEBUG AssetLoader          - Loading from cache: /assets/textures/tiles_spritesheet.png
16:50:14.166 [FXGL Background Thread 1 ] DEBUG AssetLoader          - Loading from cache: /assets/textures/tiles_spritesheet.png
16:50:14.166 [FXGL Background Thread 1 ] DEBUG AssetLoader          - Loading from cache: /assets/textures/tiles_spritesheet.png
16:50:14.166 [FXGL Background Thread 1 ] DEBUG AssetLoader          - Loading from cache: /assets/textures/tiles_spritesheet.png
16:50:14.166 [FXGL Background Thread 1 ] DEBUG AssetLoader          - Loading from cache: /assets/textures/tiles_spritesheet.png
16:50:14.166 [FXGL Background Thread 1 ] DEBUG AssetLoader          - Loading from cache: /assets/textures/tiles_spritesheet.png
16:50:14.167 [FXGL Background Thread 1 ] DEBUG AssetLoader          - Loading from cache: /assets/textures/tiles_spritesheet.png
16:50:14.167 [FXGL Background Thread 1 ] DEBUG AssetLoader          - Loading from cache: /assets/textures/tiles_spritesheet.png
16:50:14.167 [FXGL Background Thread 1 ] DEBUG AssetLoader          - Loading from cache: /assets/textures/tiles_spritesheet.png
16:50:14.167 [FXGL Background Thread 1 ] DEBUG AssetLoader          - Loading from cache: /assets/textures/tiles_spritesheet.png
16:50:14.167 [FXGL Background Thread 1 ] DEBUG AssetLoader          - Loading from cache: /assets/textures/tiles_spritesheet.png
16:50:14.167 [FXGL Background Thread 1 ] DEBUG AssetLoader          - Loading from cache: /assets/textures/tiles_spritesheet.png
16:50:14.167 [FXGL Background Thread 1 ] DEBUG AssetLoader          - Loading from cache: /assets/textures/tiles_spritesheet.png
16:50:14.167 [FXGL Background Thread 1 ] DEBUG AssetLoader          - Loading from cache: /assets/textures/tiles_spritesheet.png
16:50:14.167 [FXGL Background Thread 1 ] DEBUG AssetLoader          - Loading from cache: /assets/textures/tiles_spritesheet.png
16:50:14.167 [FXGL Background Thread 1 ] DEBUG AssetLoader          - Loading from cache: /assets/textures/tiles_spritesheet.png
16:50:14.167 [FXGL Background Thread 1 ] DEBUG AssetLoader          - Loading from cache: /assets/textures/tiles_spritesheet.png
16:50:14.168 [FXGL Background Thread 1 ] DEBUG AssetLoader          - Loading from cache: /assets/textures/tiles_spritesheet.png
16:50:14.168 [FXGL Background Thread 1 ] DEBUG AssetLoader          - Loading from cache: /assets/textures/tiles_spritesheet.png
16:50:14.168 [FXGL Background Thread 1 ] DEBUG AssetLoader          - Loading from cache: /assets/textures/tiles_spritesheet.png
16:50:14.168 [FXGL Background Thread 1 ] DEBUG AssetLoader          - Loading from cache: /assets/textures/tiles_spritesheet.png
16:50:14.168 [FXGL Background Thread 1 ] DEBUG AssetLoader          - Loading from cache: /assets/textures/tiles_spritesheet.png
16:50:14.168 [FXGL Background Thread 1 ] DEBUG AssetLoader          - Loading from cache: /assets/textures/tiles_spritesheet.png
16:50:14.168 [FXGL Background Thread 1 ] DEBUG AssetLoader          - Loading from cache: /assets/textures/tiles_spritesheet.png
16:50:14.168 [FXGL Background Thread 1 ] DEBUG AssetLoader          - Loading from cache: /assets/textures/tiles_spritesheet.png
16:50:14.168 [FXGL Background Thread 1 ] DEBUG AssetLoader          - Loading from cache: /assets/textures/tiles_spritesheet.png
16:50:14.168 [FXGL Background Thread 1 ] DEBUG AssetLoader          - Loading from cache: /assets/textures/tiles_spritesheet.png
16:50:14.169 [FXGL Background Thread 1 ] DEBUG AssetLoader          - Loading from cache: /assets/textures/tiles_spritesheet.png
16:50:14.169 [FXGL Background Thread 1 ] DEBUG AssetLoader          - Loading from cache: /assets/textures/tiles_spritesheet.png
16:50:14.169 [FXGL Background Thread 1 ] DEBUG AssetLoader          - Loading from cache: /assets/textures/tiles_spritesheet.png
16:50:14.169 [FXGL Background Thread 1 ] DEBUG AssetLoader          - Loading from cache: /assets/textures/tiles_spritesheet.png
16:50:14.169 [FXGL Background Thread 1 ] DEBUG AssetLoader          - Loading from cache: /assets/textures/tiles_spritesheet.png
16:50:14.169 [FXGL Background Thread 1 ] DEBUG AssetLoader          - Loading from cache: /assets/textures/tiles_spritesheet.png
16:50:14.169 [FXGL Background Thread 1 ] DEBUG AssetLoader          - Loading from cache: /assets/textures/tiles_spritesheet.png
16:50:14.169 [FXGL Background Thread 1 ] DEBUG AssetLoader          - Loading from cache: /assets/textures/tiles_spritesheet.png
16:50:14.169 [FXGL Background Thread 1 ] DEBUG AssetLoader          - Loading from cache: /assets/textures/tiles_spritesheet.png
16:50:14.169 [FXGL Background Thread 1 ] DEBUG AssetLoader          - Loading from cache: /assets/textures/tiles_spritesheet.png
16:50:14.171 [FXGL Background Thread 1 ] DEBUG GameScene            - Creating render group for layer: BACKGROUND(1000)
16:50:14.194 [FXGL Background Thread 1 ] DEBUG GameScene            - Creating render group for layer: DEFAULT(100000)
16:50:14.204 [FXGL Background Thread 1 ] DEBUG AssetLoader          - Loading from disk: /assets/textures/burger.png
16:50:14.205 [FXGL Background Thread 1 ] DEBUG AssetLoader          - Loading from cache: /assets/textures/burger.png
16:50:14.206 [FXGL Background Thread 1 ] DEBUG AssetLoader          - Loading from cache: /assets/textures/burger.png
16:50:14.206 [FXGL Background Thread 1 ] DEBUG AssetLoader          - Loading from cache: /assets/textures/burger.png
16:50:14.207 [FXGL Background Thread 1 ] DEBUG AssetLoader          - Loading from cache: /assets/textures/burger.png
16:50:14.207 [FXGL Background Thread 1 ] DEBUG AssetLoader          - Loading from disk: /assets/textures/trumpAfk.png
16:50:14.209 [FXGL Background Thread 1 ] DEBUG AssetLoader          - Loading from disk: /assets/textures/TrumpAfk.png
16:50:14.211 [FXGL Background Thread 1 ] DEBUG AssetLoader          - Loading from disk: /assets/textures/trumpWalk.png
16:50:14.213 [FXGL Background Thread 1 ] DEBUG AssetLoader          - Loading from disk: /assets/textures/Thwomp.png
16:50:14.214 [FXGL Background Thread 1 ] DEBUG AssetLoader          - Loading from cache: /assets/textures/Thwomp.png
16:50:14.214 [FXGL Background Thread 1 ] DEBUG AssetLoader          - Loading from cache: /assets/textures/Thwomp.png
16:50:14.271 [FXGL Background Thread 1 ] DEBUG AudioPlayer          - Playing music com.almasb.fxgl.audio.Music@4e3574cd
16:50:14.273 [FXGL Background Thread 1 ] DEBUG InitAppTask          - Initializing Physics
16:50:14.274 [FXGL Background Thread 1 ] DEBUG InitAppTask          - Initializing UI
16:50:14.274 [FXGL Background Thread 1 ] DEBUG AssetLoader          - Loading from disk: /assets/textures/BackgroundMario.png
16:50:14.289 [FXGL Background Thread 1 ] DEBUG InitAppTask          - Initialization Complete
16:50:14.290 [FXGL Background Thread 1 ] INFO  InitAppTask          - Game initialization took: 0.380 sec
16:50:14.295 [JavaFX Application Thread] DEBUG Input                - Clearing active input actions
16:50:14.295 [JavaFX Application Thread] DEBUG AssetLoader          - Loading from disk: /assets/ui/css/fxgl_dark.css
16:50:14.305 [JavaFX Application Thread] DEBUG AppStateMachine      - LoadingState -> PlayState
16:50:17.899 [JavaFX Application Thread] DEBUG AssetLoader          - Loading from cache: /assets/textures/Thwomp.png
16:50:17.899 [JavaFX Application Thread] DEBUG AssetLoader          - Loading from cache: /assets/textures/Thwomp.png
16:50:17.899 [JavaFX Application Thread] DEBUG AssetLoader          - Loading from cache: /assets/textures/Thwomp.png
16:50:17.900 [JavaFX Application Thread] DEBUG AssetLoader          - Loading from cache: /assets/textures/trumpAfk.png
16:50:17.901 [JavaFX Application Thread] DEBUG AssetLoader          - Loading from cache: /assets/textures/TrumpAfk.png
16:50:17.901 [JavaFX Application Thread] DEBUG AssetLoader          - Loading from cache: /assets/textures/trumpWalk.png
16:50:19.834 [JavaFX Application Thread] DEBUG AssetLoader          - Loading from cache: /assets/textures/Thwomp.png
16:50:19.835 [JavaFX Application Thread] DEBUG AssetLoader          - Loading from cache: /assets/textures/Thwomp.png
16:50:19.835 [JavaFX Application Thread] DEBUG AssetLoader          - Loading from cache: /assets/textures/Thwomp.png
16:50:19.835 [JavaFX Application Thread] DEBUG AssetLoader          - Loading from cache: /assets/textures/trumpAfk.png
16:50:19.836 [JavaFX Application Thread] DEBUG AssetLoader          - Loading from cache: /assets/textures/TrumpAfk.png
16:50:19.836 [JavaFX Application Thread] DEBUG AssetLoader          - Loading from cache: /assets/textures/trumpWalk.png
16:50:23.562 [JavaFX Application Thread] DEBUG AssetLoader          - Loading from cache: /assets/sounds/roblox-death-sound-effect-opNTQCf4R.mp3
16:50:28.026 [JavaFX Application Thread] DEBUG AssetLoader          - Loading from cache: /assets/sounds/roblox-death-sound-effect-opNTQCf4R.mp3
16:50:36.923 [JavaFX Application Thread] DEBUG AssetLoader          - Loading from cache: /assets/textures/Thwomp.png
16:50:36.923 [JavaFX Application Thread] DEBUG AssetLoader          - Loading from cache: /assets/textures/Thwomp.png
16:50:36.923 [JavaFX Application Thread] DEBUG AssetLoader          - Loading from cache: /assets/textures/Thwomp.png
16:50:36.924 [JavaFX Application Thread] DEBUG AssetLoader          - Loading from cache: /assets/textures/trumpAfk.png
16:50:36.924 [JavaFX Application Thread] DEBUG AssetLoader          - Loading from cache: /assets/textures/TrumpAfk.png
16:50:36.924 [JavaFX Application Thread] DEBUG AssetLoader          - Loading from cache: /assets/textures/trumpWalk.png
16:50:40.954 [JavaFX Application Thread] DEBUG AssetLoader          - Loading from cache: /assets/sounds/roblox-death-sound-effect-opNTQCf4R.mp3
16:50:42.378 [JavaFX Application Thread] DEBUG AssetLoader          - Loading from cache: /assets/sounds/roblox-death-sound-effect-opNTQCf4R.mp3
16:50:44.191 [JavaFX Application Thread] DEBUG AssetLoader          - Loading from cache: /assets/ui/fonts/VarelaRound-Regular.ttf
16:50:44.195 [JavaFX Application Thread] DEBUG AssetLoader          - Loading from cache: /assets/ui/fonts/VarelaRound-Regular.ttf
16:50:44.196 [JavaFX Application Thread] DEBUG AssetLoader          - Loading from disk: /assets/properties/languages/english.properties
16:50:44.199 [JavaFX Application Thread] DEBUG AssetLoader          - Loading from cache: /assets/ui/fonts/VarelaRound-Regular.ttf
16:50:44.200 [JavaFX Application Thread] DEBUG AppStateMachine      - Push state: DialogSubState
16:50:44.200 [JavaFX Application Thread] DEBUG Input                - Clearing active input actions
16:50:44.200 [JavaFX Application Thread] DEBUG AppStateMachine      - PlayState -> DialogSubState
16:50:44.206 [JavaFX Application Thread] DEBUG AssetLoader          - Loading from cache: /assets/ui/fonts/VarelaRound-Regular.ttf
16:50:44.206 [JavaFX Application Thread] DEBUG AssetLoader          - Loading from cache: /assets/ui/fonts/VarelaRound-Regular.ttf
16:50:44.207 [JavaFX Application Thread] DEBUG AssetLoader          - Loading from cache: /assets/properties/languages/english.properties
16:50:44.207 [JavaFX Application Thread] DEBUG AssetLoader          - Loading from cache: /assets/ui/fonts/VarelaRound-Regular.ttf
16:50:45.389 [JavaFX Application Thread] DEBUG AssetLoader          - Loading from cache: /assets/ui/fonts/VarelaRound-Regular.ttf
16:50:45.405 [JavaFX Application Thread] DEBUG AssetLoader          - Loading from cache: /assets/sounds/menu/select.wav
16:50:45.717 [JavaFX Application Thread] DEBUG AppStateMachine      - Pop state: DialogSubState
16:50:45.717 [JavaFX Application Thread] DEBUG Input                - Clearing active input actions
16:50:45.717 [JavaFX Application Thread] DEBUG AppStateMachine      - PlayState <- DialogSubState
16:50:47.085 [JavaFX Application Thread] DEBUG FXGL                 - Exiting FXGL
16:50:47.085 [JavaFX Application Thread] DEBUG FXGL                 - Shutting down background threads
16:50:47.085 [JavaFX Application Thread] DEBUG FXGL                 - Saving FXGL system data
16:50:47.087 [JavaFX Application Thread] DEBUG DesktopFSService     - Writing to: system\fxgl.bundle
16:50:47.093 [JavaFX Application Thread] DEBUG FXGL                 - Closing logger and exiting JavaFX
