17:55:59.993 [JavaFX Application Thread] DEBUG GameApplication      - Logger initialized
17:55:59.996 [JavaFX Application Thread] DEBUG GameApplication      - Logging settings
Title: Burger Mario
Version: 0.5
Width: 1050
Height: 700
Fullscreen: false
Intro: false
Menus: false
Profiling: false
Single step:false
App Mode: DEVELOPER
Menu Key: ESCAPE
Stage Style: DECORATED
Scene Factory: class com.almasb.fxgl.scene.SceneFactory
Dialog Factory: class com.almasb.fxgl.ui.FXGLDialogFactory
UI Factory: class com.almasb.fxgl.ui.FXGLUIFactory
Notification Service: class com.almasb.fxgl.gameplay.notification.XboxNotificationView
Exception Handler: class com.almasb.fxgl.app.FXGLExceptionHandler
17:55:59.996 [JavaFX Application Thread] DEBUG GameApplication      - Starting FXGL
17:56:00.006 [JavaFX Application Thread] INFO  FXGL                 - FXGL-0.5.4 on DESKTOP
17:56:00.006 [JavaFX Application Thread] INFO  FXGL                 - Source code and latest versions at: https://github.com/AlmasB/FXGL
17:56:00.006 [JavaFX Application Thread] INFO  FXGL                 -              Join the FXGL chat at: https://gitter.im/AlmasB/FXGL
17:56:00.007 [JavaFX Application Thread] DEBUG FXGL                 - FXGL started
17:56:00.007 [JavaFX Application Thread] DEBUG FXGL                 - Initializing FXGL
17:56:00.055 [JavaFX Application Thread] DEBUG AssetLoader          - Loading from disk: /assets/ui/cursors/fxgl_default.png
17:56:00.159 [JavaFX Application Thread] DEBUG AssetLoader          - Loading from disk: /assets/ui/fonts/VarelaRound-Regular.ttf
17:56:00.311 [JavaFX Application Thread] DEBUG MainWindow           - Creating a JavaFX scene
17:56:00.348 [JavaFX Application Thread] DEBUG MainWindow           - Target settings size: 1050.0 x 700.0
17:56:00.348 [JavaFX Application Thread] DEBUG MainWindow           - Scaled scene size:    1050.0 x 700.0
17:56:00.348 [JavaFX Application Thread] DEBUG MainWindow           - Scaled ratio: (1.0, 1.0)
17:56:00.350 [JavaFX Application Thread] DEBUG AssetLoader          - Loading from disk: /assets/ui/css/fxgl_dark.css
17:56:00.354 [JavaFX Application Thread] DEBUG AssetLoader          - Loading from disk: /assets/textures/fxgl_icon.png
17:56:00.368 [JavaFX Application Thread] DEBUG MainWindow           - Opening main window
17:56:00.531 [JavaFX Application Thread] DEBUG MainWindow           - Window border size: (6.0, 25.0)
17:56:00.531 [JavaFX Application Thread] DEBUG MainWindow           - Scaled size: 1050.0 x 700.0
17:56:00.531 [JavaFX Application Thread] DEBUG MainWindow           - Scaled ratio: (1.0, 1.0)
17:56:00.531 [JavaFX Application Thread] DEBUG MainWindow           - Scene size: 1050.0 x 700.0
17:56:00.531 [JavaFX Application Thread] DEBUG MainWindow           - Stage size: 1056.0 x 725.0
17:56:00.553 [ForkJoinPool.commonPool-worker-3] DEBUG FS                   - Loaded DesktopFSService
17:56:00.554 [ForkJoinPool.commonPool-worker-3] DEBUG FXGL                 - Loading FXGL system data
17:56:00.557 [ForkJoinPool.commonPool-worker-3] DEBUG DesktopFSService     - Reading from: system\fxgl.bundle
17:56:00.563 [ForkJoinPool.commonPool-worker-3] DEBUG Bundle               - Logging bundle: FXGL
17:56:00.564 [ForkJoinPool.commonPool-worker-3] DEBUG Bundle               - FXGL.offline.timer.version.check=2019-01-24T23:07:38.424640400
17:56:00.564 [ForkJoinPool.commonPool-worker-3] DEBUG FXGL                 - Initializing state machine and application states
17:56:00.565 [ForkJoinPool.commonPool-worker-3] DEBUG AssetLoader          - Loading from disk: /assets/ui/cursors/fxgl_default.png
17:56:00.569 [ForkJoinPool.commonPool-worker-3] DEBUG AssetLoader          - Loading from disk: /assets/ui/cursors/fxgl_default.png
17:56:00.574 [ForkJoinPool.commonPool-worker-3] DEBUG AssetLoader          - Loading from cache: /assets/ui/fonts/VarelaRound-Regular.ttf
17:56:00.576 [ForkJoinPool.commonPool-worker-3] DEBUG AssetLoader          - Loading from disk: /assets/ui/cursors/fxgl_default.png
17:56:00.578 [ForkJoinPool.commonPool-worker-3] DEBUG GameScene            - Game scene initialized: 1050x700
17:56:00.584 [ForkJoinPool.commonPool-worker-3] DEBUG GameWorld            - Game world initialized
17:56:00.623 [ForkJoinPool.commonPool-worker-3] DEBUG PhysicsWorld         - Physics world initialized: appHeight=700, physics.ppm=50.0
17:56:00.635 [ForkJoinPool.commonPool-worker-3] DEBUG Input                - Registered new binding: Pause - Esc
17:56:00.669 [JavaFX Application Thread] DEBUG FXGL                 - Running preInit()
17:56:00.670 [JavaFX Application Thread] DEBUG Input                - Registered new binding: Screenshot - P
17:56:00.670 [JavaFX Application Thread] DEBUG Input                - Registered new binding: Dev Options - CTRL+0
17:56:00.670 [JavaFX Application Thread] DEBUG Input                - Registered new binding: System info dump - CTRL+9
17:56:00.670 [JavaFX Application Thread] DEBUG Input                - Registered new binding: Restart - CTRL+R
17:56:00.670 [JavaFX Application Thread] DEBUG Input                - Registered new binding: left - Left
17:56:00.670 [JavaFX Application Thread] DEBUG Input                - Registered new binding: right - Right
17:56:00.671 [JavaFX Application Thread] DEBUG Input                - Registered new binding: leftA - A
17:56:00.671 [JavaFX Application Thread] DEBUG Input                - Registered new binding: rightD - D
17:56:00.671 [JavaFX Application Thread] DEBUG Input                - Registered new binding: jump - Space
17:56:00.671 [JavaFX Application Thread] DEBUG Input                - Registered new binding: jumpW - W
17:56:00.671 [JavaFX Application Thread] DEBUG Input                - Registered new binding: jumpUp - Up
17:56:00.671 [JavaFX Application Thread] DEBUG Input                - Registered new binding: powerUp - O
17:56:00.671 [JavaFX Application Thread] INFO  FXGL                 - FXGL initialization took: 0.657 sec
17:56:00.671 [JavaFX Application Thread] DEBUG LoopRunner           - Starting loop
17:56:00.672 [JavaFX Application Thread] DEBUG StartupState         - STARTUP
17:56:00.672 [JavaFX Application Thread] DEBUG GameApplication      - Starting new game
17:56:00.672 [JavaFX Application Thread] DEBUG Input                - Clearing active input actions
17:56:00.673 [JavaFX Application Thread] DEBUG AssetLoader          - Loading from disk: /assets/ui/css/fxgl_dark.css
17:56:00.678 [JavaFX Application Thread] DEBUG AppStateMachine      - StartupState -> LoadingState
17:56:00.683 [FXGL Background Thread 1 ] DEBUG InitAppTask          - Clearing previous game
17:56:00.683 [FXGL Background Thread 1 ] DEBUG GameWorld            - Clearing game world
17:56:00.683 [FXGL Background Thread 1 ] DEBUG PhysicsWorld         - Clearing physics world
17:56:00.683 [FXGL Background Thread 1 ] DEBUG GameScene            - Clearing game scene
17:56:00.684 [FXGL Background Thread 1 ] DEBUG InitAppTask          - Initializing Game
17:56:00.700 [FXGL Background Thread 1 ] DEBUG AssetLoader          - Loading from disk: /assets/json/MarioLevel-1.json
17:56:00.892 [FXGL Background Thread 1 ] DEBUG GameWorld            - Clearing removable entities
17:56:00.892 [FXGL Background Thread 1 ] DEBUG GameWorld            - Setting level from map
17:56:00.905 [FXGL Background Thread 1 ] DEBUG AssetLoader          - Loading from disk: /assets/textures/tiles_spritesheet.png
17:56:00.922 [FXGL Background Thread 1 ] DEBUG AssetLoader          - Loading from cache: /assets/textures/tiles_spritesheet.png
17:56:00.922 [FXGL Background Thread 1 ] DEBUG AssetLoader          - Loading from cache: /assets/textures/tiles_spritesheet.png
17:56:00.922 [FXGL Background Thread 1 ] DEBUG AssetLoader          - Loading from cache: /assets/textures/tiles_spritesheet.png
17:56:00.922 [FXGL Background Thread 1 ] DEBUG AssetLoader          - Loading from cache: /assets/textures/tiles_spritesheet.png
17:56:00.922 [FXGL Background Thread 1 ] DEBUG AssetLoader          - Loading from cache: /assets/textures/tiles_spritesheet.png
17:56:00.922 [FXGL Background Thread 1 ] DEBUG AssetLoader          - Loading from cache: /assets/textures/tiles_spritesheet.png
17:56:00.922 [FXGL Background Thread 1 ] DEBUG AssetLoader          - Loading from cache: /assets/textures/tiles_spritesheet.png
17:56:00.923 [FXGL Background Thread 1 ] DEBUG AssetLoader          - Loading from cache: /assets/textures/tiles_spritesheet.png
17:56:00.923 [FXGL Background Thread 1 ] DEBUG AssetLoader          - Loading from cache: /assets/textures/tiles_spritesheet.png
17:56:00.923 [FXGL Background Thread 1 ] DEBUG AssetLoader          - Loading from cache: /assets/textures/tiles_spritesheet.png
17:56:00.923 [FXGL Background Thread 1 ] DEBUG AssetLoader          - Loading from cache: /assets/textures/tiles_spritesheet.png
17:56:00.923 [FXGL Background Thread 1 ] DEBUG AssetLoader          - Loading from cache: /assets/textures/tiles_spritesheet.png
17:56:00.923 [FXGL Background Thread 1 ] DEBUG AssetLoader          - Loading from cache: /assets/textures/tiles_spritesheet.png
17:56:00.923 [FXGL Background Thread 1 ] DEBUG AssetLoader          - Loading from cache: /assets/textures/tiles_spritesheet.png
17:56:00.923 [FXGL Background Thread 1 ] DEBUG AssetLoader          - Loading from cache: /assets/textures/tiles_spritesheet.png
17:56:00.923 [FXGL Background Thread 1 ] DEBUG AssetLoader          - Loading from cache: /assets/textures/tiles_spritesheet.png
17:56:00.923 [FXGL Background Thread 1 ] DEBUG AssetLoader          - Loading from cache: /assets/textures/tiles_spritesheet.png
17:56:00.924 [FXGL Background Thread 1 ] DEBUG AssetLoader          - Loading from cache: /assets/textures/tiles_spritesheet.png
17:56:00.924 [FXGL Background Thread 1 ] DEBUG AssetLoader          - Loading from cache: /assets/textures/tiles_spritesheet.png
17:56:00.924 [FXGL Background Thread 1 ] DEBUG AssetLoader          - Loading from cache: /assets/textures/tiles_spritesheet.png
17:56:00.924 [FXGL Background Thread 1 ] DEBUG AssetLoader          - Loading from cache: /assets/textures/tiles_spritesheet.png
17:56:00.925 [FXGL Background Thread 1 ] DEBUG GameScene            - Creating render group for layer: BACKGROUND(1000)
17:56:00.945 [FXGL Background Thread 1 ] DEBUG GameScene            - Creating render group for layer: DEFAULT(100000)
17:56:00.948 [FXGL Background Thread 1 ] DEBUG AssetLoader          - Loading from disk: /assets/textures/burger.png
17:56:00.950 [FXGL Background Thread 1 ] DEBUG AssetLoader          - Loading from cache: /assets/textures/burger.png
17:56:00.950 [FXGL Background Thread 1 ] DEBUG AssetLoader          - Loading from cache: /assets/textures/burger.png
17:56:00.951 [FXGL Background Thread 1 ] DEBUG AssetLoader          - Loading from cache: /assets/textures/burger.png
17:56:00.951 [FXGL Background Thread 1 ] DEBUG AssetLoader          - Loading from cache: /assets/textures/burger.png
17:56:00.953 [FXGL Background Thread 1 ] DEBUG AssetLoader          - Loading from disk: /assets/textures/trumpAfk.png
17:56:00.954 [FXGL Background Thread 1 ] DEBUG AssetLoader          - Loading from disk: /assets/textures/TrumpAfk.png
17:56:00.956 [FXGL Background Thread 1 ] DEBUG AssetLoader          - Loading from disk: /assets/textures/trumpWalk.png
17:56:00.958 [FXGL Background Thread 1 ] DEBUG AssetLoader          - Loading from disk: /assets/textures/Thwomp.png
17:56:00.959 [FXGL Background Thread 1 ] DEBUG AssetLoader          - Loading from cache: /assets/textures/Thwomp.png
17:56:00.959 [FXGL Background Thread 1 ] DEBUG AssetLoader          - Loading from cache: /assets/textures/Thwomp.png
17:56:01.008 [FXGL Background Thread 1 ] DEBUG AudioPlayer          - Playing music com.almasb.fxgl.audio.Music@a5bdb82
17:56:01.010 [FXGL Background Thread 1 ] DEBUG InitAppTask          - Initializing Physics
17:56:01.011 [FXGL Background Thread 1 ] DEBUG InitAppTask          - Initializing UI
17:56:01.011 [FXGL Background Thread 1 ] DEBUG AssetLoader          - Loading from disk: /assets/textures/BackgroundMario.png
17:56:01.023 [FXGL Background Thread 1 ] DEBUG InitAppTask          - Initialization Complete
17:56:01.023 [FXGL Background Thread 1 ] INFO  InitAppTask          - Game initialization took: 0.340 sec
17:56:01.034 [JavaFX Application Thread] DEBUG Input                - Clearing active input actions
17:56:01.034 [JavaFX Application Thread] DEBUG AssetLoader          - Loading from disk: /assets/ui/css/fxgl_dark.css
17:56:01.045 [JavaFX Application Thread] DEBUG AppStateMachine      - LoadingState -> PlayState
17:56:05.040 [JavaFX Application Thread] DEBUG AssetLoader          - Loading from cache: /assets/sounds/roblox-death-sound-effect-opNTQCf4R.mp3
17:56:05.952 [JavaFX Application Thread] DEBUG AssetLoader          - Loading from cache: /assets/sounds/roblox-death-sound-effect-opNTQCf4R.mp3
17:56:06.608 [JavaFX Application Thread] DEBUG AssetLoader          - Loading from cache: /assets/sounds/roblox-death-sound-effect-opNTQCf4R.mp3
17:56:08.240 [JavaFX Application Thread] DEBUG AssetLoader          - Loading from cache: /assets/textures/trumpAfk.png
17:56:08.240 [JavaFX Application Thread] DEBUG AssetLoader          - Loading from cache: /assets/textures/TrumpAfk.png
17:56:08.240 [JavaFX Application Thread] DEBUG AssetLoader          - Loading from cache: /assets/textures/trumpWalk.png
17:56:08.864 [JavaFX Application Thread] DEBUG AssetLoader          - Loading from cache: /assets/sounds/roblox-death-sound-effect-opNTQCf4R.mp3
17:56:10.165 [JavaFX Application Thread] DEBUG AssetLoader          - Loading from disk: /assets/properties/languages/english.properties
17:56:10.166 [JavaFX Application Thread] DEBUG AssetLoader          - Loading from cache: /assets/ui/fonts/VarelaRound-Regular.ttf
17:56:10.166 [JavaFX Application Thread] DEBUG AssetLoader          - Loading from cache: /assets/ui/fonts/VarelaRound-Regular.ttf
17:56:11.056 [JavaFX Application Thread] DEBUG EventBus             - Firing event: NotificationEvent[message=Screenshot saved]
17:56:14.308 [JavaFX Application Thread] DEBUG AssetLoader          - Loading from cache: /assets/ui/fonts/VarelaRound-Regular.ttf
17:56:14.311 [JavaFX Application Thread] DEBUG AssetLoader          - Loading from cache: /assets/ui/fonts/VarelaRound-Regular.ttf
17:56:14.312 [JavaFX Application Thread] DEBUG AssetLoader          - Loading from cache: /assets/properties/languages/english.properties
17:56:14.314 [JavaFX Application Thread] DEBUG AssetLoader          - Loading from cache: /assets/ui/fonts/VarelaRound-Regular.ttf
17:56:14.314 [JavaFX Application Thread] DEBUG AppStateMachine      - Push state: DialogSubState
17:56:14.315 [JavaFX Application Thread] DEBUG Input                - Clearing active input actions
17:56:14.315 [JavaFX Application Thread] DEBUG AppStateMachine      - PlayState -> DialogSubState
17:56:14.320 [JavaFX Application Thread] DEBUG AssetLoader          - Loading from cache: /assets/ui/fonts/VarelaRound-Regular.ttf
17:56:14.320 [JavaFX Application Thread] DEBUG AssetLoader          - Loading from cache: /assets/ui/fonts/VarelaRound-Regular.ttf
17:56:14.320 [JavaFX Application Thread] DEBUG AssetLoader          - Loading from cache: /assets/properties/languages/english.properties
17:56:14.321 [JavaFX Application Thread] DEBUG AssetLoader          - Loading from cache: /assets/ui/fonts/VarelaRound-Regular.ttf
17:56:14.321 [JavaFX Application Thread] DEBUG AssetLoader          - Loading from disk: /assets/json/MarioLevel-2.json
17:56:14.323 [JavaFX Application Thread] DEBUG GameWorld            - Clearing removable entities
17:56:14.325 [JavaFX Application Thread] DEBUG GameWorld            - Setting level from map
17:56:14.325 [JavaFX Application Thread] DEBUG AssetLoader          - Loading from cache: /assets/textures/tiles_spritesheet.png
17:56:14.326 [JavaFX Application Thread] DEBUG AssetLoader          - Loading from cache: /assets/textures/tiles_spritesheet.png
17:56:14.326 [JavaFX Application Thread] DEBUG AssetLoader          - Loading from cache: /assets/textures/tiles_spritesheet.png
17:56:14.326 [JavaFX Application Thread] DEBUG AssetLoader          - Loading from cache: /assets/textures/tiles_spritesheet.png
17:56:14.326 [JavaFX Application Thread] DEBUG AssetLoader          - Loading from cache: /assets/textures/tiles_spritesheet.png
17:56:14.326 [JavaFX Application Thread] DEBUG AssetLoader          - Loading from cache: /assets/textures/tiles_spritesheet.png
17:56:14.326 [JavaFX Application Thread] DEBUG AssetLoader          - Loading from cache: /assets/textures/tiles_spritesheet.png
17:56:14.326 [JavaFX Application Thread] DEBUG AssetLoader          - Loading from cache: /assets/textures/tiles_spritesheet.png
17:56:14.326 [JavaFX Application Thread] DEBUG AssetLoader          - Loading from cache: /assets/textures/tiles_spritesheet.png
17:56:14.326 [JavaFX Application Thread] DEBUG AssetLoader          - Loading from cache: /assets/textures/tiles_spritesheet.png
17:56:14.326 [JavaFX Application Thread] DEBUG AssetLoader          - Loading from cache: /assets/textures/tiles_spritesheet.png
17:56:14.326 [JavaFX Application Thread] DEBUG AssetLoader          - Loading from cache: /assets/textures/tiles_spritesheet.png
17:56:14.326 [JavaFX Application Thread] DEBUG AssetLoader          - Loading from cache: /assets/textures/tiles_spritesheet.png
17:56:14.326 [JavaFX Application Thread] DEBUG AssetLoader          - Loading from cache: /assets/textures/tiles_spritesheet.png
17:56:14.326 [JavaFX Application Thread] DEBUG AssetLoader          - Loading from cache: /assets/textures/tiles_spritesheet.png
17:56:14.327 [JavaFX Application Thread] DEBUG AssetLoader          - Loading from cache: /assets/textures/tiles_spritesheet.png
17:56:14.327 [JavaFX Application Thread] DEBUG AssetLoader          - Loading from cache: /assets/textures/tiles_spritesheet.png
17:56:14.327 [JavaFX Application Thread] DEBUG AssetLoader          - Loading from cache: /assets/textures/tiles_spritesheet.png
17:56:14.327 [JavaFX Application Thread] DEBUG AssetLoader          - Loading from cache: /assets/textures/tiles_spritesheet.png
17:56:14.327 [JavaFX Application Thread] DEBUG AssetLoader          - Loading from cache: /assets/textures/tiles_spritesheet.png
17:56:14.327 [JavaFX Application Thread] DEBUG AssetLoader          - Loading from cache: /assets/textures/tiles_spritesheet.png
17:56:14.327 [JavaFX Application Thread] DEBUG AssetLoader          - Loading from cache: /assets/textures/tiles_spritesheet.png
17:56:14.327 [JavaFX Application Thread] DEBUG AssetLoader          - Loading from cache: /assets/textures/tiles_spritesheet.png
17:56:14.327 [JavaFX Application Thread] DEBUG AssetLoader          - Loading from cache: /assets/textures/tiles_spritesheet.png
17:56:14.327 [JavaFX Application Thread] DEBUG AssetLoader          - Loading from cache: /assets/textures/tiles_spritesheet.png
17:56:14.327 [JavaFX Application Thread] DEBUG AssetLoader          - Loading from cache: /assets/textures/tiles_spritesheet.png
17:56:14.327 [JavaFX Application Thread] DEBUG AssetLoader          - Loading from cache: /assets/textures/tiles_spritesheet.png
17:56:14.327 [JavaFX Application Thread] DEBUG AssetLoader          - Loading from cache: /assets/textures/tiles_spritesheet.png
17:56:14.327 [JavaFX Application Thread] DEBUG AssetLoader          - Loading from cache: /assets/textures/tiles_spritesheet.png
17:56:14.337 [JavaFX Application Thread] DEBUG AssetLoader          - Loading from cache: /assets/textures/burger.png
17:56:14.337 [JavaFX Application Thread] DEBUG AssetLoader          - Loading from cache: /assets/textures/burger.png
17:56:14.338 [JavaFX Application Thread] DEBUG AssetLoader          - Loading from cache: /assets/textures/burger.png
17:56:14.339 [JavaFX Application Thread] DEBUG AssetLoader          - Loading from cache: /assets/textures/burger.png
17:56:14.339 [JavaFX Application Thread] DEBUG AssetLoader          - Loading from cache: /assets/textures/burger.png
17:56:14.341 [JavaFX Application Thread] DEBUG AssetLoader          - Loading from cache: /assets/textures/trumpAfk.png
17:56:14.341 [JavaFX Application Thread] DEBUG AssetLoader          - Loading from cache: /assets/textures/TrumpAfk.png
17:56:14.341 [JavaFX Application Thread] DEBUG AssetLoader          - Loading from cache: /assets/textures/trumpWalk.png
17:56:14.342 [JavaFX Application Thread] DEBUG AssetLoader          - Loading from cache: /assets/textures/Thwomp.png
17:56:14.342 [JavaFX Application Thread] DEBUG AssetLoader          - Loading from cache: /assets/textures/Thwomp.png
17:56:14.342 [JavaFX Application Thread] DEBUG AssetLoader          - Loading from cache: /assets/textures/Thwomp.png
17:56:14.346 [JavaFX Application Thread] DEBUG AssetLoader          - Loading from cache: /assets/ui/fonts/VarelaRound-Regular.ttf
17:56:14.347 [JavaFX Application Thread] DEBUG AssetLoader          - Loading from cache: /assets/ui/fonts/VarelaRound-Regular.ttf
17:56:14.350 [JavaFX Application Thread] DEBUG AssetLoader          - Loading from cache: /assets/properties/languages/english.properties
17:56:14.350 [JavaFX Application Thread] DEBUG AssetLoader          - Loading from cache: /assets/ui/fonts/VarelaRound-Regular.ttf
17:56:16.129 [JavaFX Application Thread] DEBUG AssetLoader          - Loading from cache: /assets/ui/fonts/VarelaRound-Regular.ttf
17:56:16.146 [JavaFX Application Thread] DEBUG AssetLoader          - Loading from cache: /assets/sounds/menu/select.wav
17:56:16.328 [JavaFX Application Thread] DEBUG AssetLoader          - Loading from cache: /assets/ui/fonts/VarelaRound-Regular.ttf
17:56:16.338 [JavaFX Application Thread] DEBUG AssetLoader          - Loading from cache: /assets/sounds/menu/select.wav
17:56:16.712 [JavaFX Application Thread] DEBUG AppStateMachine      - Pop state: DialogSubState
17:56:16.713 [JavaFX Application Thread] DEBUG Input                - Clearing active input actions
17:56:16.713 [JavaFX Application Thread] DEBUG AppStateMachine      - PlayState <- DialogSubState
17:56:27.584 [JavaFX Application Thread] DEBUG FXGL                 - Exiting FXGL
17:56:27.584 [JavaFX Application Thread] DEBUG FXGL                 - Shutting down background threads
17:56:27.585 [JavaFX Application Thread] DEBUG FXGL                 - Saving FXGL system data
17:56:27.586 [JavaFX Application Thread] DEBUG DesktopFSService     - Writing to: system\fxgl.bundle
17:56:27.589 [JavaFX Application Thread] DEBUG FXGL                 - Closing logger and exiting JavaFX
