13:46:47.436 [JavaFX Application Thread] DEBUG GameApplication      - Logger initialized
13:46:47.453 [JavaFX Application Thread] DEBUG GameApplication      - Logging settings
Title: Untitled
Version: 0.0
Width: 800
Height: 600
Fullscreen: false
Intro: false
Menus: false
Profiling: false
Single step:false
App Mode: DEVELOPER
Menu Key: ESCAPE
Stage Style: DECORATED
Scene Factory: class com.almasb.fxgl.scene.SceneFactory
Dialog Factory: class com.almasb.fxgl.ui.FXGLDialogFactory
UI Factory: class com.almasb.fxgl.ui.FXGLUIFactory
Notification Service: class com.almasb.fxgl.gameplay.notification.XboxNotificationView
Exception Handler: class com.almasb.fxgl.app.FXGLExceptionHandler
13:46:47.454 [JavaFX Application Thread] DEBUG GameApplication      - Starting FXGL
13:46:47.477 [JavaFX Application Thread] INFO  FXGL                 - FXGL-0.5.4 on DESKTOP
13:46:47.477 [JavaFX Application Thread] INFO  FXGL                 - Source code and latest versions at: https://github.com/AlmasB/FXGL
13:46:47.477 [JavaFX Application Thread] INFO  FXGL                 -              Join the FXGL chat at: https://gitter.im/AlmasB/FXGL
13:46:47.478 [JavaFX Application Thread] DEBUG FXGL                 - FXGL started
13:46:47.478 [JavaFX Application Thread] DEBUG FXGL                 - Initializing FXGL
13:46:47.520 [JavaFX Application Thread] DEBUG AssetLoader          - Loading from disk: /assets/ui/cursors/fxgl_default.png
13:46:47.584 [JavaFX Application Thread] DEBUG AssetLoader          - Loading from disk: /assets/ui/fonts/VarelaRound-Regular.ttf
13:46:47.712 [JavaFX Application Thread] DEBUG MainWindow           - Creating a JavaFX scene
13:46:47.749 [JavaFX Application Thread] DEBUG MainWindow           - Target settings size: 800.0 x 600.0
13:46:47.749 [JavaFX Application Thread] DEBUG MainWindow           - Scaled scene size:    800.0 x 600.0
13:46:47.749 [JavaFX Application Thread] DEBUG MainWindow           - Scaled ratio: (1.0, 1.0)
13:46:47.752 [JavaFX Application Thread] DEBUG AssetLoader          - Loading from disk: /assets/ui/css/fxgl_dark.css
13:46:47.755 [JavaFX Application Thread] DEBUG AssetLoader          - Loading from disk: /assets/textures/fxgl_icon.png
13:46:47.767 [JavaFX Application Thread] DEBUG MainWindow           - Opening main window
13:46:47.868 [JavaFX Application Thread] DEBUG MainWindow           - Window border size: (16.0, 39.0)
13:46:47.868 [JavaFX Application Thread] DEBUG MainWindow           - Scaled size: 800.0 x 600.0
13:46:47.868 [JavaFX Application Thread] DEBUG MainWindow           - Scaled ratio: (1.0, 1.0)
13:46:47.868 [JavaFX Application Thread] DEBUG MainWindow           - Scene size: 800.0 x 600.0
13:46:47.868 [JavaFX Application Thread] DEBUG MainWindow           - Stage size: 816.0 x 639.0
13:46:47.908 [ForkJoinPool.commonPool-worker-3] DEBUG FS                   - Loaded DesktopFSService
13:46:47.908 [ForkJoinPool.commonPool-worker-3] DEBUG FXGL                 - Loading FXGL system data
13:46:47.912 [ForkJoinPool.commonPool-worker-3] DEBUG DesktopFSService     - Reading from: system\fxgl.bundle
13:46:47.921 [ForkJoinPool.commonPool-worker-3] DEBUG Bundle               - Logging bundle: FXGL
13:46:47.921 [ForkJoinPool.commonPool-worker-3] DEBUG Bundle               - FXGL.offline.timer.version.check=2019-01-10T13:35:56.730764500
13:46:47.922 [ForkJoinPool.commonPool-worker-3] DEBUG FXGL                 - Initializing state machine and application states
13:46:47.923 [ForkJoinPool.commonPool-worker-3] DEBUG AssetLoader          - Loading from disk: /assets/ui/cursors/fxgl_default.png
13:46:47.928 [ForkJoinPool.commonPool-worker-3] DEBUG AssetLoader          - Loading from disk: /assets/ui/cursors/fxgl_default.png
13:46:47.934 [ForkJoinPool.commonPool-worker-3] DEBUG AssetLoader          - Loading from cache: /assets/ui/fonts/VarelaRound-Regular.ttf
13:46:47.937 [ForkJoinPool.commonPool-worker-3] DEBUG AssetLoader          - Loading from disk: /assets/ui/cursors/fxgl_default.png
13:46:47.939 [ForkJoinPool.commonPool-worker-3] DEBUG GameScene            - Game scene initialized: 800x600
13:46:47.943 [ForkJoinPool.commonPool-worker-3] DEBUG GameWorld            - Game world initialized
13:46:47.979 [ForkJoinPool.commonPool-worker-3] DEBUG PhysicsWorld         - Physics world initialized: appHeight=600, physics.ppm=50,0
13:46:47.992 [ForkJoinPool.commonPool-worker-3] DEBUG Input                - Registered new binding: Pause - Esc
13:46:48.036 [JavaFX Application Thread] DEBUG FXGL                 - Running preInit()
13:46:48.037 [JavaFX Application Thread] DEBUG Input                - Registered new binding: Screenshot - P
13:46:48.037 [JavaFX Application Thread] DEBUG Input                - Registered new binding: Dev Options - CTRL+0
13:46:48.037 [JavaFX Application Thread] DEBUG Input                - Registered new binding: System info dump - CTRL+9
13:46:48.037 [JavaFX Application Thread] DEBUG Input                - Registered new binding: Restart - CTRL+R
13:46:48.037 [JavaFX Application Thread] DEBUG Input                - Registered new binding: Right - D
13:46:48.038 [JavaFX Application Thread] DEBUG Input                - Registered new binding: Left - A
13:46:48.038 [JavaFX Application Thread] INFO  FXGL                 - FXGL initialization took: 0,560 sec
13:46:48.038 [JavaFX Application Thread] DEBUG LoopRunner           - Starting loop
13:46:48.039 [JavaFX Application Thread] DEBUG StartupState         - STARTUP
13:46:48.039 [JavaFX Application Thread] DEBUG GameApplication      - Starting new game
13:46:48.039 [JavaFX Application Thread] DEBUG Input                - Clearing active input actions
13:46:48.040 [JavaFX Application Thread] DEBUG AssetLoader          - Loading from disk: /assets/ui/css/fxgl_dark.css
13:46:48.045 [JavaFX Application Thread] DEBUG AppStateMachine      - StartupState -> LoadingState
13:46:48.050 [FXGL Background Thread 1 ] DEBUG InitAppTask          - Clearing previous game
13:46:48.057 [FXGL Background Thread 1 ] DEBUG GameWorld            - Clearing game world
13:46:48.057 [FXGL Background Thread 1 ] DEBUG PhysicsWorld         - Clearing physics world
13:46:48.057 [FXGL Background Thread 1 ] DEBUG GameScene            - Clearing game scene
13:46:48.059 [FXGL Background Thread 1 ] DEBUG InitAppTask          - Initializing Game
13:46:48.086 [FXGL Background Thread 1 ] DEBUG AssetLoader          - Loading from disk: /assets/textures/newdude.png
13:46:48.092 [FXGL Background Thread 1 ] DEBUG AssetLoader          - Loading from cache: /assets/textures/newdude.png
13:46:48.094 [FXGL Background Thread 1 ] DEBUG GameScene            - Creating render group for layer: DEFAULT(100000)
13:46:48.096 [FXGL Background Thread 1 ] DEBUG InitAppTask          - Initializing Physics
13:46:48.096 [FXGL Background Thread 1 ] DEBUG InitAppTask          - Initializing UI
13:46:48.096 [FXGL Background Thread 1 ] DEBUG InitAppTask          - Initialization Complete
13:46:48.096 [FXGL Background Thread 1 ] INFO  InitAppTask          - Game initialization took: 0,047 sec
13:46:48.118 [JavaFX Application Thread] DEBUG Input                - Clearing active input actions
13:46:48.118 [JavaFX Application Thread] DEBUG AssetLoader          - Loading from disk: /assets/ui/css/fxgl_dark.css
13:46:48.124 [JavaFX Application Thread] DEBUG AppStateMachine      - LoadingState -> PlayState
13:47:16.076 [JavaFX Application Thread] DEBUG FXGL                 - Exiting FXGL
13:47:16.076 [JavaFX Application Thread] DEBUG FXGL                 - Shutting down background threads
13:47:16.076 [JavaFX Application Thread] DEBUG FXGL                 - Saving FXGL system data
13:47:16.078 [JavaFX Application Thread] DEBUG DesktopFSService     - Writing to: system\fxgl.bundle
13:47:16.082 [JavaFX Application Thread] DEBUG FXGL                 - Closing logger and exiting JavaFX
