18:15:37.353 [JavaFX Application Thread] DEBUG GameApplication      - Logger initialized
18:15:37.356 [JavaFX Application Thread] DEBUG GameApplication      - Logging settings
Title: Burger Mario
Version: 0.5
Width: 1050
Height: 700
Fullscreen: false
Intro: false
Menus: false
Profiling: false
Single step:false
App Mode: DEVELOPER
Menu Key: ESCAPE
Stage Style: DECORATED
Scene Factory: class com.almasb.fxgl.scene.SceneFactory
Dialog Factory: class com.almasb.fxgl.ui.FXGLDialogFactory
UI Factory: class com.almasb.fxgl.ui.FXGLUIFactory
Notification Service: class com.almasb.fxgl.gameplay.notification.XboxNotificationView
Exception Handler: class com.almasb.fxgl.app.FXGLExceptionHandler
18:15:37.356 [JavaFX Application Thread] DEBUG GameApplication      - Starting FXGL
18:15:37.366 [JavaFX Application Thread] INFO  FXGL                 - FXGL-0.5.4 on DESKTOP
18:15:37.366 [JavaFX Application Thread] INFO  FXGL                 - Source code and latest versions at: https://github.com/AlmasB/FXGL
18:15:37.366 [JavaFX Application Thread] INFO  FXGL                 -              Join the FXGL chat at: https://gitter.im/AlmasB/FXGL
18:15:37.367 [JavaFX Application Thread] DEBUG FXGL                 - FXGL started
18:15:37.367 [JavaFX Application Thread] DEBUG FXGL                 - Initializing FXGL
18:15:37.416 [JavaFX Application Thread] DEBUG AssetLoader          - Loading from disk: /assets/ui/cursors/fxgl_default.png
18:15:37.536 [JavaFX Application Thread] DEBUG AssetLoader          - Loading from disk: /assets/ui/fonts/VarelaRound-Regular.ttf
18:15:37.631 [JavaFX Application Thread] DEBUG MainWindow           - Creating a JavaFX scene
18:15:37.667 [JavaFX Application Thread] DEBUG MainWindow           - Target settings size: 1050.0 x 700.0
18:15:37.667 [JavaFX Application Thread] DEBUG MainWindow           - Scaled scene size:    1050.0 x 700.0
18:15:37.667 [JavaFX Application Thread] DEBUG MainWindow           - Scaled ratio: (1.0, 1.0)
18:15:37.669 [JavaFX Application Thread] DEBUG AssetLoader          - Loading from disk: /assets/ui/css/fxgl_dark.css
18:15:37.672 [JavaFX Application Thread] DEBUG AssetLoader          - Loading from disk: /assets/textures/fxgl_icon.png
18:15:37.684 [JavaFX Application Thread] DEBUG MainWindow           - Opening main window
18:15:37.885 [JavaFX Application Thread] DEBUG MainWindow           - Window border size: (6.0, 25.0)
18:15:37.885 [JavaFX Application Thread] DEBUG MainWindow           - Scaled size: 1050.0 x 700.0
18:15:37.885 [JavaFX Application Thread] DEBUG MainWindow           - Scaled ratio: (1.0, 1.0)
18:15:37.885 [JavaFX Application Thread] DEBUG MainWindow           - Scene size: 1050.0 x 700.0
18:15:37.885 [JavaFX Application Thread] DEBUG MainWindow           - Stage size: 1056.0 x 725.0
18:15:37.906 [ForkJoinPool.commonPool-worker-3] DEBUG FS                   - Loaded DesktopFSService
18:15:37.906 [ForkJoinPool.commonPool-worker-3] DEBUG FXGL                 - Loading FXGL system data
18:15:37.911 [ForkJoinPool.commonPool-worker-3] DEBUG DesktopFSService     - Reading from: system\fxgl.bundle
18:15:37.916 [ForkJoinPool.commonPool-worker-3] DEBUG Bundle               - Logging bundle: FXGL
18:15:37.917 [ForkJoinPool.commonPool-worker-3] DEBUG Bundle               - FXGL.offline.timer.version.check=2019-01-24T23:07:38.424640400
18:15:37.917 [ForkJoinPool.commonPool-worker-3] DEBUG FXGL                 - Initializing state machine and application states
18:15:37.919 [ForkJoinPool.commonPool-worker-3] DEBUG AssetLoader          - Loading from disk: /assets/ui/cursors/fxgl_default.png
18:15:37.923 [ForkJoinPool.commonPool-worker-3] DEBUG AssetLoader          - Loading from disk: /assets/ui/cursors/fxgl_default.png
18:15:37.928 [ForkJoinPool.commonPool-worker-3] DEBUG AssetLoader          - Loading from cache: /assets/ui/fonts/VarelaRound-Regular.ttf
18:15:37.930 [ForkJoinPool.commonPool-worker-3] DEBUG AssetLoader          - Loading from disk: /assets/ui/cursors/fxgl_default.png
18:15:37.931 [ForkJoinPool.commonPool-worker-3] DEBUG GameScene            - Game scene initialized: 1050x700
18:15:37.935 [ForkJoinPool.commonPool-worker-3] DEBUG GameWorld            - Game world initialized
18:15:37.971 [ForkJoinPool.commonPool-worker-3] DEBUG PhysicsWorld         - Physics world initialized: appHeight=700, physics.ppm=50.0
18:15:37.983 [ForkJoinPool.commonPool-worker-3] DEBUG Input                - Registered new binding: Pause - Esc
18:15:38.011 [JavaFX Application Thread] DEBUG FXGL                 - Running preInit()
18:15:38.012 [JavaFX Application Thread] DEBUG Input                - Registered new binding: Screenshot - P
18:15:38.012 [JavaFX Application Thread] DEBUG Input                - Registered new binding: Dev Options - CTRL+0
18:15:38.012 [JavaFX Application Thread] DEBUG Input                - Registered new binding: System info dump - CTRL+9
18:15:38.013 [JavaFX Application Thread] DEBUG Input                - Registered new binding: Restart - CTRL+R
18:15:38.013 [JavaFX Application Thread] DEBUG Input                - Registered new binding: left - Left
18:15:38.013 [JavaFX Application Thread] DEBUG Input                - Registered new binding: right - Right
18:15:38.013 [JavaFX Application Thread] DEBUG Input                - Registered new binding: leftA - A
18:15:38.013 [JavaFX Application Thread] DEBUG Input                - Registered new binding: rightD - D
18:15:38.013 [JavaFX Application Thread] DEBUG Input                - Registered new binding: jump - Space
18:15:38.013 [JavaFX Application Thread] DEBUG Input                - Registered new binding: jumpW - W
18:15:38.013 [JavaFX Application Thread] DEBUG Input                - Registered new binding: jumpUp - Up
18:15:38.014 [JavaFX Application Thread] DEBUG Input                - Registered new binding: powerUp - O
18:15:38.014 [JavaFX Application Thread] INFO  FXGL                 - FXGL initialization took: 0.647 sec
18:15:38.014 [JavaFX Application Thread] DEBUG LoopRunner           - Starting loop
18:15:38.023 [JavaFX Application Thread] DEBUG StartupState         - STARTUP
18:15:38.023 [JavaFX Application Thread] DEBUG GameApplication      - Starting new game
18:15:38.023 [JavaFX Application Thread] DEBUG Input                - Clearing active input actions
18:15:38.024 [JavaFX Application Thread] DEBUG AssetLoader          - Loading from disk: /assets/ui/css/fxgl_dark.css
18:15:38.029 [JavaFX Application Thread] DEBUG AppStateMachine      - StartupState -> LoadingState
18:15:38.033 [FXGL Background Thread 1 ] DEBUG InitAppTask          - Clearing previous game
18:15:38.033 [FXGL Background Thread 1 ] DEBUG GameWorld            - Clearing game world
18:15:38.033 [FXGL Background Thread 1 ] DEBUG PhysicsWorld         - Clearing physics world
18:15:38.033 [FXGL Background Thread 1 ] DEBUG GameScene            - Clearing game scene
18:15:38.034 [FXGL Background Thread 1 ] DEBUG InitAppTask          - Initializing Game
18:15:38.050 [FXGL Background Thread 1 ] DEBUG AssetLoader          - Loading from disk: /assets/json/MarioLevel-1.json
18:15:38.226 [FXGL Background Thread 1 ] DEBUG GameWorld            - Clearing removable entities
18:15:38.226 [FXGL Background Thread 1 ] DEBUG GameWorld            - Setting level from map
18:15:38.247 [FXGL Background Thread 1 ] DEBUG AssetLoader          - Loading from disk: /assets/textures/tiles_spritesheet.png
18:15:38.263 [FXGL Background Thread 1 ] DEBUG AssetLoader          - Loading from cache: /assets/textures/tiles_spritesheet.png
18:15:38.263 [FXGL Background Thread 1 ] DEBUG AssetLoader          - Loading from cache: /assets/textures/tiles_spritesheet.png
18:15:38.263 [FXGL Background Thread 1 ] DEBUG AssetLoader          - Loading from cache: /assets/textures/tiles_spritesheet.png
18:15:38.263 [FXGL Background Thread 1 ] DEBUG AssetLoader          - Loading from cache: /assets/textures/tiles_spritesheet.png
18:15:38.263 [FXGL Background Thread 1 ] DEBUG AssetLoader          - Loading from cache: /assets/textures/tiles_spritesheet.png
18:15:38.263 [FXGL Background Thread 1 ] DEBUG AssetLoader          - Loading from cache: /assets/textures/tiles_spritesheet.png
18:15:38.263 [FXGL Background Thread 1 ] DEBUG AssetLoader          - Loading from cache: /assets/textures/tiles_spritesheet.png
18:15:38.263 [FXGL Background Thread 1 ] DEBUG AssetLoader          - Loading from cache: /assets/textures/tiles_spritesheet.png
18:15:38.263 [FXGL Background Thread 1 ] DEBUG AssetLoader          - Loading from cache: /assets/textures/tiles_spritesheet.png
18:15:38.264 [FXGL Background Thread 1 ] DEBUG AssetLoader          - Loading from cache: /assets/textures/tiles_spritesheet.png
18:15:38.264 [FXGL Background Thread 1 ] DEBUG AssetLoader          - Loading from cache: /assets/textures/tiles_spritesheet.png
18:15:38.264 [FXGL Background Thread 1 ] DEBUG AssetLoader          - Loading from cache: /assets/textures/tiles_spritesheet.png
18:15:38.264 [FXGL Background Thread 1 ] DEBUG AssetLoader          - Loading from cache: /assets/textures/tiles_spritesheet.png
18:15:38.264 [FXGL Background Thread 1 ] DEBUG AssetLoader          - Loading from cache: /assets/textures/tiles_spritesheet.png
18:15:38.264 [FXGL Background Thread 1 ] DEBUG AssetLoader          - Loading from cache: /assets/textures/tiles_spritesheet.png
18:15:38.264 [FXGL Background Thread 1 ] DEBUG AssetLoader          - Loading from cache: /assets/textures/tiles_spritesheet.png
18:15:38.264 [FXGL Background Thread 1 ] DEBUG AssetLoader          - Loading from cache: /assets/textures/tiles_spritesheet.png
18:15:38.264 [FXGL Background Thread 1 ] DEBUG AssetLoader          - Loading from cache: /assets/textures/tiles_spritesheet.png
18:15:38.264 [FXGL Background Thread 1 ] DEBUG AssetLoader          - Loading from cache: /assets/textures/tiles_spritesheet.png
18:15:38.264 [FXGL Background Thread 1 ] DEBUG AssetLoader          - Loading from cache: /assets/textures/tiles_spritesheet.png
18:15:38.265 [FXGL Background Thread 1 ] DEBUG AssetLoader          - Loading from cache: /assets/textures/tiles_spritesheet.png
18:15:38.266 [FXGL Background Thread 1 ] DEBUG GameScene            - Creating render group for layer: BACKGROUND(1000)
18:15:38.286 [FXGL Background Thread 1 ] DEBUG GameScene            - Creating render group for layer: DEFAULT(100000)
18:15:38.289 [FXGL Background Thread 1 ] DEBUG AssetLoader          - Loading from disk: /assets/textures/burger.png
18:15:38.290 [FXGL Background Thread 1 ] DEBUG AssetLoader          - Loading from cache: /assets/textures/burger.png
18:15:38.291 [FXGL Background Thread 1 ] DEBUG AssetLoader          - Loading from cache: /assets/textures/burger.png
18:15:38.291 [FXGL Background Thread 1 ] DEBUG AssetLoader          - Loading from cache: /assets/textures/burger.png
18:15:38.292 [FXGL Background Thread 1 ] DEBUG AssetLoader          - Loading from cache: /assets/textures/burger.png
18:15:38.294 [FXGL Background Thread 1 ] DEBUG AssetLoader          - Loading from disk: /assets/textures/trumpAfk.png
18:15:38.295 [FXGL Background Thread 1 ] DEBUG AssetLoader          - Loading from disk: /assets/textures/TrumpAfk.png
18:15:38.297 [FXGL Background Thread 1 ] DEBUG AssetLoader          - Loading from disk: /assets/textures/trumpWalk.png
18:15:38.298 [FXGL Background Thread 1 ] DEBUG AssetLoader          - Loading from disk: /assets/textures/Thwomp.png
18:15:38.300 [FXGL Background Thread 1 ] DEBUG AssetLoader          - Loading from cache: /assets/textures/Thwomp.png
18:15:38.300 [FXGL Background Thread 1 ] DEBUG AssetLoader          - Loading from cache: /assets/textures/Thwomp.png
18:15:38.349 [FXGL Background Thread 1 ] DEBUG AudioPlayer          - Playing music com.almasb.fxgl.audio.Music@65962337
18:15:38.351 [FXGL Background Thread 1 ] DEBUG InitAppTask          - Initializing Physics
18:15:38.352 [FXGL Background Thread 1 ] DEBUG InitAppTask          - Initializing UI
18:15:38.352 [FXGL Background Thread 1 ] DEBUG AssetLoader          - Loading from disk: /assets/textures/BackgroundMario.png
18:15:38.364 [FXGL Background Thread 1 ] DEBUG InitAppTask          - Initialization Complete
18:15:38.365 [FXGL Background Thread 1 ] INFO  InitAppTask          - Game initialization took: 0.332 sec
18:15:38.382 [JavaFX Application Thread] DEBUG Input                - Clearing active input actions
18:15:38.382 [JavaFX Application Thread] DEBUG AssetLoader          - Loading from disk: /assets/ui/css/fxgl_dark.css
18:15:38.391 [JavaFX Application Thread] DEBUG AppStateMachine      - LoadingState -> PlayState
18:15:44.407 [JavaFX Application Thread] DEBUG AssetLoader          - Loading from cache: /assets/textures/trumpAfk.png
18:15:44.408 [JavaFX Application Thread] DEBUG AssetLoader          - Loading from cache: /assets/textures/TrumpAfk.png
18:15:44.408 [JavaFX Application Thread] DEBUG AssetLoader          - Loading from cache: /assets/textures/trumpWalk.png
18:15:49.559 [JavaFX Application Thread] DEBUG AssetLoader          - Loading from cache: /assets/sounds/roblox-death-sound-effect-opNTQCf4R.mp3
18:15:50.695 [JavaFX Application Thread] DEBUG AssetLoader          - Loading from cache: /assets/sounds/roblox-death-sound-effect-opNTQCf4R.mp3
18:15:52.439 [JavaFX Application Thread] DEBUG AssetLoader          - Loading from cache: /assets/sounds/roblox-death-sound-effect-opNTQCf4R.mp3
18:15:53.639 [JavaFX Application Thread] DEBUG AssetLoader          - Loading from cache: /assets/textures/trumpAfk.png
18:15:53.639 [JavaFX Application Thread] DEBUG AssetLoader          - Loading from cache: /assets/textures/TrumpAfk.png
18:15:53.639 [JavaFX Application Thread] DEBUG AssetLoader          - Loading from cache: /assets/textures/trumpWalk.png
18:15:57.367 [JavaFX Application Thread] DEBUG AssetLoader          - Loading from cache: /assets/sounds/roblox-death-sound-effect-opNTQCf4R.mp3
18:16:02.491 [JavaFX Application Thread] DEBUG AssetLoader          - Loading from cache: /assets/ui/fonts/VarelaRound-Regular.ttf
18:16:02.494 [JavaFX Application Thread] DEBUG AssetLoader          - Loading from cache: /assets/ui/fonts/VarelaRound-Regular.ttf
18:16:02.495 [JavaFX Application Thread] DEBUG AssetLoader          - Loading from disk: /assets/properties/languages/english.properties
18:16:02.498 [JavaFX Application Thread] DEBUG AssetLoader          - Loading from cache: /assets/ui/fonts/VarelaRound-Regular.ttf
18:16:02.499 [JavaFX Application Thread] DEBUG AppStateMachine      - Push state: DialogSubState
18:16:02.499 [JavaFX Application Thread] DEBUG Input                - Clearing active input actions
18:16:02.499 [JavaFX Application Thread] DEBUG AppStateMachine      - PlayState -> DialogSubState
18:16:02.504 [JavaFX Application Thread] DEBUG AssetLoader          - Loading from cache: /assets/ui/fonts/VarelaRound-Regular.ttf
18:16:02.505 [JavaFX Application Thread] DEBUG AssetLoader          - Loading from cache: /assets/ui/fonts/VarelaRound-Regular.ttf
18:16:02.505 [JavaFX Application Thread] DEBUG AssetLoader          - Loading from cache: /assets/properties/languages/english.properties
18:16:02.505 [JavaFX Application Thread] DEBUG AssetLoader          - Loading from cache: /assets/ui/fonts/VarelaRound-Regular.ttf
18:16:02.506 [JavaFX Application Thread] DEBUG AssetLoader          - Loading from disk: /assets/json/MarioLevel-2.json
18:16:02.508 [JavaFX Application Thread] DEBUG GameWorld            - Clearing removable entities
18:16:02.509 [JavaFX Application Thread] DEBUG GameWorld            - Setting level from map
18:16:02.510 [JavaFX Application Thread] DEBUG AssetLoader          - Loading from cache: /assets/textures/tiles_spritesheet.png
18:16:02.511 [JavaFX Application Thread] DEBUG AssetLoader          - Loading from cache: /assets/textures/tiles_spritesheet.png
18:16:02.511 [JavaFX Application Thread] DEBUG AssetLoader          - Loading from cache: /assets/textures/tiles_spritesheet.png
18:16:02.511 [JavaFX Application Thread] DEBUG AssetLoader          - Loading from cache: /assets/textures/tiles_spritesheet.png
18:16:02.511 [JavaFX Application Thread] DEBUG AssetLoader          - Loading from cache: /assets/textures/tiles_spritesheet.png
18:16:02.511 [JavaFX Application Thread] DEBUG AssetLoader          - Loading from cache: /assets/textures/tiles_spritesheet.png
18:16:02.511 [JavaFX Application Thread] DEBUG AssetLoader          - Loading from cache: /assets/textures/tiles_spritesheet.png
18:16:02.511 [JavaFX Application Thread] DEBUG AssetLoader          - Loading from cache: /assets/textures/tiles_spritesheet.png
18:16:02.511 [JavaFX Application Thread] DEBUG AssetLoader          - Loading from cache: /assets/textures/tiles_spritesheet.png
18:16:02.511 [JavaFX Application Thread] DEBUG AssetLoader          - Loading from cache: /assets/textures/tiles_spritesheet.png
18:16:02.511 [JavaFX Application Thread] DEBUG AssetLoader          - Loading from cache: /assets/textures/tiles_spritesheet.png
18:16:02.511 [JavaFX Application Thread] DEBUG AssetLoader          - Loading from cache: /assets/textures/tiles_spritesheet.png
18:16:02.511 [JavaFX Application Thread] DEBUG AssetLoader          - Loading from cache: /assets/textures/tiles_spritesheet.png
18:16:02.511 [JavaFX Application Thread] DEBUG AssetLoader          - Loading from cache: /assets/textures/tiles_spritesheet.png
18:16:02.512 [JavaFX Application Thread] DEBUG AssetLoader          - Loading from cache: /assets/textures/tiles_spritesheet.png
18:16:02.512 [JavaFX Application Thread] DEBUG AssetLoader          - Loading from cache: /assets/textures/tiles_spritesheet.png
18:16:02.512 [JavaFX Application Thread] DEBUG AssetLoader          - Loading from cache: /assets/textures/tiles_spritesheet.png
18:16:02.512 [JavaFX Application Thread] DEBUG AssetLoader          - Loading from cache: /assets/textures/tiles_spritesheet.png
18:16:02.512 [JavaFX Application Thread] DEBUG AssetLoader          - Loading from cache: /assets/textures/tiles_spritesheet.png
18:16:02.512 [JavaFX Application Thread] DEBUG AssetLoader          - Loading from cache: /assets/textures/tiles_spritesheet.png
18:16:02.512 [JavaFX Application Thread] DEBUG AssetLoader          - Loading from cache: /assets/textures/tiles_spritesheet.png
18:16:02.512 [JavaFX Application Thread] DEBUG AssetLoader          - Loading from cache: /assets/textures/tiles_spritesheet.png
18:16:02.512 [JavaFX Application Thread] DEBUG AssetLoader          - Loading from cache: /assets/textures/tiles_spritesheet.png
18:16:02.512 [JavaFX Application Thread] DEBUG AssetLoader          - Loading from cache: /assets/textures/tiles_spritesheet.png
18:16:02.512 [JavaFX Application Thread] DEBUG AssetLoader          - Loading from cache: /assets/textures/tiles_spritesheet.png
18:16:02.512 [JavaFX Application Thread] DEBUG AssetLoader          - Loading from cache: /assets/textures/tiles_spritesheet.png
18:16:02.512 [JavaFX Application Thread] DEBUG AssetLoader          - Loading from cache: /assets/textures/tiles_spritesheet.png
18:16:02.512 [JavaFX Application Thread] DEBUG AssetLoader          - Loading from cache: /assets/textures/tiles_spritesheet.png
18:16:02.512 [JavaFX Application Thread] DEBUG AssetLoader          - Loading from cache: /assets/textures/tiles_spritesheet.png
18:16:02.518 [JavaFX Application Thread] DEBUG AssetLoader          - Loading from cache: /assets/textures/burger.png
18:16:02.518 [JavaFX Application Thread] DEBUG AssetLoader          - Loading from cache: /assets/textures/burger.png
18:16:02.519 [JavaFX Application Thread] DEBUG AssetLoader          - Loading from cache: /assets/textures/burger.png
18:16:02.519 [JavaFX Application Thread] DEBUG AssetLoader          - Loading from cache: /assets/textures/burger.png
18:16:02.520 [JavaFX Application Thread] DEBUG AssetLoader          - Loading from cache: /assets/textures/burger.png
18:16:02.520 [JavaFX Application Thread] DEBUG AssetLoader          - Loading from cache: /assets/textures/trumpAfk.png
18:16:02.520 [JavaFX Application Thread] DEBUG AssetLoader          - Loading from cache: /assets/textures/TrumpAfk.png
18:16:02.521 [JavaFX Application Thread] DEBUG AssetLoader          - Loading from cache: /assets/textures/trumpWalk.png
18:16:02.521 [JavaFX Application Thread] DEBUG AssetLoader          - Loading from cache: /assets/textures/Thwomp.png
18:16:02.521 [JavaFX Application Thread] DEBUG AssetLoader          - Loading from cache: /assets/textures/Thwomp.png
18:16:02.522 [JavaFX Application Thread] DEBUG AssetLoader          - Loading from cache: /assets/textures/Thwomp.png
18:16:02.525 [JavaFX Application Thread] DEBUG AssetLoader          - Loading from cache: /assets/ui/fonts/VarelaRound-Regular.ttf
18:16:02.525 [JavaFX Application Thread] DEBUG AssetLoader          - Loading from cache: /assets/ui/fonts/VarelaRound-Regular.ttf
18:16:02.525 [JavaFX Application Thread] DEBUG AssetLoader          - Loading from cache: /assets/properties/languages/english.properties
18:16:02.525 [JavaFX Application Thread] DEBUG AssetLoader          - Loading from cache: /assets/ui/fonts/VarelaRound-Regular.ttf
18:16:04.473 [JavaFX Application Thread] DEBUG AssetLoader          - Loading from cache: /assets/ui/fonts/VarelaRound-Regular.ttf
18:16:04.489 [JavaFX Application Thread] DEBUG AssetLoader          - Loading from cache: /assets/sounds/menu/select.wav
18:16:04.633 [JavaFX Application Thread] DEBUG AssetLoader          - Loading from cache: /assets/ui/fonts/VarelaRound-Regular.ttf
18:16:04.649 [JavaFX Application Thread] DEBUG AssetLoader          - Loading from cache: /assets/sounds/menu/select.wav
18:16:04.792 [JavaFX Application Thread] DEBUG AppStateMachine      - Pop state: DialogSubState
18:16:04.792 [JavaFX Application Thread] DEBUG Input                - Clearing active input actions
18:16:04.793 [JavaFX Application Thread] DEBUG AppStateMachine      - PlayState <- DialogSubState
18:16:07.239 [JavaFX Application Thread] DEBUG AssetLoader          - Loading from cache: /assets/textures/trumpAfk.png
18:16:07.239 [JavaFX Application Thread] DEBUG AssetLoader          - Loading from cache: /assets/textures/TrumpAfk.png
18:16:07.239 [JavaFX Application Thread] DEBUG AssetLoader          - Loading from cache: /assets/textures/trumpWalk.png
18:16:09.847 [JavaFX Application Thread] DEBUG AssetLoader          - Loading from cache: /assets/sounds/roblox-death-sound-effect-opNTQCf4R.mp3
18:16:11.383 [JavaFX Application Thread] DEBUG AssetLoader          - Loading from cache: /assets/sounds/roblox-death-sound-effect-opNTQCf4R.mp3
18:16:12.663 [JavaFX Application Thread] DEBUG AssetLoader          - Loading from cache: /assets/sounds/roblox-death-sound-effect-opNTQCf4R.mp3
18:16:14.168 [JavaFX Application Thread] DEBUG AssetLoader          - Loading from cache: /assets/textures/trumpAfk.png
18:16:14.169 [JavaFX Application Thread] DEBUG AssetLoader          - Loading from cache: /assets/textures/TrumpAfk.png
18:16:14.169 [JavaFX Application Thread] DEBUG AssetLoader          - Loading from cache: /assets/textures/trumpWalk.png
18:16:14.169 [JavaFX Application Thread] DEBUG AssetLoader          - Loading from cache: /assets/textures/Thwomp.png
18:16:14.169 [JavaFX Application Thread] DEBUG AssetLoader          - Loading from cache: /assets/textures/Thwomp.png
18:16:14.169 [JavaFX Application Thread] DEBUG AssetLoader          - Loading from cache: /assets/textures/Thwomp.png
18:16:19.447 [JavaFX Application Thread] DEBUG AssetLoader          - Loading from cache: /assets/sounds/roblox-death-sound-effect-opNTQCf4R.mp3
18:16:26.199 [JavaFX Application Thread] DEBUG AssetLoader          - Loading from cache: /assets/sounds/roblox-death-sound-effect-opNTQCf4R.mp3
18:16:26.631 [JavaFX Application Thread] DEBUG AssetLoader          - Loading from cache: /assets/ui/fonts/VarelaRound-Regular.ttf
18:16:26.631 [JavaFX Application Thread] DEBUG AssetLoader          - Loading from cache: /assets/ui/fonts/VarelaRound-Regular.ttf
18:16:26.631 [JavaFX Application Thread] DEBUG AssetLoader          - Loading from cache: /assets/properties/languages/english.properties
18:16:26.631 [JavaFX Application Thread] DEBUG AssetLoader          - Loading from cache: /assets/ui/fonts/VarelaRound-Regular.ttf
18:16:26.631 [JavaFX Application Thread] DEBUG AppStateMachine      - Push state: DialogSubState
18:16:26.631 [JavaFX Application Thread] DEBUG Input                - Clearing active input actions
18:16:26.631 [JavaFX Application Thread] DEBUG AppStateMachine      - PlayState -> DialogSubState
18:16:26.633 [JavaFX Application Thread] DEBUG AssetLoader          - Loading from cache: /assets/ui/fonts/VarelaRound-Regular.ttf
18:16:26.633 [JavaFX Application Thread] DEBUG AssetLoader          - Loading from cache: /assets/ui/fonts/VarelaRound-Regular.ttf
18:16:26.633 [JavaFX Application Thread] DEBUG AssetLoader          - Loading from cache: /assets/properties/languages/english.properties
18:16:26.633 [JavaFX Application Thread] DEBUG AssetLoader          - Loading from cache: /assets/ui/fonts/VarelaRound-Regular.ttf
18:16:26.634 [JavaFX Application Thread] DEBUG AssetLoader          - Loading from disk: /assets/json/MarioLevel-3.json
18:16:26.636 [JavaFX Application Thread] DEBUG GameWorld            - Clearing removable entities
18:16:26.637 [JavaFX Application Thread] DEBUG GameWorld            - Setting level from map
18:16:26.637 [JavaFX Application Thread] DEBUG AssetLoader          - Loading from cache: /assets/textures/tiles_spritesheet.png
18:16:26.637 [JavaFX Application Thread] DEBUG AssetLoader          - Loading from cache: /assets/textures/tiles_spritesheet.png
18:16:26.637 [JavaFX Application Thread] DEBUG AssetLoader          - Loading from cache: /assets/textures/tiles_spritesheet.png
18:16:26.638 [JavaFX Application Thread] DEBUG AssetLoader          - Loading from cache: /assets/textures/tiles_spritesheet.png
18:16:26.638 [JavaFX Application Thread] DEBUG AssetLoader          - Loading from cache: /assets/textures/tiles_spritesheet.png
18:16:26.638 [JavaFX Application Thread] DEBUG AssetLoader          - Loading from cache: /assets/textures/tiles_spritesheet.png
18:16:26.638 [JavaFX Application Thread] DEBUG AssetLoader          - Loading from cache: /assets/textures/tiles_spritesheet.png
18:16:26.638 [JavaFX Application Thread] DEBUG AssetLoader          - Loading from cache: /assets/textures/tiles_spritesheet.png
18:16:26.638 [JavaFX Application Thread] DEBUG AssetLoader          - Loading from cache: /assets/textures/tiles_spritesheet.png
18:16:26.638 [JavaFX Application Thread] DEBUG AssetLoader          - Loading from cache: /assets/textures/tiles_spritesheet.png
18:16:26.638 [JavaFX Application Thread] DEBUG AssetLoader          - Loading from cache: /assets/textures/tiles_spritesheet.png
18:16:26.638 [JavaFX Application Thread] DEBUG AssetLoader          - Loading from cache: /assets/textures/tiles_spritesheet.png
18:16:26.638 [JavaFX Application Thread] DEBUG AssetLoader          - Loading from cache: /assets/textures/tiles_spritesheet.png
18:16:26.638 [JavaFX Application Thread] DEBUG AssetLoader          - Loading from cache: /assets/textures/tiles_spritesheet.png
18:16:26.638 [JavaFX Application Thread] DEBUG AssetLoader          - Loading from cache: /assets/textures/tiles_spritesheet.png
18:16:26.638 [JavaFX Application Thread] DEBUG AssetLoader          - Loading from cache: /assets/textures/tiles_spritesheet.png
18:16:26.638 [JavaFX Application Thread] DEBUG AssetLoader          - Loading from cache: /assets/textures/tiles_spritesheet.png
18:16:26.638 [JavaFX Application Thread] DEBUG AssetLoader          - Loading from cache: /assets/textures/tiles_spritesheet.png
18:16:26.638 [JavaFX Application Thread] DEBUG AssetLoader          - Loading from cache: /assets/textures/tiles_spritesheet.png
18:16:26.638 [JavaFX Application Thread] DEBUG AssetLoader          - Loading from cache: /assets/textures/tiles_spritesheet.png
18:16:26.638 [JavaFX Application Thread] DEBUG AssetLoader          - Loading from cache: /assets/textures/tiles_spritesheet.png
18:16:26.638 [JavaFX Application Thread] DEBUG AssetLoader          - Loading from cache: /assets/textures/tiles_spritesheet.png
18:16:26.639 [JavaFX Application Thread] DEBUG AssetLoader          - Loading from cache: /assets/textures/tiles_spritesheet.png
18:16:26.639 [JavaFX Application Thread] DEBUG AssetLoader          - Loading from cache: /assets/textures/tiles_spritesheet.png
18:16:26.639 [JavaFX Application Thread] DEBUG AssetLoader          - Loading from cache: /assets/textures/tiles_spritesheet.png
18:16:26.639 [JavaFX Application Thread] DEBUG AssetLoader          - Loading from cache: /assets/textures/tiles_spritesheet.png
18:16:26.639 [JavaFX Application Thread] DEBUG AssetLoader          - Loading from cache: /assets/textures/tiles_spritesheet.png
18:16:26.639 [JavaFX Application Thread] DEBUG AssetLoader          - Loading from cache: /assets/textures/tiles_spritesheet.png
18:16:26.639 [JavaFX Application Thread] DEBUG AssetLoader          - Loading from cache: /assets/textures/tiles_spritesheet.png
18:16:26.639 [JavaFX Application Thread] DEBUG AssetLoader          - Loading from cache: /assets/textures/tiles_spritesheet.png
18:16:26.639 [JavaFX Application Thread] DEBUG AssetLoader          - Loading from cache: /assets/textures/tiles_spritesheet.png
18:16:26.639 [JavaFX Application Thread] DEBUG AssetLoader          - Loading from cache: /assets/textures/tiles_spritesheet.png
18:16:26.639 [JavaFX Application Thread] DEBUG AssetLoader          - Loading from cache: /assets/textures/tiles_spritesheet.png
18:16:26.639 [JavaFX Application Thread] DEBUG AssetLoader          - Loading from cache: /assets/textures/tiles_spritesheet.png
18:16:26.639 [JavaFX Application Thread] DEBUG AssetLoader          - Loading from cache: /assets/textures/tiles_spritesheet.png
18:16:26.639 [JavaFX Application Thread] DEBUG AssetLoader          - Loading from cache: /assets/textures/tiles_spritesheet.png
18:16:26.639 [JavaFX Application Thread] DEBUG AssetLoader          - Loading from cache: /assets/textures/tiles_spritesheet.png
18:16:26.639 [JavaFX Application Thread] DEBUG AssetLoader          - Loading from cache: /assets/textures/tiles_spritesheet.png
18:16:26.640 [JavaFX Application Thread] DEBUG AssetLoader          - Loading from cache: /assets/textures/tiles_spritesheet.png
18:16:26.640 [JavaFX Application Thread] DEBUG AssetLoader          - Loading from cache: /assets/textures/tiles_spritesheet.png
18:16:26.640 [JavaFX Application Thread] DEBUG AssetLoader          - Loading from cache: /assets/textures/tiles_spritesheet.png
18:16:26.640 [JavaFX Application Thread] DEBUG AssetLoader          - Loading from cache: /assets/textures/tiles_spritesheet.png
18:16:26.647 [JavaFX Application Thread] DEBUG AssetLoader          - Loading from cache: /assets/textures/burger.png
18:16:26.647 [JavaFX Application Thread] DEBUG AssetLoader          - Loading from cache: /assets/textures/burger.png
18:16:26.648 [JavaFX Application Thread] DEBUG AssetLoader          - Loading from cache: /assets/textures/burger.png
18:16:26.648 [JavaFX Application Thread] DEBUG AssetLoader          - Loading from cache: /assets/textures/burger.png
18:16:26.648 [JavaFX Application Thread] DEBUG AssetLoader          - Loading from cache: /assets/textures/burger.png
18:16:26.649 [JavaFX Application Thread] DEBUG AssetLoader          - Loading from cache: /assets/textures/trumpAfk.png
18:16:26.649 [JavaFX Application Thread] DEBUG AssetLoader          - Loading from cache: /assets/textures/TrumpAfk.png
18:16:26.649 [JavaFX Application Thread] DEBUG AssetLoader          - Loading from cache: /assets/textures/trumpWalk.png
18:16:26.650 [JavaFX Application Thread] DEBUG AssetLoader          - Loading from cache: /assets/textures/Thwomp.png
18:16:26.650 [JavaFX Application Thread] DEBUG AssetLoader          - Loading from cache: /assets/textures/Thwomp.png
18:16:26.650 [JavaFX Application Thread] DEBUG AssetLoader          - Loading from cache: /assets/textures/Thwomp.png
18:16:26.650 [JavaFX Application Thread] DEBUG AssetLoader          - Loading from cache: /assets/sounds/Trolol sound.mp3
18:16:26.650 [JavaFX Application Thread] DEBUG AssetLoader          - Loading from cache: /assets/ui/fonts/VarelaRound-Regular.ttf
18:16:26.650 [JavaFX Application Thread] DEBUG AssetLoader          - Loading from cache: /assets/ui/fonts/VarelaRound-Regular.ttf
18:16:26.650 [JavaFX Application Thread] DEBUG AssetLoader          - Loading from cache: /assets/properties/languages/english.properties
18:16:26.651 [JavaFX Application Thread] DEBUG AssetLoader          - Loading from cache: /assets/ui/fonts/VarelaRound-Regular.ttf
18:16:26.654 [JavaFX Application Thread] DEBUG AssetLoader          - Loading from cache: /assets/sounds/menu/select.wav
18:16:27.784 [JavaFX Application Thread] DEBUG AssetLoader          - Loading from cache: /assets/ui/fonts/VarelaRound-Regular.ttf
18:16:27.800 [JavaFX Application Thread] DEBUG AssetLoader          - Loading from cache: /assets/sounds/menu/select.wav
18:16:27.952 [JavaFX Application Thread] DEBUG AssetLoader          - Loading from cache: /assets/ui/fonts/VarelaRound-Regular.ttf
18:16:27.960 [JavaFX Application Thread] DEBUG AssetLoader          - Loading from cache: /assets/sounds/menu/select.wav
18:16:28.112 [JavaFX Application Thread] DEBUG AppStateMachine      - Pop state: DialogSubState
18:16:28.112 [JavaFX Application Thread] DEBUG Input                - Clearing active input actions
18:16:28.113 [JavaFX Application Thread] DEBUG AppStateMachine      - PlayState <- DialogSubState
18:16:30.119 [JavaFX Application Thread] DEBUG AssetLoader          - Loading from cache: /assets/textures/trumpAfk.png
18:16:30.119 [JavaFX Application Thread] DEBUG AssetLoader          - Loading from cache: /assets/textures/TrumpAfk.png
18:16:30.119 [JavaFX Application Thread] DEBUG AssetLoader          - Loading from cache: /assets/textures/trumpWalk.png
18:16:32.368 [JavaFX Application Thread] DEBUG FXGL                 - Exiting FXGL
18:16:32.368 [JavaFX Application Thread] DEBUG FXGL                 - Shutting down background threads
18:16:32.368 [JavaFX Application Thread] DEBUG FXGL                 - Saving FXGL system data
18:16:32.370 [JavaFX Application Thread] DEBUG DesktopFSService     - Writing to: system\fxgl.bundle
18:16:32.373 [JavaFX Application Thread] DEBUG FXGL                 - Closing logger and exiting JavaFX
