14:36:41.798 [JavaFX Application Thread] DEBUG GameApplication      - Logger initialized
14:36:41.801 [JavaFX Application Thread] DEBUG GameApplication      - Logging settings
Title: Burger Mario
Version: 1.0
Width: 1050
Height: 700
Fullscreen: false
Intro: false
Menus: false
Profiling: false
Single step:false
App Mode: DEVELOPER
Menu Key: ESCAPE
Stage Style: DECORATED
Scene Factory: class com.almasb.fxgl.scene.SceneFactory
Dialog Factory: class com.almasb.fxgl.ui.FXGLDialogFactory
UI Factory: class com.almasb.fxgl.ui.FXGLUIFactory
Notification Service: class com.almasb.fxgl.gameplay.notification.XboxNotificationView
Exception Handler: class com.almasb.fxgl.app.FXGLExceptionHandler
14:36:41.801 [JavaFX Application Thread] DEBUG GameApplication      - Starting FXGL
14:36:41.810 [JavaFX Application Thread] INFO  FXGL                 - FXGL-0.5.4 on DESKTOP
14:36:41.810 [JavaFX Application Thread] INFO  FXGL                 - Source code and latest versions at: https://github.com/AlmasB/FXGL
14:36:41.810 [JavaFX Application Thread] INFO  FXGL                 -              Join the FXGL chat at: https://gitter.im/AlmasB/FXGL
14:36:41.810 [JavaFX Application Thread] DEBUG FXGL                 - FXGL started
14:36:41.810 [JavaFX Application Thread] DEBUG FXGL                 - Initializing FXGL
14:36:41.843 [JavaFX Application Thread] DEBUG AssetLoader          - Loading from disk: /assets/ui/cursors/fxgl_default.png
14:36:41.885 [JavaFX Application Thread] DEBUG AssetLoader          - Loading from disk: /assets/ui/fonts/VarelaRound-Regular.ttf
14:36:41.960 [JavaFX Application Thread] DEBUG MainWindow           - Creating a JavaFX scene
14:36:41.993 [JavaFX Application Thread] DEBUG MainWindow           - Target settings size: 1050.0 x 700.0
14:36:41.993 [JavaFX Application Thread] DEBUG MainWindow           - Scaled scene size:    1050.0 x 700.0
14:36:41.993 [JavaFX Application Thread] DEBUG MainWindow           - Scaled ratio: (1.0, 1.0)
14:36:41.995 [JavaFX Application Thread] DEBUG AssetLoader          - Loading from disk: /assets/ui/css/fxgl_dark.css
14:36:41.997 [JavaFX Application Thread] DEBUG AssetLoader          - Loading from disk: /assets/textures/burger.png
14:36:41.999 [JavaFX Application Thread] DEBUG MainWindow           - Opening main window
14:36:42.171 [JavaFX Application Thread] DEBUG MainWindow           - Window border size: (6.0, 25.0)
14:36:42.171 [JavaFX Application Thread] DEBUG MainWindow           - Scaled size: 1050.0 x 700.0
14:36:42.171 [JavaFX Application Thread] DEBUG MainWindow           - Scaled ratio: (1.0, 1.0)
14:36:42.171 [JavaFX Application Thread] DEBUG MainWindow           - Scene size: 1050.0 x 700.0
14:36:42.172 [JavaFX Application Thread] DEBUG MainWindow           - Stage size: 1056.0 x 725.0
14:36:42.197 [ForkJoinPool.commonPool-worker-3] DEBUG FS                   - Loaded DesktopFSService
14:36:42.198 [ForkJoinPool.commonPool-worker-3] DEBUG FXGL                 - Loading FXGL system data
14:36:42.202 [ForkJoinPool.commonPool-worker-3] DEBUG DesktopFSService     - Reading from: system\fxgl.bundle
14:36:42.209 [ForkJoinPool.commonPool-worker-3] DEBUG Bundle               - Logging bundle: FXGL
14:36:42.209 [ForkJoinPool.commonPool-worker-3] DEBUG Bundle               - FXGL.offline.timer.version.check=2019-01-24T23:07:38.424640400
14:36:42.210 [ForkJoinPool.commonPool-worker-3] DEBUG FXGL                 - Initializing state machine and application states
14:36:42.211 [ForkJoinPool.commonPool-worker-3] DEBUG AssetLoader          - Loading from disk: /assets/ui/cursors/fxgl_default.png
14:36:42.214 [ForkJoinPool.commonPool-worker-3] DEBUG AssetLoader          - Loading from disk: /assets/ui/cursors/fxgl_default.png
14:36:42.220 [ForkJoinPool.commonPool-worker-3] DEBUG AssetLoader          - Loading from cache: /assets/ui/fonts/VarelaRound-Regular.ttf
14:36:42.222 [ForkJoinPool.commonPool-worker-3] DEBUG AssetLoader          - Loading from disk: /assets/ui/cursors/fxgl_default.png
14:36:42.224 [ForkJoinPool.commonPool-worker-3] DEBUG GameScene            - Game scene initialized: 1050x700
14:36:42.229 [ForkJoinPool.commonPool-worker-3] DEBUG GameWorld            - Game world initialized
14:36:42.266 [ForkJoinPool.commonPool-worker-3] DEBUG PhysicsWorld         - Physics world initialized: appHeight=700, physics.ppm=50.0
14:36:42.276 [ForkJoinPool.commonPool-worker-3] DEBUG Input                - Registered new binding: Pause - Esc
14:36:42.301 [JavaFX Application Thread] DEBUG FXGL                 - Running preInit()
14:36:42.302 [JavaFX Application Thread] DEBUG Input                - Registered new binding: Screenshot - P
14:36:42.302 [JavaFX Application Thread] DEBUG Input                - Registered new binding: Dev Options - CTRL+0
14:36:42.302 [JavaFX Application Thread] DEBUG Input                - Registered new binding: System info dump - CTRL+9
14:36:42.302 [JavaFX Application Thread] DEBUG Input                - Registered new binding: Restart - CTRL+R
14:36:42.302 [JavaFX Application Thread] DEBUG Input                - Registered new binding: left - Left
14:36:42.303 [JavaFX Application Thread] DEBUG Input                - Registered new binding: right - Right
14:36:42.303 [JavaFX Application Thread] DEBUG Input                - Registered new binding: leftA - A
14:36:42.303 [JavaFX Application Thread] DEBUG Input                - Registered new binding: rightD - D
14:36:42.303 [JavaFX Application Thread] DEBUG Input                - Registered new binding: jump - Space
14:36:42.303 [JavaFX Application Thread] DEBUG Input                - Registered new binding: jumpW - W
14:36:42.303 [JavaFX Application Thread] DEBUG Input                - Registered new binding: jumpUp - Up
14:36:42.303 [JavaFX Application Thread] DEBUG Input                - Registered new binding: powerUp - O
14:36:42.303 [JavaFX Application Thread] INFO  FXGL                 - FXGL initialization took: 0.493 sec
14:36:42.303 [JavaFX Application Thread] DEBUG LoopRunner           - Starting loop
14:36:42.304 [JavaFX Application Thread] DEBUG StartupState         - STARTUP
14:36:42.304 [JavaFX Application Thread] DEBUG GameApplication      - Starting new game
14:36:42.304 [JavaFX Application Thread] DEBUG Input                - Clearing active input actions
14:36:42.305 [JavaFX Application Thread] DEBUG AssetLoader          - Loading from disk: /assets/ui/css/fxgl_dark.css
14:36:42.311 [JavaFX Application Thread] DEBUG AppStateMachine      - StartupState -> LoadingState
14:36:42.316 [FXGL Background Thread 1 ] DEBUG InitAppTask          - Clearing previous game
14:36:42.317 [FXGL Background Thread 1 ] DEBUG GameWorld            - Clearing game world
14:36:42.317 [FXGL Background Thread 1 ] DEBUG PhysicsWorld         - Clearing physics world
14:36:42.317 [FXGL Background Thread 1 ] DEBUG GameScene            - Clearing game scene
14:36:42.318 [FXGL Background Thread 1 ] DEBUG InitAppTask          - Initializing Game
14:36:42.333 [FXGL Background Thread 1 ] DEBUG AssetLoader          - Loading from disk: /assets/json/MarioLevel-1.json
14:36:42.542 [FXGL Background Thread 1 ] DEBUG GameWorld            - Clearing removable entities
14:36:42.542 [FXGL Background Thread 1 ] DEBUG GameWorld            - Setting level from map
14:36:42.554 [FXGL Background Thread 1 ] DEBUG AssetLoader          - Loading from disk: /assets/textures/tiles_spritesheet.png
14:36:42.583 [FXGL Background Thread 1 ] DEBUG AssetLoader          - Loading from cache: /assets/textures/tiles_spritesheet.png
14:36:42.583 [FXGL Background Thread 1 ] DEBUG AssetLoader          - Loading from cache: /assets/textures/tiles_spritesheet.png
14:36:42.584 [FXGL Background Thread 1 ] DEBUG AssetLoader          - Loading from cache: /assets/textures/tiles_spritesheet.png
14:36:42.584 [FXGL Background Thread 1 ] DEBUG AssetLoader          - Loading from cache: /assets/textures/tiles_spritesheet.png
14:36:42.584 [FXGL Background Thread 1 ] DEBUG AssetLoader          - Loading from cache: /assets/textures/tiles_spritesheet.png
14:36:42.584 [FXGL Background Thread 1 ] DEBUG AssetLoader          - Loading from cache: /assets/textures/tiles_spritesheet.png
14:36:42.584 [FXGL Background Thread 1 ] DEBUG AssetLoader          - Loading from cache: /assets/textures/tiles_spritesheet.png
14:36:42.584 [FXGL Background Thread 1 ] DEBUG AssetLoader          - Loading from cache: /assets/textures/tiles_spritesheet.png
14:36:42.584 [FXGL Background Thread 1 ] DEBUG AssetLoader          - Loading from cache: /assets/textures/tiles_spritesheet.png
14:36:42.584 [FXGL Background Thread 1 ] DEBUG AssetLoader          - Loading from cache: /assets/textures/tiles_spritesheet.png
14:36:42.584 [FXGL Background Thread 1 ] DEBUG AssetLoader          - Loading from cache: /assets/textures/tiles_spritesheet.png
14:36:42.584 [FXGL Background Thread 1 ] DEBUG AssetLoader          - Loading from cache: /assets/textures/tiles_spritesheet.png
14:36:42.584 [FXGL Background Thread 1 ] DEBUG AssetLoader          - Loading from cache: /assets/textures/tiles_spritesheet.png
14:36:42.585 [FXGL Background Thread 1 ] DEBUG AssetLoader          - Loading from cache: /assets/textures/tiles_spritesheet.png
14:36:42.585 [FXGL Background Thread 1 ] DEBUG AssetLoader          - Loading from cache: /assets/textures/tiles_spritesheet.png
14:36:42.585 [FXGL Background Thread 1 ] DEBUG AssetLoader          - Loading from cache: /assets/textures/tiles_spritesheet.png
14:36:42.585 [FXGL Background Thread 1 ] DEBUG AssetLoader          - Loading from cache: /assets/textures/tiles_spritesheet.png
14:36:42.585 [FXGL Background Thread 1 ] DEBUG AssetLoader          - Loading from cache: /assets/textures/tiles_spritesheet.png
14:36:42.585 [FXGL Background Thread 1 ] DEBUG AssetLoader          - Loading from cache: /assets/textures/tiles_spritesheet.png
14:36:42.585 [FXGL Background Thread 1 ] DEBUG AssetLoader          - Loading from cache: /assets/textures/tiles_spritesheet.png
14:36:42.585 [FXGL Background Thread 1 ] DEBUG AssetLoader          - Loading from cache: /assets/textures/tiles_spritesheet.png
14:36:42.586 [FXGL Background Thread 1 ] DEBUG GameScene            - Creating render group for layer: BACKGROUND(1000)
14:36:42.607 [FXGL Background Thread 1 ] DEBUG GameScene            - Creating render group for layer: DEFAULT(100000)
14:36:42.610 [FXGL Background Thread 1 ] DEBUG AssetLoader          - Loading from cache: /assets/textures/burger.png
14:36:42.611 [FXGL Background Thread 1 ] DEBUG AssetLoader          - Loading from cache: /assets/textures/burger.png
14:36:42.611 [FXGL Background Thread 1 ] DEBUG AssetLoader          - Loading from cache: /assets/textures/burger.png
14:36:42.612 [FXGL Background Thread 1 ] DEBUG AssetLoader          - Loading from cache: /assets/textures/burger.png
14:36:42.613 [FXGL Background Thread 1 ] DEBUG AssetLoader          - Loading from cache: /assets/textures/burger.png
14:36:42.615 [FXGL Background Thread 1 ] DEBUG AssetLoader          - Loading from disk: /assets/textures/TrumpAfk.png
14:36:42.616 [FXGL Background Thread 1 ] DEBUG AssetLoader          - Loading from cache: /assets/textures/TrumpAfk.png
14:36:42.618 [FXGL Background Thread 1 ] DEBUG AssetLoader          - Loading from disk: /assets/textures/trumpWalk.png
14:36:42.620 [FXGL Background Thread 1 ] DEBUG AssetLoader          - Loading from disk: /assets/textures/Thwomp.png
14:36:42.620 [FXGL Background Thread 1 ] DEBUG AssetLoader          - Loading from cache: /assets/textures/Thwomp.png
14:36:42.621 [FXGL Background Thread 1 ] DEBUG AssetLoader          - Loading from cache: /assets/textures/Thwomp.png
14:36:42.671 [FXGL Background Thread 1 ] DEBUG AudioPlayer          - Playing music com.almasb.fxgl.audio.Music@627eefe1
14:36:42.673 [FXGL Background Thread 1 ] DEBUG InitAppTask          - Initializing Physics
14:36:42.673 [FXGL Background Thread 1 ] DEBUG InitAppTask          - Initializing UI
14:36:42.673 [FXGL Background Thread 1 ] DEBUG AssetLoader          - Loading from disk: /assets/textures/BackgroundMario.png
14:36:42.687 [FXGL Background Thread 1 ] DEBUG InitAppTask          - Initialization Complete
14:36:42.688 [FXGL Background Thread 1 ] INFO  InitAppTask          - Game initialization took: 0.371 sec
14:36:42.691 [JavaFX Application Thread] DEBUG Input                - Clearing active input actions
14:36:42.692 [JavaFX Application Thread] DEBUG AssetLoader          - Loading from disk: /assets/ui/css/fxgl_dark.css
14:36:42.700 [JavaFX Application Thread] DEBUG AppStateMachine      - LoadingState -> PlayState
14:36:44.790 [JavaFX Application Thread] DEBUG FXGL                 - Exiting FXGL
14:36:44.790 [JavaFX Application Thread] DEBUG FXGL                 - Shutting down background threads
14:36:44.791 [JavaFX Application Thread] DEBUG FXGL                 - Saving FXGL system data
14:36:44.792 [JavaFX Application Thread] DEBUG DesktopFSService     - Writing to: system\fxgl.bundle
14:36:44.795 [JavaFX Application Thread] DEBUG FXGL                 - Closing logger and exiting JavaFX
