23:43:47.351 [JavaFX Application Thread] DEBUG GameApplication      - Logger initialized
23:43:47.355 [JavaFX Application Thread] DEBUG GameApplication      - Logging settings
Title: Burger Mario
Version: 0.5
Width: 1050
Height: 700
Fullscreen: false
Intro: false
Menus: false
Profiling: false
Single step:false
App Mode: DEVELOPER
Menu Key: ESCAPE
Stage Style: DECORATED
Scene Factory: class com.almasb.fxgl.scene.SceneFactory
Dialog Factory: class com.almasb.fxgl.ui.FXGLDialogFactory
UI Factory: class com.almasb.fxgl.ui.FXGLUIFactory
Notification Service: class com.almasb.fxgl.gameplay.notification.XboxNotificationView
Exception Handler: class com.almasb.fxgl.app.FXGLExceptionHandler
23:43:47.355 [JavaFX Application Thread] DEBUG GameApplication      - Starting FXGL
23:43:47.368 [JavaFX Application Thread] INFO  FXGL                 - FXGL-0.5.4 on DESKTOP
23:43:47.369 [JavaFX Application Thread] INFO  FXGL                 - Source code and latest versions at: https://github.com/AlmasB/FXGL
23:43:47.369 [JavaFX Application Thread] INFO  FXGL                 -              Join the FXGL chat at: https://gitter.im/AlmasB/FXGL
23:43:47.369 [JavaFX Application Thread] DEBUG FXGL                 - FXGL started
23:43:47.369 [JavaFX Application Thread] DEBUG FXGL                 - Initializing FXGL
23:43:47.431 [JavaFX Application Thread] DEBUG AssetLoader          - Loading from disk: /assets/ui/cursors/fxgl_default.png
23:43:47.505 [JavaFX Application Thread] DEBUG AssetLoader          - Loading from disk: /assets/ui/fonts/VarelaRound-Regular.ttf
23:43:47.651 [JavaFX Application Thread] DEBUG MainWindow           - Creating a JavaFX scene
23:43:47.687 [JavaFX Application Thread] DEBUG MainWindow           - Target settings size: 1050.0 x 700.0
23:43:47.687 [JavaFX Application Thread] DEBUG MainWindow           - Scaled scene size:    1050.0 x 700.0
23:43:47.687 [JavaFX Application Thread] DEBUG MainWindow           - Scaled ratio: (1.0, 1.0)
23:43:47.690 [JavaFX Application Thread] DEBUG AssetLoader          - Loading from disk: /assets/ui/css/fxgl_dark.css
23:43:47.693 [JavaFX Application Thread] DEBUG AssetLoader          - Loading from disk: /assets/textures/fxgl_icon.png
23:43:47.707 [JavaFX Application Thread] DEBUG MainWindow           - Opening main window
23:43:47.943 [JavaFX Application Thread] DEBUG MainWindow           - Window border size: (6.0, 25.0)
23:43:47.943 [JavaFX Application Thread] DEBUG MainWindow           - Scaled size: 1050.0 x 700.0
23:43:47.943 [JavaFX Application Thread] DEBUG MainWindow           - Scaled ratio: (1.0, 1.0)
23:43:47.943 [JavaFX Application Thread] DEBUG MainWindow           - Scene size: 1050.0 x 700.0
23:43:47.943 [JavaFX Application Thread] DEBUG MainWindow           - Stage size: 1056.0 x 725.0
23:43:47.966 [ForkJoinPool.commonPool-worker-3] DEBUG FS                   - Loaded DesktopFSService
23:43:47.966 [ForkJoinPool.commonPool-worker-3] DEBUG FXGL                 - Loading FXGL system data
23:43:47.970 [ForkJoinPool.commonPool-worker-3] DEBUG DesktopFSService     - Reading from: system\fxgl.bundle
23:43:47.976 [ForkJoinPool.commonPool-worker-3] DEBUG Bundle               - Logging bundle: FXGL
23:43:47.977 [ForkJoinPool.commonPool-worker-3] DEBUG Bundle               - FXGL.offline.timer.version.check=2019-01-24T23:07:38.424640400
23:43:47.978 [ForkJoinPool.commonPool-worker-3] DEBUG FXGL                 - Initializing state machine and application states
23:43:47.979 [ForkJoinPool.commonPool-worker-3] DEBUG AssetLoader          - Loading from disk: /assets/ui/cursors/fxgl_default.png
23:43:47.984 [ForkJoinPool.commonPool-worker-3] DEBUG AssetLoader          - Loading from disk: /assets/ui/cursors/fxgl_default.png
23:43:47.990 [ForkJoinPool.commonPool-worker-3] DEBUG AssetLoader          - Loading from cache: /assets/ui/fonts/VarelaRound-Regular.ttf
23:43:47.992 [ForkJoinPool.commonPool-worker-3] DEBUG AssetLoader          - Loading from disk: /assets/ui/cursors/fxgl_default.png
23:43:47.994 [ForkJoinPool.commonPool-worker-3] DEBUG GameScene            - Game scene initialized: 1050x700
23:43:47.998 [ForkJoinPool.commonPool-worker-3] DEBUG GameWorld            - Game world initialized
23:43:48.031 [ForkJoinPool.commonPool-worker-3] DEBUG PhysicsWorld         - Physics world initialized: appHeight=700, physics.ppm=50.0
23:43:48.042 [ForkJoinPool.commonPool-worker-3] DEBUG Input                - Registered new binding: Pause - Esc
23:43:48.084 [JavaFX Application Thread] DEBUG FXGL                 - Running preInit()
23:43:48.085 [JavaFX Application Thread] DEBUG Input                - Registered new binding: Screenshot - P
23:43:48.085 [JavaFX Application Thread] DEBUG Input                - Registered new binding: Dev Options - CTRL+0
23:43:48.085 [JavaFX Application Thread] DEBUG Input                - Registered new binding: System info dump - CTRL+9
23:43:48.086 [JavaFX Application Thread] DEBUG Input                - Registered new binding: Restart - CTRL+R
23:43:48.086 [JavaFX Application Thread] DEBUG Input                - Registered new binding: left - Left
23:43:48.086 [JavaFX Application Thread] DEBUG Input                - Registered new binding: right - Right
23:43:48.086 [JavaFX Application Thread] DEBUG Input                - Registered new binding: leftA - A
23:43:48.086 [JavaFX Application Thread] DEBUG Input                - Registered new binding: rightD - D
23:43:48.086 [JavaFX Application Thread] DEBUG Input                - Registered new binding: jump - Space
23:43:48.086 [JavaFX Application Thread] DEBUG Input                - Registered new binding: jumpW - W
23:43:48.086 [JavaFX Application Thread] DEBUG Input                - Registered new binding: jumpUp - Up
23:43:48.087 [JavaFX Application Thread] DEBUG Input                - Registered new binding: powerUp - O
23:43:48.087 [JavaFX Application Thread] INFO  FXGL                 - FXGL initialization took: 0.700 sec
23:43:48.087 [JavaFX Application Thread] DEBUG LoopRunner           - Starting loop
23:43:48.088 [JavaFX Application Thread] DEBUG StartupState         - STARTUP
23:43:48.088 [JavaFX Application Thread] DEBUG GameApplication      - Starting new game
23:43:48.088 [JavaFX Application Thread] DEBUG Input                - Clearing active input actions
23:43:48.089 [JavaFX Application Thread] DEBUG AssetLoader          - Loading from disk: /assets/ui/css/fxgl_dark.css
23:43:48.095 [JavaFX Application Thread] DEBUG AppStateMachine      - StartupState -> LoadingState
23:43:48.099 [FXGL Background Thread 1 ] DEBUG InitAppTask          - Clearing previous game
23:43:48.099 [FXGL Background Thread 1 ] DEBUG GameWorld            - Clearing game world
23:43:48.100 [FXGL Background Thread 1 ] DEBUG PhysicsWorld         - Clearing physics world
23:43:48.100 [FXGL Background Thread 1 ] DEBUG GameScene            - Clearing game scene
23:43:48.101 [FXGL Background Thread 1 ] DEBUG InitAppTask          - Initializing Game
23:43:48.120 [FXGL Background Thread 1 ] DEBUG AssetLoader          - Loading from disk: /assets/json/MarioLevel-1.json
23:43:48.312 [FXGL Background Thread 1 ] DEBUG GameWorld            - Clearing removable entities
23:43:48.312 [FXGL Background Thread 1 ] DEBUG GameWorld            - Setting level from map
23:43:48.325 [FXGL Background Thread 1 ] DEBUG AssetLoader          - Loading from disk: /assets/textures/tiles_spritesheet.png
23:43:48.343 [FXGL Background Thread 1 ] DEBUG AssetLoader          - Loading from cache: /assets/textures/tiles_spritesheet.png
23:43:48.343 [FXGL Background Thread 1 ] DEBUG AssetLoader          - Loading from cache: /assets/textures/tiles_spritesheet.png
23:43:48.343 [FXGL Background Thread 1 ] DEBUG AssetLoader          - Loading from cache: /assets/textures/tiles_spritesheet.png
23:43:48.343 [FXGL Background Thread 1 ] DEBUG AssetLoader          - Loading from cache: /assets/textures/tiles_spritesheet.png
23:43:48.343 [FXGL Background Thread 1 ] DEBUG AssetLoader          - Loading from cache: /assets/textures/tiles_spritesheet.png
23:43:48.343 [FXGL Background Thread 1 ] DEBUG AssetLoader          - Loading from cache: /assets/textures/tiles_spritesheet.png
23:43:48.344 [FXGL Background Thread 1 ] DEBUG AssetLoader          - Loading from cache: /assets/textures/tiles_spritesheet.png
23:43:48.344 [FXGL Background Thread 1 ] DEBUG AssetLoader          - Loading from cache: /assets/textures/tiles_spritesheet.png
23:43:48.344 [FXGL Background Thread 1 ] DEBUG AssetLoader          - Loading from cache: /assets/textures/tiles_spritesheet.png
23:43:48.344 [FXGL Background Thread 1 ] DEBUG AssetLoader          - Loading from cache: /assets/textures/tiles_spritesheet.png
23:43:48.344 [FXGL Background Thread 1 ] DEBUG AssetLoader          - Loading from cache: /assets/textures/tiles_spritesheet.png
23:43:48.344 [FXGL Background Thread 1 ] DEBUG AssetLoader          - Loading from cache: /assets/textures/tiles_spritesheet.png
23:43:48.344 [FXGL Background Thread 1 ] DEBUG AssetLoader          - Loading from cache: /assets/textures/tiles_spritesheet.png
23:43:48.344 [FXGL Background Thread 1 ] DEBUG AssetLoader          - Loading from cache: /assets/textures/tiles_spritesheet.png
23:43:48.344 [FXGL Background Thread 1 ] DEBUG AssetLoader          - Loading from cache: /assets/textures/tiles_spritesheet.png
23:43:48.345 [FXGL Background Thread 1 ] DEBUG AssetLoader          - Loading from cache: /assets/textures/tiles_spritesheet.png
23:43:48.345 [FXGL Background Thread 1 ] DEBUG AssetLoader          - Loading from cache: /assets/textures/tiles_spritesheet.png
23:43:48.345 [FXGL Background Thread 1 ] DEBUG AssetLoader          - Loading from cache: /assets/textures/tiles_spritesheet.png
23:43:48.345 [FXGL Background Thread 1 ] DEBUG AssetLoader          - Loading from cache: /assets/textures/tiles_spritesheet.png
23:43:48.345 [FXGL Background Thread 1 ] DEBUG AssetLoader          - Loading from cache: /assets/textures/tiles_spritesheet.png
23:43:48.345 [FXGL Background Thread 1 ] DEBUG AssetLoader          - Loading from cache: /assets/textures/tiles_spritesheet.png
23:43:48.346 [FXGL Background Thread 1 ] DEBUG GameScene            - Creating render group for layer: BACKGROUND(1000)
23:43:48.369 [FXGL Background Thread 1 ] DEBUG GameScene            - Creating render group for layer: DEFAULT(100000)
23:43:48.372 [FXGL Background Thread 1 ] DEBUG AssetLoader          - Loading from disk: /assets/textures/burger.png
23:43:48.374 [FXGL Background Thread 1 ] DEBUG AssetLoader          - Loading from cache: /assets/textures/burger.png
23:43:48.375 [FXGL Background Thread 1 ] DEBUG AssetLoader          - Loading from cache: /assets/textures/burger.png
23:43:48.375 [FXGL Background Thread 1 ] DEBUG AssetLoader          - Loading from cache: /assets/textures/burger.png
23:43:48.377 [FXGL Background Thread 1 ] DEBUG AssetLoader          - Loading from cache: /assets/textures/burger.png
23:43:48.378 [FXGL Background Thread 1 ] DEBUG AssetLoader          - Loading from disk: /assets/textures/trumpAfk.png
23:43:48.380 [FXGL Background Thread 1 ] DEBUG AssetLoader          - Loading from cache: /assets/textures/trumpAfk.png
23:43:48.381 [FXGL Background Thread 1 ] DEBUG AssetLoader          - Loading from disk: /assets/textures/trumpWalk.png
23:43:48.383 [FXGL Background Thread 1 ] DEBUG AssetLoader          - Loading from disk: /assets/textures/Thwomp.png
23:43:48.384 [FXGL Background Thread 1 ] DEBUG AssetLoader          - Loading from cache: /assets/textures/Thwomp.png
23:43:48.384 [FXGL Background Thread 1 ] DEBUG AssetLoader          - Loading from cache: /assets/textures/Thwomp.png
23:43:48.438 [FXGL Background Thread 1 ] DEBUG AudioPlayer          - Playing music com.almasb.fxgl.audio.Music@c85ea42
23:43:48.440 [FXGL Background Thread 1 ] DEBUG InitAppTask          - Initializing Physics
23:43:48.440 [FXGL Background Thread 1 ] DEBUG InitAppTask          - Initializing UI
23:43:48.441 [FXGL Background Thread 1 ] DEBUG AssetLoader          - Loading from disk: /assets/textures/BackgroundMario.png
23:43:48.455 [FXGL Background Thread 1 ] DEBUG InitAppTask          - Initialization Complete
23:43:48.455 [FXGL Background Thread 1 ] INFO  InitAppTask          - Game initialization took: 0.356 sec
23:43:48.465 [JavaFX Application Thread] DEBUG Input                - Clearing active input actions
23:43:48.466 [JavaFX Application Thread] DEBUG AssetLoader          - Loading from disk: /assets/ui/css/fxgl_dark.css
23:43:48.475 [JavaFX Application Thread] DEBUG AppStateMachine      - LoadingState -> PlayState
23:43:56.609 [JavaFX Application Thread] DEBUG FXGL                 - Exiting FXGL
23:43:56.609 [JavaFX Application Thread] DEBUG FXGL                 - Shutting down background threads
23:43:56.609 [JavaFX Application Thread] DEBUG FXGL                 - Saving FXGL system data
23:43:56.612 [JavaFX Application Thread] DEBUG DesktopFSService     - Writing to: system\fxgl.bundle
23:43:56.615 [JavaFX Application Thread] DEBUG FXGL                 - Closing logger and exiting JavaFX
