13:45:23.493 [JavaFX Application Thread] DEBUG GameApplication      - Logger initialized
13:45:23.525 [JavaFX Application Thread] DEBUG GameApplication      - Logging settings
Title: Untitled
Version: 0.0
Width: 800
Height: 600
Fullscreen: false
Intro: false
Menus: false
Profiling: false
Single step:false
App Mode: DEVELOPER
Menu Key: ESCAPE
Stage Style: DECORATED
Scene Factory: class com.almasb.fxgl.scene.SceneFactory
Dialog Factory: class com.almasb.fxgl.ui.FXGLDialogFactory
UI Factory: class com.almasb.fxgl.ui.FXGLUIFactory
Notification Service: class com.almasb.fxgl.gameplay.notification.XboxNotificationView
Exception Handler: class com.almasb.fxgl.app.FXGLExceptionHandler
13:45:23.525 [JavaFX Application Thread] DEBUG GameApplication      - Starting FXGL
13:45:23.539 [JavaFX Application Thread] INFO  FXGL                 - FXGL-0.5.4 on DESKTOP
13:45:23.539 [JavaFX Application Thread] INFO  FXGL                 - Source code and latest versions at: https://github.com/AlmasB/FXGL
13:45:23.539 [JavaFX Application Thread] INFO  FXGL                 -              Join the FXGL chat at: https://gitter.im/AlmasB/FXGL
13:45:23.540 [JavaFX Application Thread] DEBUG FXGL                 - FXGL started
13:45:23.540 [JavaFX Application Thread] DEBUG FXGL                 - Initializing FXGL
13:45:23.598 [JavaFX Application Thread] DEBUG AssetLoader          - Loading from disk: /assets/ui/cursors/fxgl_default.png
13:45:23.684 [JavaFX Application Thread] DEBUG AssetLoader          - Loading from disk: /assets/ui/fonts/VarelaRound-Regular.ttf
13:45:23.786 [JavaFX Application Thread] DEBUG MainWindow           - Creating a JavaFX scene
13:45:23.818 [JavaFX Application Thread] DEBUG MainWindow           - Target settings size: 800.0 x 600.0
13:45:23.818 [JavaFX Application Thread] DEBUG MainWindow           - Scaled scene size:    800.0 x 600.0
13:45:23.819 [JavaFX Application Thread] DEBUG MainWindow           - Scaled ratio: (1.0, 1.0)
13:45:23.820 [JavaFX Application Thread] DEBUG AssetLoader          - Loading from disk: /assets/ui/css/fxgl_dark.css
13:45:23.823 [JavaFX Application Thread] DEBUG AssetLoader          - Loading from disk: /assets/textures/fxgl_icon.png
13:45:23.835 [JavaFX Application Thread] DEBUG MainWindow           - Opening main window
13:45:23.938 [JavaFX Application Thread] DEBUG MainWindow           - Window border size: (16.0, 39.0)
13:45:23.938 [JavaFX Application Thread] DEBUG MainWindow           - Scaled size: 800.0 x 600.0
13:45:23.938 [JavaFX Application Thread] DEBUG MainWindow           - Scaled ratio: (1.0, 1.0)
13:45:23.938 [JavaFX Application Thread] DEBUG MainWindow           - Scene size: 800.0 x 600.0
13:45:23.939 [JavaFX Application Thread] DEBUG MainWindow           - Stage size: 816.0 x 639.0
13:45:23.982 [ForkJoinPool.commonPool-worker-3] DEBUG FS                   - Loaded DesktopFSService
13:45:23.983 [ForkJoinPool.commonPool-worker-3] DEBUG FXGL                 - Loading FXGL system data
13:45:23.990 [ForkJoinPool.commonPool-worker-3] DEBUG DesktopFSService     - Reading from: system\fxgl.bundle
13:45:23.998 [ForkJoinPool.commonPool-worker-3] DEBUG Bundle               - Logging bundle: FXGL
13:45:23.999 [ForkJoinPool.commonPool-worker-3] DEBUG Bundle               - FXGL.offline.timer.version.check=2019-01-10T13:35:56.730764500
13:45:24.000 [ForkJoinPool.commonPool-worker-3] DEBUG FXGL                 - Initializing state machine and application states
13:45:24.001 [ForkJoinPool.commonPool-worker-3] DEBUG AssetLoader          - Loading from disk: /assets/ui/cursors/fxgl_default.png
13:45:24.010 [ForkJoinPool.commonPool-worker-3] DEBUG AssetLoader          - Loading from disk: /assets/ui/cursors/fxgl_default.png
13:45:24.018 [ForkJoinPool.commonPool-worker-3] DEBUG AssetLoader          - Loading from cache: /assets/ui/fonts/VarelaRound-Regular.ttf
13:45:24.021 [ForkJoinPool.commonPool-worker-3] DEBUG AssetLoader          - Loading from disk: /assets/ui/cursors/fxgl_default.png
13:45:24.023 [ForkJoinPool.commonPool-worker-3] DEBUG GameScene            - Game scene initialized: 800x600
13:45:24.027 [ForkJoinPool.commonPool-worker-3] DEBUG GameWorld            - Game world initialized
13:45:24.070 [ForkJoinPool.commonPool-worker-3] DEBUG PhysicsWorld         - Physics world initialized: appHeight=600, physics.ppm=50,0
13:45:24.082 [ForkJoinPool.commonPool-worker-3] DEBUG Input                - Registered new binding: Pause - Esc
13:45:24.119 [JavaFX Application Thread] DEBUG FXGL                 - Running preInit()
13:45:24.120 [JavaFX Application Thread] DEBUG Input                - Registered new binding: Screenshot - P
13:45:24.120 [JavaFX Application Thread] DEBUG Input                - Registered new binding: Dev Options - CTRL+0
13:45:24.121 [JavaFX Application Thread] DEBUG Input                - Registered new binding: System info dump - CTRL+9
13:45:24.121 [JavaFX Application Thread] DEBUG Input                - Registered new binding: Restart - CTRL+R
13:45:24.121 [JavaFX Application Thread] INFO  FXGL                 - FXGL initialization took: 0,581 sec
13:45:24.122 [JavaFX Application Thread] DEBUG LoopRunner           - Starting loop
13:45:24.125 [JavaFX Application Thread] DEBUG StartupState         - STARTUP
13:45:24.125 [JavaFX Application Thread] DEBUG GameApplication      - Starting new game
13:45:24.125 [JavaFX Application Thread] DEBUG Input                - Clearing active input actions
13:45:24.126 [JavaFX Application Thread] DEBUG AssetLoader          - Loading from disk: /assets/ui/css/fxgl_dark.css
13:45:24.131 [JavaFX Application Thread] DEBUG AppStateMachine      - StartupState -> LoadingState
13:45:24.165 [FXGL Background Thread 1 ] DEBUG InitAppTask          - Clearing previous game
13:45:24.167 [FXGL Background Thread 1 ] DEBUG GameWorld            - Clearing game world
13:45:24.167 [FXGL Background Thread 1 ] DEBUG PhysicsWorld         - Clearing physics world
13:45:24.167 [FXGL Background Thread 1 ] DEBUG GameScene            - Clearing game scene
13:45:24.168 [FXGL Background Thread 1 ] DEBUG InitAppTask          - Initializing Game
13:45:24.191 [FXGL Background Thread 1 ] DEBUG AssetLoader          - Loading from disk: /assets/textures/newdude.png
13:45:24.196 [FXGL Background Thread 1 ] DEBUG AssetLoader          - Loading from cache: /assets/textures/newdude.png
13:45:24.198 [FXGL Background Thread 1 ] DEBUG GameScene            - Creating render group for layer: DEFAULT(100000)
13:45:24.200 [FXGL Background Thread 1 ] DEBUG InitAppTask          - Initializing Physics
13:45:24.200 [FXGL Background Thread 1 ] DEBUG InitAppTask          - Initializing UI
13:45:24.200 [FXGL Background Thread 1 ] DEBUG InitAppTask          - Initialization Complete
13:45:24.200 [FXGL Background Thread 1 ] INFO  InitAppTask          - Game initialization took: 0,034 sec
13:45:24.205 [JavaFX Application Thread] DEBUG Input                - Clearing active input actions
13:45:24.205 [JavaFX Application Thread] DEBUG AssetLoader          - Loading from disk: /assets/ui/css/fxgl_dark.css
13:45:24.210 [JavaFX Application Thread] DEBUG AppStateMachine      - LoadingState -> PlayState
13:45:33.252 [JavaFX Application Thread] DEBUG FXGL                 - Exiting FXGL
13:45:33.252 [JavaFX Application Thread] DEBUG FXGL                 - Shutting down background threads
13:45:33.253 [JavaFX Application Thread] DEBUG FXGL                 - Saving FXGL system data
13:45:33.254 [JavaFX Application Thread] DEBUG DesktopFSService     - Writing to: system\fxgl.bundle
13:45:33.258 [JavaFX Application Thread] DEBUG FXGL                 - Closing logger and exiting JavaFX
