16:50:57.441 [JavaFX Application Thread] DEBUG GameApplication      - Logger initialized
16:50:57.444 [JavaFX Application Thread] DEBUG GameApplication      - Logging settings
Title: Burger Mario
Version: 0.5
Width: 1050
Height: 700
Fullscreen: false
Intro: false
Menus: false
Profiling: false
Single step:false
App Mode: DEVELOPER
Menu Key: ESCAPE
Stage Style: DECORATED
Scene Factory: class com.almasb.fxgl.scene.SceneFactory
Dialog Factory: class com.almasb.fxgl.ui.FXGLDialogFactory
UI Factory: class com.almasb.fxgl.ui.FXGLUIFactory
Notification Service: class com.almasb.fxgl.gameplay.notification.XboxNotificationView
Exception Handler: class com.almasb.fxgl.app.FXGLExceptionHandler
16:50:57.444 [JavaFX Application Thread] DEBUG GameApplication      - Starting FXGL
16:50:57.463 [JavaFX Application Thread] INFO  FXGL                 - FXGL-0.5.4 on DESKTOP
16:50:57.463 [JavaFX Application Thread] INFO  FXGL                 - Source code and latest versions at: https://github.com/AlmasB/FXGL
16:50:57.463 [JavaFX Application Thread] INFO  FXGL                 -              Join the FXGL chat at: https://gitter.im/AlmasB/FXGL
16:50:57.463 [JavaFX Application Thread] DEBUG FXGL                 - FXGL started
16:50:57.463 [JavaFX Application Thread] DEBUG FXGL                 - Initializing FXGL
16:50:57.507 [JavaFX Application Thread] DEBUG AssetLoader          - Loading from disk: /assets/ui/cursors/fxgl_default.png
16:50:57.580 [JavaFX Application Thread] DEBUG AssetLoader          - Loading from disk: /assets/ui/fonts/VarelaRound-Regular.ttf
16:50:57.694 [JavaFX Application Thread] DEBUG MainWindow           - Creating a JavaFX scene
16:50:57.734 [JavaFX Application Thread] DEBUG MainWindow           - Target settings size: 1050.0 x 700.0
16:50:57.734 [JavaFX Application Thread] DEBUG MainWindow           - Scaled scene size:    1050.0 x 700.0
16:50:57.735 [JavaFX Application Thread] DEBUG MainWindow           - Scaled ratio: (1.0, 1.0)
16:50:57.737 [JavaFX Application Thread] DEBUG AssetLoader          - Loading from disk: /assets/ui/css/fxgl_dark.css
16:50:57.740 [JavaFX Application Thread] DEBUG AssetLoader          - Loading from disk: /assets/textures/fxgl_icon.png
16:50:57.754 [JavaFX Application Thread] DEBUG MainWindow           - Opening main window
16:50:57.936 [JavaFX Application Thread] DEBUG MainWindow           - Window border size: (6.0, 25.0)
16:50:57.936 [JavaFX Application Thread] DEBUG MainWindow           - Scaled size: 1050.0 x 700.0
16:50:57.936 [JavaFX Application Thread] DEBUG MainWindow           - Scaled ratio: (1.0, 1.0)
16:50:57.936 [JavaFX Application Thread] DEBUG MainWindow           - Scene size: 1050.0 x 700.0
16:50:57.936 [JavaFX Application Thread] DEBUG MainWindow           - Stage size: 1056.0 x 725.0
16:50:57.961 [ForkJoinPool.commonPool-worker-3] DEBUG FS                   - Loaded DesktopFSService
16:50:57.961 [ForkJoinPool.commonPool-worker-3] DEBUG FXGL                 - Loading FXGL system data
16:50:57.965 [ForkJoinPool.commonPool-worker-3] DEBUG DesktopFSService     - Reading from: system\fxgl.bundle
16:50:57.972 [ForkJoinPool.commonPool-worker-3] DEBUG Bundle               - Logging bundle: FXGL
16:50:57.973 [ForkJoinPool.commonPool-worker-3] DEBUG Bundle               - FXGL.offline.timer.version.check=2019-01-24T23:07:38.424640400
16:50:57.974 [ForkJoinPool.commonPool-worker-3] DEBUG FXGL                 - Initializing state machine and application states
16:50:57.975 [ForkJoinPool.commonPool-worker-3] DEBUG AssetLoader          - Loading from disk: /assets/ui/cursors/fxgl_default.png
16:50:57.981 [ForkJoinPool.commonPool-worker-3] DEBUG AssetLoader          - Loading from disk: /assets/ui/cursors/fxgl_default.png
16:50:57.986 [ForkJoinPool.commonPool-worker-3] DEBUG AssetLoader          - Loading from cache: /assets/ui/fonts/VarelaRound-Regular.ttf
16:50:57.988 [ForkJoinPool.commonPool-worker-3] DEBUG AssetLoader          - Loading from disk: /assets/ui/cursors/fxgl_default.png
16:50:57.990 [ForkJoinPool.commonPool-worker-3] DEBUG GameScene            - Game scene initialized: 1050x700
16:50:57.995 [ForkJoinPool.commonPool-worker-3] DEBUG GameWorld            - Game world initialized
16:50:58.028 [ForkJoinPool.commonPool-worker-3] DEBUG PhysicsWorld         - Physics world initialized: appHeight=700, physics.ppm=50.0
16:50:58.040 [ForkJoinPool.commonPool-worker-3] DEBUG Input                - Registered new binding: Pause - Esc
16:50:58.076 [JavaFX Application Thread] DEBUG FXGL                 - Running preInit()
16:50:58.077 [JavaFX Application Thread] DEBUG Input                - Registered new binding: Screenshot - P
16:50:58.077 [JavaFX Application Thread] DEBUG Input                - Registered new binding: Dev Options - CTRL+0
16:50:58.078 [JavaFX Application Thread] DEBUG Input                - Registered new binding: System info dump - CTRL+9
16:50:58.078 [JavaFX Application Thread] DEBUG Input                - Registered new binding: Restart - CTRL+R
16:50:58.078 [JavaFX Application Thread] DEBUG Input                - Registered new binding: left - Left
16:50:58.078 [JavaFX Application Thread] DEBUG Input                - Registered new binding: right - Right
16:50:58.078 [JavaFX Application Thread] DEBUG Input                - Registered new binding: leftA - A
16:50:58.078 [JavaFX Application Thread] DEBUG Input                - Registered new binding: rightD - D
16:50:58.078 [JavaFX Application Thread] DEBUG Input                - Registered new binding: jump - Space
16:50:58.079 [JavaFX Application Thread] DEBUG Input                - Registered new binding: jumpW - W
16:50:58.079 [JavaFX Application Thread] DEBUG Input                - Registered new binding: jumpUp - Up
16:50:58.079 [JavaFX Application Thread] DEBUG Input                - Registered new binding: powerUp - O
16:50:58.079 [JavaFX Application Thread] INFO  FXGL                 - FXGL initialization took: 0.616 sec
16:50:58.079 [JavaFX Application Thread] DEBUG LoopRunner           - Starting loop
16:50:58.090 [JavaFX Application Thread] DEBUG StartupState         - STARTUP
16:50:58.090 [JavaFX Application Thread] DEBUG GameApplication      - Starting new game
16:50:58.090 [JavaFX Application Thread] DEBUG Input                - Clearing active input actions
16:50:58.091 [JavaFX Application Thread] DEBUG AssetLoader          - Loading from disk: /assets/ui/css/fxgl_dark.css
16:50:58.098 [JavaFX Application Thread] DEBUG AppStateMachine      - StartupState -> LoadingState
16:50:58.103 [FXGL Background Thread 1 ] DEBUG InitAppTask          - Clearing previous game
16:50:58.103 [FXGL Background Thread 1 ] DEBUG GameWorld            - Clearing game world
16:50:58.104 [FXGL Background Thread 1 ] DEBUG PhysicsWorld         - Clearing physics world
16:50:58.104 [FXGL Background Thread 1 ] DEBUG GameScene            - Clearing game scene
16:50:58.105 [FXGL Background Thread 1 ] DEBUG InitAppTask          - Initializing Game
16:50:58.127 [FXGL Background Thread 1 ] DEBUG AssetLoader          - Loading from disk: /assets/json/MarioLevel-2.json
16:50:58.307 [FXGL Background Thread 1 ] DEBUG GameWorld            - Clearing removable entities
16:50:58.307 [FXGL Background Thread 1 ] DEBUG GameWorld            - Setting level from map
16:50:58.321 [FXGL Background Thread 1 ] DEBUG AssetLoader          - Loading from disk: /assets/textures/tiles_spritesheet.png
16:50:58.339 [FXGL Background Thread 1 ] DEBUG AssetLoader          - Loading from cache: /assets/textures/tiles_spritesheet.png
16:50:58.340 [FXGL Background Thread 1 ] DEBUG AssetLoader          - Loading from cache: /assets/textures/tiles_spritesheet.png
16:50:58.340 [FXGL Background Thread 1 ] DEBUG AssetLoader          - Loading from cache: /assets/textures/tiles_spritesheet.png
16:50:58.340 [FXGL Background Thread 1 ] DEBUG AssetLoader          - Loading from cache: /assets/textures/tiles_spritesheet.png
16:50:58.340 [FXGL Background Thread 1 ] DEBUG AssetLoader          - Loading from cache: /assets/textures/tiles_spritesheet.png
16:50:58.340 [FXGL Background Thread 1 ] DEBUG AssetLoader          - Loading from cache: /assets/textures/tiles_spritesheet.png
16:50:58.340 [FXGL Background Thread 1 ] DEBUG AssetLoader          - Loading from cache: /assets/textures/tiles_spritesheet.png
16:50:58.340 [FXGL Background Thread 1 ] DEBUG AssetLoader          - Loading from cache: /assets/textures/tiles_spritesheet.png
16:50:58.340 [FXGL Background Thread 1 ] DEBUG AssetLoader          - Loading from cache: /assets/textures/tiles_spritesheet.png
16:50:58.340 [FXGL Background Thread 1 ] DEBUG AssetLoader          - Loading from cache: /assets/textures/tiles_spritesheet.png
16:50:58.341 [FXGL Background Thread 1 ] DEBUG AssetLoader          - Loading from cache: /assets/textures/tiles_spritesheet.png
16:50:58.341 [FXGL Background Thread 1 ] DEBUG AssetLoader          - Loading from cache: /assets/textures/tiles_spritesheet.png
16:50:58.341 [FXGL Background Thread 1 ] DEBUG AssetLoader          - Loading from cache: /assets/textures/tiles_spritesheet.png
16:50:58.341 [FXGL Background Thread 1 ] DEBUG AssetLoader          - Loading from cache: /assets/textures/tiles_spritesheet.png
16:50:58.341 [FXGL Background Thread 1 ] DEBUG AssetLoader          - Loading from cache: /assets/textures/tiles_spritesheet.png
16:50:58.341 [FXGL Background Thread 1 ] DEBUG AssetLoader          - Loading from cache: /assets/textures/tiles_spritesheet.png
16:50:58.341 [FXGL Background Thread 1 ] DEBUG AssetLoader          - Loading from cache: /assets/textures/tiles_spritesheet.png
16:50:58.341 [FXGL Background Thread 1 ] DEBUG AssetLoader          - Loading from cache: /assets/textures/tiles_spritesheet.png
16:50:58.341 [FXGL Background Thread 1 ] DEBUG AssetLoader          - Loading from cache: /assets/textures/tiles_spritesheet.png
16:50:58.342 [FXGL Background Thread 1 ] DEBUG AssetLoader          - Loading from cache: /assets/textures/tiles_spritesheet.png
16:50:58.342 [FXGL Background Thread 1 ] DEBUG AssetLoader          - Loading from cache: /assets/textures/tiles_spritesheet.png
16:50:58.342 [FXGL Background Thread 1 ] DEBUG AssetLoader          - Loading from cache: /assets/textures/tiles_spritesheet.png
16:50:58.342 [FXGL Background Thread 1 ] DEBUG AssetLoader          - Loading from cache: /assets/textures/tiles_spritesheet.png
16:50:58.342 [FXGL Background Thread 1 ] DEBUG AssetLoader          - Loading from cache: /assets/textures/tiles_spritesheet.png
16:50:58.342 [FXGL Background Thread 1 ] DEBUG AssetLoader          - Loading from cache: /assets/textures/tiles_spritesheet.png
16:50:58.342 [FXGL Background Thread 1 ] DEBUG AssetLoader          - Loading from cache: /assets/textures/tiles_spritesheet.png
16:50:58.342 [FXGL Background Thread 1 ] DEBUG AssetLoader          - Loading from cache: /assets/textures/tiles_spritesheet.png
16:50:58.342 [FXGL Background Thread 1 ] DEBUG AssetLoader          - Loading from cache: /assets/textures/tiles_spritesheet.png
16:50:58.344 [FXGL Background Thread 1 ] DEBUG GameScene            - Creating render group for layer: BACKGROUND(1000)
16:50:58.368 [FXGL Background Thread 1 ] DEBUG GameScene            - Creating render group for layer: DEFAULT(100000)
16:50:58.375 [FXGL Background Thread 1 ] DEBUG AssetLoader          - Loading from disk: /assets/textures/burger.png
16:50:58.377 [FXGL Background Thread 1 ] DEBUG AssetLoader          - Loading from cache: /assets/textures/burger.png
16:50:58.377 [FXGL Background Thread 1 ] DEBUG AssetLoader          - Loading from cache: /assets/textures/burger.png
16:50:58.378 [FXGL Background Thread 1 ] DEBUG AssetLoader          - Loading from cache: /assets/textures/burger.png
16:50:58.379 [FXGL Background Thread 1 ] DEBUG AssetLoader          - Loading from cache: /assets/textures/burger.png
16:50:58.380 [FXGL Background Thread 1 ] DEBUG AssetLoader          - Loading from disk: /assets/textures/trumpAfk.png
16:50:58.381 [FXGL Background Thread 1 ] DEBUG AssetLoader          - Loading from disk: /assets/textures/TrumpAfk.png
16:50:58.383 [FXGL Background Thread 1 ] DEBUG AssetLoader          - Loading from disk: /assets/textures/trumpWalk.png
16:50:58.385 [FXGL Background Thread 1 ] DEBUG AssetLoader          - Loading from disk: /assets/textures/Thwomp.png
16:50:58.387 [FXGL Background Thread 1 ] DEBUG AssetLoader          - Loading from cache: /assets/textures/Thwomp.png
16:50:58.387 [FXGL Background Thread 1 ] DEBUG AssetLoader          - Loading from cache: /assets/textures/Thwomp.png
16:50:58.441 [FXGL Background Thread 1 ] DEBUG AudioPlayer          - Playing music com.almasb.fxgl.audio.Music@446dbcf1
16:50:58.443 [FXGL Background Thread 1 ] DEBUG InitAppTask          - Initializing Physics
16:50:58.444 [FXGL Background Thread 1 ] DEBUG InitAppTask          - Initializing UI
16:50:58.444 [FXGL Background Thread 1 ] DEBUG AssetLoader          - Loading from disk: /assets/textures/BackgroundMario.png
16:50:58.457 [FXGL Background Thread 1 ] DEBUG InitAppTask          - Initialization Complete
16:50:58.458 [FXGL Background Thread 1 ] INFO  InitAppTask          - Game initialization took: 0.354 sec
16:50:58.494 [JavaFX Application Thread] DEBUG Input                - Clearing active input actions
16:50:58.494 [JavaFX Application Thread] DEBUG AssetLoader          - Loading from disk: /assets/ui/css/fxgl_dark.css
16:50:58.503 [JavaFX Application Thread] DEBUG AppStateMachine      - LoadingState -> PlayState
16:51:11.258 [JavaFX Application Thread] DEBUG AssetLoader          - Loading from cache: /assets/sounds/roblox-death-sound-effect-opNTQCf4R.mp3
16:51:12.762 [JavaFX Application Thread] DEBUG AssetLoader          - Loading from cache: /assets/sounds/roblox-death-sound-effect-opNTQCf4R.mp3
16:51:15.946 [JavaFX Application Thread] DEBUG AssetLoader          - Loading from cache: /assets/sounds/roblox-death-sound-effect-opNTQCf4R.mp3
16:51:21.098 [JavaFX Application Thread] DEBUG AssetLoader          - Loading from cache: /assets/sounds/roblox-death-sound-effect-opNTQCf4R.mp3
16:51:21.953 [JavaFX Application Thread] DEBUG AssetLoader          - Loading from cache: /assets/ui/fonts/VarelaRound-Regular.ttf
16:51:21.958 [JavaFX Application Thread] DEBUG AssetLoader          - Loading from cache: /assets/ui/fonts/VarelaRound-Regular.ttf
16:51:21.959 [JavaFX Application Thread] DEBUG AssetLoader          - Loading from disk: /assets/properties/languages/english.properties
16:51:21.962 [JavaFX Application Thread] DEBUG AssetLoader          - Loading from cache: /assets/ui/fonts/VarelaRound-Regular.ttf
16:51:21.963 [JavaFX Application Thread] DEBUG AppStateMachine      - Push state: DialogSubState
16:51:21.963 [JavaFX Application Thread] DEBUG Input                - Clearing active input actions
16:51:21.963 [JavaFX Application Thread] DEBUG AppStateMachine      - PlayState -> DialogSubState
16:51:21.970 [JavaFX Application Thread] DEBUG AssetLoader          - Loading from cache: /assets/ui/fonts/VarelaRound-Regular.ttf
16:51:21.970 [JavaFX Application Thread] DEBUG AssetLoader          - Loading from cache: /assets/ui/fonts/VarelaRound-Regular.ttf
16:51:21.970 [JavaFX Application Thread] DEBUG AssetLoader          - Loading from cache: /assets/properties/languages/english.properties
16:51:21.971 [JavaFX Application Thread] DEBUG AssetLoader          - Loading from cache: /assets/ui/fonts/VarelaRound-Regular.ttf
16:51:22.981 [JavaFX Application Thread] DEBUG AssetLoader          - Loading from cache: /assets/ui/fonts/VarelaRound-Regular.ttf
16:51:22.988 [JavaFX Application Thread] DEBUG AssetLoader          - Loading from cache: /assets/sounds/menu/select.wav
16:51:23.988 [JavaFX Application Thread] DEBUG AppStateMachine      - Pop state: DialogSubState
16:51:23.988 [JavaFX Application Thread] DEBUG Input                - Clearing active input actions
16:51:23.989 [JavaFX Application Thread] DEBUG AppStateMachine      - PlayState <- DialogSubState
16:51:25.244 [JavaFX Application Thread] DEBUG FXGL                 - Exiting FXGL
16:51:25.244 [JavaFX Application Thread] DEBUG FXGL                 - Shutting down background threads
16:51:25.244 [JavaFX Application Thread] DEBUG FXGL                 - Saving FXGL system data
16:51:25.247 [JavaFX Application Thread] DEBUG DesktopFSService     - Writing to: system\fxgl.bundle
16:51:25.250 [JavaFX Application Thread] DEBUG FXGL                 - Closing logger and exiting JavaFX
