16:29:38.396 [JavaFX Application Thread] DEBUG GameApplication      - Logger initialized
16:29:38.399 [JavaFX Application Thread] DEBUG GameApplication      - Logging settings
Title: Burger Mario
Version: 0.5
Width: 1050
Height: 700
Fullscreen: false
Intro: false
Menus: false
Profiling: false
Single step:false
App Mode: DEVELOPER
Menu Key: ESCAPE
Stage Style: DECORATED
Scene Factory: class com.almasb.fxgl.scene.SceneFactory
Dialog Factory: class com.almasb.fxgl.ui.FXGLDialogFactory
UI Factory: class com.almasb.fxgl.ui.FXGLUIFactory
Notification Service: class com.almasb.fxgl.gameplay.notification.XboxNotificationView
Exception Handler: class com.almasb.fxgl.app.FXGLExceptionHandler
16:29:38.399 [JavaFX Application Thread] DEBUG GameApplication      - Starting FXGL
16:29:38.415 [JavaFX Application Thread] INFO  FXGL                 - FXGL-0.5.4 on DESKTOP
16:29:38.415 [JavaFX Application Thread] INFO  FXGL                 - Source code and latest versions at: https://github.com/AlmasB/FXGL
16:29:38.415 [JavaFX Application Thread] INFO  FXGL                 -              Join the FXGL chat at: https://gitter.im/AlmasB/FXGL
16:29:38.415 [JavaFX Application Thread] DEBUG FXGL                 - FXGL started
16:29:38.415 [JavaFX Application Thread] DEBUG FXGL                 - Initializing FXGL
16:29:38.457 [JavaFX Application Thread] DEBUG AssetLoader          - Loading from disk: /assets/ui/cursors/fxgl_default.png
16:29:38.571 [JavaFX Application Thread] DEBUG AssetLoader          - Loading from disk: /assets/ui/fonts/VarelaRound-Regular.ttf
16:29:38.684 [JavaFX Application Thread] DEBUG MainWindow           - Creating a JavaFX scene
16:29:38.725 [JavaFX Application Thread] DEBUG MainWindow           - Target settings size: 1050.0 x 700.0
16:29:38.725 [JavaFX Application Thread] DEBUG MainWindow           - Scaled scene size:    1050.0 x 700.0
16:29:38.725 [JavaFX Application Thread] DEBUG MainWindow           - Scaled ratio: (1.0, 1.0)
16:29:38.728 [JavaFX Application Thread] DEBUG AssetLoader          - Loading from disk: /assets/ui/css/fxgl_dark.css
16:29:38.731 [JavaFX Application Thread] DEBUG AssetLoader          - Loading from disk: /assets/textures/fxgl_icon.png
16:29:38.747 [JavaFX Application Thread] DEBUG MainWindow           - Opening main window
16:29:38.943 [JavaFX Application Thread] DEBUG MainWindow           - Window border size: (6.0, 25.0)
16:29:38.943 [JavaFX Application Thread] DEBUG MainWindow           - Scaled size: 1050.0 x 700.0
16:29:38.943 [JavaFX Application Thread] DEBUG MainWindow           - Scaled ratio: (1.0, 1.0)
16:29:38.943 [JavaFX Application Thread] DEBUG MainWindow           - Scene size: 1050.0 x 700.0
16:29:38.943 [JavaFX Application Thread] DEBUG MainWindow           - Stage size: 1056.0 x 725.0
16:29:38.968 [ForkJoinPool.commonPool-worker-3] DEBUG FS                   - Loaded DesktopFSService
16:29:38.968 [ForkJoinPool.commonPool-worker-3] DEBUG FXGL                 - Loading FXGL system data
16:29:38.973 [ForkJoinPool.commonPool-worker-3] DEBUG DesktopFSService     - Reading from: system\fxgl.bundle
16:29:38.979 [ForkJoinPool.commonPool-worker-3] DEBUG Bundle               - Logging bundle: FXGL
16:29:38.980 [ForkJoinPool.commonPool-worker-3] DEBUG Bundle               - FXGL.offline.timer.version.check=2019-01-24T23:07:38.424640400
16:29:38.981 [ForkJoinPool.commonPool-worker-3] DEBUG FXGL                 - Initializing state machine and application states
16:29:38.982 [ForkJoinPool.commonPool-worker-3] DEBUG AssetLoader          - Loading from disk: /assets/ui/cursors/fxgl_default.png
16:29:38.987 [ForkJoinPool.commonPool-worker-3] DEBUG AssetLoader          - Loading from disk: /assets/ui/cursors/fxgl_default.png
16:29:38.993 [ForkJoinPool.commonPool-worker-3] DEBUG AssetLoader          - Loading from cache: /assets/ui/fonts/VarelaRound-Regular.ttf
16:29:38.995 [ForkJoinPool.commonPool-worker-3] DEBUG AssetLoader          - Loading from disk: /assets/ui/cursors/fxgl_default.png
16:29:38.997 [ForkJoinPool.commonPool-worker-3] DEBUG GameScene            - Game scene initialized: 1050x700
16:29:39.002 [ForkJoinPool.commonPool-worker-3] DEBUG GameWorld            - Game world initialized
16:29:39.039 [ForkJoinPool.commonPool-worker-3] DEBUG PhysicsWorld         - Physics world initialized: appHeight=700, physics.ppm=50.0
16:29:39.050 [ForkJoinPool.commonPool-worker-3] DEBUG Input                - Registered new binding: Pause - Esc
16:29:39.084 [JavaFX Application Thread] DEBUG FXGL                 - Running preInit()
16:29:39.085 [JavaFX Application Thread] DEBUG Input                - Registered new binding: Screenshot - P
16:29:39.085 [JavaFX Application Thread] DEBUG Input                - Registered new binding: Dev Options - CTRL+0
16:29:39.085 [JavaFX Application Thread] DEBUG Input                - Registered new binding: System info dump - CTRL+9
16:29:39.086 [JavaFX Application Thread] DEBUG Input                - Registered new binding: Restart - CTRL+R
16:29:39.086 [JavaFX Application Thread] DEBUG Input                - Registered new binding: left - Left
16:29:39.086 [JavaFX Application Thread] DEBUG Input                - Registered new binding: right - Right
16:29:39.086 [JavaFX Application Thread] DEBUG Input                - Registered new binding: leftA - A
16:29:39.086 [JavaFX Application Thread] DEBUG Input                - Registered new binding: rightD - D
16:29:39.086 [JavaFX Application Thread] DEBUG Input                - Registered new binding: jump - Space
16:29:39.086 [JavaFX Application Thread] DEBUG Input                - Registered new binding: jumpW - W
16:29:39.086 [JavaFX Application Thread] DEBUG Input                - Registered new binding: jumpUp - Up
16:29:39.087 [JavaFX Application Thread] DEBUG Input                - Registered new binding: powerUp - O
16:29:39.087 [JavaFX Application Thread] INFO  FXGL                 - FXGL initialization took: 0.672 sec
16:29:39.087 [JavaFX Application Thread] DEBUG LoopRunner           - Starting loop
16:29:39.098 [JavaFX Application Thread] DEBUG StartupState         - STARTUP
16:29:39.098 [JavaFX Application Thread] DEBUG GameApplication      - Starting new game
16:29:39.098 [JavaFX Application Thread] DEBUG Input                - Clearing active input actions
16:29:39.099 [JavaFX Application Thread] DEBUG AssetLoader          - Loading from disk: /assets/ui/css/fxgl_dark.css
16:29:39.105 [JavaFX Application Thread] DEBUG AppStateMachine      - StartupState -> LoadingState
16:29:39.109 [FXGL Background Thread 1 ] DEBUG InitAppTask          - Clearing previous game
16:29:39.110 [FXGL Background Thread 1 ] DEBUG GameWorld            - Clearing game world
16:29:39.110 [FXGL Background Thread 1 ] DEBUG PhysicsWorld         - Clearing physics world
16:29:39.110 [FXGL Background Thread 1 ] DEBUG GameScene            - Clearing game scene
16:29:39.111 [FXGL Background Thread 1 ] DEBUG InitAppTask          - Initializing Game
16:29:39.134 [FXGL Background Thread 1 ] DEBUG AssetLoader          - Loading from disk: /assets/json/MarioLevel-1.json
16:29:39.312 [FXGL Background Thread 1 ] DEBUG GameWorld            - Clearing removable entities
16:29:39.312 [FXGL Background Thread 1 ] DEBUG GameWorld            - Setting level from map
16:29:39.325 [FXGL Background Thread 1 ] DEBUG AssetLoader          - Loading from disk: /assets/textures/tiles_spritesheet.png
16:29:39.343 [FXGL Background Thread 1 ] DEBUG AssetLoader          - Loading from cache: /assets/textures/tiles_spritesheet.png
16:29:39.344 [FXGL Background Thread 1 ] DEBUG AssetLoader          - Loading from cache: /assets/textures/tiles_spritesheet.png
16:29:39.344 [FXGL Background Thread 1 ] DEBUG AssetLoader          - Loading from cache: /assets/textures/tiles_spritesheet.png
16:29:39.344 [FXGL Background Thread 1 ] DEBUG AssetLoader          - Loading from cache: /assets/textures/tiles_spritesheet.png
16:29:39.344 [FXGL Background Thread 1 ] DEBUG AssetLoader          - Loading from cache: /assets/textures/tiles_spritesheet.png
16:29:39.344 [FXGL Background Thread 1 ] DEBUG AssetLoader          - Loading from cache: /assets/textures/tiles_spritesheet.png
16:29:39.344 [FXGL Background Thread 1 ] DEBUG AssetLoader          - Loading from cache: /assets/textures/tiles_spritesheet.png
16:29:39.344 [FXGL Background Thread 1 ] DEBUG AssetLoader          - Loading from cache: /assets/textures/tiles_spritesheet.png
16:29:39.344 [FXGL Background Thread 1 ] DEBUG AssetLoader          - Loading from cache: /assets/textures/tiles_spritesheet.png
16:29:39.344 [FXGL Background Thread 1 ] DEBUG AssetLoader          - Loading from cache: /assets/textures/tiles_spritesheet.png
16:29:39.345 [FXGL Background Thread 1 ] DEBUG AssetLoader          - Loading from cache: /assets/textures/tiles_spritesheet.png
16:29:39.345 [FXGL Background Thread 1 ] DEBUG AssetLoader          - Loading from cache: /assets/textures/tiles_spritesheet.png
16:29:39.345 [FXGL Background Thread 1 ] DEBUG AssetLoader          - Loading from cache: /assets/textures/tiles_spritesheet.png
16:29:39.345 [FXGL Background Thread 1 ] DEBUG AssetLoader          - Loading from cache: /assets/textures/tiles_spritesheet.png
16:29:39.345 [FXGL Background Thread 1 ] DEBUG AssetLoader          - Loading from cache: /assets/textures/tiles_spritesheet.png
16:29:39.345 [FXGL Background Thread 1 ] DEBUG AssetLoader          - Loading from cache: /assets/textures/tiles_spritesheet.png
16:29:39.345 [FXGL Background Thread 1 ] DEBUG AssetLoader          - Loading from cache: /assets/textures/tiles_spritesheet.png
16:29:39.345 [FXGL Background Thread 1 ] DEBUG AssetLoader          - Loading from cache: /assets/textures/tiles_spritesheet.png
16:29:39.345 [FXGL Background Thread 1 ] DEBUG AssetLoader          - Loading from cache: /assets/textures/tiles_spritesheet.png
16:29:39.345 [FXGL Background Thread 1 ] DEBUG AssetLoader          - Loading from cache: /assets/textures/tiles_spritesheet.png
16:29:39.346 [FXGL Background Thread 1 ] DEBUG AssetLoader          - Loading from cache: /assets/textures/tiles_spritesheet.png
16:29:39.347 [FXGL Background Thread 1 ] DEBUG GameScene            - Creating render group for layer: BACKGROUND(1000)
16:29:39.370 [FXGL Background Thread 1 ] DEBUG GameScene            - Creating render group for layer: DEFAULT(100000)
16:29:39.373 [FXGL Background Thread 1 ] DEBUG AssetLoader          - Loading from disk: /assets/textures/burger.png
16:29:39.375 [FXGL Background Thread 1 ] DEBUG AssetLoader          - Loading from cache: /assets/textures/burger.png
16:29:39.375 [FXGL Background Thread 1 ] DEBUG AssetLoader          - Loading from cache: /assets/textures/burger.png
16:29:39.376 [FXGL Background Thread 1 ] DEBUG AssetLoader          - Loading from cache: /assets/textures/burger.png
16:29:39.377 [FXGL Background Thread 1 ] DEBUG AssetLoader          - Loading from cache: /assets/textures/burger.png
16:29:39.379 [FXGL Background Thread 1 ] DEBUG AssetLoader          - Loading from disk: /assets/textures/trumpAfk.png
16:29:39.380 [FXGL Background Thread 1 ] DEBUG AssetLoader          - Loading from disk: /assets/textures/TrumpAfk.png
16:29:39.382 [FXGL Background Thread 1 ] DEBUG AssetLoader          - Loading from disk: /assets/textures/trumpWalk.png
16:29:39.384 [FXGL Background Thread 1 ] DEBUG AssetLoader          - Loading from disk: /assets/textures/Thwomp.png
16:29:39.385 [FXGL Background Thread 1 ] DEBUG AssetLoader          - Loading from cache: /assets/textures/Thwomp.png
16:29:39.385 [FXGL Background Thread 1 ] DEBUG AssetLoader          - Loading from cache: /assets/textures/Thwomp.png
16:29:39.438 [FXGL Background Thread 1 ] DEBUG AudioPlayer          - Playing music com.almasb.fxgl.audio.Music@41e13b81
16:29:39.441 [FXGL Background Thread 1 ] DEBUG InitAppTask          - Initializing Physics
16:29:39.441 [FXGL Background Thread 1 ] DEBUG InitAppTask          - Initializing UI
16:29:39.441 [FXGL Background Thread 1 ] DEBUG AssetLoader          - Loading from disk: /assets/textures/BackgroundMario.png
16:29:39.455 [FXGL Background Thread 1 ] DEBUG InitAppTask          - Initialization Complete
16:29:39.455 [FXGL Background Thread 1 ] INFO  InitAppTask          - Game initialization took: 0.346 sec
16:29:39.492 [JavaFX Application Thread] DEBUG Input                - Clearing active input actions
16:29:39.492 [JavaFX Application Thread] DEBUG AssetLoader          - Loading from disk: /assets/ui/css/fxgl_dark.css
16:29:39.501 [JavaFX Application Thread] DEBUG AppStateMachine      - LoadingState -> PlayState
16:29:58.525 [JavaFX Application Thread] DEBUG FXGL                 - Exiting FXGL
16:29:58.525 [JavaFX Application Thread] DEBUG FXGL                 - Shutting down background threads
16:29:58.525 [JavaFX Application Thread] DEBUG FXGL                 - Saving FXGL system data
16:29:58.527 [JavaFX Application Thread] DEBUG DesktopFSService     - Writing to: system\fxgl.bundle
16:29:58.530 [JavaFX Application Thread] DEBUG FXGL                 - Closing logger and exiting JavaFX
