23:41:24.111 [JavaFX Application Thread] DEBUG GameApplication      - Logger initialized
23:41:24.115 [JavaFX Application Thread] DEBUG GameApplication      - Logging settings
Title: Burger Mario
Version: 0.5
Width: 1050
Height: 700
Fullscreen: false
Intro: false
Menus: false
Profiling: false
Single step:false
App Mode: DEVELOPER
Menu Key: ESCAPE
Stage Style: DECORATED
Scene Factory: class com.almasb.fxgl.scene.SceneFactory
Dialog Factory: class com.almasb.fxgl.ui.FXGLDialogFactory
UI Factory: class com.almasb.fxgl.ui.FXGLUIFactory
Notification Service: class com.almasb.fxgl.gameplay.notification.XboxNotificationView
Exception Handler: class com.almasb.fxgl.app.FXGLExceptionHandler
23:41:24.115 [JavaFX Application Thread] DEBUG GameApplication      - Starting FXGL
23:41:24.125 [JavaFX Application Thread] INFO  FXGL                 - FXGL-0.5.4 on DESKTOP
23:41:24.125 [JavaFX Application Thread] INFO  FXGL                 - Source code and latest versions at: https://github.com/AlmasB/FXGL
23:41:24.125 [JavaFX Application Thread] INFO  FXGL                 -              Join the FXGL chat at: https://gitter.im/AlmasB/FXGL
23:41:24.125 [JavaFX Application Thread] DEBUG FXGL                 - FXGL started
23:41:24.125 [JavaFX Application Thread] DEBUG FXGL                 - Initializing FXGL
23:41:24.165 [JavaFX Application Thread] DEBUG AssetLoader          - Loading from disk: /assets/ui/cursors/fxgl_default.png
23:41:24.282 [JavaFX Application Thread] DEBUG AssetLoader          - Loading from disk: /assets/ui/fonts/VarelaRound-Regular.ttf
23:41:24.417 [JavaFX Application Thread] DEBUG MainWindow           - Creating a JavaFX scene
23:41:24.455 [JavaFX Application Thread] DEBUG MainWindow           - Target settings size: 1050.0 x 700.0
23:41:24.455 [JavaFX Application Thread] DEBUG MainWindow           - Scaled scene size:    1050.0 x 700.0
23:41:24.455 [JavaFX Application Thread] DEBUG MainWindow           - Scaled ratio: (1.0, 1.0)
23:41:24.458 [JavaFX Application Thread] DEBUG AssetLoader          - Loading from disk: /assets/ui/css/fxgl_dark.css
23:41:24.461 [JavaFX Application Thread] DEBUG AssetLoader          - Loading from disk: /assets/textures/fxgl_icon.png
23:41:24.474 [JavaFX Application Thread] DEBUG MainWindow           - Opening main window
23:41:24.645 [JavaFX Application Thread] DEBUG MainWindow           - Window border size: (6.0, 25.0)
23:41:24.645 [JavaFX Application Thread] DEBUG MainWindow           - Scaled size: 1050.0 x 700.0
23:41:24.645 [JavaFX Application Thread] DEBUG MainWindow           - Scaled ratio: (1.0, 1.0)
23:41:24.646 [JavaFX Application Thread] DEBUG MainWindow           - Scene size: 1050.0 x 700.0
23:41:24.646 [JavaFX Application Thread] DEBUG MainWindow           - Stage size: 1056.0 x 725.0
23:41:24.670 [ForkJoinPool.commonPool-worker-3] DEBUG FS                   - Loaded DesktopFSService
23:41:24.670 [ForkJoinPool.commonPool-worker-3] DEBUG FXGL                 - Loading FXGL system data
23:41:24.675 [ForkJoinPool.commonPool-worker-3] DEBUG DesktopFSService     - Reading from: system\fxgl.bundle
23:41:24.684 [ForkJoinPool.commonPool-worker-3] DEBUG Bundle               - Logging bundle: FXGL
23:41:24.684 [ForkJoinPool.commonPool-worker-3] DEBUG Bundle               - FXGL.offline.timer.version.check=2019-01-24T23:07:38.424640400
23:41:24.686 [ForkJoinPool.commonPool-worker-3] DEBUG FXGL                 - Initializing state machine and application states
23:41:24.687 [ForkJoinPool.commonPool-worker-3] DEBUG AssetLoader          - Loading from disk: /assets/ui/cursors/fxgl_default.png
23:41:24.706 [ForkJoinPool.commonPool-worker-3] DEBUG AssetLoader          - Loading from disk: /assets/ui/cursors/fxgl_default.png
23:41:24.714 [ForkJoinPool.commonPool-worker-3] DEBUG AssetLoader          - Loading from cache: /assets/ui/fonts/VarelaRound-Regular.ttf
23:41:24.717 [ForkJoinPool.commonPool-worker-3] DEBUG AssetLoader          - Loading from disk: /assets/ui/cursors/fxgl_default.png
23:41:24.719 [ForkJoinPool.commonPool-worker-3] DEBUG GameScene            - Game scene initialized: 1050x700
23:41:24.722 [ForkJoinPool.commonPool-worker-3] DEBUG GameWorld            - Game world initialized
23:41:24.754 [ForkJoinPool.commonPool-worker-3] DEBUG PhysicsWorld         - Physics world initialized: appHeight=700, physics.ppm=50.0
23:41:24.766 [ForkJoinPool.commonPool-worker-3] DEBUG Input                - Registered new binding: Pause - Esc
23:41:24.792 [JavaFX Application Thread] DEBUG FXGL                 - Running preInit()
23:41:24.793 [JavaFX Application Thread] DEBUG Input                - Registered new binding: Screenshot - P
23:41:24.793 [JavaFX Application Thread] DEBUG Input                - Registered new binding: Dev Options - CTRL+0
23:41:24.794 [JavaFX Application Thread] DEBUG Input                - Registered new binding: System info dump - CTRL+9
23:41:24.794 [JavaFX Application Thread] DEBUG Input                - Registered new binding: Restart - CTRL+R
23:41:24.794 [JavaFX Application Thread] DEBUG Input                - Registered new binding: left - Left
23:41:24.794 [JavaFX Application Thread] DEBUG Input                - Registered new binding: right - Right
23:41:24.794 [JavaFX Application Thread] DEBUG Input                - Registered new binding: leftA - A
23:41:24.794 [JavaFX Application Thread] DEBUG Input                - Registered new binding: rightD - D
23:41:24.794 [JavaFX Application Thread] DEBUG Input                - Registered new binding: jump - Space
23:41:24.794 [JavaFX Application Thread] DEBUG Input                - Registered new binding: jumpW - W
23:41:24.794 [JavaFX Application Thread] DEBUG Input                - Registered new binding: jumpUp - Up
23:41:24.795 [JavaFX Application Thread] DEBUG Input                - Registered new binding: powerUp - O
23:41:24.795 [JavaFX Application Thread] INFO  FXGL                 - FXGL initialization took: 0.669 sec
23:41:24.795 [JavaFX Application Thread] DEBUG LoopRunner           - Starting loop
23:41:24.796 [JavaFX Application Thread] DEBUG StartupState         - STARTUP
23:41:24.796 [JavaFX Application Thread] DEBUG GameApplication      - Starting new game
23:41:24.796 [JavaFX Application Thread] DEBUG Input                - Clearing active input actions
23:41:24.797 [JavaFX Application Thread] DEBUG AssetLoader          - Loading from disk: /assets/ui/css/fxgl_dark.css
23:41:24.802 [JavaFX Application Thread] DEBUG AppStateMachine      - StartupState -> LoadingState
23:41:24.806 [FXGL Background Thread 1 ] DEBUG InitAppTask          - Clearing previous game
23:41:24.806 [FXGL Background Thread 1 ] DEBUG GameWorld            - Clearing game world
23:41:24.806 [FXGL Background Thread 1 ] DEBUG PhysicsWorld         - Clearing physics world
23:41:24.806 [FXGL Background Thread 1 ] DEBUG GameScene            - Clearing game scene
23:41:24.807 [FXGL Background Thread 1 ] DEBUG InitAppTask          - Initializing Game
23:41:24.832 [FXGL Background Thread 1 ] DEBUG AssetLoader          - Loading from disk: /assets/json/MarioLevel-1.json
23:41:25.017 [FXGL Background Thread 1 ] DEBUG GameWorld            - Clearing removable entities
23:41:25.017 [FXGL Background Thread 1 ] DEBUG GameWorld            - Setting level from map
23:41:25.030 [FXGL Background Thread 1 ] DEBUG AssetLoader          - Loading from disk: /assets/textures/tiles_spritesheet.png
23:41:25.047 [FXGL Background Thread 1 ] DEBUG AssetLoader          - Loading from cache: /assets/textures/tiles_spritesheet.png
23:41:25.047 [FXGL Background Thread 1 ] DEBUG AssetLoader          - Loading from cache: /assets/textures/tiles_spritesheet.png
23:41:25.048 [FXGL Background Thread 1 ] DEBUG AssetLoader          - Loading from cache: /assets/textures/tiles_spritesheet.png
23:41:25.048 [FXGL Background Thread 1 ] DEBUG AssetLoader          - Loading from cache: /assets/textures/tiles_spritesheet.png
23:41:25.048 [FXGL Background Thread 1 ] DEBUG AssetLoader          - Loading from cache: /assets/textures/tiles_spritesheet.png
23:41:25.048 [FXGL Background Thread 1 ] DEBUG AssetLoader          - Loading from cache: /assets/textures/tiles_spritesheet.png
23:41:25.048 [FXGL Background Thread 1 ] DEBUG AssetLoader          - Loading from cache: /assets/textures/tiles_spritesheet.png
23:41:25.048 [FXGL Background Thread 1 ] DEBUG AssetLoader          - Loading from cache: /assets/textures/tiles_spritesheet.png
23:41:25.048 [FXGL Background Thread 1 ] DEBUG AssetLoader          - Loading from cache: /assets/textures/tiles_spritesheet.png
23:41:25.048 [FXGL Background Thread 1 ] DEBUG AssetLoader          - Loading from cache: /assets/textures/tiles_spritesheet.png
23:41:25.048 [FXGL Background Thread 1 ] DEBUG AssetLoader          - Loading from cache: /assets/textures/tiles_spritesheet.png
23:41:25.049 [FXGL Background Thread 1 ] DEBUG AssetLoader          - Loading from cache: /assets/textures/tiles_spritesheet.png
23:41:25.049 [FXGL Background Thread 1 ] DEBUG AssetLoader          - Loading from cache: /assets/textures/tiles_spritesheet.png
23:41:25.049 [FXGL Background Thread 1 ] DEBUG AssetLoader          - Loading from cache: /assets/textures/tiles_spritesheet.png
23:41:25.049 [FXGL Background Thread 1 ] DEBUG AssetLoader          - Loading from cache: /assets/textures/tiles_spritesheet.png
23:41:25.049 [FXGL Background Thread 1 ] DEBUG AssetLoader          - Loading from cache: /assets/textures/tiles_spritesheet.png
23:41:25.049 [FXGL Background Thread 1 ] DEBUG AssetLoader          - Loading from cache: /assets/textures/tiles_spritesheet.png
23:41:25.049 [FXGL Background Thread 1 ] DEBUG AssetLoader          - Loading from cache: /assets/textures/tiles_spritesheet.png
23:41:25.049 [FXGL Background Thread 1 ] DEBUG AssetLoader          - Loading from cache: /assets/textures/tiles_spritesheet.png
23:41:25.049 [FXGL Background Thread 1 ] DEBUG AssetLoader          - Loading from cache: /assets/textures/tiles_spritesheet.png
23:41:25.049 [FXGL Background Thread 1 ] DEBUG AssetLoader          - Loading from cache: /assets/textures/tiles_spritesheet.png
23:41:25.051 [FXGL Background Thread 1 ] DEBUG GameScene            - Creating render group for layer: BACKGROUND(1000)
23:41:25.075 [FXGL Background Thread 1 ] DEBUG GameScene            - Creating render group for layer: DEFAULT(100000)
23:41:25.078 [FXGL Background Thread 1 ] DEBUG AssetLoader          - Loading from disk: /assets/textures/burger.png
23:41:25.080 [FXGL Background Thread 1 ] DEBUG AssetLoader          - Loading from cache: /assets/textures/burger.png
23:41:25.080 [FXGL Background Thread 1 ] DEBUG AssetLoader          - Loading from cache: /assets/textures/burger.png
23:41:25.081 [FXGL Background Thread 1 ] DEBUG AssetLoader          - Loading from cache: /assets/textures/burger.png
23:41:25.082 [FXGL Background Thread 1 ] DEBUG AssetLoader          - Loading from cache: /assets/textures/burger.png
23:41:25.083 [FXGL Background Thread 1 ] DEBUG AssetLoader          - Loading from disk: /assets/textures/newdude.png
23:41:25.085 [FXGL Background Thread 1 ] DEBUG AssetLoader          - Loading from disk: /assets/textures/trumpAfk.png
23:41:25.087 [FXGL Background Thread 1 ] DEBUG AssetLoader          - Loading from disk: /assets/textures/trumpWalk.png
23:41:25.089 [FXGL Background Thread 1 ] DEBUG AssetLoader          - Loading from disk: /assets/textures/Thwomp.png
23:41:25.090 [FXGL Background Thread 1 ] DEBUG AssetLoader          - Loading from cache: /assets/textures/Thwomp.png
23:41:25.090 [FXGL Background Thread 1 ] DEBUG AssetLoader          - Loading from cache: /assets/textures/Thwomp.png
23:41:25.140 [FXGL Background Thread 1 ] DEBUG AudioPlayer          - Playing music com.almasb.fxgl.audio.Music@2871f5cb
23:41:25.142 [FXGL Background Thread 1 ] DEBUG InitAppTask          - Initializing Physics
23:41:25.142 [FXGL Background Thread 1 ] DEBUG InitAppTask          - Initializing UI
23:41:25.143 [FXGL Background Thread 1 ] DEBUG AssetLoader          - Loading from disk: /assets/textures/BackgroundMario.png
23:41:25.156 [FXGL Background Thread 1 ] DEBUG InitAppTask          - Initialization Complete
23:41:25.156 [FXGL Background Thread 1 ] INFO  InitAppTask          - Game initialization took: 0.350 sec
23:41:25.165 [JavaFX Application Thread] DEBUG Input                - Clearing active input actions
23:41:25.165 [JavaFX Application Thread] DEBUG AssetLoader          - Loading from disk: /assets/ui/css/fxgl_dark.css
23:41:25.174 [JavaFX Application Thread] DEBUG AppStateMachine      - LoadingState -> PlayState
23:41:30.729 [JavaFX Application Thread] DEBUG FXGL                 - Exiting FXGL
23:41:30.729 [JavaFX Application Thread] DEBUG FXGL                 - Shutting down background threads
23:41:30.730 [JavaFX Application Thread] DEBUG FXGL                 - Saving FXGL system data
23:41:30.732 [JavaFX Application Thread] DEBUG DesktopFSService     - Writing to: system\fxgl.bundle
23:41:30.735 [JavaFX Application Thread] DEBUG FXGL                 - Closing logger and exiting JavaFX
