17:56:37.791 [JavaFX Application Thread] DEBUG GameApplication      - Logger initialized
17:56:37.794 [JavaFX Application Thread] DEBUG GameApplication      - Logging settings
Title: Burger Mario
Version: 0.5
Width: 1050
Height: 700
Fullscreen: false
Intro: false
Menus: false
Profiling: false
Single step:false
App Mode: DEVELOPER
Menu Key: ESCAPE
Stage Style: DECORATED
Scene Factory: class com.almasb.fxgl.scene.SceneFactory
Dialog Factory: class com.almasb.fxgl.ui.FXGLDialogFactory
UI Factory: class com.almasb.fxgl.ui.FXGLUIFactory
Notification Service: class com.almasb.fxgl.gameplay.notification.XboxNotificationView
Exception Handler: class com.almasb.fxgl.app.FXGLExceptionHandler
17:56:37.794 [JavaFX Application Thread] DEBUG GameApplication      - Starting FXGL
17:56:37.806 [JavaFX Application Thread] INFO  FXGL                 - FXGL-0.5.4 on DESKTOP
17:56:37.807 [JavaFX Application Thread] INFO  FXGL                 - Source code and latest versions at: https://github.com/AlmasB/FXGL
17:56:37.807 [JavaFX Application Thread] INFO  FXGL                 -              Join the FXGL chat at: https://gitter.im/AlmasB/FXGL
17:56:37.807 [JavaFX Application Thread] DEBUG FXGL                 - FXGL started
17:56:37.807 [JavaFX Application Thread] DEBUG FXGL                 - Initializing FXGL
17:56:37.847 [JavaFX Application Thread] DEBUG AssetLoader          - Loading from disk: /assets/ui/cursors/fxgl_default.png
17:56:37.980 [JavaFX Application Thread] DEBUG AssetLoader          - Loading from disk: /assets/ui/fonts/VarelaRound-Regular.ttf
17:56:38.127 [JavaFX Application Thread] DEBUG MainWindow           - Creating a JavaFX scene
17:56:38.166 [JavaFX Application Thread] DEBUG MainWindow           - Target settings size: 1050.0 x 700.0
17:56:38.166 [JavaFX Application Thread] DEBUG MainWindow           - Scaled scene size:    1050.0 x 700.0
17:56:38.167 [JavaFX Application Thread] DEBUG MainWindow           - Scaled ratio: (1.0, 1.0)
17:56:38.169 [JavaFX Application Thread] DEBUG AssetLoader          - Loading from disk: /assets/ui/css/fxgl_dark.css
17:56:38.173 [JavaFX Application Thread] DEBUG AssetLoader          - Loading from disk: /assets/textures/fxgl_icon.png
17:56:38.199 [JavaFX Application Thread] DEBUG MainWindow           - Opening main window
17:56:38.363 [JavaFX Application Thread] DEBUG MainWindow           - Window border size: (6.0, 25.0)
17:56:38.363 [JavaFX Application Thread] DEBUG MainWindow           - Scaled size: 1050.0 x 700.0
17:56:38.363 [JavaFX Application Thread] DEBUG MainWindow           - Scaled ratio: (1.0, 1.0)
17:56:38.363 [JavaFX Application Thread] DEBUG MainWindow           - Scene size: 1050.0 x 700.0
17:56:38.363 [JavaFX Application Thread] DEBUG MainWindow           - Stage size: 1056.0 x 725.0
17:56:38.388 [ForkJoinPool.commonPool-worker-3] DEBUG FS                   - Loaded DesktopFSService
17:56:38.388 [ForkJoinPool.commonPool-worker-3] DEBUG FXGL                 - Loading FXGL system data
17:56:38.393 [ForkJoinPool.commonPool-worker-3] DEBUG DesktopFSService     - Reading from: system\fxgl.bundle
17:56:38.399 [ForkJoinPool.commonPool-worker-3] DEBUG Bundle               - Logging bundle: FXGL
17:56:38.399 [ForkJoinPool.commonPool-worker-3] DEBUG Bundle               - FXGL.offline.timer.version.check=2019-01-24T23:07:38.424640400
17:56:38.400 [ForkJoinPool.commonPool-worker-3] DEBUG FXGL                 - Initializing state machine and application states
17:56:38.401 [ForkJoinPool.commonPool-worker-3] DEBUG AssetLoader          - Loading from disk: /assets/ui/cursors/fxgl_default.png
17:56:38.405 [ForkJoinPool.commonPool-worker-3] DEBUG AssetLoader          - Loading from disk: /assets/ui/cursors/fxgl_default.png
17:56:38.411 [ForkJoinPool.commonPool-worker-3] DEBUG AssetLoader          - Loading from cache: /assets/ui/fonts/VarelaRound-Regular.ttf
17:56:38.413 [ForkJoinPool.commonPool-worker-3] DEBUG AssetLoader          - Loading from disk: /assets/ui/cursors/fxgl_default.png
17:56:38.435 [ForkJoinPool.commonPool-worker-3] DEBUG GameScene            - Game scene initialized: 1050x700
17:56:38.440 [ForkJoinPool.commonPool-worker-3] DEBUG GameWorld            - Game world initialized
17:56:38.469 [ForkJoinPool.commonPool-worker-3] DEBUG PhysicsWorld         - Physics world initialized: appHeight=700, physics.ppm=50.0
17:56:38.480 [ForkJoinPool.commonPool-worker-3] DEBUG Input                - Registered new binding: Pause - Esc
17:56:38.508 [JavaFX Application Thread] DEBUG FXGL                 - Running preInit()
17:56:38.508 [JavaFX Application Thread] DEBUG Input                - Registered new binding: Screenshot - P
17:56:38.509 [JavaFX Application Thread] DEBUG Input                - Registered new binding: Dev Options - CTRL+0
17:56:38.509 [JavaFX Application Thread] DEBUG Input                - Registered new binding: System info dump - CTRL+9
17:56:38.509 [JavaFX Application Thread] DEBUG Input                - Registered new binding: Restart - CTRL+R
17:56:38.509 [JavaFX Application Thread] DEBUG Input                - Registered new binding: left - Left
17:56:38.509 [JavaFX Application Thread] DEBUG Input                - Registered new binding: right - Right
17:56:38.510 [JavaFX Application Thread] DEBUG Input                - Registered new binding: leftA - A
17:56:38.510 [JavaFX Application Thread] DEBUG Input                - Registered new binding: rightD - D
17:56:38.510 [JavaFX Application Thread] DEBUG Input                - Registered new binding: jump - Space
17:56:38.510 [JavaFX Application Thread] DEBUG Input                - Registered new binding: jumpW - W
17:56:38.510 [JavaFX Application Thread] DEBUG Input                - Registered new binding: jumpUp - Up
17:56:38.510 [JavaFX Application Thread] DEBUG Input                - Registered new binding: powerUp - O
17:56:38.510 [JavaFX Application Thread] INFO  FXGL                 - FXGL initialization took: 0.703 sec
17:56:38.511 [JavaFX Application Thread] DEBUG LoopRunner           - Starting loop
17:56:38.512 [JavaFX Application Thread] DEBUG StartupState         - STARTUP
17:56:38.512 [JavaFX Application Thread] DEBUG GameApplication      - Starting new game
17:56:38.512 [JavaFX Application Thread] DEBUG Input                - Clearing active input actions
17:56:38.512 [JavaFX Application Thread] DEBUG AssetLoader          - Loading from disk: /assets/ui/css/fxgl_dark.css
17:56:38.518 [JavaFX Application Thread] DEBUG AppStateMachine      - StartupState -> LoadingState
17:56:38.523 [FXGL Background Thread 1 ] DEBUG InitAppTask          - Clearing previous game
17:56:38.523 [FXGL Background Thread 1 ] DEBUG GameWorld            - Clearing game world
17:56:38.524 [FXGL Background Thread 1 ] DEBUG PhysicsWorld         - Clearing physics world
17:56:38.524 [FXGL Background Thread 1 ] DEBUG GameScene            - Clearing game scene
17:56:38.527 [FXGL Background Thread 1 ] DEBUG InitAppTask          - Initializing Game
17:56:38.551 [FXGL Background Thread 1 ] DEBUG AssetLoader          - Loading from disk: /assets/json/MarioLevel-1.json
17:56:38.720 [FXGL Background Thread 1 ] DEBUG GameWorld            - Clearing removable entities
17:56:38.720 [FXGL Background Thread 1 ] DEBUG GameWorld            - Setting level from map
17:56:38.734 [FXGL Background Thread 1 ] DEBUG AssetLoader          - Loading from disk: /assets/textures/tiles_spritesheet.png
17:56:38.755 [FXGL Background Thread 1 ] DEBUG AssetLoader          - Loading from cache: /assets/textures/tiles_spritesheet.png
17:56:38.755 [FXGL Background Thread 1 ] DEBUG AssetLoader          - Loading from cache: /assets/textures/tiles_spritesheet.png
17:56:38.755 [FXGL Background Thread 1 ] DEBUG AssetLoader          - Loading from cache: /assets/textures/tiles_spritesheet.png
17:56:38.755 [FXGL Background Thread 1 ] DEBUG AssetLoader          - Loading from cache: /assets/textures/tiles_spritesheet.png
17:56:38.756 [FXGL Background Thread 1 ] DEBUG AssetLoader          - Loading from cache: /assets/textures/tiles_spritesheet.png
17:56:38.756 [FXGL Background Thread 1 ] DEBUG AssetLoader          - Loading from cache: /assets/textures/tiles_spritesheet.png
17:56:38.756 [FXGL Background Thread 1 ] DEBUG AssetLoader          - Loading from cache: /assets/textures/tiles_spritesheet.png
17:56:38.756 [FXGL Background Thread 1 ] DEBUG AssetLoader          - Loading from cache: /assets/textures/tiles_spritesheet.png
17:56:38.756 [FXGL Background Thread 1 ] DEBUG AssetLoader          - Loading from cache: /assets/textures/tiles_spritesheet.png
17:56:38.756 [FXGL Background Thread 1 ] DEBUG AssetLoader          - Loading from cache: /assets/textures/tiles_spritesheet.png
17:56:38.756 [FXGL Background Thread 1 ] DEBUG AssetLoader          - Loading from cache: /assets/textures/tiles_spritesheet.png
17:56:38.756 [FXGL Background Thread 1 ] DEBUG AssetLoader          - Loading from cache: /assets/textures/tiles_spritesheet.png
17:56:38.756 [FXGL Background Thread 1 ] DEBUG AssetLoader          - Loading from cache: /assets/textures/tiles_spritesheet.png
17:56:38.756 [FXGL Background Thread 1 ] DEBUG AssetLoader          - Loading from cache: /assets/textures/tiles_spritesheet.png
17:56:38.757 [FXGL Background Thread 1 ] DEBUG AssetLoader          - Loading from cache: /assets/textures/tiles_spritesheet.png
17:56:38.757 [FXGL Background Thread 1 ] DEBUG AssetLoader          - Loading from cache: /assets/textures/tiles_spritesheet.png
17:56:38.757 [FXGL Background Thread 1 ] DEBUG AssetLoader          - Loading from cache: /assets/textures/tiles_spritesheet.png
17:56:38.757 [FXGL Background Thread 1 ] DEBUG AssetLoader          - Loading from cache: /assets/textures/tiles_spritesheet.png
17:56:38.757 [FXGL Background Thread 1 ] DEBUG AssetLoader          - Loading from cache: /assets/textures/tiles_spritesheet.png
17:56:38.757 [FXGL Background Thread 1 ] DEBUG AssetLoader          - Loading from cache: /assets/textures/tiles_spritesheet.png
17:56:38.757 [FXGL Background Thread 1 ] DEBUG AssetLoader          - Loading from cache: /assets/textures/tiles_spritesheet.png
17:56:38.758 [FXGL Background Thread 1 ] DEBUG GameScene            - Creating render group for layer: BACKGROUND(1000)
17:56:38.779 [FXGL Background Thread 1 ] DEBUG GameScene            - Creating render group for layer: DEFAULT(100000)
17:56:38.781 [FXGL Background Thread 1 ] DEBUG AssetLoader          - Loading from disk: /assets/textures/burger.png
17:56:38.783 [FXGL Background Thread 1 ] DEBUG AssetLoader          - Loading from cache: /assets/textures/burger.png
17:56:38.784 [FXGL Background Thread 1 ] DEBUG AssetLoader          - Loading from cache: /assets/textures/burger.png
17:56:38.784 [FXGL Background Thread 1 ] DEBUG AssetLoader          - Loading from cache: /assets/textures/burger.png
17:56:38.785 [FXGL Background Thread 1 ] DEBUG AssetLoader          - Loading from cache: /assets/textures/burger.png
17:56:38.787 [FXGL Background Thread 1 ] DEBUG AssetLoader          - Loading from disk: /assets/textures/trumpAfk.png
17:56:38.788 [FXGL Background Thread 1 ] DEBUG AssetLoader          - Loading from disk: /assets/textures/TrumpAfk.png
17:56:38.790 [FXGL Background Thread 1 ] DEBUG AssetLoader          - Loading from disk: /assets/textures/trumpWalk.png
17:56:38.791 [FXGL Background Thread 1 ] DEBUG AssetLoader          - Loading from disk: /assets/textures/Thwomp.png
17:56:38.792 [FXGL Background Thread 1 ] DEBUG AssetLoader          - Loading from cache: /assets/textures/Thwomp.png
17:56:38.793 [FXGL Background Thread 1 ] DEBUG AssetLoader          - Loading from cache: /assets/textures/Thwomp.png
17:56:38.837 [FXGL Background Thread 1 ] DEBUG AudioPlayer          - Playing music com.almasb.fxgl.audio.Music@a5bdb82
17:56:38.839 [FXGL Background Thread 1 ] DEBUG InitAppTask          - Initializing Physics
17:56:38.840 [FXGL Background Thread 1 ] DEBUG InitAppTask          - Initializing UI
17:56:38.840 [FXGL Background Thread 1 ] DEBUG AssetLoader          - Loading from disk: /assets/textures/BackgroundMario.png
17:56:38.852 [FXGL Background Thread 1 ] DEBUG InitAppTask          - Initialization Complete
17:56:38.852 [FXGL Background Thread 1 ] INFO  InitAppTask          - Game initialization took: 0.329 sec
17:56:38.863 [JavaFX Application Thread] DEBUG Input                - Clearing active input actions
17:56:38.863 [JavaFX Application Thread] DEBUG AssetLoader          - Loading from disk: /assets/ui/css/fxgl_dark.css
17:56:38.871 [JavaFX Application Thread] DEBUG AppStateMachine      - LoadingState -> PlayState
17:56:45.615 [JavaFX Application Thread] DEBUG AssetLoader          - Loading from cache: /assets/sounds/roblox-death-sound-effect-opNTQCf4R.mp3
17:56:46.303 [JavaFX Application Thread] DEBUG AssetLoader          - Loading from cache: /assets/sounds/roblox-death-sound-effect-opNTQCf4R.mp3
17:56:46.847 [JavaFX Application Thread] DEBUG AssetLoader          - Loading from cache: /assets/sounds/roblox-death-sound-effect-opNTQCf4R.mp3
17:56:49.071 [JavaFX Application Thread] DEBUG AssetLoader          - Loading from cache: /assets/textures/trumpAfk.png
17:56:49.071 [JavaFX Application Thread] DEBUG AssetLoader          - Loading from cache: /assets/textures/TrumpAfk.png
17:56:49.072 [JavaFX Application Thread] DEBUG AssetLoader          - Loading from cache: /assets/textures/trumpWalk.png
17:56:50.207 [JavaFX Application Thread] DEBUG AssetLoader          - Loading from cache: /assets/sounds/roblox-death-sound-effect-opNTQCf4R.mp3
17:56:53.571 [JavaFX Application Thread] DEBUG AssetLoader          - Loading from cache: /assets/ui/fonts/VarelaRound-Regular.ttf
17:56:53.574 [JavaFX Application Thread] DEBUG AssetLoader          - Loading from cache: /assets/ui/fonts/VarelaRound-Regular.ttf
17:56:53.576 [JavaFX Application Thread] DEBUG AssetLoader          - Loading from disk: /assets/properties/languages/english.properties
17:56:53.578 [JavaFX Application Thread] DEBUG AssetLoader          - Loading from cache: /assets/ui/fonts/VarelaRound-Regular.ttf
17:56:53.579 [JavaFX Application Thread] DEBUG AppStateMachine      - Push state: DialogSubState
17:56:53.579 [JavaFX Application Thread] DEBUG Input                - Clearing active input actions
17:56:53.579 [JavaFX Application Thread] DEBUG AppStateMachine      - PlayState -> DialogSubState
17:56:53.584 [JavaFX Application Thread] DEBUG AssetLoader          - Loading from cache: /assets/ui/fonts/VarelaRound-Regular.ttf
17:56:53.585 [JavaFX Application Thread] DEBUG AssetLoader          - Loading from cache: /assets/ui/fonts/VarelaRound-Regular.ttf
17:56:53.585 [JavaFX Application Thread] DEBUG AssetLoader          - Loading from cache: /assets/properties/languages/english.properties
17:56:53.585 [JavaFX Application Thread] DEBUG AssetLoader          - Loading from cache: /assets/ui/fonts/VarelaRound-Regular.ttf
17:56:53.586 [JavaFX Application Thread] DEBUG AssetLoader          - Loading from disk: /assets/json/MarioLevel-2.json
17:56:53.588 [JavaFX Application Thread] DEBUG GameWorld            - Clearing removable entities
17:56:53.590 [JavaFX Application Thread] DEBUG GameWorld            - Setting level from map
17:56:53.591 [JavaFX Application Thread] DEBUG AssetLoader          - Loading from cache: /assets/textures/tiles_spritesheet.png
17:56:53.591 [JavaFX Application Thread] DEBUG AssetLoader          - Loading from cache: /assets/textures/tiles_spritesheet.png
17:56:53.591 [JavaFX Application Thread] DEBUG AssetLoader          - Loading from cache: /assets/textures/tiles_spritesheet.png
17:56:53.591 [JavaFX Application Thread] DEBUG AssetLoader          - Loading from cache: /assets/textures/tiles_spritesheet.png
17:56:53.591 [JavaFX Application Thread] DEBUG AssetLoader          - Loading from cache: /assets/textures/tiles_spritesheet.png
17:56:53.592 [JavaFX Application Thread] DEBUG AssetLoader          - Loading from cache: /assets/textures/tiles_spritesheet.png
17:56:53.592 [JavaFX Application Thread] DEBUG AssetLoader          - Loading from cache: /assets/textures/tiles_spritesheet.png
17:56:53.592 [JavaFX Application Thread] DEBUG AssetLoader          - Loading from cache: /assets/textures/tiles_spritesheet.png
17:56:53.592 [JavaFX Application Thread] DEBUG AssetLoader          - Loading from cache: /assets/textures/tiles_spritesheet.png
17:56:53.592 [JavaFX Application Thread] DEBUG AssetLoader          - Loading from cache: /assets/textures/tiles_spritesheet.png
17:56:53.592 [JavaFX Application Thread] DEBUG AssetLoader          - Loading from cache: /assets/textures/tiles_spritesheet.png
17:56:53.592 [JavaFX Application Thread] DEBUG AssetLoader          - Loading from cache: /assets/textures/tiles_spritesheet.png
17:56:53.592 [JavaFX Application Thread] DEBUG AssetLoader          - Loading from cache: /assets/textures/tiles_spritesheet.png
17:56:53.592 [JavaFX Application Thread] DEBUG AssetLoader          - Loading from cache: /assets/textures/tiles_spritesheet.png
17:56:53.592 [JavaFX Application Thread] DEBUG AssetLoader          - Loading from cache: /assets/textures/tiles_spritesheet.png
17:56:53.592 [JavaFX Application Thread] DEBUG AssetLoader          - Loading from cache: /assets/textures/tiles_spritesheet.png
17:56:53.592 [JavaFX Application Thread] DEBUG AssetLoader          - Loading from cache: /assets/textures/tiles_spritesheet.png
17:56:53.592 [JavaFX Application Thread] DEBUG AssetLoader          - Loading from cache: /assets/textures/tiles_spritesheet.png
17:56:53.592 [JavaFX Application Thread] DEBUG AssetLoader          - Loading from cache: /assets/textures/tiles_spritesheet.png
17:56:53.592 [JavaFX Application Thread] DEBUG AssetLoader          - Loading from cache: /assets/textures/tiles_spritesheet.png
17:56:53.593 [JavaFX Application Thread] DEBUG AssetLoader          - Loading from cache: /assets/textures/tiles_spritesheet.png
17:56:53.593 [JavaFX Application Thread] DEBUG AssetLoader          - Loading from cache: /assets/textures/tiles_spritesheet.png
17:56:53.593 [JavaFX Application Thread] DEBUG AssetLoader          - Loading from cache: /assets/textures/tiles_spritesheet.png
17:56:53.593 [JavaFX Application Thread] DEBUG AssetLoader          - Loading from cache: /assets/textures/tiles_spritesheet.png
17:56:53.593 [JavaFX Application Thread] DEBUG AssetLoader          - Loading from cache: /assets/textures/tiles_spritesheet.png
17:56:53.593 [JavaFX Application Thread] DEBUG AssetLoader          - Loading from cache: /assets/textures/tiles_spritesheet.png
17:56:53.593 [JavaFX Application Thread] DEBUG AssetLoader          - Loading from cache: /assets/textures/tiles_spritesheet.png
17:56:53.593 [JavaFX Application Thread] DEBUG AssetLoader          - Loading from cache: /assets/textures/tiles_spritesheet.png
17:56:53.593 [JavaFX Application Thread] DEBUG AssetLoader          - Loading from cache: /assets/textures/tiles_spritesheet.png
17:56:53.600 [JavaFX Application Thread] DEBUG AssetLoader          - Loading from cache: /assets/textures/burger.png
17:56:53.601 [JavaFX Application Thread] DEBUG AssetLoader          - Loading from cache: /assets/textures/burger.png
17:56:53.601 [JavaFX Application Thread] DEBUG AssetLoader          - Loading from cache: /assets/textures/burger.png
17:56:53.602 [JavaFX Application Thread] DEBUG AssetLoader          - Loading from cache: /assets/textures/burger.png
17:56:53.603 [JavaFX Application Thread] DEBUG AssetLoader          - Loading from cache: /assets/textures/burger.png
17:56:53.604 [JavaFX Application Thread] DEBUG AssetLoader          - Loading from cache: /assets/textures/trumpAfk.png
17:56:53.604 [JavaFX Application Thread] DEBUG AssetLoader          - Loading from cache: /assets/textures/TrumpAfk.png
17:56:53.604 [JavaFX Application Thread] DEBUG AssetLoader          - Loading from cache: /assets/textures/trumpWalk.png
17:56:53.605 [JavaFX Application Thread] DEBUG AssetLoader          - Loading from cache: /assets/textures/Thwomp.png
17:56:53.605 [JavaFX Application Thread] DEBUG AssetLoader          - Loading from cache: /assets/textures/Thwomp.png
17:56:53.605 [JavaFX Application Thread] DEBUG AssetLoader          - Loading from cache: /assets/textures/Thwomp.png
17:56:53.610 [JavaFX Application Thread] DEBUG AssetLoader          - Loading from cache: /assets/ui/fonts/VarelaRound-Regular.ttf
17:56:53.610 [JavaFX Application Thread] DEBUG AssetLoader          - Loading from cache: /assets/ui/fonts/VarelaRound-Regular.ttf
17:56:53.610 [JavaFX Application Thread] DEBUG AssetLoader          - Loading from cache: /assets/properties/languages/english.properties
17:56:53.610 [JavaFX Application Thread] DEBUG AssetLoader          - Loading from cache: /assets/ui/fonts/VarelaRound-Regular.ttf
17:56:54.889 [JavaFX Application Thread] DEBUG AssetLoader          - Loading from cache: /assets/ui/fonts/VarelaRound-Regular.ttf
17:56:54.897 [JavaFX Application Thread] DEBUG AssetLoader          - Loading from cache: /assets/sounds/menu/select.wav
17:56:55.025 [JavaFX Application Thread] DEBUG AssetLoader          - Loading from cache: /assets/ui/fonts/VarelaRound-Regular.ttf
17:56:55.040 [JavaFX Application Thread] DEBUG AssetLoader          - Loading from cache: /assets/sounds/menu/select.wav
17:56:55.424 [JavaFX Application Thread] DEBUG AppStateMachine      - Pop state: DialogSubState
17:56:55.424 [JavaFX Application Thread] DEBUG Input                - Clearing active input actions
17:56:55.425 [JavaFX Application Thread] DEBUG AppStateMachine      - PlayState <- DialogSubState
17:57:05.544 [JavaFX Application Thread] DEBUG FXGL                 - Exiting FXGL
17:57:05.544 [JavaFX Application Thread] DEBUG FXGL                 - Shutting down background threads
17:57:05.545 [JavaFX Application Thread] DEBUG FXGL                 - Saving FXGL system data
17:57:05.563 [JavaFX Application Thread] DEBUG DesktopFSService     - Writing to: system\fxgl.bundle
17:57:05.566 [JavaFX Application Thread] DEBUG FXGL                 - Closing logger and exiting JavaFX
