16:35:48.757 [JavaFX Application Thread] DEBUG GameApplication      - Logger initialized
16:35:48.760 [JavaFX Application Thread] DEBUG GameApplication      - Logging settings
Title: Burger Mario
Version: 0.5
Width: 1050
Height: 700
Fullscreen: false
Intro: false
Menus: false
Profiling: false
Single step:false
App Mode: DEVELOPER
Menu Key: ESCAPE
Stage Style: DECORATED
Scene Factory: class com.almasb.fxgl.scene.SceneFactory
Dialog Factory: class com.almasb.fxgl.ui.FXGLDialogFactory
UI Factory: class com.almasb.fxgl.ui.FXGLUIFactory
Notification Service: class com.almasb.fxgl.gameplay.notification.XboxNotificationView
Exception Handler: class com.almasb.fxgl.app.FXGLExceptionHandler
16:35:48.760 [JavaFX Application Thread] DEBUG GameApplication      - Starting FXGL
16:35:48.773 [JavaFX Application Thread] INFO  FXGL                 - FXGL-0.5.4 on DESKTOP
16:35:48.773 [JavaFX Application Thread] INFO  FXGL                 - Source code and latest versions at: https://github.com/AlmasB/FXGL
16:35:48.773 [JavaFX Application Thread] INFO  FXGL                 -              Join the FXGL chat at: https://gitter.im/AlmasB/FXGL
16:35:48.774 [JavaFX Application Thread] DEBUG FXGL                 - FXGL started
16:35:48.774 [JavaFX Application Thread] DEBUG FXGL                 - Initializing FXGL
16:35:48.817 [JavaFX Application Thread] DEBUG AssetLoader          - Loading from disk: /assets/ui/cursors/fxgl_default.png
16:35:48.928 [JavaFX Application Thread] DEBUG AssetLoader          - Loading from disk: /assets/ui/fonts/VarelaRound-Regular.ttf
16:35:49.058 [JavaFX Application Thread] DEBUG MainWindow           - Creating a JavaFX scene
16:35:49.104 [JavaFX Application Thread] DEBUG MainWindow           - Target settings size: 1050.0 x 700.0
16:35:49.105 [JavaFX Application Thread] DEBUG MainWindow           - Scaled scene size:    1050.0 x 700.0
16:35:49.105 [JavaFX Application Thread] DEBUG MainWindow           - Scaled ratio: (1.0, 1.0)
16:35:49.107 [JavaFX Application Thread] DEBUG AssetLoader          - Loading from disk: /assets/ui/css/fxgl_dark.css
16:35:49.111 [JavaFX Application Thread] DEBUG AssetLoader          - Loading from disk: /assets/textures/fxgl_icon.png
16:35:49.128 [JavaFX Application Thread] DEBUG MainWindow           - Opening main window
16:35:49.329 [JavaFX Application Thread] DEBUG MainWindow           - Window border size: (6.0, 25.0)
16:35:49.329 [JavaFX Application Thread] DEBUG MainWindow           - Scaled size: 1050.0 x 700.0
16:35:49.329 [JavaFX Application Thread] DEBUG MainWindow           - Scaled ratio: (1.0, 1.0)
16:35:49.329 [JavaFX Application Thread] DEBUG MainWindow           - Scene size: 1050.0 x 700.0
16:35:49.329 [JavaFX Application Thread] DEBUG MainWindow           - Stage size: 1056.0 x 725.0
16:35:49.353 [ForkJoinPool.commonPool-worker-3] DEBUG FS                   - Loaded DesktopFSService
16:35:49.353 [ForkJoinPool.commonPool-worker-3] DEBUG FXGL                 - Loading FXGL system data
16:35:49.357 [ForkJoinPool.commonPool-worker-3] DEBUG DesktopFSService     - Reading from: system\fxgl.bundle
16:35:49.364 [ForkJoinPool.commonPool-worker-3] DEBUG Bundle               - Logging bundle: FXGL
16:35:49.365 [ForkJoinPool.commonPool-worker-3] DEBUG Bundle               - FXGL.offline.timer.version.check=2019-01-24T23:07:38.424640400
16:35:49.366 [ForkJoinPool.commonPool-worker-3] DEBUG FXGL                 - Initializing state machine and application states
16:35:49.367 [ForkJoinPool.commonPool-worker-3] DEBUG AssetLoader          - Loading from disk: /assets/ui/cursors/fxgl_default.png
16:35:49.374 [ForkJoinPool.commonPool-worker-3] DEBUG AssetLoader          - Loading from disk: /assets/ui/cursors/fxgl_default.png
16:35:49.382 [ForkJoinPool.commonPool-worker-3] DEBUG AssetLoader          - Loading from cache: /assets/ui/fonts/VarelaRound-Regular.ttf
16:35:49.385 [ForkJoinPool.commonPool-worker-3] DEBUG AssetLoader          - Loading from disk: /assets/ui/cursors/fxgl_default.png
16:35:49.387 [ForkJoinPool.commonPool-worker-3] DEBUG GameScene            - Game scene initialized: 1050x700
16:35:49.404 [ForkJoinPool.commonPool-worker-3] DEBUG GameWorld            - Game world initialized
16:35:49.438 [ForkJoinPool.commonPool-worker-3] DEBUG PhysicsWorld         - Physics world initialized: appHeight=700, physics.ppm=50.0
16:35:49.449 [ForkJoinPool.commonPool-worker-3] DEBUG Input                - Registered new binding: Pause - Esc
16:35:49.476 [JavaFX Application Thread] DEBUG FXGL                 - Running preInit()
16:35:49.477 [JavaFX Application Thread] DEBUG Input                - Registered new binding: Screenshot - P
16:35:49.477 [JavaFX Application Thread] DEBUG Input                - Registered new binding: Dev Options - CTRL+0
16:35:49.477 [JavaFX Application Thread] DEBUG Input                - Registered new binding: System info dump - CTRL+9
16:35:49.477 [JavaFX Application Thread] DEBUG Input                - Registered new binding: Restart - CTRL+R
16:35:49.478 [JavaFX Application Thread] DEBUG Input                - Registered new binding: left - Left
16:35:49.478 [JavaFX Application Thread] DEBUG Input                - Registered new binding: right - Right
16:35:49.478 [JavaFX Application Thread] DEBUG Input                - Registered new binding: leftA - A
16:35:49.478 [JavaFX Application Thread] DEBUG Input                - Registered new binding: rightD - D
16:35:49.478 [JavaFX Application Thread] DEBUG Input                - Registered new binding: jump - Space
16:35:49.478 [JavaFX Application Thread] DEBUG Input                - Registered new binding: jumpW - W
16:35:49.478 [JavaFX Application Thread] DEBUG Input                - Registered new binding: jumpUp - Up
16:35:49.478 [JavaFX Application Thread] DEBUG Input                - Registered new binding: powerUp - O
16:35:49.479 [JavaFX Application Thread] INFO  FXGL                 - FXGL initialization took: 0.705 sec
16:35:49.479 [JavaFX Application Thread] DEBUG LoopRunner           - Starting loop
16:35:49.480 [JavaFX Application Thread] DEBUG StartupState         - STARTUP
16:35:49.480 [JavaFX Application Thread] DEBUG GameApplication      - Starting new game
16:35:49.480 [JavaFX Application Thread] DEBUG Input                - Clearing active input actions
16:35:49.481 [JavaFX Application Thread] DEBUG AssetLoader          - Loading from disk: /assets/ui/css/fxgl_dark.css
16:35:49.486 [JavaFX Application Thread] DEBUG AppStateMachine      - StartupState -> LoadingState
16:35:49.490 [FXGL Background Thread 1 ] DEBUG InitAppTask          - Clearing previous game
16:35:49.490 [FXGL Background Thread 1 ] DEBUG GameWorld            - Clearing game world
16:35:49.490 [FXGL Background Thread 1 ] DEBUG PhysicsWorld         - Clearing physics world
16:35:49.491 [FXGL Background Thread 1 ] DEBUG GameScene            - Clearing game scene
16:35:49.491 [FXGL Background Thread 1 ] DEBUG InitAppTask          - Initializing Game
16:35:49.509 [FXGL Background Thread 1 ] DEBUG AssetLoader          - Loading from disk: /assets/json/MarioLevel-1.json
16:35:49.685 [FXGL Background Thread 1 ] DEBUG GameWorld            - Clearing removable entities
16:35:49.685 [FXGL Background Thread 1 ] DEBUG GameWorld            - Setting level from map
16:35:49.699 [FXGL Background Thread 1 ] DEBUG AssetLoader          - Loading from disk: /assets/textures/tiles_spritesheet.png
16:35:49.717 [FXGL Background Thread 1 ] DEBUG AssetLoader          - Loading from cache: /assets/textures/tiles_spritesheet.png
16:35:49.717 [FXGL Background Thread 1 ] DEBUG AssetLoader          - Loading from cache: /assets/textures/tiles_spritesheet.png
16:35:49.717 [FXGL Background Thread 1 ] DEBUG AssetLoader          - Loading from cache: /assets/textures/tiles_spritesheet.png
16:35:49.718 [FXGL Background Thread 1 ] DEBUG AssetLoader          - Loading from cache: /assets/textures/tiles_spritesheet.png
16:35:49.718 [FXGL Background Thread 1 ] DEBUG AssetLoader          - Loading from cache: /assets/textures/tiles_spritesheet.png
16:35:49.718 [FXGL Background Thread 1 ] DEBUG AssetLoader          - Loading from cache: /assets/textures/tiles_spritesheet.png
16:35:49.718 [FXGL Background Thread 1 ] DEBUG AssetLoader          - Loading from cache: /assets/textures/tiles_spritesheet.png
16:35:49.718 [FXGL Background Thread 1 ] DEBUG AssetLoader          - Loading from cache: /assets/textures/tiles_spritesheet.png
16:35:49.718 [FXGL Background Thread 1 ] DEBUG AssetLoader          - Loading from cache: /assets/textures/tiles_spritesheet.png
16:35:49.718 [FXGL Background Thread 1 ] DEBUG AssetLoader          - Loading from cache: /assets/textures/tiles_spritesheet.png
16:35:49.718 [FXGL Background Thread 1 ] DEBUG AssetLoader          - Loading from cache: /assets/textures/tiles_spritesheet.png
16:35:49.718 [FXGL Background Thread 1 ] DEBUG AssetLoader          - Loading from cache: /assets/textures/tiles_spritesheet.png
16:35:49.718 [FXGL Background Thread 1 ] DEBUG AssetLoader          - Loading from cache: /assets/textures/tiles_spritesheet.png
16:35:49.719 [FXGL Background Thread 1 ] DEBUG AssetLoader          - Loading from cache: /assets/textures/tiles_spritesheet.png
16:35:49.719 [FXGL Background Thread 1 ] DEBUG AssetLoader          - Loading from cache: /assets/textures/tiles_spritesheet.png
16:35:49.719 [FXGL Background Thread 1 ] DEBUG AssetLoader          - Loading from cache: /assets/textures/tiles_spritesheet.png
16:35:49.719 [FXGL Background Thread 1 ] DEBUG AssetLoader          - Loading from cache: /assets/textures/tiles_spritesheet.png
16:35:49.719 [FXGL Background Thread 1 ] DEBUG AssetLoader          - Loading from cache: /assets/textures/tiles_spritesheet.png
16:35:49.719 [FXGL Background Thread 1 ] DEBUG AssetLoader          - Loading from cache: /assets/textures/tiles_spritesheet.png
16:35:49.719 [FXGL Background Thread 1 ] DEBUG AssetLoader          - Loading from cache: /assets/textures/tiles_spritesheet.png
16:35:49.719 [FXGL Background Thread 1 ] DEBUG AssetLoader          - Loading from cache: /assets/textures/tiles_spritesheet.png
16:35:49.721 [FXGL Background Thread 1 ] DEBUG GameScene            - Creating render group for layer: BACKGROUND(1000)
16:35:49.744 [FXGL Background Thread 1 ] DEBUG GameScene            - Creating render group for layer: DEFAULT(100000)
16:35:49.748 [FXGL Background Thread 1 ] DEBUG AssetLoader          - Loading from disk: /assets/textures/burger.png
16:35:49.750 [FXGL Background Thread 1 ] DEBUG AssetLoader          - Loading from cache: /assets/textures/burger.png
16:35:49.751 [FXGL Background Thread 1 ] DEBUG AssetLoader          - Loading from cache: /assets/textures/burger.png
16:35:49.751 [FXGL Background Thread 1 ] DEBUG AssetLoader          - Loading from cache: /assets/textures/burger.png
16:35:49.752 [FXGL Background Thread 1 ] DEBUG AssetLoader          - Loading from cache: /assets/textures/burger.png
16:35:49.754 [FXGL Background Thread 1 ] DEBUG AssetLoader          - Loading from disk: /assets/textures/trumpAfk.png
16:35:49.756 [FXGL Background Thread 1 ] DEBUG AssetLoader          - Loading from disk: /assets/textures/TrumpAfk.png
16:35:49.758 [FXGL Background Thread 1 ] DEBUG AssetLoader          - Loading from disk: /assets/textures/trumpWalk.png
16:35:49.760 [FXGL Background Thread 1 ] DEBUG AssetLoader          - Loading from disk: /assets/textures/Thwomp.png
16:35:49.761 [FXGL Background Thread 1 ] DEBUG AssetLoader          - Loading from cache: /assets/textures/Thwomp.png
16:35:49.761 [FXGL Background Thread 1 ] DEBUG AssetLoader          - Loading from cache: /assets/textures/Thwomp.png
16:35:49.817 [FXGL Background Thread 1 ] DEBUG AudioPlayer          - Playing music com.almasb.fxgl.audio.Music@6d0780bd
16:35:49.819 [FXGL Background Thread 1 ] DEBUG InitAppTask          - Initializing Physics
16:35:49.819 [FXGL Background Thread 1 ] DEBUG InitAppTask          - Initializing UI
16:35:49.820 [FXGL Background Thread 1 ] DEBUG AssetLoader          - Loading from disk: /assets/textures/BackgroundMario.png
16:35:49.833 [FXGL Background Thread 1 ] DEBUG InitAppTask          - Initialization Complete
16:35:49.833 [FXGL Background Thread 1 ] INFO  InitAppTask          - Game initialization took: 0.344 sec
16:35:49.835 [JavaFX Application Thread] DEBUG Input                - Clearing active input actions
16:35:49.835 [JavaFX Application Thread] DEBUG AssetLoader          - Loading from disk: /assets/ui/css/fxgl_dark.css
16:35:49.844 [JavaFX Application Thread] DEBUG AppStateMachine      - LoadingState -> PlayState
16:35:51.861 [JavaFX Application Thread] DEBUG FXGL                 - Exiting FXGL
16:35:51.861 [JavaFX Application Thread] DEBUG FXGL                 - Shutting down background threads
16:35:51.861 [JavaFX Application Thread] DEBUG FXGL                 - Saving FXGL system data
16:35:51.864 [JavaFX Application Thread] DEBUG DesktopFSService     - Writing to: system\fxgl.bundle
16:35:51.867 [JavaFX Application Thread] DEBUG FXGL                 - Closing logger and exiting JavaFX
