23:41:45.946 [JavaFX Application Thread] DEBUG GameApplication      - Logger initialized
23:41:45.949 [JavaFX Application Thread] DEBUG GameApplication      - Logging settings
Title: Burger Mario
Version: 0.5
Width: 1050
Height: 700
Fullscreen: false
Intro: false
Menus: false
Profiling: false
Single step:false
App Mode: DEVELOPER
Menu Key: ESCAPE
Stage Style: DECORATED
Scene Factory: class com.almasb.fxgl.scene.SceneFactory
Dialog Factory: class com.almasb.fxgl.ui.FXGLDialogFactory
UI Factory: class com.almasb.fxgl.ui.FXGLUIFactory
Notification Service: class com.almasb.fxgl.gameplay.notification.XboxNotificationView
Exception Handler: class com.almasb.fxgl.app.FXGLExceptionHandler
23:41:45.949 [JavaFX Application Thread] DEBUG GameApplication      - Starting FXGL
23:41:45.964 [JavaFX Application Thread] INFO  FXGL                 - FXGL-0.5.4 on DESKTOP
23:41:45.964 [JavaFX Application Thread] INFO  FXGL                 - Source code and latest versions at: https://github.com/AlmasB/FXGL
23:41:45.964 [JavaFX Application Thread] INFO  FXGL                 -              Join the FXGL chat at: https://gitter.im/AlmasB/FXGL
23:41:45.966 [JavaFX Application Thread] DEBUG FXGL                 - FXGL started
23:41:45.966 [JavaFX Application Thread] DEBUG FXGL                 - Initializing FXGL
23:41:46.008 [JavaFX Application Thread] DEBUG AssetLoader          - Loading from disk: /assets/ui/cursors/fxgl_default.png
23:41:46.120 [JavaFX Application Thread] DEBUG AssetLoader          - Loading from disk: /assets/ui/fonts/VarelaRound-Regular.ttf
23:41:46.230 [JavaFX Application Thread] DEBUG MainWindow           - Creating a JavaFX scene
23:41:46.274 [JavaFX Application Thread] DEBUG MainWindow           - Target settings size: 1050.0 x 700.0
23:41:46.274 [JavaFX Application Thread] DEBUG MainWindow           - Scaled scene size:    1050.0 x 700.0
23:41:46.274 [JavaFX Application Thread] DEBUG MainWindow           - Scaled ratio: (1.0, 1.0)
23:41:46.279 [JavaFX Application Thread] DEBUG AssetLoader          - Loading from disk: /assets/ui/css/fxgl_dark.css
23:41:46.282 [JavaFX Application Thread] DEBUG AssetLoader          - Loading from disk: /assets/textures/fxgl_icon.png
23:41:46.295 [JavaFX Application Thread] DEBUG MainWindow           - Opening main window
23:41:46.475 [JavaFX Application Thread] DEBUG MainWindow           - Window border size: (6.0, 25.0)
23:41:46.476 [JavaFX Application Thread] DEBUG MainWindow           - Scaled size: 1050.0 x 700.0
23:41:46.476 [JavaFX Application Thread] DEBUG MainWindow           - Scaled ratio: (1.0, 1.0)
23:41:46.476 [JavaFX Application Thread] DEBUG MainWindow           - Scene size: 1050.0 x 700.0
23:41:46.476 [JavaFX Application Thread] DEBUG MainWindow           - Stage size: 1056.0 x 725.0
23:41:46.499 [ForkJoinPool.commonPool-worker-3] DEBUG FS                   - Loaded DesktopFSService
23:41:46.499 [ForkJoinPool.commonPool-worker-3] DEBUG FXGL                 - Loading FXGL system data
23:41:46.504 [ForkJoinPool.commonPool-worker-3] DEBUG DesktopFSService     - Reading from: system\fxgl.bundle
23:41:46.511 [ForkJoinPool.commonPool-worker-3] DEBUG Bundle               - Logging bundle: FXGL
23:41:46.512 [ForkJoinPool.commonPool-worker-3] DEBUG Bundle               - FXGL.offline.timer.version.check=2019-01-24T23:07:38.424640400
23:41:46.512 [ForkJoinPool.commonPool-worker-3] DEBUG FXGL                 - Initializing state machine and application states
23:41:46.513 [ForkJoinPool.commonPool-worker-3] DEBUG AssetLoader          - Loading from disk: /assets/ui/cursors/fxgl_default.png
23:41:46.518 [ForkJoinPool.commonPool-worker-3] DEBUG AssetLoader          - Loading from disk: /assets/ui/cursors/fxgl_default.png
23:41:46.524 [ForkJoinPool.commonPool-worker-3] DEBUG AssetLoader          - Loading from cache: /assets/ui/fonts/VarelaRound-Regular.ttf
23:41:46.526 [ForkJoinPool.commonPool-worker-3] DEBUG AssetLoader          - Loading from disk: /assets/ui/cursors/fxgl_default.png
23:41:46.528 [ForkJoinPool.commonPool-worker-3] DEBUG GameScene            - Game scene initialized: 1050x700
23:41:46.533 [ForkJoinPool.commonPool-worker-3] DEBUG GameWorld            - Game world initialized
23:41:46.568 [ForkJoinPool.commonPool-worker-3] DEBUG PhysicsWorld         - Physics world initialized: appHeight=700, physics.ppm=50.0
23:41:46.580 [ForkJoinPool.commonPool-worker-3] DEBUG Input                - Registered new binding: Pause - Esc
23:41:46.618 [JavaFX Application Thread] DEBUG FXGL                 - Running preInit()
23:41:46.619 [JavaFX Application Thread] DEBUG Input                - Registered new binding: Screenshot - P
23:41:46.619 [JavaFX Application Thread] DEBUG Input                - Registered new binding: Dev Options - CTRL+0
23:41:46.620 [JavaFX Application Thread] DEBUG Input                - Registered new binding: System info dump - CTRL+9
23:41:46.620 [JavaFX Application Thread] DEBUG Input                - Registered new binding: Restart - CTRL+R
23:41:46.620 [JavaFX Application Thread] DEBUG Input                - Registered new binding: left - Left
23:41:46.620 [JavaFX Application Thread] DEBUG Input                - Registered new binding: right - Right
23:41:46.620 [JavaFX Application Thread] DEBUG Input                - Registered new binding: leftA - A
23:41:46.621 [JavaFX Application Thread] DEBUG Input                - Registered new binding: rightD - D
23:41:46.621 [JavaFX Application Thread] DEBUG Input                - Registered new binding: jump - Space
23:41:46.621 [JavaFX Application Thread] DEBUG Input                - Registered new binding: jumpW - W
23:41:46.621 [JavaFX Application Thread] DEBUG Input                - Registered new binding: jumpUp - Up
23:41:46.621 [JavaFX Application Thread] DEBUG Input                - Registered new binding: powerUp - O
23:41:46.621 [JavaFX Application Thread] INFO  FXGL                 - FXGL initialization took: 0.655 sec
23:41:46.622 [JavaFX Application Thread] DEBUG LoopRunner           - Starting loop
23:41:46.623 [JavaFX Application Thread] DEBUG StartupState         - STARTUP
23:41:46.623 [JavaFX Application Thread] DEBUG GameApplication      - Starting new game
23:41:46.623 [JavaFX Application Thread] DEBUG Input                - Clearing active input actions
23:41:46.624 [JavaFX Application Thread] DEBUG AssetLoader          - Loading from disk: /assets/ui/css/fxgl_dark.css
23:41:46.630 [JavaFX Application Thread] DEBUG AppStateMachine      - StartupState -> LoadingState
23:41:46.634 [FXGL Background Thread 1 ] DEBUG InitAppTask          - Clearing previous game
23:41:46.634 [FXGL Background Thread 1 ] DEBUG GameWorld            - Clearing game world
23:41:46.634 [FXGL Background Thread 1 ] DEBUG PhysicsWorld         - Clearing physics world
23:41:46.634 [FXGL Background Thread 1 ] DEBUG GameScene            - Clearing game scene
23:41:46.635 [FXGL Background Thread 1 ] DEBUG InitAppTask          - Initializing Game
23:41:46.655 [FXGL Background Thread 1 ] DEBUG AssetLoader          - Loading from disk: /assets/json/MarioLevel-1.json
23:41:46.882 [FXGL Background Thread 1 ] DEBUG GameWorld            - Clearing removable entities
23:41:46.882 [FXGL Background Thread 1 ] DEBUG GameWorld            - Setting level from map
23:41:46.895 [FXGL Background Thread 1 ] DEBUG AssetLoader          - Loading from disk: /assets/textures/tiles_spritesheet.png
23:41:46.913 [FXGL Background Thread 1 ] DEBUG AssetLoader          - Loading from cache: /assets/textures/tiles_spritesheet.png
23:41:46.913 [FXGL Background Thread 1 ] DEBUG AssetLoader          - Loading from cache: /assets/textures/tiles_spritesheet.png
23:41:46.913 [FXGL Background Thread 1 ] DEBUG AssetLoader          - Loading from cache: /assets/textures/tiles_spritesheet.png
23:41:46.913 [FXGL Background Thread 1 ] DEBUG AssetLoader          - Loading from cache: /assets/textures/tiles_spritesheet.png
23:41:46.913 [FXGL Background Thread 1 ] DEBUG AssetLoader          - Loading from cache: /assets/textures/tiles_spritesheet.png
23:41:46.913 [FXGL Background Thread 1 ] DEBUG AssetLoader          - Loading from cache: /assets/textures/tiles_spritesheet.png
23:41:46.913 [FXGL Background Thread 1 ] DEBUG AssetLoader          - Loading from cache: /assets/textures/tiles_spritesheet.png
23:41:46.914 [FXGL Background Thread 1 ] DEBUG AssetLoader          - Loading from cache: /assets/textures/tiles_spritesheet.png
23:41:46.914 [FXGL Background Thread 1 ] DEBUG AssetLoader          - Loading from cache: /assets/textures/tiles_spritesheet.png
23:41:46.914 [FXGL Background Thread 1 ] DEBUG AssetLoader          - Loading from cache: /assets/textures/tiles_spritesheet.png
23:41:46.914 [FXGL Background Thread 1 ] DEBUG AssetLoader          - Loading from cache: /assets/textures/tiles_spritesheet.png
23:41:46.914 [FXGL Background Thread 1 ] DEBUG AssetLoader          - Loading from cache: /assets/textures/tiles_spritesheet.png
23:41:46.914 [FXGL Background Thread 1 ] DEBUG AssetLoader          - Loading from cache: /assets/textures/tiles_spritesheet.png
23:41:46.914 [FXGL Background Thread 1 ] DEBUG AssetLoader          - Loading from cache: /assets/textures/tiles_spritesheet.png
23:41:46.914 [FXGL Background Thread 1 ] DEBUG AssetLoader          - Loading from cache: /assets/textures/tiles_spritesheet.png
23:41:46.914 [FXGL Background Thread 1 ] DEBUG AssetLoader          - Loading from cache: /assets/textures/tiles_spritesheet.png
23:41:46.914 [FXGL Background Thread 1 ] DEBUG AssetLoader          - Loading from cache: /assets/textures/tiles_spritesheet.png
23:41:46.915 [FXGL Background Thread 1 ] DEBUG AssetLoader          - Loading from cache: /assets/textures/tiles_spritesheet.png
23:41:46.915 [FXGL Background Thread 1 ] DEBUG AssetLoader          - Loading from cache: /assets/textures/tiles_spritesheet.png
23:41:46.915 [FXGL Background Thread 1 ] DEBUG AssetLoader          - Loading from cache: /assets/textures/tiles_spritesheet.png
23:41:46.915 [FXGL Background Thread 1 ] DEBUG AssetLoader          - Loading from cache: /assets/textures/tiles_spritesheet.png
23:41:46.916 [FXGL Background Thread 1 ] DEBUG GameScene            - Creating render group for layer: BACKGROUND(1000)
23:41:46.939 [FXGL Background Thread 1 ] DEBUG GameScene            - Creating render group for layer: DEFAULT(100000)
23:41:46.942 [FXGL Background Thread 1 ] DEBUG AssetLoader          - Loading from disk: /assets/textures/burger.png
23:41:46.944 [FXGL Background Thread 1 ] DEBUG AssetLoader          - Loading from cache: /assets/textures/burger.png
23:41:46.945 [FXGL Background Thread 1 ] DEBUG AssetLoader          - Loading from cache: /assets/textures/burger.png
23:41:46.945 [FXGL Background Thread 1 ] DEBUG AssetLoader          - Loading from cache: /assets/textures/burger.png
23:41:46.946 [FXGL Background Thread 1 ] DEBUG AssetLoader          - Loading from cache: /assets/textures/burger.png
23:41:46.948 [FXGL Background Thread 1 ] DEBUG AssetLoader          - Loading from disk: /assets/textures/newdude.png
23:41:46.950 [FXGL Background Thread 1 ] DEBUG AssetLoader          - Loading from disk: /assets/textures/trumpAfk.png
23:41:46.952 [FXGL Background Thread 1 ] DEBUG AssetLoader          - Loading from disk: /assets/textures/trumpWalk.png
23:41:46.954 [FXGL Background Thread 1 ] DEBUG AssetLoader          - Loading from disk: /assets/textures/Thwomp.png
23:41:46.955 [FXGL Background Thread 1 ] DEBUG AssetLoader          - Loading from cache: /assets/textures/Thwomp.png
23:41:46.955 [FXGL Background Thread 1 ] DEBUG AssetLoader          - Loading from cache: /assets/textures/Thwomp.png
23:41:47.008 [FXGL Background Thread 1 ] DEBUG AudioPlayer          - Playing music com.almasb.fxgl.audio.Music@4244b1ae
23:41:47.010 [FXGL Background Thread 1 ] DEBUG InitAppTask          - Initializing Physics
23:41:47.010 [FXGL Background Thread 1 ] DEBUG InitAppTask          - Initializing UI
23:41:47.010 [FXGL Background Thread 1 ] DEBUG AssetLoader          - Loading from disk: /assets/textures/BackgroundMario.png
23:41:47.024 [FXGL Background Thread 1 ] DEBUG InitAppTask          - Initialization Complete
23:41:47.025 [FXGL Background Thread 1 ] INFO  InitAppTask          - Game initialization took: 0.391 sec
23:41:47.032 [JavaFX Application Thread] DEBUG Input                - Clearing active input actions
23:41:47.032 [JavaFX Application Thread] DEBUG AssetLoader          - Loading from disk: /assets/ui/css/fxgl_dark.css
23:41:47.041 [JavaFX Application Thread] DEBUG AppStateMachine      - LoadingState -> PlayState
23:42:00.473 [JavaFX Application Thread] DEBUG FXGL                 - Exiting FXGL
23:42:00.473 [JavaFX Application Thread] DEBUG FXGL                 - Shutting down background threads
23:42:00.474 [JavaFX Application Thread] DEBUG FXGL                 - Saving FXGL system data
23:42:00.476 [JavaFX Application Thread] DEBUG DesktopFSService     - Writing to: system\fxgl.bundle
23:42:00.479 [JavaFX Application Thread] DEBUG FXGL                 - Closing logger and exiting JavaFX
