23:41:27.329 [JavaFX Application Thread] DEBUG GameApplication      - Logger initialized
23:41:27.332 [JavaFX Application Thread] DEBUG GameApplication      - Logging settings
Title: Burger Mario
Version: 1.0
Width: 1050
Height: 700
Fullscreen: false
Intro: false
Menus: false
Profiling: false
Single step:false
App Mode: DEVELOPER
Menu Key: ESCAPE
Stage Style: DECORATED
Scene Factory: class com.almasb.fxgl.scene.SceneFactory
Dialog Factory: class com.almasb.fxgl.ui.FXGLDialogFactory
UI Factory: class com.almasb.fxgl.ui.FXGLUIFactory
Notification Service: class com.almasb.fxgl.gameplay.notification.XboxNotificationView
Exception Handler: class com.almasb.fxgl.app.FXGLExceptionHandler
23:41:27.332 [JavaFX Application Thread] DEBUG GameApplication      - Starting FXGL
23:41:27.340 [JavaFX Application Thread] INFO  FXGL                 - FXGL-0.5.4 on DESKTOP
23:41:27.340 [JavaFX Application Thread] INFO  FXGL                 - Source code and latest versions at: https://github.com/AlmasB/FXGL
23:41:27.341 [JavaFX Application Thread] INFO  FXGL                 -              Join the FXGL chat at: https://gitter.im/AlmasB/FXGL
23:41:27.341 [JavaFX Application Thread] DEBUG FXGL                 - FXGL started
23:41:27.341 [JavaFX Application Thread] DEBUG FXGL                 - Initializing FXGL
23:41:27.374 [JavaFX Application Thread] DEBUG AssetLoader          - Loading from disk: /assets/ui/cursors/fxgl_default.png
23:41:27.420 [JavaFX Application Thread] DEBUG AssetLoader          - Loading from disk: /assets/ui/fonts/VarelaRound-Regular.ttf
23:41:27.497 [JavaFX Application Thread] DEBUG MainWindow           - Creating a JavaFX scene
23:41:27.530 [JavaFX Application Thread] DEBUG MainWindow           - Target settings size: 1050.0 x 700.0
23:41:27.530 [JavaFX Application Thread] DEBUG MainWindow           - Scaled scene size:    1050.0 x 700.0
23:41:27.530 [JavaFX Application Thread] DEBUG MainWindow           - Scaled ratio: (1.0, 1.0)
23:41:27.532 [JavaFX Application Thread] DEBUG AssetLoader          - Loading from disk: /assets/ui/css/fxgl_dark.css
23:41:27.534 [JavaFX Application Thread] DEBUG AssetLoader          - Loading from disk: /assets/textures/burger.png
23:41:27.536 [JavaFX Application Thread] DEBUG MainWindow           - Opening main window
23:41:27.746 [JavaFX Application Thread] DEBUG MainWindow           - Window border size: (6.0, 25.0)
23:41:27.746 [JavaFX Application Thread] DEBUG MainWindow           - Scaled size: 1050.0 x 700.0
23:41:27.746 [JavaFX Application Thread] DEBUG MainWindow           - Scaled ratio: (1.0, 1.0)
23:41:27.746 [JavaFX Application Thread] DEBUG MainWindow           - Scene size: 1050.0 x 700.0
23:41:27.746 [JavaFX Application Thread] DEBUG MainWindow           - Stage size: 1056.0 x 725.0
23:41:27.773 [ForkJoinPool.commonPool-worker-3] DEBUG FS                   - Loaded DesktopFSService
23:41:27.774 [ForkJoinPool.commonPool-worker-3] DEBUG FXGL                 - Loading FXGL system data
23:41:27.777 [ForkJoinPool.commonPool-worker-3] DEBUG DesktopFSService     - Reading from: system\fxgl.bundle
23:41:27.784 [ForkJoinPool.commonPool-worker-3] DEBUG Bundle               - Logging bundle: FXGL
23:41:27.784 [ForkJoinPool.commonPool-worker-3] DEBUG Bundle               - FXGL.offline.timer.version.check=2019-01-24T23:07:38.424640400
23:41:27.785 [ForkJoinPool.commonPool-worker-3] DEBUG FXGL                 - Initializing state machine and application states
23:41:27.786 [ForkJoinPool.commonPool-worker-3] DEBUG AssetLoader          - Loading from disk: /assets/ui/cursors/fxgl_default.png
23:41:27.790 [ForkJoinPool.commonPool-worker-3] DEBUG AssetLoader          - Loading from disk: /assets/ui/cursors/fxgl_default.png
23:41:27.795 [ForkJoinPool.commonPool-worker-3] DEBUG AssetLoader          - Loading from cache: /assets/ui/fonts/VarelaRound-Regular.ttf
23:41:27.797 [ForkJoinPool.commonPool-worker-3] DEBUG AssetLoader          - Loading from disk: /assets/ui/cursors/fxgl_default.png
23:41:27.800 [ForkJoinPool.commonPool-worker-3] DEBUG GameScene            - Game scene initialized: 1050x700
23:41:27.803 [ForkJoinPool.commonPool-worker-3] DEBUG GameWorld            - Game world initialized
23:41:27.839 [ForkJoinPool.commonPool-worker-3] DEBUG PhysicsWorld         - Physics world initialized: appHeight=700, physics.ppm=50.0
23:41:27.850 [ForkJoinPool.commonPool-worker-3] DEBUG Input                - Registered new binding: Pause - Esc
23:41:27.877 [JavaFX Application Thread] DEBUG FXGL                 - Running preInit()
23:41:27.878 [JavaFX Application Thread] DEBUG Input                - Registered new binding: Screenshot - P
23:41:27.878 [JavaFX Application Thread] DEBUG Input                - Registered new binding: Dev Options - CTRL+0
23:41:27.878 [JavaFX Application Thread] DEBUG Input                - Registered new binding: System info dump - CTRL+9
23:41:27.879 [JavaFX Application Thread] DEBUG Input                - Registered new binding: Restart - CTRL+R
23:41:27.879 [JavaFX Application Thread] DEBUG Input                - Registered new binding: left - Left
23:41:27.879 [JavaFX Application Thread] DEBUG Input                - Registered new binding: right - Right
23:41:27.879 [JavaFX Application Thread] DEBUG Input                - Registered new binding: leftA - A
23:41:27.879 [JavaFX Application Thread] DEBUG Input                - Registered new binding: rightD - D
23:41:27.879 [JavaFX Application Thread] DEBUG Input                - Registered new binding: jump - Space
23:41:27.879 [JavaFX Application Thread] DEBUG Input                - Registered new binding: jumpW - W
23:41:27.879 [JavaFX Application Thread] DEBUG Input                - Registered new binding: jumpUp - Up
23:41:27.879 [JavaFX Application Thread] DEBUG Input                - Registered new binding: powerUp - O
23:41:27.880 [JavaFX Application Thread] INFO  FXGL                 - FXGL initialization took: 0.539 sec
23:41:27.880 [JavaFX Application Thread] DEBUG LoopRunner           - Starting loop
23:41:27.882 [JavaFX Application Thread] DEBUG StartupState         - STARTUP
23:41:27.882 [JavaFX Application Thread] DEBUG GameApplication      - Starting new game
23:41:27.882 [JavaFX Application Thread] DEBUG Input                - Clearing active input actions
23:41:27.883 [JavaFX Application Thread] DEBUG AssetLoader          - Loading from disk: /assets/ui/css/fxgl_dark.css
23:41:27.888 [JavaFX Application Thread] DEBUG AppStateMachine      - StartupState -> LoadingState
23:41:27.892 [FXGL Background Thread 1 ] DEBUG InitAppTask          - Clearing previous game
23:41:27.892 [FXGL Background Thread 1 ] DEBUG GameWorld            - Clearing game world
23:41:27.892 [FXGL Background Thread 1 ] DEBUG PhysicsWorld         - Clearing physics world
23:41:27.892 [FXGL Background Thread 1 ] DEBUG GameScene            - Clearing game scene
23:41:27.893 [FXGL Background Thread 1 ] DEBUG InitAppTask          - Initializing Game
23:41:27.907 [FXGL Background Thread 1 ] DEBUG AssetLoader          - Loading from disk: /assets/json/MarioLevel-1.json
23:41:28.088 [FXGL Background Thread 1 ] DEBUG GameWorld            - Clearing removable entities
23:41:28.088 [FXGL Background Thread 1 ] DEBUG GameWorld            - Setting level from map
23:41:28.100 [FXGL Background Thread 1 ] DEBUG AssetLoader          - Loading from disk: /assets/textures/tiles_spritesheet.png
23:41:28.127 [FXGL Background Thread 1 ] DEBUG AssetLoader          - Loading from cache: /assets/textures/tiles_spritesheet.png
23:41:28.127 [FXGL Background Thread 1 ] DEBUG AssetLoader          - Loading from cache: /assets/textures/tiles_spritesheet.png
23:41:28.127 [FXGL Background Thread 1 ] DEBUG AssetLoader          - Loading from cache: /assets/textures/tiles_spritesheet.png
23:41:28.127 [FXGL Background Thread 1 ] DEBUG AssetLoader          - Loading from cache: /assets/textures/tiles_spritesheet.png
23:41:28.127 [FXGL Background Thread 1 ] DEBUG AssetLoader          - Loading from cache: /assets/textures/tiles_spritesheet.png
23:41:28.127 [FXGL Background Thread 1 ] DEBUG AssetLoader          - Loading from cache: /assets/textures/tiles_spritesheet.png
23:41:28.127 [FXGL Background Thread 1 ] DEBUG AssetLoader          - Loading from cache: /assets/textures/tiles_spritesheet.png
23:41:28.127 [FXGL Background Thread 1 ] DEBUG AssetLoader          - Loading from cache: /assets/textures/tiles_spritesheet.png
23:41:28.127 [FXGL Background Thread 1 ] DEBUG AssetLoader          - Loading from cache: /assets/textures/tiles_spritesheet.png
23:41:28.128 [FXGL Background Thread 1 ] DEBUG AssetLoader          - Loading from cache: /assets/textures/tiles_spritesheet.png
23:41:28.128 [FXGL Background Thread 1 ] DEBUG AssetLoader          - Loading from cache: /assets/textures/tiles_spritesheet.png
23:41:28.128 [FXGL Background Thread 1 ] DEBUG AssetLoader          - Loading from cache: /assets/textures/tiles_spritesheet.png
23:41:28.128 [FXGL Background Thread 1 ] DEBUG AssetLoader          - Loading from cache: /assets/textures/tiles_spritesheet.png
23:41:28.128 [FXGL Background Thread 1 ] DEBUG AssetLoader          - Loading from cache: /assets/textures/tiles_spritesheet.png
23:41:28.128 [FXGL Background Thread 1 ] DEBUG AssetLoader          - Loading from cache: /assets/textures/tiles_spritesheet.png
23:41:28.128 [FXGL Background Thread 1 ] DEBUG AssetLoader          - Loading from cache: /assets/textures/tiles_spritesheet.png
23:41:28.128 [FXGL Background Thread 1 ] DEBUG AssetLoader          - Loading from cache: /assets/textures/tiles_spritesheet.png
23:41:28.129 [FXGL Background Thread 1 ] DEBUG AssetLoader          - Loading from cache: /assets/textures/tiles_spritesheet.png
23:41:28.129 [FXGL Background Thread 1 ] DEBUG AssetLoader          - Loading from cache: /assets/textures/tiles_spritesheet.png
23:41:28.129 [FXGL Background Thread 1 ] DEBUG AssetLoader          - Loading from cache: /assets/textures/tiles_spritesheet.png
23:41:28.129 [FXGL Background Thread 1 ] DEBUG AssetLoader          - Loading from cache: /assets/textures/tiles_spritesheet.png
23:41:28.130 [FXGL Background Thread 1 ] DEBUG GameScene            - Creating render group for layer: BACKGROUND(1000)
23:41:28.149 [FXGL Background Thread 1 ] DEBUG GameScene            - Creating render group for layer: DEFAULT(100000)
23:41:28.152 [FXGL Background Thread 1 ] DEBUG AssetLoader          - Loading from cache: /assets/textures/burger.png
23:41:28.154 [FXGL Background Thread 1 ] DEBUG AssetLoader          - Loading from cache: /assets/textures/burger.png
23:41:28.154 [FXGL Background Thread 1 ] DEBUG AssetLoader          - Loading from cache: /assets/textures/burger.png
23:41:28.154 [FXGL Background Thread 1 ] DEBUG AssetLoader          - Loading from cache: /assets/textures/burger.png
23:41:28.155 [FXGL Background Thread 1 ] DEBUG AssetLoader          - Loading from cache: /assets/textures/burger.png
23:41:28.157 [FXGL Background Thread 1 ] DEBUG AssetLoader          - Loading from disk: /assets/textures/trumpAfk.png
23:41:28.157 [FXGL Background Thread 1 ] FATAL AssetLoader          - Loading failed for asset: trumpAfk.png. Cause: Asset "/assets/textures/trumpAfk.png" was not found!
23:41:28.158 [JavaFX Application Thread] FATAL FXGL                 - Uncaught Exception:

Fatal exception occurred: java.lang.IllegalArgumentException : Failed to load asset: trumpAfk.png. Cause: Asset "/assets/textures/trumpAfk.png" was not found!
E: com.almasb.fxgl.asset.AssetLoader.loadFailed(AssetLoader.kt:737)
E: com.almasb.fxgl.asset.AssetLoader.loadTexture(AssetLoader.kt:200)
E: com.almasb.fxgl.entity.components.ViewComponent.setTexture(ViewComponent.java:169)
E: com.almasb.fxgl.entity.components.ViewComponent.setTexture(ViewComponent.java:159)
E: com.almasb.fxgl.entity.Entities$EntityBuilder.viewFromTexture(Entities.java:220)
E: com.dan.PlatformGame.marioFactory.newPlayer(marioFactory.java:68)
E: java.base/jdk.internal.reflect.NativeMethodAccessorImpl.invoke0(Native Method)
E: java.base/jdk.internal.reflect.NativeMethodAccessorImpl.invoke(NativeMethodAccessorImpl.java:62)
E: java.base/jdk.internal.reflect.DelegatingMethodAccessorImpl.invoke(DelegatingMethodAccessorImpl.java:43)
E: java.base/java.lang.reflect.Method.invoke(Method.java:566)
E: com.almasb.fxgl.core.reflect.ReflectionUtils.lambda$null$1(ReflectionUtils.java:79)
E: com.sun.proxy.$Proxy3.apply(Unknown Source)
E: com.almasb.fxgl.entity.GameWorld$create$2.invoke(GameWorld.kt:436)
E: com.almasb.fxgl.entity.GameWorld$create$2.invoke(GameWorld.kt:35)
E: com.almasb.fxgl.app.DSLKt.tryCatchRoot(DSL.kt:476)
E: com.almasb.fxgl.entity.GameWorld.create(GameWorld.kt:436)
E: com.almasb.fxgl.entity.GameWorld.spawn(GameWorld.kt:413)
E: com.almasb.fxgl.entity.GameWorld.spawn(GameWorld.kt:401)
E: com.dan.PlatformGame.PlatformApp.initGame(PlatformApp.java:129)
E: com.almasb.fxgl.app.GameApplication.internalInitGame(GameApplication.java:238)
E: com.almasb.fxgl.app.LoadingState$InitAppTask.initGame(AppStates.kt:168)
E: com.almasb.fxgl.app.LoadingState$InitAppTask.call(AppStates.kt:138)
E: com.almasb.fxgl.app.LoadingState$InitAppTask.call(AppStates.kt:127)
E: javafx.graphics/javafx.concurrent.Task$TaskCallable.call(Task.java:1425)
E: java.base/java.util.concurrent.FutureTask.run(FutureTask.java:264)
E: java.base/java.util.concurrent.Executors$RunnableAdapter.call(Executors.java:515)
E: java.base/java.util.concurrent.FutureTask.run(FutureTask.java:264)
E: java.base/java.util.concurrent.ThreadPoolExecutor.runWorker(ThreadPoolExecutor.java:1128)
E: java.base/java.util.concurrent.ThreadPoolExecutor$Worker.run(ThreadPoolExecutor.java:628)
E: java.base/java.lang.Thread.run(Thread.java:834)

23:41:28.158 [JavaFX Application Thread] FATAL FXGL                 - Application will now exit
23:41:28.158 [JavaFX Application Thread] DEBUG LoopRunner           - Stopping loop
23:41:29.957 [JavaFX Application Thread] DEBUG FXGL                 - Exiting FXGL
23:41:29.957 [JavaFX Application Thread] DEBUG FXGL                 - Shutting down background threads
23:41:29.957 [JavaFX Application Thread] DEBUG FXGL                 - Saving FXGL system data
23:41:29.959 [JavaFX Application Thread] DEBUG DesktopFSService     - Writing to: system\fxgl.bundle
23:41:29.961 [JavaFX Application Thread] DEBUG FXGL                 - Closing logger and exiting JavaFX
