13:10:06.306 [JavaFX Application Thread] DEBUG GameApplication      - Logger initialized
13:10:06.309 [JavaFX Application Thread] DEBUG GameApplication      - Logging settings
Title: Burger Mario
Version: 1.0
Width: 1050
Height: 700
Fullscreen: false
Intro: false
Menus: false
Profiling: false
Single step:false
App Mode: DEVELOPER
Menu Key: ESCAPE
Stage Style: DECORATED
Scene Factory: class com.almasb.fxgl.scene.SceneFactory
Dialog Factory: class com.almasb.fxgl.ui.FXGLDialogFactory
UI Factory: class com.almasb.fxgl.ui.FXGLUIFactory
Notification Service: class com.almasb.fxgl.gameplay.notification.XboxNotificationView
Exception Handler: class com.almasb.fxgl.app.FXGLExceptionHandler
13:10:06.310 [JavaFX Application Thread] DEBUG GameApplication      - Starting FXGL
13:10:06.319 [JavaFX Application Thread] INFO  FXGL                 - FXGL-0.5.4 on DESKTOP
13:10:06.319 [JavaFX Application Thread] INFO  FXGL                 - Source code and latest versions at: https://github.com/AlmasB/FXGL
13:10:06.320 [JavaFX Application Thread] INFO  FXGL                 -              Join the FXGL chat at: https://gitter.im/AlmasB/FXGL
13:10:06.320 [JavaFX Application Thread] DEBUG FXGL                 - FXGL started
13:10:06.320 [JavaFX Application Thread] DEBUG FXGL                 - Initializing FXGL
13:10:06.358 [JavaFX Application Thread] DEBUG AssetLoader          - Loading from disk: /assets/ui/cursors/fxgl_default.png
13:10:06.409 [JavaFX Application Thread] DEBUG AssetLoader          - Loading from disk: /assets/ui/fonts/VarelaRound-Regular.ttf
13:10:06.490 [JavaFX Application Thread] DEBUG MainWindow           - Creating a JavaFX scene
13:10:06.527 [JavaFX Application Thread] DEBUG MainWindow           - Target settings size: 1050.0 x 700.0
13:10:06.527 [JavaFX Application Thread] DEBUG MainWindow           - Scaled scene size:    1050.0 x 700.0
13:10:06.527 [JavaFX Application Thread] DEBUG MainWindow           - Scaled ratio: (1.0, 1.0)
13:10:06.529 [JavaFX Application Thread] DEBUG AssetLoader          - Loading from disk: /assets/ui/css/fxgl_dark.css
13:10:06.531 [JavaFX Application Thread] DEBUG AssetLoader          - Loading from disk: /assets/textures/burger.png
13:10:06.535 [JavaFX Application Thread] DEBUG MainWindow           - Opening main window
13:10:06.872 [JavaFX Application Thread] DEBUG MainWindow           - Window border size: (6.0, 25.0)
13:10:06.872 [JavaFX Application Thread] DEBUG MainWindow           - Scaled size: 1050.0 x 700.0
13:10:06.872 [JavaFX Application Thread] DEBUG MainWindow           - Scaled ratio: (1.0, 1.0)
13:10:06.872 [JavaFX Application Thread] DEBUG MainWindow           - Scene size: 1050.0 x 700.0
13:10:06.872 [JavaFX Application Thread] DEBUG MainWindow           - Stage size: 1056.0 x 725.0
13:10:06.915 [ForkJoinPool.commonPool-worker-3] DEBUG FS                   - Loaded DesktopFSService
13:10:06.916 [ForkJoinPool.commonPool-worker-3] DEBUG FXGL                 - Loading FXGL system data
13:10:06.920 [ForkJoinPool.commonPool-worker-3] DEBUG DesktopFSService     - Reading from: system\fxgl.bundle
13:10:06.926 [ForkJoinPool.commonPool-worker-3] DEBUG Bundle               - Logging bundle: FXGL
13:10:06.927 [ForkJoinPool.commonPool-worker-3] DEBUG Bundle               - FXGL.offline.timer.version.check=2019-01-24T23:07:38.424640400
13:10:06.928 [ForkJoinPool.commonPool-worker-3] DEBUG FXGL                 - Initializing state machine and application states
13:10:06.929 [ForkJoinPool.commonPool-worker-3] DEBUG AssetLoader          - Loading from disk: /assets/ui/cursors/fxgl_default.png
13:10:06.938 [ForkJoinPool.commonPool-worker-3] DEBUG AssetLoader          - Loading from disk: /assets/ui/cursors/fxgl_default.png
13:10:06.945 [ForkJoinPool.commonPool-worker-3] DEBUG AssetLoader          - Loading from cache: /assets/ui/fonts/VarelaRound-Regular.ttf
13:10:06.947 [ForkJoinPool.commonPool-worker-3] DEBUG AssetLoader          - Loading from disk: /assets/ui/cursors/fxgl_default.png
13:10:06.949 [ForkJoinPool.commonPool-worker-3] DEBUG GameScene            - Game scene initialized: 1050x700
13:10:06.952 [ForkJoinPool.commonPool-worker-3] DEBUG GameWorld            - Game world initialized
13:10:06.983 [ForkJoinPool.commonPool-worker-3] DEBUG PhysicsWorld         - Physics world initialized: appHeight=700, physics.ppm=50.0
13:10:06.994 [ForkJoinPool.commonPool-worker-3] DEBUG Input                - Registered new binding: Pause - Esc
13:10:07.090 [JavaFX Application Thread] DEBUG FXGL                 - Running preInit()
13:10:07.092 [JavaFX Application Thread] DEBUG Input                - Registered new binding: Screenshot - P
13:10:07.093 [JavaFX Application Thread] DEBUG Input                - Registered new binding: Dev Options - CTRL+0
13:10:07.093 [JavaFX Application Thread] DEBUG Input                - Registered new binding: System info dump - CTRL+9
13:10:07.095 [JavaFX Application Thread] DEBUG Input                - Registered new binding: Restart - CTRL+R
13:10:07.096 [JavaFX Application Thread] DEBUG Input                - Registered new binding: left - Left
13:10:07.100 [JavaFX Application Thread] DEBUG Input                - Registered new binding: right - Right
13:10:07.100 [JavaFX Application Thread] DEBUG Input                - Registered new binding: leftA - A
13:10:07.100 [JavaFX Application Thread] DEBUG Input                - Registered new binding: rightD - D
13:10:07.100 [JavaFX Application Thread] DEBUG Input                - Registered new binding: jump - Space
13:10:07.100 [JavaFX Application Thread] DEBUG Input                - Registered new binding: jumpW - W
13:10:07.100 [JavaFX Application Thread] DEBUG Input                - Registered new binding: jumpUp - Up
13:10:07.100 [JavaFX Application Thread] DEBUG Input                - Registered new binding: powerUp - O
13:10:07.101 [JavaFX Application Thread] INFO  FXGL                 - FXGL initialization took: 0.781 sec
13:10:07.101 [JavaFX Application Thread] DEBUG LoopRunner           - Starting loop
13:10:07.105 [JavaFX Application Thread] DEBUG StartupState         - STARTUP
13:10:07.106 [JavaFX Application Thread] DEBUG GameApplication      - Starting new game
13:10:07.106 [JavaFX Application Thread] DEBUG Input                - Clearing active input actions
13:10:07.107 [JavaFX Application Thread] DEBUG AssetLoader          - Loading from disk: /assets/ui/css/fxgl_dark.css
13:10:07.124 [JavaFX Application Thread] DEBUG AppStateMachine      - StartupState -> LoadingState
13:10:07.158 [FXGL Background Thread 1 ] DEBUG InitAppTask          - Clearing previous game
13:10:07.158 [FXGL Background Thread 1 ] DEBUG GameWorld            - Clearing game world
13:10:07.158 [FXGL Background Thread 1 ] DEBUG PhysicsWorld         - Clearing physics world
13:10:07.158 [FXGL Background Thread 1 ] DEBUG GameScene            - Clearing game scene
13:10:07.159 [FXGL Background Thread 1 ] DEBUG InitAppTask          - Initializing Game
13:10:07.177 [FXGL Background Thread 1 ] DEBUG AssetLoader          - Loading from disk: /assets/json/MarioLevel-1.json
13:10:07.364 [FXGL Background Thread 1 ] DEBUG GameWorld            - Clearing removable entities
13:10:07.364 [FXGL Background Thread 1 ] DEBUG GameWorld            - Setting level from map
13:10:07.377 [FXGL Background Thread 1 ] DEBUG AssetLoader          - Loading from disk: /assets/textures/tiles_spritesheet.png
13:10:07.404 [FXGL Background Thread 1 ] DEBUG AssetLoader          - Loading from cache: /assets/textures/tiles_spritesheet.png
13:10:07.404 [FXGL Background Thread 1 ] DEBUG AssetLoader          - Loading from cache: /assets/textures/tiles_spritesheet.png
13:10:07.405 [FXGL Background Thread 1 ] DEBUG AssetLoader          - Loading from cache: /assets/textures/tiles_spritesheet.png
13:10:07.405 [FXGL Background Thread 1 ] DEBUG AssetLoader          - Loading from cache: /assets/textures/tiles_spritesheet.png
13:10:07.405 [FXGL Background Thread 1 ] DEBUG AssetLoader          - Loading from cache: /assets/textures/tiles_spritesheet.png
13:10:07.405 [FXGL Background Thread 1 ] DEBUG AssetLoader          - Loading from cache: /assets/textures/tiles_spritesheet.png
13:10:07.405 [FXGL Background Thread 1 ] DEBUG AssetLoader          - Loading from cache: /assets/textures/tiles_spritesheet.png
13:10:07.405 [FXGL Background Thread 1 ] DEBUG AssetLoader          - Loading from cache: /assets/textures/tiles_spritesheet.png
13:10:07.405 [FXGL Background Thread 1 ] DEBUG AssetLoader          - Loading from cache: /assets/textures/tiles_spritesheet.png
13:10:07.405 [FXGL Background Thread 1 ] DEBUG AssetLoader          - Loading from cache: /assets/textures/tiles_spritesheet.png
13:10:07.405 [FXGL Background Thread 1 ] DEBUG AssetLoader          - Loading from cache: /assets/textures/tiles_spritesheet.png
13:10:07.405 [FXGL Background Thread 1 ] DEBUG AssetLoader          - Loading from cache: /assets/textures/tiles_spritesheet.png
13:10:07.405 [FXGL Background Thread 1 ] DEBUG AssetLoader          - Loading from cache: /assets/textures/tiles_spritesheet.png
13:10:07.406 [FXGL Background Thread 1 ] DEBUG AssetLoader          - Loading from cache: /assets/textures/tiles_spritesheet.png
13:10:07.406 [FXGL Background Thread 1 ] DEBUG AssetLoader          - Loading from cache: /assets/textures/tiles_spritesheet.png
13:10:07.406 [FXGL Background Thread 1 ] DEBUG AssetLoader          - Loading from cache: /assets/textures/tiles_spritesheet.png
13:10:07.406 [FXGL Background Thread 1 ] DEBUG AssetLoader          - Loading from cache: /assets/textures/tiles_spritesheet.png
13:10:07.406 [FXGL Background Thread 1 ] DEBUG AssetLoader          - Loading from cache: /assets/textures/tiles_spritesheet.png
13:10:07.406 [FXGL Background Thread 1 ] DEBUG AssetLoader          - Loading from cache: /assets/textures/tiles_spritesheet.png
13:10:07.406 [FXGL Background Thread 1 ] DEBUG AssetLoader          - Loading from cache: /assets/textures/tiles_spritesheet.png
13:10:07.406 [FXGL Background Thread 1 ] DEBUG AssetLoader          - Loading from cache: /assets/textures/tiles_spritesheet.png
13:10:07.407 [FXGL Background Thread 1 ] DEBUG GameScene            - Creating render group for layer: BACKGROUND(1000)
13:10:07.428 [FXGL Background Thread 1 ] DEBUG GameScene            - Creating render group for layer: DEFAULT(100000)
13:10:07.430 [FXGL Background Thread 1 ] DEBUG AssetLoader          - Loading from cache: /assets/textures/burger.png
13:10:07.432 [FXGL Background Thread 1 ] DEBUG AssetLoader          - Loading from cache: /assets/textures/burger.png
13:10:07.432 [FXGL Background Thread 1 ] DEBUG AssetLoader          - Loading from cache: /assets/textures/burger.png
13:10:07.433 [FXGL Background Thread 1 ] DEBUG AssetLoader          - Loading from cache: /assets/textures/burger.png
13:10:07.434 [FXGL Background Thread 1 ] DEBUG AssetLoader          - Loading from cache: /assets/textures/burger.png
13:10:07.437 [FXGL Background Thread 1 ] DEBUG AssetLoader          - Loading from disk: /assets/textures/TrumpAfk.png
13:10:07.438 [FXGL Background Thread 1 ] DEBUG AssetLoader          - Loading from cache: /assets/textures/TrumpAfk.png
13:10:07.440 [FXGL Background Thread 1 ] DEBUG AssetLoader          - Loading from disk: /assets/textures/trumpWalk.png
13:10:07.441 [FXGL Background Thread 1 ] DEBUG AssetLoader          - Loading from disk: /assets/textures/Thwomp.png
13:10:07.442 [FXGL Background Thread 1 ] DEBUG AssetLoader          - Loading from cache: /assets/textures/Thwomp.png
13:10:07.442 [FXGL Background Thread 1 ] DEBUG AssetLoader          - Loading from cache: /assets/textures/Thwomp.png
13:10:07.659 [FXGL Background Thread 1 ] DEBUG AudioPlayer          - Playing music com.almasb.fxgl.audio.Music@42cc3624
13:10:07.661 [FXGL Background Thread 1 ] DEBUG InitAppTask          - Initializing Physics
13:10:07.661 [FXGL Background Thread 1 ] DEBUG InitAppTask          - Initializing UI
13:10:07.661 [FXGL Background Thread 1 ] DEBUG AssetLoader          - Loading from disk: /assets/textures/BackgroundMario.png
13:10:07.685 [FXGL Background Thread 1 ] DEBUG InitAppTask          - Initialization Complete
13:10:07.685 [FXGL Background Thread 1 ] INFO  InitAppTask          - Game initialization took: 0.527 sec
13:10:07.692 [JavaFX Application Thread] DEBUG Input                - Clearing active input actions
13:10:07.692 [JavaFX Application Thread] DEBUG AssetLoader          - Loading from disk: /assets/ui/css/fxgl_dark.css
13:10:07.699 [JavaFX Application Thread] DEBUG AppStateMachine      - LoadingState -> PlayState
13:10:12.524 [JavaFX Application Thread] DEBUG AssetLoader          - Loading from cache: /assets/sounds/roblox-death-sound-effect-opNTQCf4R.mp3
13:10:13.980 [JavaFX Application Thread] DEBUG AssetLoader          - Loading from cache: /assets/sounds/roblox-death-sound-effect-opNTQCf4R.mp3
13:10:15.676 [JavaFX Application Thread] DEBUG AssetLoader          - Loading from cache: /assets/sounds/roblox-death-sound-effect-opNTQCf4R.mp3
13:10:17.006 [JavaFX Application Thread] DEBUG FXGL                 - Exiting FXGL
13:10:17.007 [JavaFX Application Thread] DEBUG FXGL                 - Shutting down background threads
13:10:17.007 [JavaFX Application Thread] DEBUG FXGL                 - Saving FXGL system data
13:10:17.008 [JavaFX Application Thread] DEBUG DesktopFSService     - Writing to: system\fxgl.bundle
13:10:17.011 [JavaFX Application Thread] DEBUG FXGL                 - Closing logger and exiting JavaFX
