13:51:56.298 [JavaFX Application Thread] DEBUG GameApplication      - Logger initialized
13:51:56.314 [JavaFX Application Thread] DEBUG GameApplication      - Logging settings
Title: Untitled
Version: 0.0
Width: 800
Height: 600
Fullscreen: false
Intro: false
Menus: false
Profiling: false
Single step:false
App Mode: DEVELOPER
Menu Key: ESCAPE
Stage Style: DECORATED
Scene Factory: class com.almasb.fxgl.scene.SceneFactory
Dialog Factory: class com.almasb.fxgl.ui.FXGLDialogFactory
UI Factory: class com.almasb.fxgl.ui.FXGLUIFactory
Notification Service: class com.almasb.fxgl.gameplay.notification.XboxNotificationView
Exception Handler: class com.almasb.fxgl.app.FXGLExceptionHandler
13:51:56.314 [JavaFX Application Thread] DEBUG GameApplication      - Starting FXGL
13:51:56.326 [JavaFX Application Thread] INFO  FXGL                 - FXGL-0.5.4 on DESKTOP
13:51:56.326 [JavaFX Application Thread] INFO  FXGL                 - Source code and latest versions at: https://github.com/AlmasB/FXGL
13:51:56.327 [JavaFX Application Thread] INFO  FXGL                 -              Join the FXGL chat at: https://gitter.im/AlmasB/FXGL
13:51:56.327 [JavaFX Application Thread] DEBUG FXGL                 - FXGL started
13:51:56.327 [JavaFX Application Thread] DEBUG FXGL                 - Initializing FXGL
13:51:56.376 [JavaFX Application Thread] DEBUG AssetLoader          - Loading from disk: /assets/ui/cursors/fxgl_default.png
13:51:56.448 [JavaFX Application Thread] DEBUG AssetLoader          - Loading from disk: /assets/ui/fonts/VarelaRound-Regular.ttf
13:51:56.555 [JavaFX Application Thread] DEBUG MainWindow           - Creating a JavaFX scene
13:51:56.599 [JavaFX Application Thread] DEBUG MainWindow           - Target settings size: 800.0 x 600.0
13:51:56.600 [JavaFX Application Thread] DEBUG MainWindow           - Scaled scene size:    800.0 x 600.0
13:51:56.600 [JavaFX Application Thread] DEBUG MainWindow           - Scaled ratio: (1.0, 1.0)
13:51:56.602 [JavaFX Application Thread] DEBUG AssetLoader          - Loading from disk: /assets/ui/css/fxgl_dark.css
13:51:56.605 [JavaFX Application Thread] DEBUG AssetLoader          - Loading from disk: /assets/textures/fxgl_icon.png
13:51:56.617 [JavaFX Application Thread] DEBUG MainWindow           - Opening main window
13:51:56.714 [JavaFX Application Thread] DEBUG MainWindow           - Window border size: (16.0, 39.0)
13:51:56.715 [JavaFX Application Thread] DEBUG MainWindow           - Scaled size: 800.0 x 600.0
13:51:56.715 [JavaFX Application Thread] DEBUG MainWindow           - Scaled ratio: (1.0, 1.0)
13:51:56.715 [JavaFX Application Thread] DEBUG MainWindow           - Scene size: 800.0 x 600.0
13:51:56.715 [JavaFX Application Thread] DEBUG MainWindow           - Stage size: 816.0 x 639.0
13:51:56.751 [ForkJoinPool.commonPool-worker-3] DEBUG FS                   - Loaded DesktopFSService
13:51:56.751 [ForkJoinPool.commonPool-worker-3] DEBUG FXGL                 - Loading FXGL system data
13:51:56.755 [ForkJoinPool.commonPool-worker-3] DEBUG DesktopFSService     - Reading from: system\fxgl.bundle
13:51:56.763 [ForkJoinPool.commonPool-worker-3] DEBUG Bundle               - Logging bundle: FXGL
13:51:56.764 [ForkJoinPool.commonPool-worker-3] DEBUG Bundle               - FXGL.offline.timer.version.check=2019-01-10T13:35:56.730764500
13:51:56.764 [ForkJoinPool.commonPool-worker-3] DEBUG FXGL                 - Initializing state machine and application states
13:51:56.765 [ForkJoinPool.commonPool-worker-3] DEBUG AssetLoader          - Loading from disk: /assets/ui/cursors/fxgl_default.png
13:51:56.771 [ForkJoinPool.commonPool-worker-3] DEBUG AssetLoader          - Loading from disk: /assets/ui/cursors/fxgl_default.png
13:51:56.779 [ForkJoinPool.commonPool-worker-3] DEBUG AssetLoader          - Loading from cache: /assets/ui/fonts/VarelaRound-Regular.ttf
13:51:56.781 [ForkJoinPool.commonPool-worker-3] DEBUG AssetLoader          - Loading from disk: /assets/ui/cursors/fxgl_default.png
13:51:56.783 [ForkJoinPool.commonPool-worker-3] DEBUG GameScene            - Game scene initialized: 800x600
13:51:56.787 [ForkJoinPool.commonPool-worker-3] DEBUG GameWorld            - Game world initialized
13:51:56.828 [ForkJoinPool.commonPool-worker-3] DEBUG PhysicsWorld         - Physics world initialized: appHeight=600, physics.ppm=50,0
13:51:56.840 [ForkJoinPool.commonPool-worker-3] DEBUG Input                - Registered new binding: Pause - Esc
13:51:56.871 [JavaFX Application Thread] DEBUG FXGL                 - Running preInit()
13:51:56.872 [JavaFX Application Thread] DEBUG Input                - Registered new binding: Screenshot - P
13:51:56.872 [JavaFX Application Thread] DEBUG Input                - Registered new binding: Dev Options - CTRL+0
13:51:56.873 [JavaFX Application Thread] DEBUG Input                - Registered new binding: System info dump - CTRL+9
13:51:56.873 [JavaFX Application Thread] DEBUG Input                - Registered new binding: Restart - CTRL+R
13:51:56.873 [JavaFX Application Thread] DEBUG Input                - Registered new binding: Right - D
13:51:56.873 [JavaFX Application Thread] DEBUG Input                - Registered new binding: Left - A
13:51:56.873 [JavaFX Application Thread] DEBUG Input                - Registered new binding: Up - W
13:51:56.873 [JavaFX Application Thread] DEBUG Input                - Registered new binding: Down - S
13:51:56.874 [JavaFX Application Thread] INFO  FXGL                 - FXGL initialization took: 0,547 sec
13:51:56.874 [JavaFX Application Thread] DEBUG LoopRunner           - Starting loop
13:51:56.875 [JavaFX Application Thread] DEBUG StartupState         - STARTUP
13:51:56.875 [JavaFX Application Thread] DEBUG GameApplication      - Starting new game
13:51:56.875 [JavaFX Application Thread] DEBUG Input                - Clearing active input actions
13:51:56.876 [JavaFX Application Thread] DEBUG AssetLoader          - Loading from disk: /assets/ui/css/fxgl_dark.css
13:51:56.881 [JavaFX Application Thread] DEBUG AppStateMachine      - StartupState -> LoadingState
13:51:56.901 [FXGL Background Thread 1 ] DEBUG InitAppTask          - Clearing previous game
13:51:56.902 [FXGL Background Thread 1 ] DEBUG GameWorld            - Clearing game world
13:51:56.903 [FXGL Background Thread 1 ] DEBUG PhysicsWorld         - Clearing physics world
13:51:56.903 [FXGL Background Thread 1 ] DEBUG GameScene            - Clearing game scene
13:51:56.904 [FXGL Background Thread 1 ] DEBUG InitAppTask          - Initializing Game
13:51:56.932 [FXGL Background Thread 1 ] DEBUG AssetLoader          - Loading from disk: /assets/textures/newdude.png
13:51:56.938 [FXGL Background Thread 1 ] DEBUG AssetLoader          - Loading from cache: /assets/textures/newdude.png
13:51:56.940 [FXGL Background Thread 1 ] DEBUG GameScene            - Creating render group for layer: DEFAULT(100000)
13:51:56.942 [FXGL Background Thread 1 ] DEBUG InitAppTask          - Initializing Physics
13:51:56.942 [FXGL Background Thread 1 ] DEBUG InitAppTask          - Initializing UI
13:51:56.942 [FXGL Background Thread 1 ] DEBUG InitAppTask          - Initialization Complete
13:51:56.942 [FXGL Background Thread 1 ] INFO  InitAppTask          - Game initialization took: 0,041 sec
13:51:56.954 [JavaFX Application Thread] DEBUG Input                - Clearing active input actions
13:51:56.954 [JavaFX Application Thread] DEBUG AssetLoader          - Loading from disk: /assets/ui/css/fxgl_dark.css
13:51:56.959 [JavaFX Application Thread] DEBUG AppStateMachine      - LoadingState -> PlayState
13:52:34.308 [JavaFX Application Thread] DEBUG FXGL                 - Exiting FXGL
13:52:34.308 [JavaFX Application Thread] DEBUG FXGL                 - Shutting down background threads
13:52:34.308 [JavaFX Application Thread] DEBUG FXGL                 - Saving FXGL system data
13:52:34.310 [JavaFX Application Thread] DEBUG DesktopFSService     - Writing to: system\fxgl.bundle
13:52:34.314 [JavaFX Application Thread] DEBUG FXGL                 - Closing logger and exiting JavaFX
